Logging to file /home/shared/common/Overnight_Work/Rehomes/Postchecks//M1CE8044A3.log
                        __  __  ____   _____
                  /\   |  \/  |/ __ \ / ____|
                 /  \  | \  / | |  | | (___  
                / /\ \ | |\/| | |  | |\___ \ 
               / ____ \| |  | | |__| |____) |
              /_/    \_\_|  |_|\____/|_____/
              OSS Framework for MoShell-23.0n 
  Copyright (c) Ericsson AB 2001-2023 - All Rights Reserved
              
           
[1;31mWARNING: [0mthe AMOS version currently running is more than 24 weeks old and is unsupported.
Please upgrade as soon as possible to the latest released version, available from your local Ericsson support.

$amosrb_pid = 2855391

Checking ip contact...OK

HELP MENU            : h
BASIC MO COMMANDS    : m
OTHER MO COMMANDS    : n
OTHER COMMANDS       : o
PM COMMANDS          : p
QUIT                 : q

M1CE8044A3> ############################################################################################

M1CE8044A3> #				Script Foundation - Leave this for all scripts							   #

M1CE8044A3> ############################################################################################

M1CE8044A3> 

M1CE8044A3> confb+

M1CE8044A3> gs+

Perform a get before set = enabled

M1CE8044A3> unset all

M1CE8044A3> l+

Logging to file: /ericsson/log/amos/moshell_logfiles/gbadim1/logs_moshell/sessionlog/240412-125819_M1CE8044A3.log

M1CE8044A3> 

M1CE8044A3> alt

240412-12:58:19-0500 11.69.207.180 23.0n  stopfile=/tmp/2855211
Looking up temporary_amos account... OK.
Trying temporary_amos_gbadim1_112's password from amos lookupAccount ... OK

$ssh_pid = 2855888

Connected to 11.69.207.180 (SubNetwork=ONRM_ROOT_MO,SubNetwork=Philadelphia,MeContext=M1CE8044A3,ManagedElement=M1CE8044A3)

Checking MOM version...MSRBS_NODE_MODEL_23.Q4_643.28133.125_0bc9
Parsing MOM (cached): /var/tmp/20240412-125816_2855067/MSRBS_NODE_MODEL_23.Q4_643.28133.125_0bc9.xml.cache.gz ...........................................................................................................................................................................................................Done.
Using paramfile /opt/ericsson/amos/moshell/commonjars/pm/PARAM_MSRBS_23.Q2.txt
Parsing file /opt/ericsson/amos/moshell/commonjars/pm/PARAM_MSRBS_23.Q2.txt ...............................................................................Done.
Using imomdfile /opt/ericsson/amos/moshell/commonjars/pm/IMOMD_MSRBS_22.Q4.txt
Using imomfile /opt/ericsson/amos/moshell/commonjars/pm/IMOM_MSRBS_23.Q3.txt

Collecting Alarms...

====================================================================================================================
Date & Time (UTC)   S Specific Problem                    MO (Cause/AdditionalInfo)
====================================================================================================================
2024-04-12 05:21:39 m External Link to GNodeB Failure     ENodeBFunction=1 (X2 link problem to one or several neighbouring gNodeBs. AI: PLMN ID-gNB ID 1 : 310260-1354839,PLMN ID-gNB ID 2 : 310260-1351428,PLMN ID-gNB ID 3 : 310260-1351042,PLMN ID-gNB ID 4 : 310260-1351041,PLMN ID-gNB ID 5 : 310260-1351040,PLMN ID-gNB ID 6 : 310260-1351039,PLMN ID-gNB ID 7 : 310260-1349800,PLMN ID-gNB ID 8 : 310260-1349799,PLMN ID-gNB ID 9 : 310260-1349798,PLMN ID-gNB ID : list truncated)
>>> Total: 1 Alarms (0 Critical, 0 Major)

M1CE8044A3> 

M1CE8044A3> uv sls_username > $user

sls_username              = gbadim1

$user = gbadim1

M1CE8044A3> $date = `date +%y%m%d-%H%M`

$date = 240412-1258

M1CE8044A3> $Node = `echo "$nodename" | cut -c 2-9`

$Node = 1CE8044A

M1CE8044A3> $L21 = L

$L21 = L

M1CE8044A3> $L19 = B

$L19 = B

M1CE8044A3> $L7 = D

$L7 = D

M1CE8044A3> $L6 = E

$L6 = E

M1CE8044A3> $N6 = K

$N6 = K

M1CE8044A3> $N25 = A

$N25 = A

M1CE8044A3> $L25 = T

$L25 = T

M1CE8044A3> $N19 = J

$N19 = J

M1CE8044A3> $N71 = K

$N71 = K

M1CE8044A3> $2C = .*2$

$2C = .*2$

M1CE8044A3> $1C = .*1$

$1C = .*1$

M1CE8044A3> $allcell = TDD|FDD|NRCellDU|Nbiot

$allcell = TDD|FDD|NRCellDU|Nbiot

M1CE8044A3> $FDD = EUtranCellFDD=

$FDD = EUtranCellFDD=

M1CE8044A3> $TDD = EUtranCellTDD=

$TDD = EUtranCellTDD=

M1CE8044A3> $NRCell = NRCellDU=

$NRCell = NRCellDU=

M1CE8044A3> $NRSec25 = NRSectorCarrier=25-

$NRSec25 = NRSectorCarrier=25-

M1CE8044A3> $NRSec6 = NRSectorCarrier=6-

$NRSec6 = NRSectorCarrier=6-

M1CE8044A3> $NRSec19 = NRSectorCarrier=19-

$NRSec19 = NRSectorCarrier=19-

M1CE8044A3> $LTESec = SectorEquipmentFunction=

$LTESec = SectorEquipmentFunction=

M1CE8044A3> 

M1CE8044A3> ############################################################################################

M1CE8044A3> #		Change JobName and any parameter that needs changing case by case basis    		   #

M1CE8044A3> ############################################################################################

M1CE8044A3> # 		PUT A # SIGN IN FRONT OF ANYTHING YOU DONT WANT TO USE ON THIS SCRIPT  			   #   

M1CE8044A3> ############################################################################################

M1CE8044A3>       

M1CE8044A3> #$arfcnDL = 507708

M1CE8044A3> #$jobname = Retune_Prechecks

M1CE8044A3> 

M1CE8044A3> ############################################################################################

M1CE8044A3> #				Script Specifics - This is modifiable to your needs						   #

M1CE8044A3> ############################################################################################

M1CE8044A3> #	   FOR SETM COMMANDS YOU HAVE TO REMOVE THE GS+ AND GS- from the script                #

M1CE8044A3> ############################################################################################

M1CE8044A3> ###############################

M1CE8044A3> #### PRECHECK / LOCK / CV #####

M1CE8044A3> ###############################

M1CE8044A3> 

M1CE8044A3> 

M1CE8044A3> lt all

240412-12:58:28-0500 11.69.207.180 23.0n MSRBS_NODE_MODEL_23.Q4_643.28133.125_0bc9 stopfile=/tmp/2855211
Connected to 11.69.207.180 (SubNetwork=ONRM_ROOT_MO,SubNetwork=Philadelphia,MeContext=M1CE8044A3,ManagedElement=M1CE8044A3)

Last MO: 23045. Loaded 23045 MOs. Total: 23046 MOs.

M1CE8044A3> pr vlanport=

240412-12:58:42-0500 11.69.207.180 23.0n MSRBS_NODE_MODEL_23.Q4_643.28133.125_0bc9 stopfile=/tmp/2855211
===================================================================================
Proxy  MO
===================================================================================
23039  Transport=1,VlanPort=1239
23040  Transport=1,VlanPort=1323
23041  Transport=1,VlanPort=3239
23042  Transport=1,VlanPort=3323
23043  Transport=1,VlanPort=4001
23044  Transport=1,VlanPort=ERAN
23045  Transport=1,VlanPort=ERAN_NR
===================================================================================
Total: 7 MOs

M1CE8044A3> get address address

240412-12:58:43-0500 11.69.207.180 23.0n MSRBS_NODE_MODEL_23.Q4_643.28133.125_0bc9 stopfile=/tmp/2855211
=================================================================================================================
MO                                                      Attribute         Value
=================================================================================================================
Router=LTE,InterfaceIPv4=1,AddressIPv4=1                address           42.197.207.180/27
Router=LTE,InterfaceIPv4=1,AddressIPv4=1                addressIPv4Id     1
Router=LTE,InterfaceIPv4=1,AddressIPv4=1                primaryAddress    true
Router=LTE,InterfaceIPv4=1,AddressIPv4=1                usedAddress       42.197.207.180/27
Router=Node_Internal_F1,InterfaceIPv4=NRCUCP,AddressIPv4=1 address           169.254.42.42/32
Router=Node_Internal_F1,InterfaceIPv4=NRCUCP,AddressIPv4=1 addressIPv4Id     1
Router=Node_Internal_F1,InterfaceIPv4=NRCUCP,AddressIPv4=1 primaryAddress    true
Router=Node_Internal_F1,InterfaceIPv4=NRCUCP,AddressIPv4=1 usedAddress       169.254.42.42/32
Router=Node_Internal_F1,InterfaceIPv4=NRDU,AddressIPv4=1 address           169.254.42.43/32
Router=Node_Internal_F1,InterfaceIPv4=NRDU,AddressIPv4=1 addressIPv4Id     1
Router=Node_Internal_F1,InterfaceIPv4=NRDU,AddressIPv4=1 primaryAddress    true
Router=Node_Internal_F1,InterfaceIPv4=NRDU,AddressIPv4=1 usedAddress       169.254.42.43/32
Router=vr_OAM,InterfaceIPv4=1,AddressIPv4=1             address           11.69.207.180/27
Router=vr_OAM,InterfaceIPv4=1,AddressIPv4=1             addressIPv4Id     1
Router=vr_OAM,InterfaceIPv4=1,AddressIPv4=1             primaryAddress    true
Router=vr_OAM,InterfaceIPv4=1,AddressIPv4=1             usedAddress       11.69.207.180/27
Router=vr_TRAFFIC,InterfaceIPv4=1,AddressIPv4=1         address           42.197.207.162/27
Router=vr_TRAFFIC,InterfaceIPv4=1,AddressIPv4=1         addressIPv4Id     1
Router=vr_TRAFFIC,InterfaceIPv4=1,AddressIPv4=1         primaryAddress    true
Router=vr_TRAFFIC,InterfaceIPv4=1,AddressIPv4=1         usedAddress       42.197.207.162/27
=================================================================================================================
Total: 5 MOs


M1CE8044A3> st FDD|TDD|NRCellDU|NbIot

240412-12:58:43-0500 11.69.207.180 23.0n MSRBS_NODE_MODEL_23.Q4_643.28133.125_0bc9 stopfile=/tmp/2855211
===================================================================================
Proxy  Adm State     Op. State     MO
===================================================================================
   44  1 (UNLOCKED)  1 (ENABLED)   ENodeBFunction=1,EUtranCellFDD=B1CE8044A11
  194  1 (UNLOCKED)  1 (ENABLED)   ENodeBFunction=1,EUtranCellFDD=B1CE8044A21
  380  1 (UNLOCKED)  1 (ENABLED)   ENodeBFunction=1,EUtranCellFDD=B1CE8044A31
  489  1 (UNLOCKED)  1 (ENABLED)   ENodeBFunction=1,EUtranCellFDD=L1CE8044A11
  632  1 (UNLOCKED)  1 (ENABLED)   ENodeBFunction=1,EUtranCellFDD=L1CE8044A21
  792  1 (UNLOCKED)  1 (ENABLED)   ENodeBFunction=1,EUtranCellFDD=L1CE8044A31
 1396  1 (UNLOCKED)  1 (ENABLED)   ENodeBFunction=1,NbIotCell=Z1CE8044A11
 1397  1 (UNLOCKED)  1 (ENABLED)   ENodeBFunction=1,NbIotCell=Z1CE8044A21
 1398  1 (UNLOCKED)  1 (ENABLED)   ENodeBFunction=1,NbIotCell=Z1CE8044A31
 3993  1 (UNLOCKED)  1 (ENABLED)   GNBDUFunction=1,NRCellDU=J1CE8044A11
 3996  1 (UNLOCKED)  1 (ENABLED)   GNBDUFunction=1,NRCellDU=J1CE8044A21
 3999  1 (UNLOCKED)  1 (ENABLED)   GNBDUFunction=1,NRCellDU=J1CE8044A31
 4577  1 (UNLOCKED)                SystemFunctions=1,HealthCheckM=1,HcRule=ENodeBFunction_CheckNbiotCllRssiNpuschReadings
 4578  1 (UNLOCKED)                SystemFunctions=1,HealthCheckM=1,HcRule=ENodeBFunction_CheckNbiotCllSinrNpuschReadings
 4579  1 (UNLOCKED)                SystemFunctions=1,HealthCheckM=1,HcRule=ENodeBFunction_CheckNbiotCllStatus
===================================================================================
Total: 15 MOs

M1CE8044A3> 

M1CE8044A3> st termpointtognb=1

240412-12:58:44-0500 11.69.207.180 23.0n MSRBS_NODE_MODEL_23.Q4_643.28133.125_0bc9 stopfile=/tmp/2855211
===================================================================================
Proxy  Adm State     Op. State     MO
===================================================================================
 1141  1 (UNLOCKED)  1 (ENABLED)   ENodeBFunction=1,GUtraNetwork=1,ExternalGNodeBFunction=1347211,TermPointToGNB=1
 1149  1 (UNLOCKED)  1 (ENABLED)   ENodeBFunction=1,GUtraNetwork=1,ExternalGNodeBFunction=1353687,TermPointToGNB=1
===================================================================================
Total: 2 MOs

M1CE8044A3> get ^GNB.*=1 gNBId$

240412-12:58:44-0500 11.69.207.180 23.0n MSRBS_NODE_MODEL_23.Q4_643.28133.125_0bc9 stopfile=/tmp/2855211
=================================================================================================================
MO                                                      Attribute         Value
=================================================================================================================
GNBCUCPFunction=1                                       gNBId             1367811
GNBCUUPFunction=1                                       gNBId             1367811
GNBDUFunction=1                                         gNBId             1367811
=================================================================================================================
Total: 3 MOs


M1CE8044A3> get FUnction=1 nbid$

240412-12:58:44-0500 11.69.207.180 23.0n MSRBS_NODE_MODEL_23.Q4_643.28133.125_0bc9 stopfile=/tmp/2855211
=================================================================================================================
MO                                                      Attribute         Value
=================================================================================================================
ENodeBFunction=1                                        eNBId             49011
GNBCUCPFunction=1                                       gNBId             1367811
GNBCUUPFunction=1                                       gNBId             1367811
GNBDUFunction=1                                         gNBId             1367811
=================================================================================================================
Total: 4 MOs


M1CE8044A3> st term

240412-12:58:45-0500 11.69.207.180 23.0n MSRBS_NODE_MODEL_23.Q4_643.28133.125_0bc9 stopfile=/tmp/2855211
===================================================================================
Proxy  Adm State     Op. State     MO
===================================================================================
  927  1 (UNLOCKED)  1 (ENABLED)   ENodeBFunction=1,EUtraNetwork=1,ExternalENodeBFunction=310260-142122,TermPointToENB=310260-142122
  930  1 (UNLOCKED)  1 (ENABLED)   ENodeBFunction=1,EUtraNetwork=1,ExternalENodeBFunction=310260-142146,TermPointToENB=310260-142146
  933  1 (UNLOCKED)  1 (ENABLED)   ENodeBFunction=1,EUtraNetwork=1,ExternalENodeBFunction=310260-142781,TermPointToENB=310260-142781
  936  1 (UNLOCKED)  1 (ENABLED)   ENodeBFunction=1,EUtraNetwork=1,ExternalENodeBFunction=310260-146010,TermPointToENB=310260-146010
  941                1 (ENABLED)   ENodeBFunction=1,EUtraNetwork=1,ExternalENodeBFunction=310260-306343,EranInterMeLink=1
  947  1 (UNLOCKED)  1 (ENABLED)   ENodeBFunction=1,EUtraNetwork=1,ExternalENodeBFunction=310260-306343,TermPointToENB=310260-306343
  951  1 (UNLOCKED)  1 (ENABLED)   ENodeBFunction=1,EUtraNetwork=1,ExternalENodeBFunction=310260-307368,TermPointToENB=310260-307368
  958  1 (UNLOCKED)  1 (ENABLED)   ENodeBFunction=1,EUtraNetwork=1,ExternalENodeBFunction=310260-307369,TermPointToENB=310260-307369
  960  1 (UNLOCKED)  1 (ENABLED)   ENodeBFunction=1,EUtraNetwork=1,ExternalENodeBFunction=310260-307540,TermPointToENB=310260-307540
  964  1 (UNLOCKED)  1 (ENABLED)   ENodeBFunction=1,EUtraNetwork=1,ExternalENodeBFunction=310260-310992,TermPointToENB=310260-310992
  972  1 (UNLOCKED)  1 (ENABLED)   ENodeBFunction=1,EUtraNetwork=1,ExternalENodeBFunction=310260-315004,TermPointToENB=310260-315004
  977  1 (UNLOCKED)  1 (ENABLED)   ENodeBFunction=1,EUtraNetwork=1,ExternalENodeBFunction=310260-326557,TermPointToENB=310260-326557
  980  1 (UNLOCKED)  1 (ENABLED)   ENodeBFunction=1,EUtraNetwork=1,ExternalENodeBFunction=310260-326559,TermPointToENB=310260-326559
  988  1 (UNLOCKED)  1 (ENABLED)   ENodeBFunction=1,EUtraNetwork=1,ExternalENodeBFunction=310260-343830,TermPointToENB=310260-343830
  994  1 (UNLOCKED)  1 (ENABLED)   ENodeBFunction=1,EUtraNetwork=1,ExternalENodeBFunction=310260-46400,TermPointToENB=310260-46400
 1002  1 (UNLOCKED)  1 (ENABLED)   ENodeBFunction=1,EUtraNetwork=1,ExternalENodeBFunction=310260-49012,TermPointToENB=310260-49012
 1005  1 (UNLOCKED)  1 (ENABLED)   ENodeBFunction=1,EUtraNetwork=1,ExternalENodeBFunction=310260-49055,TermPointToENB=310260-49055
 1008  1 (UNLOCKED)  1 (ENABLED)   ENodeBFunction=1,EUtraNetwork=1,ExternalENodeBFunction=310260-49212,TermPointToENB=310260-49212
 1012  1 (UNLOCKED)  1 (ENABLED)   ENodeBFunction=1,EUtraNetwork=1,ExternalENodeBFunction=310260-49310,TermPointToENB=310260-49310
 1018  1 (UNLOCKED)  1 (ENABLED)   ENodeBFunction=1,EUtraNetwork=1,ExternalENodeBFunction=310260-49311,TermPointToENB=310260-49311
 1024  1 (UNLOCKED)  1 (ENABLED)   ENodeBFunction=1,EUtraNetwork=1,ExternalENodeBFunction=310260-49325,TermPointToENB=310260-49325
 1028  1 (UNLOCKED)  1 (ENABLED)   ENodeBFunction=1,EUtraNetwork=1,ExternalENodeBFunction=310260-49970,TermPointToENB=310260-49970
 1031  1 (UNLOCKED)  1 (ENABLED)   ENodeBFunction=1,EUtraNetwork=1,ExternalENodeBFunction=310260-50793,TermPointToENB=310260-50793
 1033  1 (UNLOCKED)  1 (ENABLED)   ENodeBFunction=1,EUtraNetwork=1,ExternalENodeBFunction=310260-50797,TermPointToENB=310260-50797
 1038  1 (UNLOCKED)  1 (ENABLED)   ENodeBFunction=1,EUtraNetwork=1,ExternalENodeBFunction=310260-52684,TermPointToENB=310260-52684
 1040  1 (UNLOCKED)  1 (ENABLED)   ENodeBFunction=1,EUtraNetwork=1,ExternalENodeBFunction=310260-53036,TermPointToENB=310260-53036
 1044  1 (UNLOCKED)  1 (ENABLED)   ENodeBFunction=1,EUtraNetwork=1,ExternalENodeBFunction=310260-53058,TermPointToENB=310260-53058
 1047  1 (UNLOCKED)  1 (ENABLED)   ENodeBFunction=1,EUtraNetwork=1,ExternalENodeBFunction=310260-55192,TermPointToENB=310260-55192
 1049  1 (UNLOCKED)  1 (ENABLED)   ENodeBFunction=1,EUtraNetwork=1,ExternalENodeBFunction=310260-55577,TermPointToENB=310260-55577
 1052  1 (UNLOCKED)  1 (ENABLED)   ENodeBFunction=1,EUtraNetwork=1,ExternalENodeBFunction=310260-878557,TermPointToENB=310260-878557
 1056  1 (UNLOCKED)  1 (ENABLED)   ENodeBFunction=1,EUtraNetwork=1,ExternalENodeBFunction=310260-880347,TermPointToENB=310260-880347
 1062  1 (UNLOCKED)  1 (ENABLED)   ENodeBFunction=1,EUtraNetwork=1,ExternalENodeBFunction=310260-895244,TermPointToENB=310260-895244
 1141  1 (UNLOCKED)  1 (ENABLED)   ENodeBFunction=1,GUtraNetwork=1,ExternalGNodeBFunction=1347211,TermPointToGNB=1
 1149  1 (UNLOCKED)  1 (ENABLED)   ENodeBFunction=1,GUtraNetwork=1,ExternalGNodeBFunction=1353687,TermPointToGNB=1
 1153  1 (UNLOCKED)  0 (DISABLED)  ENodeBFunction=1,GUtraNetwork=1,ExternalGNodeBFunction=310260-000000001313536,TermPointToGNB=310260-000000001313536
 1158  1 (UNLOCKED)  0 (DISABLED)  ENodeBFunction=1,GUtraNetwork=1,ExternalGNodeBFunction=310260-000000001316127,TermPointToGNB=310260-000000001316127
 1161  1 (UNLOCKED)  0 (DISABLED)  ENodeBFunction=1,GUtraNetwork=1,ExternalGNodeBFunction=310260-000000001316139,TermPointToGNB=310260-000000001316139
 1166  1 (UNLOCKED)  1 (ENABLED)   ENodeBFunction=1,GUtraNetwork=1,ExternalGNodeBFunction=310260-000000001316788,TermPointToGNB=310260-000000001316788
 1169  1 (UNLOCKED)  0 (DISABLED)  ENodeBFunction=1,GUtraNetwork=1,ExternalGNodeBFunction=310260-000000001317800,TermPointToGNB=310260-000000001317800
 1172  1 (UNLOCKED)  0 (DISABLED)  ENodeBFunction=1,GUtraNetwork=1,ExternalGNodeBFunction=310260-000000001318943,TermPointToGNB=310260-000000001318943
 1175  1 (UNLOCKED)  0 (DISABLED)  ENodeBFunction=1,GUtraNetwork=1,ExternalGNodeBFunction=310260-000000001319360,TermPointToGNB=310260-000000001319360
 1178  1 (UNLOCKED)  0 (DISABLED)  ENodeBFunction=1,GUtraNetwork=1,ExternalGNodeBFunction=310260-000000001319394,TermPointToGNB=310260-000000001319394
 1184  1 (UNLOCKED)  1 (ENABLED)   ENodeBFunction=1,GUtraNetwork=1,ExternalGNodeBFunction=310260-000000001319801,TermPointToGNB=310260-000000001319801
 1189  1 (UNLOCKED)  1 (ENABLED)   ENodeBFunction=1,GUtraNetwork=1,ExternalGNodeBFunction=310260-000000001320652,TermPointToGNB=310260-000000001320652
 1192  1 (UNLOCKED)  0 (DISABLED)  ENodeBFunction=1,GUtraNetwork=1,ExternalGNodeBFunction=310260-000000001320812,TermPointToGNB=310260-000000001320812
 1197  1 (UNLOCKED)  0 (DISABLED)  ENodeBFunction=1,GUtraNetwork=1,ExternalGNodeBFunction=310260-000000001326623,TermPointToGNB=310260-000000001326623
 1206  1 (UNLOCKED)  1 (ENABLED)   ENodeBFunction=1,GUtraNetwork=1,ExternalGNodeBFunction=310260-000000001328850,TermPointToGNB=310260-000000001328850
 1209  1 (UNLOCKED)  0 (DISABLED)  ENodeBFunction=1,GUtraNetwork=1,ExternalGNodeBFunction=310260-000000001329684,TermPointToGNB=310260-000000001329684
 1212  1 (UNLOCKED)  0 (DISABLED)  ENodeBFunction=1,GUtraNetwork=1,ExternalGNodeBFunction=310260-000000001330992,TermPointToGNB=310260-000000001330992
 1217  1 (UNLOCKED)  0 (DISABLED)  ENodeBFunction=1,GUtraNetwork=1,ExternalGNodeBFunction=310260-000000001331003,TermPointToGNB=310260-000000001331003
 1222  1 (UNLOCKED)  0 (DISABLED)  ENodeBFunction=1,GUtraNetwork=1,ExternalGNodeBFunction=310260-000000001333065,TermPointToGNB=310260-000000001333065
 1226  1 (UNLOCKED)  0 (DISABLED)  ENodeBFunction=1,GUtraNetwork=1,ExternalGNodeBFunction=310260-000000001333066,TermPointToGNB=310260-000000001333066
 1230  1 (UNLOCKED)  0 (DISABLED)  ENodeBFunction=1,GUtraNetwork=1,ExternalGNodeBFunction=310260-000000001333831,TermPointToGNB=310260-000000001333831
 1234  1 (UNLOCKED)  0 (DISABLED)  ENodeBFunction=1,GUtraNetwork=1,ExternalGNodeBFunction=310260-000000001335155,TermPointToGNB=310260-000000001335155
 1237  1 (UNLOCKED)  0 (DISABLED)  ENodeBFunction=1,GUtraNetwork=1,ExternalGNodeBFunction=310260-000000001337264,TermPointToGNB=310260-000000001337264
 1242  1 (UNLOCKED)  0 (DISABLED)  ENodeBFunction=1,GUtraNetwork=1,ExternalGNodeBFunction=310260-000000001337463,TermPointToGNB=310260-000000001337463
 1246  1 (UNLOCKED)  0 (DISABLED)  ENodeBFunction=1,GUtraNetwork=1,ExternalGNodeBFunction=310260-000000001338372,TermPointToGNB=310260-000000001338372
 1250  1 (UNLOCKED)  0 (DISABLED)  ENodeBFunction=1,GUtraNetwork=1,ExternalGNodeBFunction=310260-000000001338968,TermPointToGNB=310260-000000001338968
 1256  1 (UNLOCKED)  1 (ENABLED)   ENodeBFunction=1,GUtraNetwork=1,ExternalGNodeBFunction=310260-000000001339226,TermPointToGNB=310260-000000001339226
 1264  1 (UNLOCKED)  1 (ENABLED)   ENodeBFunction=1,GUtraNetwork=1,ExternalGNodeBFunction=310260-000000001340963,TermPointToGNB=310260-000000001340963
 1268  1 (UNLOCKED)  0 (DISABLED)  ENodeBFunction=1,GUtraNetwork=1,ExternalGNodeBFunction=310260-000000001341171,TermPointToGNB=310260-000000001341171
 1273  1 (UNLOCKED)  0 (DISABLED)  ENodeBFunction=1,GUtraNetwork=1,ExternalGNodeBFunction=310260-000000001341173,TermPointToGNB=310260-000000001341173
 1277  1 (UNLOCKED)  0 (DISABLED)  ENodeBFunction=1,GUtraNetwork=1,ExternalGNodeBFunction=310260-000000001341175,TermPointToGNB=310260-000000001341175
 1282  1 (UNLOCKED)  0 (DISABLED)  ENodeBFunction=1,GUtraNetwork=1,ExternalGNodeBFunction=310260-000000001344243,TermPointToGNB=310260-000000001344243
 1286  1 (UNLOCKED)  0 (DISABLED)  ENodeBFunction=1,GUtraNetwork=1,ExternalGNodeBFunction=310260-000000001347114,TermPointToGNB=310260-000000001347114
 1291  1 (UNLOCKED)  0 (DISABLED)  ENodeBFunction=1,GUtraNetwork=1,ExternalGNodeBFunction=310260-000000001348217,TermPointToGNB=310260-000000001348217
 1296  1 (UNLOCKED)  0 (DISABLED)  ENodeBFunction=1,GUtraNetwork=1,ExternalGNodeBFunction=310260-000000001349798,TermPointToGNB=310260-000000001349798
 1299  1 (UNLOCKED)  0 (DISABLED)  ENodeBFunction=1,GUtraNetwork=1,ExternalGNodeBFunction=310260-000000001349799,TermPointToGNB=310260-000000001349799
 1303  1 (UNLOCKED)  0 (DISABLED)  ENodeBFunction=1,GUtraNetwork=1,ExternalGNodeBFunction=310260-000000001349800,TermPointToGNB=310260-000000001349800
 1311  1 (UNLOCKED)  1 (ENABLED)   ENodeBFunction=1,GUtraNetwork=1,ExternalGNodeBFunction=310260-000000001349807,TermPointToGNB=310260-000000001349807
 1319  1 (UNLOCKED)  1 (ENABLED)   ENodeBFunction=1,GUtraNetwork=1,ExternalGNodeBFunction=310260-000000001349808,TermPointToGNB=310260-000000001349808
 1323  1 (UNLOCKED)  0 (DISABLED)  ENodeBFunction=1,GUtraNetwork=1,ExternalGNodeBFunction=310260-000000001351039,TermPointToGNB=310260-000000001351039
 1329  1 (UNLOCKED)  0 (DISABLED)  ENodeBFunction=1,GUtraNetwork=1,ExternalGNodeBFunction=310260-000000001351040,TermPointToGNB=310260-000000001351040
 1332  1 (UNLOCKED)  0 (DISABLED)  ENodeBFunction=1,GUtraNetwork=1,ExternalGNodeBFunction=310260-000000001351041,TermPointToGNB=310260-000000001351041
 1336  1 (UNLOCKED)  0 (DISABLED)  ENodeBFunction=1,GUtraNetwork=1,ExternalGNodeBFunction=310260-000000001351042,TermPointToGNB=310260-000000001351042
 1339  1 (UNLOCKED)  0 (DISABLED)  ENodeBFunction=1,GUtraNetwork=1,ExternalGNodeBFunction=310260-000000001351425,TermPointToGNB=310260-000000001351425
 1343  1 (UNLOCKED)  0 (DISABLED)  ENodeBFunction=1,GUtraNetwork=1,ExternalGNodeBFunction=310260-000000001351428,TermPointToGNB=310260-000000001351428
 1351  1 (UNLOCKED)  1 (ENABLED)   ENodeBFunction=1,GUtraNetwork=1,ExternalGNodeBFunction=310260-000000001351832,TermPointToGNB=310260-000000001351832
 1355  1 (UNLOCKED)  0 (DISABLED)  ENodeBFunction=1,GUtraNetwork=1,ExternalGNodeBFunction=310260-000000001354839,TermPointToGNB=310260-000000001354839
 1360  1 (UNLOCKED)  0 (DISABLED)  ENodeBFunction=1,GUtraNetwork=1,ExternalGNodeBFunction=310260-000000001354840,TermPointToGNB=310260-000000001354840
 1363  1 (UNLOCKED)  0 (DISABLED)  ENodeBFunction=1,GUtraNetwork=1,ExternalGNodeBFunction=310260-000000001358165,TermPointToGNB=310260-000000001358165
 1367  1 (UNLOCKED)  0 (DISABLED)  ENodeBFunction=1,GUtraNetwork=1,ExternalGNodeBFunction=310260-000000001370072,TermPointToGNB=310260-000000001370072
 1371  1 (UNLOCKED)  0 (DISABLED)  ENodeBFunction=1,GUtraNetwork=1,ExternalGNodeBFunction=310260-000000001370569,TermPointToGNB=310260-000000001370569
 1376  1 (UNLOCKED)  0 (DISABLED)  ENodeBFunction=1,GUtraNetwork=1,ExternalGNodeBFunction=310260-000000001371057,TermPointToGNB=310260-000000001371057
 1555  1 (UNLOCKED)  1 (ENABLED)   ENodeBFunction=1,TermPointToMme=CR1vMME1
 1556  1 (UNLOCKED)  1 (ENABLED)   ENodeBFunction=1,TermPointToMme=DC1vMME1
 1557  1 (UNLOCKED)  1 (ENABLED)   ENodeBFunction=1,TermPointToMme=DC1vMME2
 1558  1 (UNLOCKED)  1 (ENABLED)   ENodeBFunction=1,TermPointToMme=DC2vMME1
 1559  1 (UNLOCKED)  1 (ENABLED)   ENodeBFunction=1,TermPointToMme=NE1CMM01
 1560  1 (UNLOCKED)  1 (ENABLED)   ENodeBFunction=1,TermPointToMme=NE1vMME1
 1561  1 (UNLOCKED)  1 (ENABLED)   ENodeBFunction=1,TermPointToMme=NE1vMME2
 1562  1 (UNLOCKED)  1 (ENABLED)   ENodeBFunction=1,TermPointToMme=NE4vMME1
 1563  1 (UNLOCKED)  1 (ENABLED)   ENodeBFunction=1,TermPointToMme=PH1vMME1
 1564  1 (UNLOCKED)  1 (ENABLED)   ENodeBFunction=1,TermPointToMme=PH2vMME1
 1565  1 (UNLOCKED)  1 (ENABLED)   ENodeBFunction=1,TermPointToMme=PH3nMME1
 1566  1 (UNLOCKED)  1 (ENABLED)   ENodeBFunction=1,TermPointToMme=PH3vMME1
 1567  1 (UNLOCKED)  1 (ENABLED)   ENodeBFunction=1,TermPointToMme=UP1vMME1
 1568  1 (UNLOCKED)  1 (ENABLED)   ENodeBFunction=1,TermPointToMme=UP2nMME1
 1569  1 (UNLOCKED)  1 (ENABLED)   ENodeBFunction=1,TermPointToMme=UP2vMME1
 2598  1 (UNLOCKED)  1 (ENABLED)   GNBCUCPFunction=1,NRNetwork=1,ExternalGNBCUCPFunction=auto310_260_3_1313536,TermPointToGNodeB=auto1
 2609  1 (UNLOCKED)  1 (ENABLED)   GNBCUCPFunction=1,NRNetwork=1,ExternalGNBCUCPFunction=auto310_260_3_1313538,TermPointToGNodeB=auto1
 2620  1 (UNLOCKED)  1 (ENABLED)   GNBCUCPFunction=1,NRNetwork=1,ExternalGNBCUCPFunction=auto310_260_3_1316127,TermPointToGNodeB=auto1
 2631  1 (UNLOCKED)  1 (ENABLED)   GNBCUCPFunction=1,NRNetwork=1,ExternalGNBCUCPFunction=auto310_260_3_1316788,TermPointToGNodeB=auto1
 2642  1 (UNLOCKED)  1 (ENABLED)   GNBCUCPFunction=1,NRNetwork=1,ExternalGNBCUCPFunction=auto310_260_3_1318943,TermPointToGNodeB=auto1
 2653  1 (UNLOCKED)  1 (ENABLED)   GNBCUCPFunction=1,NRNetwork=1,ExternalGNBCUCPFunction=auto310_260_3_1319801,TermPointToGNodeB=auto1
 2664  1 (UNLOCKED)  1 (ENABLED)   GNBCUCPFunction=1,NRNetwork=1,ExternalGNBCUCPFunction=auto310_260_3_1320652,TermPointToGNodeB=auto1
 2675  1 (UNLOCKED)  1 (ENABLED)   GNBCUCPFunction=1,NRNetwork=1,ExternalGNBCUCPFunction=auto310_260_3_1320812,TermPointToGNodeB=auto1
 2695  1 (UNLOCKED)  1 (ENABLED)   GNBCUCPFunction=1,NRNetwork=1,ExternalGNBCUCPFunction=auto310_260_3_1326623,TermPointToGNodeB=auto1
 2715  1 (UNLOCKED)  1 (ENABLED)   GNBCUCPFunction=1,NRNetwork=1,ExternalGNBCUCPFunction=auto310_260_3_1328850,TermPointToGNodeB=auto1
 2726  1 (UNLOCKED)  1 (ENABLED)   GNBCUCPFunction=1,NRNetwork=1,ExternalGNBCUCPFunction=auto310_260_3_1330992,TermPointToGNodeB=auto1
 2737  1 (UNLOCKED)  1 (ENABLED)   GNBCUCPFunction=1,NRNetwork=1,ExternalGNBCUCPFunction=auto310_260_3_1331397,TermPointToGNodeB=auto1
 2748  1 (UNLOCKED)  1 (ENABLED)   GNBCUCPFunction=1,NRNetwork=1,ExternalGNBCUCPFunction=auto310_260_3_1331653,TermPointToGNodeB=auto1
 2759  1 (UNLOCKED)  1 (ENABLED)   GNBCUCPFunction=1,NRNetwork=1,ExternalGNBCUCPFunction=auto310_260_3_1333065,TermPointToGNodeB=auto1
 2779  1 (UNLOCKED)  1 (ENABLED)   GNBCUCPFunction=1,NRNetwork=1,ExternalGNBCUCPFunction=auto310_260_3_1333066,TermPointToGNodeB=auto1
 2799  1 (UNLOCKED)  1 (ENABLED)   GNBCUCPFunction=1,NRNetwork=1,ExternalGNBCUCPFunction=auto310_260_3_1333831,TermPointToGNodeB=auto1
 2810  1 (UNLOCKED)  1 (ENABLED)   GNBCUCPFunction=1,NRNetwork=1,ExternalGNBCUCPFunction=auto310_260_3_1335128,TermPointToGNodeB=auto1
 2830  1 (UNLOCKED)  1 (ENABLED)   GNBCUCPFunction=1,NRNetwork=1,ExternalGNBCUCPFunction=auto310_260_3_1337463,TermPointToGNodeB=auto1
 2850  1 (UNLOCKED)  1 (ENABLED)   GNBCUCPFunction=1,NRNetwork=1,ExternalGNBCUCPFunction=auto310_260_3_1338968,TermPointToGNodeB=auto1
 2864  1 (UNLOCKED)  1 (ENABLED)   GNBCUCPFunction=1,NRNetwork=1,ExternalGNBCUCPFunction=auto310_260_3_1339226,TermPointToGNodeB=auto1
 2884  1 (UNLOCKED)  1 (ENABLED)   GNBCUCPFunction=1,NRNetwork=1,ExternalGNBCUCPFunction=auto310_260_3_1340963,TermPointToGNodeB=auto1
 2904  1 (UNLOCKED)  1 (ENABLED)   GNBCUCPFunction=1,NRNetwork=1,ExternalGNBCUCPFunction=auto310_260_3_1341171,TermPointToGNodeB=auto1
 2924  1 (UNLOCKED)  1 (ENABLED)   GNBCUCPFunction=1,NRNetwork=1,ExternalGNBCUCPFunction=auto310_260_3_1341173,TermPointToGNodeB=auto1
 2944  1 (UNLOCKED)  1 (ENABLED)   GNBCUCPFunction=1,NRNetwork=1,ExternalGNBCUCPFunction=auto310_260_3_1341175,TermPointToGNodeB=auto1
 2964  1 (UNLOCKED)  1 (ENABLED)   GNBCUCPFunction=1,NRNetwork=1,ExternalGNBCUCPFunction=auto310_260_3_1344242,TermPointToGNodeB=auto1
 2984  1 (UNLOCKED)  1 (ENABLED)   GNBCUCPFunction=1,NRNetwork=1,ExternalGNBCUCPFunction=auto310_260_3_1344243,TermPointToGNodeB=auto1
 3004  1 (UNLOCKED)  1 (ENABLED)   GNBCUCPFunction=1,NRNetwork=1,ExternalGNBCUCPFunction=auto310_260_3_1347114,TermPointToGNodeB=auto1
 3015  1 (UNLOCKED)  1 (ENABLED)   GNBCUCPFunction=1,NRNetwork=1,ExternalGNBCUCPFunction=auto310_260_3_1347211,TermPointToGNodeB=auto1
 3029  1 (UNLOCKED)  1 (ENABLED)   GNBCUCPFunction=1,NRNetwork=1,ExternalGNBCUCPFunction=auto310_260_3_1348217,TermPointToGNodeB=auto1
 3043  1 (UNLOCKED)  1 (ENABLED)   GNBCUCPFunction=1,NRNetwork=1,ExternalGNBCUCPFunction=auto310_260_3_1348218,TermPointToGNodeB=auto1
 3063  1 (UNLOCKED)  1 (ENABLED)   GNBCUCPFunction=1,NRNetwork=1,ExternalGNBCUCPFunction=auto310_260_3_1349797,TermPointToGNodeB=auto1
 3083  1 (UNLOCKED)  1 (ENABLED)   GNBCUCPFunction=1,NRNetwork=1,ExternalGNBCUCPFunction=auto310_260_3_1349798,TermPointToGNodeB=auto1
 3103  1 (UNLOCKED)  1 (ENABLED)   GNBCUCPFunction=1,NRNetwork=1,ExternalGNBCUCPFunction=auto310_260_3_1349799,TermPointToGNodeB=auto1
 3123  1 (UNLOCKED)  1 (ENABLED)   GNBCUCPFunction=1,NRNetwork=1,ExternalGNBCUCPFunction=auto310_260_3_1349800,TermPointToGNodeB=auto1
 3143  1 (UNLOCKED)  1 (ENABLED)   GNBCUCPFunction=1,NRNetwork=1,ExternalGNBCUCPFunction=auto310_260_3_1349807,TermPointToGNodeB=auto1
 3163  1 (UNLOCKED)  1 (ENABLED)   GNBCUCPFunction=1,NRNetwork=1,ExternalGNBCUCPFunction=auto310_260_3_1349808,TermPointToGNodeB=auto1
 3183  1 (UNLOCKED)  1 (ENABLED)   GNBCUCPFunction=1,NRNetwork=1,ExternalGNBCUCPFunction=auto310_260_3_1351039,TermPointToGNodeB=auto1
 3203  1 (UNLOCKED)  1 (ENABLED)   GNBCUCPFunction=1,NRNetwork=1,ExternalGNBCUCPFunction=auto310_260_3_1351040,TermPointToGNodeB=auto1
 3217  1 (UNLOCKED)  1 (ENABLED)   GNBCUCPFunction=1,NRNetwork=1,ExternalGNBCUCPFunction=auto310_260_3_1351041,TermPointToGNodeB=auto1
 3237  1 (UNLOCKED)  1 (ENABLED)   GNBCUCPFunction=1,NRNetwork=1,ExternalGNBCUCPFunction=auto310_260_3_1351428,TermPointToGNodeB=auto1
 3257  1 (UNLOCKED)  1 (ENABLED)   GNBCUCPFunction=1,NRNetwork=1,ExternalGNBCUCPFunction=auto310_260_3_1351832,TermPointToGNodeB=auto1
 3277  1 (UNLOCKED)  1 (ENABLED)   GNBCUCPFunction=1,NRNetwork=1,ExternalGNBCUCPFunction=auto310_260_3_1353687,TermPointToGNodeB=auto1
 3288  1 (UNLOCKED)  1 (ENABLED)   GNBCUCPFunction=1,NRNetwork=1,ExternalGNBCUCPFunction=auto310_260_3_1354839,TermPointToGNodeB=auto1
 3299  1 (UNLOCKED)  1 (ENABLED)   GNBCUCPFunction=1,NRNetwork=1,ExternalGNBCUCPFunction=auto310_260_3_1355027,TermPointToGNodeB=auto1
 3310  1 (UNLOCKED)  1 (ENABLED)   GNBCUCPFunction=1,NRNetwork=1,ExternalGNBCUCPFunction=auto310_260_3_1355028,TermPointToGNodeB=auto1
 3321  1 (UNLOCKED)  1 (ENABLED)   GNBCUCPFunction=1,NRNetwork=1,ExternalGNBCUCPFunction=auto310_260_3_1355029,TermPointToGNodeB=auto1
 3332  1 (UNLOCKED)  1 (ENABLED)   GNBCUCPFunction=1,NRNetwork=1,ExternalGNBCUCPFunction=auto310_260_3_1355030,TermPointToGNodeB=auto1
 3343  1 (UNLOCKED)  1 (ENABLED)   GNBCUCPFunction=1,NRNetwork=1,ExternalGNBCUCPFunction=auto310_260_3_1355032,TermPointToGNodeB=auto1
 3354  1 (UNLOCKED)  1 (ENABLED)   GNBCUCPFunction=1,NRNetwork=1,ExternalGNBCUCPFunction=auto310_260_3_1355034,TermPointToGNodeB=auto1
 3365  1 (UNLOCKED)  1 (ENABLED)   GNBCUCPFunction=1,NRNetwork=1,ExternalGNBCUCPFunction=auto310_260_3_1355037,TermPointToGNodeB=auto1
 3376  1 (UNLOCKED)  1 (ENABLED)   GNBCUCPFunction=1,NRNetwork=1,ExternalGNBCUCPFunction=auto310_260_3_1355038,TermPointToGNodeB=auto1
 3387  1 (UNLOCKED)  1 (ENABLED)   GNBCUCPFunction=1,NRNetwork=1,ExternalGNBCUCPFunction=auto310_260_3_1366288,TermPointToGNodeB=auto1
 3407  1 (UNLOCKED)  1 (ENABLED)   GNBCUCPFunction=1,NRNetwork=1,ExternalGNBCUCPFunction=auto310_260_3_1370072,TermPointToGNodeB=auto1
 3427  1 (UNLOCKED)  1 (ENABLED)   GNBCUCPFunction=1,NRNetwork=1,ExternalGNBCUCPFunction=auto310_260_3_1370569,TermPointToGNodeB=auto1
 3438  1 (UNLOCKED)  1 (ENABLED)   GNBCUCPFunction=1,NRNetwork=1,ExternalGNBCUCPFunction=auto310_260_3_1371056,TermPointToGNodeB=auto1
 3458  1 (UNLOCKED)  1 (ENABLED)   GNBCUCPFunction=1,NRNetwork=1,ExternalGNBCUCPFunction=auto310_260_3_1371057,TermPointToGNodeB=auto1
 3506  1 (UNLOCKED)  1 (ENABLED)   GNBCUCPFunction=1,TermPointToAmf=DC1AMF01
 3508  1 (UNLOCKED)  1 (ENABLED)   GNBCUCPFunction=1,TermPointToAmf=DC2AMF01
 3510  1 (UNLOCKED)  1 (ENABLED)   GNBCUCPFunction=1,TermPointToAmf=DC2AMF02
 3512  1 (UNLOCKED)  1 (ENABLED)   GNBCUCPFunction=1,TermPointToAmf=NE1CMM01
 3514  1 (UNLOCKED)  1 (ENABLED)   GNBCUCPFunction=1,TermPointToAmf=NE3AMF01
 3516  1 (UNLOCKED)  1 (ENABLED)   GNBCUCPFunction=1,TermPointToAmf=NE4AMF01
 3518  1 (UNLOCKED)  1 (ENABLED)   GNBCUCPFunction=1,TermPointToAmf=NE4AMF02
 3520  1 (UNLOCKED)  1 (ENABLED)   GNBCUCPFunction=1,TermPointToAmf=PH1AMF01
 3522  1 (UNLOCKED)  0 (DISABLED)  GNBCUCPFunction=1,TermPointToAmf=PH2AMF01
 3523  1 (UNLOCKED)  1 (ENABLED)   GNBCUCPFunction=1,TermPointToAmf=PH2AMF02
 3525  1 (UNLOCKED)  1 (ENABLED)   GNBCUCPFunction=1,TermPointToAmf=PH3AMF01
 3527  1 (UNLOCKED)  1 (ENABLED)   GNBCUCPFunction=1,TermPointToAmf=UP1AMF01
 3529  1 (UNLOCKED)  1 (ENABLED)   GNBCUCPFunction=1,TermPointToAmf=UP2AMF01
 3531  1 (UNLOCKED)  1 (ENABLED)   GNBCUCPFunction=1,TermPointToAmf=UP2AMF02
 3533                1 (ENABLED)   GNBCUCPFunction=1,TermPointToGNBDU=1
 3987                1 (ENABLED)   GNBDUFunction=1,ExtGNBDUPartnerFunction=2,InterMeLink=1
 3988                1 (ENABLED)   GNBDUFunction=1,ExtGNBDUPartnerFunction=2,InterMeLink=2
 3990                1 (ENABLED)   GNBDUFunction=1,ExtGNBDUPartnerFunction=3,InterMeLink=1
 3991                1 (ENABLED)   GNBDUFunction=1,ExtGNBDUPartnerFunction=3,InterMeLink=2
 4081  1 (UNLOCKED)  1 (ENABLED)   GNBDUFunction=1,TermPointToGNBCUCP=1
===================================================================================
Total: 175 MOs

M1CE8044A3> 

M1CE8044A3> enm cmedit get *$Node* 

240412-12:58:53-0500 11.69.207.180 23.0n MSRBS_NODE_MODEL_23.Q4_643.28133.125_0bc9 stopfile=/tmp/2855211

FDN : SubNetwork=ONRM_ROOT_MO,SubNetwork=Philadelphia,MeContext=M1CE8044A2

FDN : SubNetwork=ONRM_ROOT_MO,SubNetwork=Philadelphia,MeContext=M1CE8044A

FDN : SubNetwork=ONRM_ROOT_MO,SubNetwork=Philadelphia,MeContext=M1CE8044A3

FDN : SubNetwork=ONRM_ROOT_MO,SubNetwork=Philadelphia,MeContext=C1CE8044A

4 instance(s)

M1CE8044A3> enm cmedit get *$Node* AddressIPv4.(*) -t

240412-12:58:54-0500 11.69.207.180 23.0n MSRBS_NODE_MODEL_23.Q4_643.28133.125_0bc9 stopfile=/tmp/2855211

SubNetwork,SubNetwork,MeContext,ManagedElement,Transport,Router,InterfaceIPv4,AddressIPv4
NodeId	TransportId	RouterId	InterfaceIPv4Id	AddressIPv4Id	address	addressIPv4Id	configurationMode	dhcpClientIdentifier	dhcpClientIdentifierType	primaryAddress	reservedBy	usedAddress	userLabel
M1CE8044A	1	Node_Internal_F1	NRDU	1	169.254.42.43/32	1	MANUAL	null	AUTOMATIC	true	[SubNetwork=ONRM_ROOT_MO,SubNetwork=Philadelphia,MeContext=M1CE8044A,ManagedElement=M1CE8044A,Transport=1,SctpEndpoint=F1_NRDU]	169.254.42.43/32	null
M1CE8044A	1	Node_Internal_F1	NRCUCP	1	169.254.42.42/32	1	MANUAL	null	AUTOMATIC	true	[SubNetwork=ONRM_ROOT_MO,SubNetwork=Philadelphia,MeContext=M1CE8044A,ManagedElement=M1CE8044A,Transport=1,SctpEndpoint=F1_NRCUCP]	169.254.42.42/32	null
M1CE8044A	1	vr_OAM	1	1	11.69.207.170/27	1	MANUAL	null	AUTOMATIC	true	[SubNetwork=ONRM_ROOT_MO,SubNetwork=Philadelphia,MeContext=M1CE8044A,ManagedElement=M1CE8044A,SystemFunctions=1,SysM=1,OamAccessPoint=1]	11.69.207.170/27	null
M1CE8044A	1	vr_TRAFFIC	1	1	42.197.207.170/27	1	MANUAL	null	AUTOMATIC	true	[SubNetwork=ONRM_ROOT_MO,SubNetwork=Philadelphia,MeContext=M1CE8044A,ManagedElement=M1CE8044A,GNBCUUPFunction=1,EndpointResource=1,LocalIpEndpoint=1, SubNetwork=ONRM_ROOT_MO,SubNetwork=Philadelphia,MeContext=M1CE8044A,ManagedElement=M1CE8044A,Transport=1,SctpEndpoint=1, SubNetwork=ONRM_ROOT_MO,SubNetwork=Philadelphia,MeContext=M1CE8044A,ManagedElement=M1CE8044A,Transport=1,SctpEndpoint=2, SubNetwork=ONRM_ROOT_MO,SubNetwork=Philadelphia,MeContext=M1CE8044A,ManagedElement=M1CE8044A,Transport=1,SctpEndpoint=xn]	42.197.207.170/27	null
M1CE8044A	1	LTE	LTE	1	42.197.207.186/27	1	MANUAL	null	AUTOMATIC	true	[SubNetwork=ONRM_ROOT_MO,SubNetwork=Philadelphia,MeContext=M1CE8044A,ManagedElement=M1CE8044A,Transport=1,SctpEndpoint=LTE, SubNetwork=ONRM_ROOT_MO,SubNetwork=Philadelphia,MeContext=M1CE8044A,ManagedElement=M1CE8044A,ENodeBFunction=1, SubNetwork=ONRM_ROOT_MO,SubNetwork=Philadelphia,MeContext=M1CE8044A,ManagedElement=M1CE8044A,ENodeBFunction=1]	42.197.207.186/27	null
M1CE8044A3	1	LTE	1	1	42.197.207.180/27	1	MANUAL	null	AUTOMATIC	true	[SubNetwork=ONRM_ROOT_MO,SubNetwork=Philadelphia,MeContext=M1CE8044A3,ManagedElement=M1CE8044A3,ENodeBFunction=1, SubNetwork=ONRM_ROOT_MO,SubNetwork=Philadelphia,MeContext=M1CE8044A3,ManagedElement=M1CE8044A3,Transport=1,SctpEndpoint=1]	42.197.207.180/27	null
M1CE8044A3	1	vr_OAM	1	1	11.69.207.180/27	1	MANUAL	null	AUTOMATIC	true	[SubNetwork=ONRM_ROOT_MO,SubNetwork=Philadelphia,MeContext=M1CE8044A3,ManagedElement=M1CE8044A3,SystemFunctions=1,SysM=1,OamAccessPoint=1]	11.69.207.180/27	null
M1CE8044A3	1	Node_Internal_F1	NRCUCP	1	169.254.42.42/32	1	MANUAL	null	AUTOMATIC	true	[SubNetwork=ONRM_ROOT_MO,SubNetwork=Philadelphia,MeContext=M1CE8044A3,ManagedElement=M1CE8044A3,Transport=1,SctpEndpoint=F1_NRCUCP]	169.254.42.42/32	null
M1CE8044A3	1	Node_Internal_F1	NRDU	1	169.254.42.43/32	1	MANUAL	null	AUTOMATIC	true	[SubNetwork=ONRM_ROOT_MO,SubNetwork=Philadelphia,MeContext=M1CE8044A3,ManagedElement=M1CE8044A3,Transport=1,SctpEndpoint=F1_NRDU]	169.254.42.43/32	null
M1CE8044A3	1	vr_TRAFFIC	1	1	42.197.207.162/27	1	MANUAL	null	AUTOMATIC	true	[SubNetwork=ONRM_ROOT_MO,SubNetwork=Philadelphia,MeContext=M1CE8044A3,ManagedElement=M1CE8044A3,Transport=1,SctpEndpoint=NR_X2, SubNetwork=ONRM_ROOT_MO,SubNetwork=Philadelphia,MeContext=M1CE8044A3,ManagedElement=M1CE8044A3,Transport=1,SctpEndpoint=NR_Xn, SubNetwork=ONRM_ROOT_MO,SubNetwork=Philadelphia,MeContext=M1CE8044A3,ManagedElement=M1CE8044A3,GNBCUUPFunction=1,EndpointResource=1,LocalIpEndpoint=1, SubNetwork=ONRM_ROOT_MO,SubNetwork=Philadelphia,MeContext=M1CE8044A3,ManagedElement=M1CE8044A3,Transport=1,SctpEndpoint=NR_N2]	42.197.207.162/27	CP_UP_IPAddress
M1CE8044A2	1	vr_TRAFFIC	1	1	42.197.207.171/27	1	MANUAL	null	AUTOMATIC	true	[SubNetwork=ONRM_ROOT_MO,SubNetwork=Philadelphia,MeContext=M1CE8044A2,ManagedElement=M1CE8044A2,GNBCUUPFunction=1,EndpointResource=1,LocalIpEndpoint=1, SubNetwork=ONRM_ROOT_MO,SubNetwork=Philadelphia,MeContext=M1CE8044A2,ManagedElement=M1CE8044A2,Transport=1,SctpEndpoint=1, SubNetwork=ONRM_ROOT_MO,SubNetwork=Philadelphia,MeContext=M1CE8044A2,ManagedElement=M1CE8044A2,Transport=1,SctpEndpoint=2, SubNetwork=ONRM_ROOT_MO,SubNetwork=Philadelphia,MeContext=M1CE8044A2,ManagedElement=M1CE8044A2,Transport=1,SctpEndpoint=xn]	42.197.207.171/27	null
M1CE8044A2	1	vr_OAM	1	1	11.69.207.171/27	1	MANUAL	null	AUTOMATIC	true	[SubNetwork=ONRM_ROOT_MO,SubNetwork=Philadelphia,MeContext=M1CE8044A2,ManagedElement=M1CE8044A2,SystemFunctions=1,SysM=1,OamAccessPoint=1]	11.69.207.171/27	null
M1CE8044A2	1	LTE	LTE	1	42.197.207.187/27	1	MANUAL	null	AUTOMATIC	true	[SubNetwork=ONRM_ROOT_MO,SubNetwork=Philadelphia,MeContext=M1CE8044A2,ManagedElement=M1CE8044A2,Transport=1,SctpEndpoint=LTE, SubNetwork=ONRM_ROOT_MO,SubNetwork=Philadelphia,MeContext=M1CE8044A2,ManagedElement=M1CE8044A2,ENodeBFunction=1, SubNetwork=ONRM_ROOT_MO,SubNetwork=Philadelphia,MeContext=M1CE8044A2,ManagedElement=M1CE8044A2,ENodeBFunction=1]	42.197.207.187/27	null
M1CE8044A2	1	Node_Internal_F1	NRDU	1	169.254.42.43/32	1	MANUAL	null	AUTOMATIC	true	[SubNetwork=ONRM_ROOT_MO,SubNetwork=Philadelphia,MeContext=M1CE8044A2,ManagedElement=M1CE8044A2,Transport=1,SctpEndpoint=F1_NRDU]	169.254.42.43/32	null
M1CE8044A2	1	Node_Internal_F1	NRCUCP	1	169.254.42.42/32	1	MANUAL	null	AUTOMATIC	true	[SubNetwork=ONRM_ROOT_MO,SubNetwork=Philadelphia,MeContext=M1CE8044A2,ManagedElement=M1CE8044A2,Transport=1,SctpEndpoint=F1_NRCUCP]	169.254.42.42/32	null

15 instance(s)

M1CE8044A3> 

M1CE8044A3> hget AddressIPv4 ^address$

240412-12:58:55-0500 11.69.207.180 23.0n MSRBS_NODE_MODEL_23.Q4_643.28133.125_0bc9 stopfile=/tmp/2855211
.
=================================================================================================================
MO                                                         address          
=================================================================================================================
Router=LTE,InterfaceIPv4=1,AddressIPv4=1                   42.197.207.180/27
Router=Node_Internal_F1,InterfaceIPv4=NRCUCP,AddressIPv4=1 169.254.42.42/32 
Router=Node_Internal_F1,InterfaceIPv4=NRDU,AddressIPv4=1   169.254.42.43/32 
Router=vr_OAM,InterfaceIPv4=1,AddressIPv4=1                11.69.207.180/27 
Router=vr_TRAFFIC,InterfaceIPv4=1,AddressIPv4=1            42.197.207.162/27
=================================================================================================================
Total: 5 MOs

Added 5 MOs to group: hget_group

M1CE8044A3> 

M1CE8044A3> pmxz NRCell PMENDCSETUPUEATT$|PMENDCSETUPUESUCC$ -m 10

240412-12:58:56-0500 11.69.207.180 23.0n MSRBS_NODE_MODEL_23.Q4_643.28133.125_0bc9 stopfile=/tmp/2855211
Parsing PM cache: /home/shared/gbadim1/moshell/jarxml/PMCACHE_MSRBS_NODE_MODEL_23.Q4_643.28133.125_0bc9.txt.gz ... Done.

..................
get /rop/A20240412.1145-1200_M1CE8044A3.xml.gz /ericsson/log/amos/moshell_logfiles/gbadim1/logs_moshell/pmfiles/11.69.207.180/rop/A20240412.1145-1200_M1CE8044A3.xml.gz ... OK
get /rop/A20240412.1200-1215_M1CE8044A3.xml.gz /ericsson/log/amos/moshell_logfiles/gbadim1/logs_moshell/pmfiles/11.69.207.180/rop/A20240412.1200-1215_M1CE8044A3.xml.gz ... OK
get /rop/A20240412.1215-1230_M1CE8044A3.xml.gz /ericsson/log/amos/moshell_logfiles/gbadim1/logs_moshell/pmfiles/11.69.207.180/rop/A20240412.1215-1230_M1CE8044A3.xml.gz ... OK
get /rop/A20240412.1230-1245_M1CE8044A3.xml.gz /ericsson/log/amos/moshell_logfiles/gbadim1/logs_moshell/pmfiles/11.69.207.180/rop/A20240412.1230-1245_M1CE8044A3.xml.gz ... OK
get /rop/A20240412.1245-1300_M1CE8044A3.xml.gz /ericsson/log/amos/moshell_logfiles/gbadim1/logs_moshell/pmfiles/11.69.207.180/rop/A20240412.1245-1300_M1CE8044A3.xml.gz ... OK
get /rop/A20240412.1300-1315_M1CE8044A3.xml.gz /ericsson/log/amos/moshell_logfiles/gbadim1/logs_moshell/pmfiles/11.69.207.180/rop/A20240412.1300-1315_M1CE8044A3.xml.gz ... OK
get /rop/A20240412.1315-1330_M1CE8044A3.xml.gz /ericsson/log/amos/moshell_logfiles/gbadim1/logs_moshell/pmfiles/11.69.207.180/rop/A20240412.1315-1330_M1CE8044A3.xml.gz ... OK
get /rop/A20240412.1330-1345_M1CE8044A3.xml.gz /ericsson/log/amos/moshell_logfiles/gbadim1/logs_moshell/pmfiles/11.69.207.180/rop/A20240412.1330-1345_M1CE8044A3.xml.gz ... OK
get /rop/A20240412.1345-1400_M1CE8044A3.xml.gz /ericsson/log/amos/moshell_logfiles/gbadim1/logs_moshell/pmfiles/11.69.207.180/rop/A20240412.1345-1400_M1CE8044A3.xml.gz ... OK
get /rop/A20240412.1400-1415_M1CE8044A3.xml.gz /ericsson/log/amos/moshell_logfiles/gbadim1/logs_moshell/pmfiles/11.69.207.180/rop/A20240412.1400-1415_M1CE8044A3.xml.gz ... OK
get /rop/A20240412.1415-1430_M1CE8044A3.xml.gz /ericsson/log/amos/moshell_logfiles/gbadim1/logs_moshell/pmfiles/11.69.207.180/rop/A20240412.1415-1430_M1CE8044A3.xml.gz ... OK
get /rop/A20240412.1430-1445_M1CE8044A3.xml.gz /ericsson/log/amos/moshell_logfiles/gbadim1/logs_moshell/pmfiles/11.69.207.180/rop/A20240412.1430-1445_M1CE8044A3.xml.gz ... OK
get /rop/A20240412.1445-1500_M1CE8044A3.xml.gz /ericsson/log/amos/moshell_logfiles/gbadim1/logs_moshell/pmfiles/11.69.207.180/rop/A20240412.1445-1500_M1CE8044A3.xml.gz ... OK
get /rop/A20240412.1500-1515_M1CE8044A3.xml.gz /ericsson/log/amos/moshell_logfiles/gbadim1/logs_moshell/pmfiles/11.69.207.180/rop/A20240412.1500-1515_M1CE8044A3.xml.gz ... OK
get /rop/A20240412.1515-1530_M1CE8044A3.xml.gz /ericsson/log/amos/moshell_logfiles/gbadim1/logs_moshell/pmfiles/11.69.207.180/rop/A20240412.1515-1530_M1CE8044A3.xml.gz ... OK
get /rop/A20240412.1530-1545_M1CE8044A3.xml.gz /ericsson/log/amos/moshell_logfiles/gbadim1/logs_moshell/pmfiles/11.69.207.180/rop/A20240412.1530-1545_M1CE8044A3.xml.gz ... OK
get /rop/A20240412.1545-1600_M1CE8044A3.xml.gz /ericsson/log/amos/moshell_logfiles/gbadim1/logs_moshell/pmfiles/11.69.207.180/rop/A20240412.1545-1600_M1CE8044A3.xml.gz ... OK
get /rop/A20240412.1600-1615_M1CE8044A3.xml.gz /ericsson/log/amos/moshell_logfiles/gbadim1/logs_moshell/pmfiles/11.69.207.180/rop/A20240412.1600-1615_M1CE8044A3.xml.gz ... OK
get /rop/A20240412.1615-1630_M1CE8044A3.xml.gz /ericsson/log/amos/moshell_logfiles/gbadim1/logs_moshell/pmfiles/11.69.207.180/rop/A20240412.1615-1630_M1CE8044A3.xml.gz ... OK
get /rop/A20240412.1630-1645_M1CE8044A3.xml.gz /ericsson/log/amos/moshell_logfiles/gbadim1/logs_moshell/pmfiles/11.69.207.180/rop/A20240412.1630-1645_M1CE8044A3.xml.gz ... OK
get /rop/A20240412.1645-1700_M1CE8044A3.xml.gz /ericsson/log/amos/moshell_logfiles/gbadim1/logs_moshell/pmfiles/11.69.207.180/rop/A20240412.1645-1700_M1CE8044A3.xml.gz ... OK
get /rop/A20240412.1700-1715_M1CE8044A3.xml.gz /ericsson/log/amos/moshell_logfiles/gbadim1/logs_moshell/pmfiles/11.69.207.180/rop/A20240412.1700-1715_M1CE8044A3.xml.gz ... OK
get /rop/A20240412.1715-1730_M1CE8044A3.xml.gz /ericsson/log/amos/moshell_logfiles/gbadim1/logs_moshell/pmfiles/11.69.207.180/rop/A20240412.1715-1730_M1CE8044A3.xml.gz ... OK
get /rop/A20240412.1730-1745_M1CE8044A3.xml.gz /ericsson/log/amos/moshell_logfiles/gbadim1/logs_moshell/pmfiles/11.69.207.180/rop/A20240412.1730-1745_M1CE8044A3.xml.gz ... OK

(gzip -dc /ericsson/log/amos/moshell_logfiles/gbadim1/logs_moshell/pmfiles/11.69.207.180/rop/A20240412.0745-0800_M1CE8044A3.xml.gz /ericsson/log/amos/moshell_logfiles/gbadim1/logs_moshell/pmfiles/11.69.207.180/rop/A20240412.0800-0815_M1CE8044A3.xml.gz /ericsson/log/amos/moshell_logfiles/gbadim1/logs_moshell/pmfiles/11.69.207.180/rop/A20240412.0815-0830_M1CE8044A3.xml.gz /ericsson/log/amos/moshell_logfiles/gbadim1/logs_moshell/pmfiles/11.69.207.180/rop/A20240412.0830-0845_M1CE8044A3.xml.gz /ericsson/log/amos/moshell_logfiles/gbadim1/logs_moshell/pmfiles/11.69.207.180/rop/A20240412.0845-0900_M1CE8044A3.xml.gz /ericsson/log/amos/moshell_logfiles/gbadim1/logs_moshell/pmfiles/11.69.207.180/rop/A20240412.0900-0915_M1CE8044A3.xml.gz /ericsson/log/amos/moshell_logfiles/gbadim1/logs_moshell/pmfiles/11.69.207.180/rop/A20240412.0915-0930_M1CE8044A3.xml.gz /ericsson/log/amos/moshell_logfiles/gbadim1/logs_moshell/pmfiles/11.69.207.180/rop/A20240412.0930-0945_M1CE8044A3.xml.gz /ericsson/log/amos/moshell_logfiles/gbadim1/logs_moshell/pmfiles/11.69.207.180/rop/A20240412.0945-1000_M1CE8044A3.xml.gz /ericsson/log/amos/moshell_logfiles/gbadim1/logs_moshell/pmfiles/11.69.207.180/rop/A20240412.1000-1015_M1CE8044A3.xml.gz /ericsson/log/amos/moshell_logfiles/gbadim1/logs_moshell/pmfiles/11.69.207.180/rop/A20240412.1015-1030_M1CE8044A3.xml.gz /ericsson/log/amos/moshell_logfiles/gbadim1/logs_moshell/pmfiles/11.69.207.180/rop/A20240412.1030-1045_M1CE8044A3.xml.gz /ericsson/log/amos/moshell_logfiles/gbadim1/logs_moshell/pmfiles/11.69.207.180/rop/A20240412.1045-1100_M1CE8044A3.xml.gz /ericsson/log/amos/moshell_logfiles/gbadim1/logs_moshell/pmfiles/11.69.207.180/rop/A20240412.1100-1115_M1CE8044A3.xml.gz /ericsson/log/amos/moshell_logfiles/gbadim1/logs_moshell/pmfiles/11.69.207.180/rop/A20240412.1115-1130_M1CE8044A3.xml.gz /ericsson/log/amos/moshell_logfiles/gbadim1/logs_moshell/pmfiles/11.69.207.180/rop/A20240412.1130-1145_M1CE8044A3.xml.gz /ericsson/log/amos/moshell_logfiles/gbadim1/logs_moshell/pmfiles/11.69.207.180/rop/A20240412.1145-1200_M1CE8044A3.xml.gz /ericsson/log/amos/moshell_logfiles/gbadim1/logs_moshell/pmfiles/11.69.207.180/rop/A20240412.1200-1215_M1CE8044A3.xml.gz /ericsson/log/amos/moshell_logfiles/gbadim1/logs_moshell/pmfiles/11.69.207.180/rop/A20240412.1215-1230_M1CE8044A3.xml.gz /ericsson/log/amos/moshell_logfiles/gbadim1/logs_moshell/pmfiles/11.69.207.180/rop/A20240412.1230-1245_M1CE8044A3.xml.gz /ericsson/log/amos/moshell_logfiles/gbadim1/logs_moshell/pmfiles/11.69.207.180/rop/A20240412.1245-1300_M1CE8044A3.xml.gz /ericsson/log/amos/moshell_logfiles/gbadim1/logs_moshell/pmfiles/11.69.207.180/rop/A20240412.1300-1315_M1CE8044A3.xml.gz /ericsson/log/amos/moshell_logfiles/gbadim1/logs_moshell/pmfiles/11.69.207.180/rop/A20240412.1315-1330_M1CE8044A3.xml.gz /ericsson/log/amos/moshell_logfiles/gbadim1/logs_moshell/pmfiles/11.69.207.180/rop/A20240412.1330-1345_M1CE8044A3.xml.gz /ericsson/log/amos/moshell_logfiles/gbadim1/logs_moshell/pmfiles/11.69.207.180/rop/A20240412.1345-1400_M1CE8044A3.xml.gz /ericsson/log/amos/moshell_logfiles/gbadim1/logs_moshell/pmfiles/11.69.207.180/rop/A20240412.1400-1415_M1CE8044A3.xml.gz /ericsson/log/amos/moshell_logfiles/gbadim1/logs_moshell/pmfiles/11.69.207.180/rop/A20240412.1415-1430_M1CE8044A3.xml.gz /ericsson/log/amos/moshell_logfiles/gbadim1/logs_moshell/pmfiles/11.69.207.180/rop/A20240412.1430-1445_M1CE8044A3.xml.gz /ericsson/log/amos/moshell_logfiles/gbadim1/logs_moshell/pmfiles/11.69.207.180/rop/A20240412.1445-1500_M1CE8044A3.xml.gz /ericsson/log/amos/moshell_logfiles/gbadim1/logs_moshell/pmfiles/11.69.207.180/rop/A20240412.1500-1515_M1CE8044A3.xml.gz /ericsson/log/amos/moshell_logfiles/gbadim1/logs_moshell/pmfiles/11.69.207.180/rop/A20240412.1515-1530_M1CE8044A3.xml.gz /ericsson/log/amos/moshell_logfiles/gbadim1/logs_moshell/pmfiles/11.69.207.180/rop/A20240412.1530-1545_M1CE8044A3.xml.gz /ericsson/log/amos/moshell_logfiles/gbadim1/logs_moshell/pmfiles/11.69.207.180/rop/A20240412.1545-1600_M1CE8044A3.xml.gz /ericsson/log/amos/moshell_logfiles/gbadim1/logs_moshell/pmfiles/11.69.207.180/rop/A20240412.1600-1615_M1CE8044A3.xml.gz /ericsson/log/amos/moshell_logfiles/gbadim1/logs_moshell/pmfiles/11.69.207.180/rop/A20240412.1615-1630_M1CE8044A3.xml.gz /ericsson/log/amos/moshell_logfiles/gbadim1/logs_moshell/pmfiles/11.69.207.180/rop/A20240412.1630-1645_M1CE8044A3.xml.gz /ericsson/log/amos/moshell_logfiles/gbadim1/logs_moshell/pmfiles/11.69.207.180/rop/A20240412.1645-1700_M1CE8044A3.xml.gz /ericsson/log/amos/moshell_logfiles/gbadim1/logs_moshell/pmfiles/11.69.207.180/rop/A20240412.1700-1715_M1CE8044A3.xml.gz /ericsson/log/amos/moshell_logfiles/gbadim1/logs_moshell/pmfiles/11.69.207.180/rop/A20240412.1715-1730_M1CE8044A3.xml.gz /ericsson/log/amos/moshell_logfiles/gbadim1/logs_moshell/pmfiles/11.69.207.180/rop/A20240412.1730-1745_M1CE8044A3.xml.gz | LANG=C LC_ALL=C /opt/ericsson/amos/moshell/gawk -vusergawk="LANG=C LC_ALL=C /opt/ericsson/amos/moshell/gawk" -f /opt/ericsson/amos/moshell/commonjars/pmExtract.awk  "nrcell" "PMENDCSETUPUEATT$|PMENDCSETUPUESUCC$"   | sort | uniq | /usr/bin/perl /opt/ericsson/amos/moshell/pmXtab -q -pval 0 -mom /var/tmp/20240412-125816_2855067/pmxmomLog2855211  -cols time -fmt txt -m "[M]anagedElement=[^,]+,(?:\w+=1,){0,1}((\w+=[^,]+,*)+$)"  )2>&1 | tee -a /ericsson/log/amos/moshell_logfiles/gbadim1/logs_moshell/sessionlog/240412-125819_M1CE8044A3.log

Report from 2024-04-12 07:45 UTC to 2024-04-12 17:44 UTC (40 ropfiles)
Node SW: CXP9024418/15_R85C47 (23.Q4)

Date: 2024-04-12
Object               Counter            02:45  03:00  03:15  03:30  03:45  04:00  04:15  04:30  04:45  05:00  05:15  05:30  05:45  06:00  06:15  06:30  06:45  07:00  07:15  07:30  07:45  08:00  08:15  08:30  08:45  09:00  09:15  09:30  09:45  10:00  10:15  10:30  10:45  11:00  11:15  11:30  11:45  12:00  12:15  12:30
NRCellCU=J1CE8044A11 pmEndcSetupUeAtt       0      0      0      0      0      0      0      0      0      0      0      0      0      0      0      0      0      0      0      0      0      0      0      0      0      0      0      0      0      0      0      0      0      0      0      0      0      0      0      0
NRCellCU=J1CE8044A11 pmEndcSetupUeSucc      0      0      0      0      0      0      0      0      0      0      0      0      0      0      0      0      0      0      0      0      0      0      0      0      0      0      0      0      0      0      0      0      0      0      0      0      0      0      0      0
NRCellCU=J1CE8044A21 pmEndcSetupUeAtt       0      0      0      0      0      0      0      0      0      0      0      0      0      0      0      0      0      0      0      0      0      0      0      0      0      0      0      0      0      0      0      0      0      0      0      0      0      0      0      0
NRCellCU=J1CE8044A21 pmEndcSetupUeSucc      0      0      0      0      0      0      0      0      0      0      0      0      0      0      0      0      0      0      0      0      0      0      0      0      0      0      0      0      0      0      0      0      0      0      0      0      0      0      0      0
NRCellCU=J1CE8044A31 pmEndcSetupUeAtt       0      0      0      0      0      0      0      0      0      0      0      0      0      0      0      0      0      0      0      0      0      0      0      0      0      0      0      0      0      0      0      0      0      0      0      0      0      0      0      0
NRCellCU=J1CE8044A31 pmEndcSetupUeSucc      0      0      0      0      0      0      0      0      0      0      0      0      0      0      0      0      0      0      0      0      0      0      0      0      0      0      0      0      0      0      0      0      0      0      0      0      0      0      0      0


M1CE8044A3> ue print -admitted
Checking available boards on node...

Collecting RCS board data ...
.......................................................................
......................
.....
240412-13:00:12-0500 11.69.207.180 23.0n MSRBS_NODE_MODEL_23.Q4_643.28133.125_0bc9 stopfile=/tmp/2855211
coli>/lrat/ue print -admitted
CellId  #UE:s  #Bearers  
   1       8       12
   2      27       43
   3       6       11
   7       3        3
   8      17       23
   9       3        4
 200       0        0
 201       0        0
 202       0        0
coli>/rc/nrat/ue print -admitted
NrNrDc: uehId:4 ues:0
NrNrDc: uehId:5 ues:0
NrNrDc: uehId:6 ues:0
NrNrDc: uehId:7 ues:0
NrEnDc: uehId:4 ues:0
NrEnDc: uehId:5 ues:0
NrEnDc: uehId:6 ues:0
NrEnDc: uehId:7 ues:0
Nr: uehId:4 ues:1
Nr: uehId:5 ues:0
Nr: uehId:6 ues:1
Nr: uehId:7 ues:0
coli>/rpc/nrat/ue print -admitted
uehId:6 ues:0
uehId:7 ues:1
uehId:8 ues:0
uehId:9 ues:1
uehId:10 ues:0
coli>

M1CE8044A3> 

M1CE8044A3> ############################################################################################

M1CE8044A3> #		 Post Script CV and unset of all variables - This is modifiable to your needs      #

M1CE8044A3> ############################################################################################

M1CE8044A3> 

M1CE8044A3> 

M1CE8044A3> l-

Log close: /ericsson/log/amos/moshell_logfiles/gbadim1/logs_moshell/sessionlog/240412-125819_M1CE8044A3.log

M1CE8044A3> confb-

M1CE8044A3> gs-

Perform a get before set = disabled

M1CE8044A3> 

M1CE8044A3> 

M1CE8044A3> #cvms post_$jobname_$date

M1CE8044A3> 

M1CE8044A3> #Keep the unset all after the cv so the variables can be used

M1CE8044A3> unset all 

M1CE8044A3> 

M1CE8044A3> #cmedit set NetworkElement=M7BAN764A,ComConnectivityInformation=1 ipAddress=11.242.0.98#
Bye...
Output has been logged to file /home/shared/common/Overnight_Work/Rehomes/Postchecks//M1CE8044A3.log
