Logging to file /home/shared/common/Overnight_Work/Rehomes/Postchecks/M2LB3361C.log
                        __  __  ____   _____
                  /\   |  \/  |/ __ \ / ____|
                 /  \  | \  / | |  | | (___  
                / /\ \ | |\/| | |  | |\___ \ 
               / ____ \| |  | | |__| |____) |
              /_/    \_\_|  |_|\____/|_____/
              OSS Framework for MoShell-24.0c 
  Copyright (c) Ericsson AB 2001-2024 - All Rights Reserved
              
           
$amosrb_pid = 644647

Checking ip contact...OK

HELP MENU            : h
BASIC MO COMMANDS    : m
OTHER MO COMMANDS    : n
OTHER COMMANDS       : o
PM COMMANDS          : p
QUIT                 : q

M2LB3361C> ############################################################################################

M2LB3361C> #				Script Foundation - Leave this for all scripts							   #

M2LB3361C> ############################################################################################

M2LB3361C> 

M2LB3361C> confb+

M2LB3361C> gs+

Perform a get before set = enabled

M2LB3361C> unset all

M2LB3361C> l+

Logging to file: /ericsson/log/amos/moshell_logfiles/gbadim1/logs_moshell/sessionlog/240423-060008_M2LB3361C.log

M2LB3361C> 

M2LB3361C> alt

240423-06:00:08-0500 11.143.159.138 24.0c  stopfile=/tmp/643994
Looking up temporary_amos account... OK.
Trying temporary_amos_gbadim1_291's password from amos lookupAccount ... OK

$ssh_pid = 646255

Connected to 11.143.159.138 (SubNetwork=ONRM_ROOT_MO,SubNetwork=Philadelphia,MeContext=M2LB3361C,ManagedElement=M2LB3361C)

Checking MOM version...MSRBS_NODE_MODEL_23.Q4_643.28133.125_0bc9
Parsing MOM (cached): /var/tmp/20240423-060001_643482/MSRBS_NODE_MODEL_23.Q4_643.28133.125_0bc9.xml.cache.gz ...........................................................................................................................................................................................................Done.
Using paramfile /opt/ericsson/amos/moshell/commonjars/pm/PARAM_MSRBS_23.Q4.txt
Parsing file /opt/ericsson/amos/moshell/commonjars/pm/PARAM_MSRBS_23.Q4.txt ...................................................................................Done.
Using imomdfile /opt/ericsson/amos/moshell/commonjars/pm/IMOMD_MSRBS_22.Q4.txt
Using imomfile /opt/ericsson/amos/moshell/commonjars/pm/IMOM_MSRBS_23.Q4.txt

Collecting Alarms...

====================================================================================================================
Date & Time (UTC)   S Specific Problem                    MO (AdditionalText/PC, AI)
====================================================================================================================
>>> Total: 0 Alarms (0 Critical, 0 Major)

M2LB3361C> 

M2LB3361C> uv sls_username > $user

sls_username              = gbadim1

$user = gbadim1

M2LB3361C> $date = `date +%y%m%d-%H%M`

$date = 240423-0600

M2LB3361C> $Node = `echo "$nodename" | cut -c 2-9`

$Node = 2LB3361C

M2LB3361C> $L21 = L

$L21 = L

M2LB3361C> $L19 = B

$L19 = B

M2LB3361C> $L7 = D

$L7 = D

M2LB3361C> $L6 = E

$L6 = E

M2LB3361C> $N6 = K

$N6 = K

M2LB3361C> $N25 = A

$N25 = A

M2LB3361C> $L25 = T

$L25 = T

M2LB3361C> $N19 = J

$N19 = J

M2LB3361C> $N71 = K

$N71 = K

M2LB3361C> $2C = .*2$

$2C = .*2$

M2LB3361C> $1C = .*1$

$1C = .*1$

M2LB3361C> $allcell = TDD|FDD|NRCellDU|Nbiot

$allcell = TDD|FDD|NRCellDU|Nbiot

M2LB3361C> $FDD = EUtranCellFDD=

$FDD = EUtranCellFDD=

M2LB3361C> $TDD = EUtranCellTDD=

$TDD = EUtranCellTDD=

M2LB3361C> $NRCell = NRCellDU=

$NRCell = NRCellDU=

M2LB3361C> $NRSec25 = NRSectorCarrier=25-

$NRSec25 = NRSectorCarrier=25-

M2LB3361C> $NRSec6 = NRSectorCarrier=6-

$NRSec6 = NRSectorCarrier=6-

M2LB3361C> $NRSec19 = NRSectorCarrier=19-

$NRSec19 = NRSectorCarrier=19-

M2LB3361C> $LTESec = SectorEquipmentFunction=

$LTESec = SectorEquipmentFunction=

M2LB3361C> 

M2LB3361C> ############################################################################################

M2LB3361C> #		Change JobName and any parameter that needs changing case by case basis    		   #

M2LB3361C> ############################################################################################

M2LB3361C> # 		PUT A # SIGN IN FRONT OF ANYTHING YOU DONT WANT TO USE ON THIS SCRIPT  			   #   

M2LB3361C> ############################################################################################

M2LB3361C>       

M2LB3361C> #$arfcnDL = 507708

M2LB3361C> #$jobname = Retune_Prechecks

M2LB3361C> 

M2LB3361C> ############################################################################################

M2LB3361C> #				Script Specifics - This is modifiable to your needs						   #

M2LB3361C> ############################################################################################

M2LB3361C> #	   FOR SETM COMMANDS YOU HAVE TO REMOVE THE GS+ AND GS- from the script                #

M2LB3361C> ############################################################################################

M2LB3361C> ###############################

M2LB3361C> #### PRECHECK / LOCK / CV #####

M2LB3361C> ###############################

M2LB3361C> 

M2LB3361C> 

M2LB3361C> lt all

240423-06:00:18-0500 11.143.159.138 24.0c MSRBS_NODE_MODEL_23.Q4_643.28133.125_0bc9 stopfile=/tmp/643994
Connected to 11.143.159.138 (SubNetwork=ONRM_ROOT_MO,SubNetwork=Philadelphia,MeContext=M2LB3361C,ManagedElement=M2LB3361C)

Last MO: 23207. Loaded 23207 MOs. Total: 23208 MOs.

M2LB3361C> pr vlanport=

240423-06:00:33-0500 11.143.159.138 24.0c MSRBS_NODE_MODEL_23.Q4_643.28133.125_0bc9 stopfile=/tmp/643994
===================================================================================
Proxy  MO
===================================================================================
23203  Transport=1,VlanPort=1051
23204  Transport=1,VlanPort=3051
23205  Transport=1,VlanPort=4001
23206  Transport=1,VlanPort=ERAN
23207  Transport=1,VlanPort=ERAN_NR
===================================================================================
Total: 5 MOs

M2LB3361C> get address address

240423-06:00:33-0500 11.143.159.138 24.0c MSRBS_NODE_MODEL_23.Q4_643.28133.125_0bc9 stopfile=/tmp/643994
=================================================================================================================
MO                                                      Attribute         Value
=================================================================================================================
Router=LTE,InterfaceIPv4=LTE,AddressIPv4=1              address           42.15.159.154/27
Router=LTE,InterfaceIPv4=LTE,AddressIPv4=1              addressIPv4Id     1
Router=LTE,InterfaceIPv4=LTE,AddressIPv4=1              primaryAddress    true
Router=LTE,InterfaceIPv4=LTE,AddressIPv4=1              usedAddress       42.15.159.154/27
Router=Node_Internal_F1,InterfaceIPv4=NRCUCP,AddressIPv4=1 address           169.254.42.42/32
Router=Node_Internal_F1,InterfaceIPv4=NRCUCP,AddressIPv4=1 addressIPv4Id     1
Router=Node_Internal_F1,InterfaceIPv4=NRCUCP,AddressIPv4=1 primaryAddress    true
Router=Node_Internal_F1,InterfaceIPv4=NRCUCP,AddressIPv4=1 usedAddress       169.254.42.42/32
Router=Node_Internal_F1,InterfaceIPv4=NRDU,AddressIPv4=1 address           169.254.42.43/32
Router=Node_Internal_F1,InterfaceIPv4=NRDU,AddressIPv4=1 addressIPv4Id     1
Router=Node_Internal_F1,InterfaceIPv4=NRDU,AddressIPv4=1 primaryAddress    true
Router=Node_Internal_F1,InterfaceIPv4=NRDU,AddressIPv4=1 usedAddress       169.254.42.43/32
Router=vr_OAM,InterfaceIPv4=1,AddressIPv4=1             address           11.143.159.138/27
Router=vr_OAM,InterfaceIPv4=1,AddressIPv4=1             addressIPv4Id     1
Router=vr_OAM,InterfaceIPv4=1,AddressIPv4=1             primaryAddress    true
Router=vr_OAM,InterfaceIPv4=1,AddressIPv4=1             usedAddress       11.143.159.138/27
Router=vr_TRAFFIC,InterfaceIPv4=1,AddressIPv4=1         address           42.15.159.138/27
Router=vr_TRAFFIC,InterfaceIPv4=1,AddressIPv4=1         addressIPv4Id     1
Router=vr_TRAFFIC,InterfaceIPv4=1,AddressIPv4=1         primaryAddress    true
Router=vr_TRAFFIC,InterfaceIPv4=1,AddressIPv4=1         usedAddress       42.15.159.138/27
=================================================================================================================
Total: 5 MOs


M2LB3361C> st FDD|TDD|NRCellDU|NbIot

240423-06:00:34-0500 11.143.159.138 24.0c MSRBS_NODE_MODEL_23.Q4_643.28133.125_0bc9 stopfile=/tmp/643994
===================================================================================
Proxy  Adm State     Op. State     MO
===================================================================================
   44  1 (UNLOCKED)  1 (ENABLED)   ENodeBFunction=1,EUtranCellFDD=D2LB3361C11
  209  1 (UNLOCKED)  1 (ENABLED)   ENodeBFunction=1,EUtranCellFDD=D2LB3361C21
  381  1 (UNLOCKED)  1 (ENABLED)   ENodeBFunction=1,EUtranCellFDD=D2LB3361C31
 4120  1 (UNLOCKED)  1 (ENABLED)   GNBDUFunction=1,NRCellDU=K2LB3361C11
 4123  1 (UNLOCKED)  1 (ENABLED)   GNBDUFunction=1,NRCellDU=K2LB3361C21
 4126  1 (UNLOCKED)  1 (ENABLED)   GNBDUFunction=1,NRCellDU=K2LB3361C31
 4707  1 (UNLOCKED)                SystemFunctions=1,HealthCheckM=1,HcRule=ENodeBFunction_CheckNbiotCllRssiNpuschReadings
 4708  1 (UNLOCKED)                SystemFunctions=1,HealthCheckM=1,HcRule=ENodeBFunction_CheckNbiotCllSinrNpuschReadings
 4709  1 (UNLOCKED)                SystemFunctions=1,HealthCheckM=1,HcRule=ENodeBFunction_CheckNbiotCllStatus
===================================================================================
Total: 9 MOs

M2LB3361C> 

M2LB3361C> st termpointtognb=1

240423-06:00:34-0500 11.143.159.138 24.0c MSRBS_NODE_MODEL_23.Q4_643.28133.125_0bc9 stopfile=/tmp/643994
===================================================================================
Proxy  Adm State     Op. State     MO
===================================================================================
===================================================================================
Total: 0 MOs

M2LB3361C> get ^GNB.*=1 gNBId$

240423-06:00:34-0500 11.143.159.138 24.0c MSRBS_NODE_MODEL_23.Q4_643.28133.125_0bc9 stopfile=/tmp/643994
=================================================================================================================
MO                                                      Attribute         Value
=================================================================================================================
GNBCUCPFunction=1                                       gNBId             1319456
GNBCUUPFunction=1                                       gNBId             1319456
GNBDUFunction=1                                         gNBId             1319456
=================================================================================================================
Total: 3 MOs


M2LB3361C> get FUnction=1 nbid$

240423-06:00:35-0500 11.143.159.138 24.0c MSRBS_NODE_MODEL_23.Q4_643.28133.125_0bc9 stopfile=/tmp/643994
=================================================================================================================
MO                                                      Attribute         Value
=================================================================================================================
ENodeBFunction=1                                        eNBId             149829
GNBCUCPFunction=1                                       gNBId             1319456
GNBCUUPFunction=1                                       gNBId             1319456
GNBDUFunction=1                                         gNBId             1319456
ExtGNBDUPartnerFunction=1                               gNBId             1352453
ExtGNBDUPartnerFunction=1367775                         gNBId             1367775
=================================================================================================================
Total: 6 MOs


M2LB3361C> st term

240423-06:00:35-0500 11.143.159.138 24.0c MSRBS_NODE_MODEL_23.Q4_643.28133.125_0bc9 stopfile=/tmp/643994
===================================================================================
Proxy  Adm State     Op. State     MO
===================================================================================
  558  1 (UNLOCKED)  1 (ENABLED)   ENodeBFunction=1,EUtraNetwork=1,ExternalENodeBFunction=310120-1040944,TermPointToENB=310120-1040944
  564  1 (UNLOCKED)  1 (ENABLED)   ENodeBFunction=1,EUtraNetwork=1,ExternalENodeBFunction=310260-131544,TermPointToENB=310260-131544
  570  1 (UNLOCKED)  1 (ENABLED)   ENodeBFunction=1,EUtraNetwork=1,ExternalENodeBFunction=310260-139093,TermPointToENB=310260-139093
  575  1 (UNLOCKED)  1 (ENABLED)   ENodeBFunction=1,EUtraNetwork=1,ExternalENodeBFunction=310260-139152,TermPointToENB=310260-139152
  579  1 (UNLOCKED)  1 (ENABLED)   ENodeBFunction=1,EUtraNetwork=1,ExternalENodeBFunction=310260-139158,TermPointToENB=310260-139158
  583  1 (UNLOCKED)  1 (ENABLED)   ENodeBFunction=1,EUtraNetwork=1,ExternalENodeBFunction=310260-139159,TermPointToENB=310260-139159
  589  1 (UNLOCKED)  1 (ENABLED)   ENodeBFunction=1,EUtraNetwork=1,ExternalENodeBFunction=310260-139164,TermPointToENB=310260-139164
  593  1 (UNLOCKED)  1 (ENABLED)   ENodeBFunction=1,EUtraNetwork=1,ExternalENodeBFunction=310260-139168,TermPointToENB=310260-139168
  597  1 (UNLOCKED)  1 (ENABLED)   ENodeBFunction=1,EUtraNetwork=1,ExternalENodeBFunction=310260-139169,TermPointToENB=310260-139169
  603  1 (UNLOCKED)  1 (ENABLED)   ENodeBFunction=1,EUtraNetwork=1,ExternalENodeBFunction=310260-139171,TermPointToENB=310260-139171
  607  1 (UNLOCKED)  1 (ENABLED)   ENodeBFunction=1,EUtraNetwork=1,ExternalENodeBFunction=310260-139175,TermPointToENB=310260-139175
  612  1 (UNLOCKED)  1 (ENABLED)   ENodeBFunction=1,EUtraNetwork=1,ExternalENodeBFunction=310260-139180,TermPointToENB=310260-139180
  617  1 (UNLOCKED)  1 (ENABLED)   ENodeBFunction=1,EUtraNetwork=1,ExternalENodeBFunction=310260-139231,TermPointToENB=310260-139231
  622  1 (UNLOCKED)  1 (ENABLED)   ENodeBFunction=1,EUtraNetwork=1,ExternalENodeBFunction=310260-139240,TermPointToENB=310260-139240
  627  1 (UNLOCKED)  1 (ENABLED)   ENodeBFunction=1,EUtraNetwork=1,ExternalENodeBFunction=310260-146121,TermPointToENB=310260-146121
  632  1 (UNLOCKED)  1 (ENABLED)   ENodeBFunction=1,EUtraNetwork=1,ExternalENodeBFunction=310260-148610,TermPointToENB=310260-148610
  637  1 (UNLOCKED)  1 (ENABLED)   ENodeBFunction=1,EUtraNetwork=1,ExternalENodeBFunction=310260-219908,TermPointToENB=310260-219908
  641  1 (UNLOCKED)  1 (ENABLED)   ENodeBFunction=1,EUtraNetwork=1,ExternalENodeBFunction=310260-307852,TermPointToENB=310260-307852
  644  1 (UNLOCKED)  1 (ENABLED)   ENodeBFunction=1,EUtraNetwork=1,ExternalENodeBFunction=310260-310811,TermPointToENB=310260-310811
  653  1 (UNLOCKED)  1 (ENABLED)   ENodeBFunction=1,EUtraNetwork=1,ExternalENodeBFunction=310260-310845,TermPointToENB=310260-310845
  663  1 (UNLOCKED)  1 (ENABLED)   ENodeBFunction=1,EUtraNetwork=1,ExternalENodeBFunction=310260-310879,TermPointToENB=310260-310879
  665  1 (UNLOCKED)  1 (ENABLED)   ENodeBFunction=1,EUtraNetwork=1,ExternalENodeBFunction=310260-310884,TermPointToENB=310260-310884
  674  1 (UNLOCKED)  1 (ENABLED)   ENodeBFunction=1,EUtraNetwork=1,ExternalENodeBFunction=310260-310892,TermPointToENB=310260-310892
  680  1 (UNLOCKED)  1 (ENABLED)   ENodeBFunction=1,EUtraNetwork=1,ExternalENodeBFunction=310260-310900,TermPointToENB=310260-310900
  683  1 (UNLOCKED)  1 (ENABLED)   ENodeBFunction=1,EUtraNetwork=1,ExternalENodeBFunction=310260-310904,TermPointToENB=310260-310904
  688  1 (UNLOCKED)  1 (ENABLED)   ENodeBFunction=1,EUtraNetwork=1,ExternalENodeBFunction=310260-315333,TermPointToENB=310260-315333
  694  1 (UNLOCKED)  1 (ENABLED)   ENodeBFunction=1,EUtraNetwork=1,ExternalENodeBFunction=310260-326663,TermPointToENB=310260-326663
  697  1 (UNLOCKED)  1 (ENABLED)   ENodeBFunction=1,EUtraNetwork=1,ExternalENodeBFunction=310260-326665,TermPointToENB=310260-326665
  705  1 (UNLOCKED)  1 (ENABLED)   ENodeBFunction=1,EUtraNetwork=1,ExternalENodeBFunction=310260-331993,TermPointToENB=310260-331993
  709  1 (UNLOCKED)  1 (ENABLED)   ENodeBFunction=1,EUtraNetwork=1,ExternalENodeBFunction=310260-477094,TermPointToENB=310260-477094
  714  1 (UNLOCKED)  1 (ENABLED)   ENodeBFunction=1,EUtraNetwork=1,ExternalENodeBFunction=310260-49825,TermPointToENB=310260-49825
  721  1 (UNLOCKED)  1 (ENABLED)   ENodeBFunction=1,EUtraNetwork=1,ExternalENodeBFunction=310260-49859,TermPointToENB=310260-49859
  723                1 (ENABLED)   ENodeBFunction=1,EUtraNetwork=1,ExternalENodeBFunction=310260-49860,EranInterMeLink=1
  732  1 (UNLOCKED)  1 (ENABLED)   ENodeBFunction=1,EUtraNetwork=1,ExternalENodeBFunction=310260-49860,TermPointToENB=310260-49860
  736  1 (UNLOCKED)  1 (ENABLED)   ENodeBFunction=1,EUtraNetwork=1,ExternalENodeBFunction=310260-50235,TermPointToENB=310260-50235
  738  1 (UNLOCKED)  1 (ENABLED)   ENodeBFunction=1,EUtraNetwork=1,ExternalENodeBFunction=310260-50236,TermPointToENB=310260-50236
  744  1 (UNLOCKED)  1 (ENABLED)   ENodeBFunction=1,EUtraNetwork=1,ExternalENodeBFunction=310260-50350,TermPointToENB=310260-50350
  750  1 (UNLOCKED)  1 (ENABLED)   ENodeBFunction=1,EUtraNetwork=1,ExternalENodeBFunction=310260-51485,TermPointToENB=310260-51485
  758  1 (UNLOCKED)  1 (ENABLED)   ENodeBFunction=1,EUtraNetwork=1,ExternalENodeBFunction=310260-52252,TermPointToENB=310260-52252
  762  1 (UNLOCKED)  1 (ENABLED)   ENodeBFunction=1,EUtraNetwork=1,ExternalENodeBFunction=310260-53057,TermPointToENB=310260-53057
  768  1 (UNLOCKED)  1 (ENABLED)   ENodeBFunction=1,EUtraNetwork=1,ExternalENodeBFunction=310260-55282,TermPointToENB=310260-55282
  776  1 (UNLOCKED)  1 (ENABLED)   ENodeBFunction=1,EUtraNetwork=1,ExternalENodeBFunction=310260-55380,TermPointToENB=310260-55380
  780  1 (UNLOCKED)  1 (ENABLED)   ENodeBFunction=1,EUtraNetwork=1,ExternalENodeBFunction=310260-55396,TermPointToENB=310260-55396
  784  1 (UNLOCKED)  1 (ENABLED)   ENodeBFunction=1,EUtraNetwork=1,ExternalENodeBFunction=310260-55456,TermPointToENB=310260-55456
  787  1 (UNLOCKED)  1 (ENABLED)   ENodeBFunction=1,EUtraNetwork=1,ExternalENodeBFunction=310260-55489,TermPointToENB=310260-55489
  792  1 (UNLOCKED)  1 (ENABLED)   ENodeBFunction=1,EUtraNetwork=1,ExternalENodeBFunction=310260-55580,TermPointToENB=310260-55580
  797  1 (UNLOCKED)  1 (ENABLED)   ENodeBFunction=1,EUtraNetwork=1,ExternalENodeBFunction=310260-58954,TermPointToENB=310260-58954
  800  1 (UNLOCKED)  1 (ENABLED)   ENodeBFunction=1,EUtraNetwork=1,ExternalENodeBFunction=310260-892362,TermPointToENB=310260-892362
  914  1 (UNLOCKED)  1 (ENABLED)   ENodeBFunction=1,GUtraNetwork=1,ExternalGNodeBFunction=310260-000000001319456,TermPointToGNB=310260-000000001319456
 1038  1 (UNLOCKED)  1 (ENABLED)   ENodeBFunction=1,GUtraNetwork=1,ExternalGNodeBFunction=310260-000000001352453,TermPointToGNB=310260-000000001352453
 1201  1 (UNLOCKED)  1 (ENABLED)   ENodeBFunction=1,TermPointToMme=DC1vMME1
 1202  1 (UNLOCKED)  1 (ENABLED)   ENodeBFunction=1,TermPointToMme=DC1vMME2
 1203  1 (UNLOCKED)  1 (ENABLED)   ENodeBFunction=1,TermPointToMme=DC2vMME1
 1204  1 (UNLOCKED)  1 (ENABLED)   ENodeBFunction=1,TermPointToMme=NE1CMM01
 1205  1 (UNLOCKED)  1 (ENABLED)   ENodeBFunction=1,TermPointToMme=NE1vMME1
 1206  1 (UNLOCKED)  1 (ENABLED)   ENodeBFunction=1,TermPointToMme=NE1vMME2
 1207  1 (UNLOCKED)  1 (ENABLED)   ENodeBFunction=1,TermPointToMme=NE4vMME1
 1208  1 (UNLOCKED)  1 (ENABLED)   ENodeBFunction=1,TermPointToMme=PH2vMME1
 1209  1 (UNLOCKED)  1 (ENABLED)   ENodeBFunction=1,TermPointToMme=PH3nMME1
 1210  1 (UNLOCKED)  0 (DISABLED)  ENodeBFunction=1,TermPointToMme=PH3vMME1
 1211  1 (UNLOCKED)  1 (ENABLED)   ENodeBFunction=1,TermPointToMme=UP1vMME1
 1212  1 (UNLOCKED)  1 (ENABLED)   ENodeBFunction=1,TermPointToMme=UP2nMME1
 1213  1 (UNLOCKED)  1 (ENABLED)   ENodeBFunction=1,TermPointToMme=UP2vMME1
 1794  1 (UNLOCKED)  1 (ENABLED)   GNBCUCPFunction=1,EUtraNetwork=1,ExternalENodeBFunction=310260-49859,TermPointToENodeB=auto1
 1802  1 (UNLOCKED)  1 (ENABLED)   GNBCUCPFunction=1,EUtraNetwork=1,ExternalENodeBFunction=310260-50235,TermPointToENodeB=auto1
 1810  1 (UNLOCKED)  1 (ENABLED)   GNBCUCPFunction=1,EUtraNetwork=1,ExternalENodeBFunction=310260-50350,TermPointToENodeB=auto1
 1825  1 (UNLOCKED)  1 (ENABLED)   GNBCUCPFunction=1,EUtraNetwork=1,ExternalENodeBFunction=310260-51485,TermPointToENodeB=auto1
 1845  1 (UNLOCKED)  1 (ENABLED)   GNBCUCPFunction=1,EUtraNetwork=1,ExternalENodeBFunction=310260-52252,TermPointToENodeB=auto1
 1860  1 (UNLOCKED)  1 (ENABLED)   GNBCUCPFunction=1,EUtraNetwork=1,ExternalENodeBFunction=310260-55282,TermPointToENodeB=auto1
 1865  1 (UNLOCKED)  1 (ENABLED)   GNBCUCPFunction=1,EUtraNetwork=1,ExternalENodeBFunction=310260-55380,TermPointToENodeB=auto1
 1876  1 (UNLOCKED)  1 (ENABLED)   GNBCUCPFunction=1,EUtraNetwork=1,ExternalENodeBFunction=310260-55580,TermPointToENodeB=auto1
 1898  1 (UNLOCKED)  1 (ENABLED)   GNBCUCPFunction=1,EUtraNetwork=1,ExternalENodeBFunction=auto310_260_3_149829,TermPointToENodeB=auto1
 1902  0 (LOCKED)    0 (DISABLED)  GNBCUCPFunction=1,EUtraNetwork=1,ExternalENodeBFunction=auto310_260_3_310811,TermPointToENodeB=auto1
 1913  1 (UNLOCKED)  1 (ENABLED)   GNBCUCPFunction=1,EUtraNetwork=1,ExternalENodeBFunction=auto310_260_3_310845,TermPointToENodeB=auto1
 1919  1 (UNLOCKED)  1 (ENABLED)   GNBCUCPFunction=1,EUtraNetwork=1,ExternalENodeBFunction=auto310_260_3_310879,TermPointToENodeB=auto1
 1922  1 (UNLOCKED)  1 (ENABLED)   GNBCUCPFunction=1,EUtraNetwork=1,ExternalENodeBFunction=auto310_260_3_310892,TermPointToENodeB=auto1
 1926  1 (UNLOCKED)  1 (ENABLED)   GNBCUCPFunction=1,EUtraNetwork=1,ExternalENodeBFunction=auto310_260_3_310900,TermPointToENodeB=auto1
 1931  1 (UNLOCKED)  1 (ENABLED)   GNBCUCPFunction=1,EUtraNetwork=1,ExternalENodeBFunction=auto310_260_3_310904,TermPointToENodeB=auto1
 1936  1 (UNLOCKED)  1 (ENABLED)   GNBCUCPFunction=1,EUtraNetwork=1,ExternalENodeBFunction=auto310_260_3_326663,TermPointToENodeB=auto1
 1938  0 (LOCKED)    0 (DISABLED)  GNBCUCPFunction=1,EUtraNetwork=1,ExternalENodeBFunction=auto310_260_3_326665,TermPointToENodeB=auto1
 1940  0 (LOCKED)    0 (DISABLED)  GNBCUCPFunction=1,EUtraNetwork=1,ExternalENodeBFunction=auto310_260_3_49820,TermPointToENodeB=auto1
 1948  1 (UNLOCKED)  1 (ENABLED)   GNBCUCPFunction=1,EUtraNetwork=1,ExternalENodeBFunction=auto310_260_3_49860,TermPointToENodeB=auto1
 1950  0 (LOCKED)    0 (DISABLED)  GNBCUCPFunction=1,EUtraNetwork=1,ExternalENodeBFunction=auto310_260_3_50236,TermPointToENodeB=auto1
 1954  0 (LOCKED)    0 (DISABLED)  GNBCUCPFunction=1,EUtraNetwork=1,ExternalENodeBFunction=auto310_260_3_55396,TermPointToENodeB=auto1
 1957  0 (LOCKED)    0 (DISABLED)  GNBCUCPFunction=1,EUtraNetwork=1,ExternalENodeBFunction=auto310_260_3_55489,TermPointToENodeB=auto1
 1960  0 (LOCKED)    0 (DISABLED)  GNBCUCPFunction=1,EUtraNetwork=1,ExternalENodeBFunction=auto310_260_3_56988,TermPointToENodeB=auto1
 2245  1 (UNLOCKED)  1 (ENABLED)   GNBCUCPFunction=1,NRNetwork=1,ExternalGNBCUCPFunction=auto310_260_3_1312833,TermPointToGNodeB=auto1
 2253  1 (UNLOCKED)  0 (DISABLED)  GNBCUCPFunction=1,NRNetwork=1,ExternalGNBCUCPFunction=auto310_260_3_1313549,TermPointToGNodeB=auto1
 2264  1 (UNLOCKED)  0 (DISABLED)  GNBCUCPFunction=1,NRNetwork=1,ExternalGNBCUCPFunction=auto310_260_3_1316357,TermPointToGNodeB=auto1
 2275  1 (UNLOCKED)  1 (ENABLED)   GNBCUCPFunction=1,NRNetwork=1,ExternalGNBCUCPFunction=auto310_260_3_1316530,TermPointToGNodeB=auto1
 2286  1 (UNLOCKED)  1 (ENABLED)   GNBCUCPFunction=1,NRNetwork=1,ExternalGNBCUCPFunction=auto310_260_3_1316699,TermPointToGNodeB=auto1
 2300  1 (UNLOCKED)  1 (ENABLED)   GNBCUCPFunction=1,NRNetwork=1,ExternalGNBCUCPFunction=auto310_260_3_1316701,TermPointToGNodeB=auto1
 2311  1 (UNLOCKED)  1 (ENABLED)   GNBCUCPFunction=1,NRNetwork=1,ExternalGNBCUCPFunction=auto310_260_3_1316702,TermPointToGNodeB=auto1
 2322  1 (UNLOCKED)  1 (ENABLED)   GNBCUCPFunction=1,NRNetwork=1,ExternalGNBCUCPFunction=auto310_260_3_1317759,TermPointToGNodeB=auto1
 2333  1 (UNLOCKED)  1 (ENABLED)   GNBCUCPFunction=1,NRNetwork=1,ExternalGNBCUCPFunction=auto310_260_3_1317760,TermPointToGNodeB=auto1
 2344  1 (UNLOCKED)  1 (ENABLED)   GNBCUCPFunction=1,NRNetwork=1,ExternalGNBCUCPFunction=auto310_260_3_1317761,TermPointToGNodeB=auto1
 2355  1 (UNLOCKED)  1 (ENABLED)   GNBCUCPFunction=1,NRNetwork=1,ExternalGNBCUCPFunction=auto310_260_3_1317762,TermPointToGNodeB=auto1
 2366  1 (UNLOCKED)  1 (ENABLED)   GNBCUCPFunction=1,NRNetwork=1,ExternalGNBCUCPFunction=auto310_260_3_1318560,TermPointToGNodeB=auto1
 2377  1 (UNLOCKED)  1 (ENABLED)   GNBCUCPFunction=1,NRNetwork=1,ExternalGNBCUCPFunction=auto310_260_3_1318561,TermPointToGNodeB=auto1
 2388  1 (UNLOCKED)  1 (ENABLED)   GNBCUCPFunction=1,NRNetwork=1,ExternalGNBCUCPFunction=auto310_260_3_1318692,TermPointToGNodeB=auto1
 2399  1 (UNLOCKED)  1 (ENABLED)   GNBCUCPFunction=1,NRNetwork=1,ExternalGNBCUCPFunction=auto310_260_3_1319261,TermPointToGNodeB=auto1
 2410  1 (UNLOCKED)  1 (ENABLED)   GNBCUCPFunction=1,NRNetwork=1,ExternalGNBCUCPFunction=auto310_260_3_1319455,TermPointToGNodeB=auto1
 2421  1 (UNLOCKED)  0 (DISABLED)  GNBCUCPFunction=1,NRNetwork=1,ExternalGNBCUCPFunction=auto310_260_3_1319732,TermPointToGNodeB=auto1
 2432  1 (UNLOCKED)  0 (DISABLED)  GNBCUCPFunction=1,NRNetwork=1,ExternalGNBCUCPFunction=auto310_260_3_1319847,TermPointToGNodeB=auto1
 2446  1 (UNLOCKED)  1 (ENABLED)   GNBCUCPFunction=1,NRNetwork=1,ExternalGNBCUCPFunction=auto310_260_3_1321499,TermPointToGNodeB=auto1
 2457  1 (UNLOCKED)  0 (DISABLED)  GNBCUCPFunction=1,NRNetwork=1,ExternalGNBCUCPFunction=auto310_260_3_1322531,TermPointToGNodeB=auto1
 2468  1 (UNLOCKED)  1 (ENABLED)   GNBCUCPFunction=1,NRNetwork=1,ExternalGNBCUCPFunction=auto310_260_3_1323972,TermPointToGNodeB=auto1
 2479  1 (UNLOCKED)  1 (ENABLED)   GNBCUCPFunction=1,NRNetwork=1,ExternalGNBCUCPFunction=auto310_260_3_1323995,TermPointToGNodeB=auto1
 2487  1 (UNLOCKED)  0 (DISABLED)  GNBCUCPFunction=1,NRNetwork=1,ExternalGNBCUCPFunction=auto310_260_3_1327802,TermPointToGNodeB=auto1
 2498  1 (UNLOCKED)  1 (ENABLED)   GNBCUCPFunction=1,NRNetwork=1,ExternalGNBCUCPFunction=auto310_260_3_1334174,TermPointToGNodeB=auto1
 2518  1 (UNLOCKED)  1 (ENABLED)   GNBCUCPFunction=1,NRNetwork=1,ExternalGNBCUCPFunction=auto310_260_3_1335505,TermPointToGNodeB=auto1
 2529  1 (UNLOCKED)  1 (ENABLED)   GNBCUCPFunction=1,NRNetwork=1,ExternalGNBCUCPFunction=auto310_260_3_1336981,TermPointToGNodeB=auto1
 2540  1 (UNLOCKED)  1 (ENABLED)   GNBCUCPFunction=1,NRNetwork=1,ExternalGNBCUCPFunction=auto310_260_3_1339049,TermPointToGNodeB=auto1
 2551  1 (UNLOCKED)  1 (ENABLED)   GNBCUCPFunction=1,NRNetwork=1,ExternalGNBCUCPFunction=auto310_260_3_1343353,TermPointToGNodeB=auto1
 2568  1 (UNLOCKED)  1 (ENABLED)   GNBCUCPFunction=1,NRNetwork=1,ExternalGNBCUCPFunction=auto310_260_3_1344183,TermPointToGNodeB=auto1
 2579  1 (UNLOCKED)  1 (ENABLED)   GNBCUCPFunction=1,NRNetwork=1,ExternalGNBCUCPFunction=auto310_260_3_1344903,TermPointToGNodeB=auto1
 2589  1 (UNLOCKED)  0 (DISABLED)  GNBCUCPFunction=1,NRNetwork=1,ExternalGNBCUCPFunction=auto310_260_3_1345923,TermPointToGNodeB=auto1
 2611  1 (UNLOCKED)  1 (ENABLED)   GNBCUCPFunction=1,NRNetwork=1,ExternalGNBCUCPFunction=auto310_260_3_1345942,TermPointToGNodeB=auto1
 2625  1 (UNLOCKED)  1 (ENABLED)   GNBCUCPFunction=1,NRNetwork=1,ExternalGNBCUCPFunction=auto310_260_3_1346314,TermPointToGNodeB=auto1
 2647  1 (UNLOCKED)  1 (ENABLED)   GNBCUCPFunction=1,NRNetwork=1,ExternalGNBCUCPFunction=auto310_260_3_1346315,TermPointToGNodeB=auto1
 2667  1 (UNLOCKED)  0 (DISABLED)  GNBCUCPFunction=1,NRNetwork=1,ExternalGNBCUCPFunction=auto310_260_3_1347238,TermPointToGNodeB=auto1
 2687  1 (UNLOCKED)  1 (ENABLED)   GNBCUCPFunction=1,NRNetwork=1,ExternalGNBCUCPFunction=auto310_260_3_1347256,TermPointToGNodeB=auto1
 2707  1 (UNLOCKED)  1 (ENABLED)   GNBCUCPFunction=1,NRNetwork=1,ExternalGNBCUCPFunction=auto310_260_3_1347563,TermPointToGNodeB=auto1
 2727  1 (UNLOCKED)  1 (ENABLED)   GNBCUCPFunction=1,NRNetwork=1,ExternalGNBCUCPFunction=auto310_260_3_1347979,TermPointToGNodeB=auto1
 2747  1 (UNLOCKED)  1 (ENABLED)   GNBCUCPFunction=1,NRNetwork=1,ExternalGNBCUCPFunction=auto310_260_3_1348053,TermPointToGNodeB=auto1
 2767  1 (UNLOCKED)  1 (ENABLED)   GNBCUCPFunction=1,NRNetwork=1,ExternalGNBCUCPFunction=auto310_260_3_1348710,TermPointToGNodeB=auto1
 2787  1 (UNLOCKED)  1 (ENABLED)   GNBCUCPFunction=1,NRNetwork=1,ExternalGNBCUCPFunction=auto310_260_3_1349121,TermPointToGNodeB=auto1
 2807  1 (UNLOCKED)  1 (ENABLED)   GNBCUCPFunction=1,NRNetwork=1,ExternalGNBCUCPFunction=auto310_260_3_1349673,TermPointToGNodeB=auto1
 2827  1 (UNLOCKED)  1 (ENABLED)   GNBCUCPFunction=1,NRNetwork=1,ExternalGNBCUCPFunction=auto310_260_3_1349697,TermPointToGNodeB=auto1
 2847  1 (UNLOCKED)  1 (ENABLED)   GNBCUCPFunction=1,NRNetwork=1,ExternalGNBCUCPFunction=auto310_260_3_1349698,TermPointToGNodeB=auto1
 2867  1 (UNLOCKED)  1 (ENABLED)   GNBCUCPFunction=1,NRNetwork=1,ExternalGNBCUCPFunction=auto310_260_3_1349707,TermPointToGNodeB=auto1
 2887  1 (UNLOCKED)  1 (ENABLED)   GNBCUCPFunction=1,NRNetwork=1,ExternalGNBCUCPFunction=auto310_260_3_1349708,TermPointToGNodeB=auto1
 2895  1 (UNLOCKED)  1 (ENABLED)   GNBCUCPFunction=1,NRNetwork=1,ExternalGNBCUCPFunction=auto310_260_3_1349725,TermPointToGNodeB=auto1
 2915  1 (UNLOCKED)  1 (ENABLED)   GNBCUCPFunction=1,NRNetwork=1,ExternalGNBCUCPFunction=auto310_260_3_1349726,TermPointToGNodeB=auto1
 2935  1 (UNLOCKED)  1 (ENABLED)   GNBCUCPFunction=1,NRNetwork=1,ExternalGNBCUCPFunction=auto310_260_3_1349729,TermPointToGNodeB=auto1
 2955  1 (UNLOCKED)  1 (ENABLED)   GNBCUCPFunction=1,NRNetwork=1,ExternalGNBCUCPFunction=auto310_260_3_1349730,TermPointToGNodeB=auto1
 2975  1 (UNLOCKED)  1 (ENABLED)   GNBCUCPFunction=1,NRNetwork=1,ExternalGNBCUCPFunction=auto310_260_3_1349735,TermPointToGNodeB=auto1
 2989  1 (UNLOCKED)  1 (ENABLED)   GNBCUCPFunction=1,NRNetwork=1,ExternalGNBCUCPFunction=auto310_260_3_1349736,TermPointToGNodeB=auto1
 3009  1 (UNLOCKED)  1 (ENABLED)   GNBCUCPFunction=1,NRNetwork=1,ExternalGNBCUCPFunction=auto310_260_3_1349738,TermPointToGNodeB=auto1
 3029  1 (UNLOCKED)  1 (ENABLED)   GNBCUCPFunction=1,NRNetwork=1,ExternalGNBCUCPFunction=auto310_260_3_1349739,TermPointToGNodeB=auto1
 3037  1 (UNLOCKED)  1 (ENABLED)   GNBCUCPFunction=1,NRNetwork=1,ExternalGNBCUCPFunction=auto310_260_3_1349742,TermPointToGNodeB=auto1
 3057  1 (UNLOCKED)  1 (ENABLED)   GNBCUCPFunction=1,NRNetwork=1,ExternalGNBCUCPFunction=auto310_260_3_1349743,TermPointToGNodeB=auto1
 3071  1 (UNLOCKED)  1 (ENABLED)   GNBCUCPFunction=1,NRNetwork=1,ExternalGNBCUCPFunction=auto310_260_3_1350104,TermPointToGNodeB=auto1
 3085  1 (UNLOCKED)  1 (ENABLED)   GNBCUCPFunction=1,NRNetwork=1,ExternalGNBCUCPFunction=auto310_260_3_1350105,TermPointToGNodeB=auto1
 3105  1 (UNLOCKED)  1 (ENABLED)   GNBCUCPFunction=1,NRNetwork=1,ExternalGNBCUCPFunction=auto310_260_3_1351137,TermPointToGNodeB=auto1
 3125  1 (UNLOCKED)  1 (ENABLED)   GNBCUCPFunction=1,NRNetwork=1,ExternalGNBCUCPFunction=auto310_260_3_1351139,TermPointToGNodeB=auto1
 3151  1 (UNLOCKED)  1 (ENABLED)   GNBCUCPFunction=1,NRNetwork=1,ExternalGNBCUCPFunction=auto310_260_3_1351840,TermPointToGNodeB=auto1
 3171  1 (UNLOCKED)  1 (ENABLED)   GNBCUCPFunction=1,NRNetwork=1,ExternalGNBCUCPFunction=auto310_260_3_1351844,TermPointToGNodeB=auto1
 3191  1 (UNLOCKED)  1 (ENABLED)   GNBCUCPFunction=1,NRNetwork=1,ExternalGNBCUCPFunction=auto310_260_3_1352404,TermPointToGNodeB=auto1
 3211  1 (UNLOCKED)  1 (ENABLED)   GNBCUCPFunction=1,NRNetwork=1,ExternalGNBCUCPFunction=auto310_260_3_1352411,TermPointToGNodeB=auto1
 3231  1 (UNLOCKED)  1 (ENABLED)   GNBCUCPFunction=1,NRNetwork=1,ExternalGNBCUCPFunction=auto310_260_3_1352453,TermPointToGNodeB=auto1
 3251  1 (UNLOCKED)  1 (ENABLED)   GNBCUCPFunction=1,NRNetwork=1,ExternalGNBCUCPFunction=auto310_260_3_1352456,TermPointToGNodeB=auto1
 3271  1 (UNLOCKED)  1 (ENABLED)   GNBCUCPFunction=1,NRNetwork=1,ExternalGNBCUCPFunction=auto310_260_3_1352732,TermPointToGNodeB=auto1
 3285  1 (UNLOCKED)  1 (ENABLED)   GNBCUCPFunction=1,NRNetwork=1,ExternalGNBCUCPFunction=auto310_260_3_1353359,TermPointToGNodeB=auto1
 3296  1 (UNLOCKED)  1 (ENABLED)   GNBCUCPFunction=1,NRNetwork=1,ExternalGNBCUCPFunction=auto310_260_3_1353360,TermPointToGNodeB=auto1
 3307  1 (UNLOCKED)  1 (ENABLED)   GNBCUCPFunction=1,NRNetwork=1,ExternalGNBCUCPFunction=auto310_260_3_1353361,TermPointToGNodeB=auto1
 3318  1 (UNLOCKED)  1 (ENABLED)   GNBCUCPFunction=1,NRNetwork=1,ExternalGNBCUCPFunction=auto310_260_3_1353362,TermPointToGNodeB=auto1
 3329  1 (UNLOCKED)  1 (ENABLED)   GNBCUCPFunction=1,NRNetwork=1,ExternalGNBCUCPFunction=auto310_260_3_1353363,TermPointToGNodeB=auto1
 3340  1 (UNLOCKED)  1 (ENABLED)   GNBCUCPFunction=1,NRNetwork=1,ExternalGNBCUCPFunction=auto310_260_3_1353364,TermPointToGNodeB=auto1
 3354  1 (UNLOCKED)  1 (ENABLED)   GNBCUCPFunction=1,NRNetwork=1,ExternalGNBCUCPFunction=auto310_260_3_1353365,TermPointToGNodeB=auto1
 3374  1 (UNLOCKED)  0 (DISABLED)  GNBCUCPFunction=1,NRNetwork=1,ExternalGNBCUCPFunction=auto310_260_3_1361083,TermPointToGNodeB=auto1
 3388  1 (UNLOCKED)  1 (ENABLED)   GNBCUCPFunction=1,NRNetwork=1,ExternalGNBCUCPFunction=auto310_260_3_1366382,TermPointToGNodeB=auto1
 3399  1 (UNLOCKED)  1 (ENABLED)   GNBCUCPFunction=1,NRNetwork=1,ExternalGNBCUCPFunction=auto310_260_3_1367773,TermPointToGNodeB=auto1
 3410  1 (UNLOCKED)  1 (ENABLED)   GNBCUCPFunction=1,NRNetwork=1,ExternalGNBCUCPFunction=auto310_260_3_1367774,TermPointToGNodeB=auto1
 3421  1 (UNLOCKED)  1 (ENABLED)   GNBCUCPFunction=1,NRNetwork=1,ExternalGNBCUCPFunction=auto310_260_3_1367775,TermPointToGNodeB=auto1
 3432  1 (UNLOCKED)  1 (ENABLED)   GNBCUCPFunction=1,NRNetwork=1,ExternalGNBCUCPFunction=auto310_260_3_1367776,TermPointToGNodeB=auto1
 3440  1 (UNLOCKED)  1 (ENABLED)   GNBCUCPFunction=1,NRNetwork=1,ExternalGNBCUCPFunction=auto310_260_3_1369346,TermPointToGNodeB=auto1
 3451  1 (UNLOCKED)  1 (ENABLED)   GNBCUCPFunction=1,NRNetwork=1,ExternalGNBCUCPFunction=auto310_260_3_1369606,TermPointToGNodeB=auto1
 3462  1 (UNLOCKED)  1 (ENABLED)   GNBCUCPFunction=1,NRNetwork=1,ExternalGNBCUCPFunction=auto310_260_3_1370074,TermPointToGNodeB=auto1
 3482  1 (UNLOCKED)  1 (ENABLED)   GNBCUCPFunction=1,NRNetwork=1,ExternalGNBCUCPFunction=auto310_260_3_1370091,TermPointToGNodeB=auto1
 3508  1 (UNLOCKED)  0 (DISABLED)  GNBCUCPFunction=1,NRNetwork=1,ExternalGNBCUCPFunction=auto310_260_3_1370866,TermPointToGNodeB=auto1
 3567  1 (UNLOCKED)  1 (ENABLED)   GNBCUCPFunction=1,TermPointToAmf=DC1AMF01
 3569  1 (UNLOCKED)  1 (ENABLED)   GNBCUCPFunction=1,TermPointToAmf=DC2AMF01
 3571  1 (UNLOCKED)  1 (ENABLED)   GNBCUCPFunction=1,TermPointToAmf=DC2AMF02
 3573  1 (UNLOCKED)  1 (ENABLED)   GNBCUCPFunction=1,TermPointToAmf=NE1CMM01
 3575  1 (UNLOCKED)  1 (ENABLED)   GNBCUCPFunction=1,TermPointToAmf=NE3AMF01
 3577  1 (UNLOCKED)  1 (ENABLED)   GNBCUCPFunction=1,TermPointToAmf=NE4AMF01
 3579  1 (UNLOCKED)  1 (ENABLED)   GNBCUCPFunction=1,TermPointToAmf=NE4AMF02
 3581  1 (UNLOCKED)  1 (ENABLED)   GNBCUCPFunction=1,TermPointToAmf=PH1AMF01
 3583  1 (UNLOCKED)  1 (ENABLED)   GNBCUCPFunction=1,TermPointToAmf=PH2AMF01
 3585  1 (UNLOCKED)  1 (ENABLED)   GNBCUCPFunction=1,TermPointToAmf=PH2AMF02
 3587  1 (UNLOCKED)  1 (ENABLED)   GNBCUCPFunction=1,TermPointToAmf=PH3AMF01
 3589  1 (UNLOCKED)  1 (ENABLED)   GNBCUCPFunction=1,TermPointToAmf=UP1AMF01
 3591  1 (UNLOCKED)  1 (ENABLED)   GNBCUCPFunction=1,TermPointToAmf=UP2AMF01
 3593  1 (UNLOCKED)  1 (ENABLED)   GNBCUCPFunction=1,TermPointToAmf=UP2AMF02
 3595                1 (ENABLED)   GNBCUCPFunction=1,TermPointToGNBDU=1
 4114                1 (ENABLED)   GNBDUFunction=1,ExtGNBDUPartnerFunction=1,InterMeLink=1
 4115                1 (ENABLED)   GNBDUFunction=1,ExtGNBDUPartnerFunction=1,InterMeLink=2
 4117                1 (ENABLED)   GNBDUFunction=1,ExtGNBDUPartnerFunction=1367775,InterMeLink=1
 4118                1 (ENABLED)   GNBDUFunction=1,ExtGNBDUPartnerFunction=1367775,InterMeLink=2
 4208  1 (UNLOCKED)  1 (ENABLED)   GNBDUFunction=1,TermPointToGNBCUCP=1
===================================================================================
Total: 191 MOs

M2LB3361C> 

M2LB3361C> enm cmedit get *$Node* 

240423-06:00:46-0500 11.143.159.138 24.0c MSRBS_NODE_MODEL_23.Q4_643.28133.125_0bc9 stopfile=/tmp/643994


Not allowed to run from amosbatch.


M2LB3361C> enm cmedit get *$Node* AddressIPv4.(*) -t

240423-06:00:46-0500 11.143.159.138 24.0c MSRBS_NODE_MODEL_23.Q4_643.28133.125_0bc9 stopfile=/tmp/643994


Not allowed to run from amosbatch.


M2LB3361C> 

M2LB3361C> hget AddressIPv4 ^address$

240423-06:00:46-0500 11.143.159.138 24.0c MSRBS_NODE_MODEL_23.Q4_643.28133.125_0bc9 stopfile=/tmp/643994
.
=================================================================================================================
MO                                                         address          
=================================================================================================================
Router=LTE,InterfaceIPv4=LTE,AddressIPv4=1                 42.15.159.154/27 
Router=Node_Internal_F1,InterfaceIPv4=NRCUCP,AddressIPv4=1 169.254.42.42/32 
Router=Node_Internal_F1,InterfaceIPv4=NRDU,AddressIPv4=1   169.254.42.43/32 
Router=vr_OAM,InterfaceIPv4=1,AddressIPv4=1                11.143.159.138/27
Router=vr_TRAFFIC,InterfaceIPv4=1,AddressIPv4=1            42.15.159.138/27 
=================================================================================================================
Total: 5 MOs

Added 5 MOs to group: hget_group

M2LB3361C> 

M2LB3361C> pmxz NRCell PMENDCSETUPUEATT$|PMENDCSETUPUESUCC$ -m 10

240423-06:00:46-0500 11.143.159.138 24.0c MSRBS_NODE_MODEL_23.Q4_643.28133.125_0bc9 stopfile=/tmp/643994
Parsing PM cache: /home/shared/gbadim1/moshell/jarxml/PMCACHE_MSRBS_NODE_MODEL_23.Q4_643.28133.125_0bc9.txt.gz ... Done.

.......................
get /rop/A20240423.0030-0045_M2LB3361C.xml.gz /ericsson/log/amos/moshell_logfiles/gbadim1/logs_moshell/pmfiles/11.143.159.138/rop/A20240423.0030-0045_M2LB3361C.xml.gz ... OK
get /rop/A20240423.0045-0100_M2LB3361C.xml.gz /ericsson/log/amos/moshell_logfiles/gbadim1/logs_moshell/pmfiles/11.143.159.138/rop/A20240423.0045-0100_M2LB3361C.xml.gz ... OK
get /rop/A20240423.0100-0115_M2LB3361C.xml.gz /ericsson/log/amos/moshell_logfiles/gbadim1/logs_moshell/pmfiles/11.143.159.138/rop/A20240423.0100-0115_M2LB3361C.xml.gz ... OK
get /rop/A20240423.0115-0130_M2LB3361C.xml.gz /ericsson/log/amos/moshell_logfiles/gbadim1/logs_moshell/pmfiles/11.143.159.138/rop/A20240423.0115-0130_M2LB3361C.xml.gz ... OK
get /rop/A20240423.0130-0145_M2LB3361C.xml.gz /ericsson/log/amos/moshell_logfiles/gbadim1/logs_moshell/pmfiles/11.143.159.138/rop/A20240423.0130-0145_M2LB3361C.xml.gz ... OK
get /rop/A20240423.0145-0200_M2LB3361C.xml.gz /ericsson/log/amos/moshell_logfiles/gbadim1/logs_moshell/pmfiles/11.143.159.138/rop/A20240423.0145-0200_M2LB3361C.xml.gz ... OK
get /rop/A20240423.0200-0215_M2LB3361C.xml.gz /ericsson/log/amos/moshell_logfiles/gbadim1/logs_moshell/pmfiles/11.143.159.138/rop/A20240423.0200-0215_M2LB3361C.xml.gz ... OK
get /rop/A20240423.0215-0230_M2LB3361C.xml.gz /ericsson/log/amos/moshell_logfiles/gbadim1/logs_moshell/pmfiles/11.143.159.138/rop/A20240423.0215-0230_M2LB3361C.xml.gz ... OK
get /rop/A20240423.0230-0245_M2LB3361C.xml.gz /ericsson/log/amos/moshell_logfiles/gbadim1/logs_moshell/pmfiles/11.143.159.138/rop/A20240423.0230-0245_M2LB3361C.xml.gz ... OK
get /rop/A20240423.0245-0300_M2LB3361C.xml.gz /ericsson/log/amos/moshell_logfiles/gbadim1/logs_moshell/pmfiles/11.143.159.138/rop/A20240423.0245-0300_M2LB3361C.xml.gz ... OK
get /rop/A20240423.0300-0315_M2LB3361C.xml.gz /ericsson/log/amos/moshell_logfiles/gbadim1/logs_moshell/pmfiles/11.143.159.138/rop/A20240423.0300-0315_M2LB3361C.xml.gz ... OK
get /rop/A20240423.0315-0330_M2LB3361C.xml.gz /ericsson/log/amos/moshell_logfiles/gbadim1/logs_moshell/pmfiles/11.143.159.138/rop/A20240423.0315-0330_M2LB3361C.xml.gz ... OK
get /rop/A20240423.0330-0345_M2LB3361C.xml.gz /ericsson/log/amos/moshell_logfiles/gbadim1/logs_moshell/pmfiles/11.143.159.138/rop/A20240423.0330-0345_M2LB3361C.xml.gz ... OK
get /rop/A20240423.0345-0400_M2LB3361C.xml.gz /ericsson/log/amos/moshell_logfiles/gbadim1/logs_moshell/pmfiles/11.143.159.138/rop/A20240423.0345-0400_M2LB3361C.xml.gz ... OK
get /rop/A20240423.0400-0415_M2LB3361C.xml.gz /ericsson/log/amos/moshell_logfiles/gbadim1/logs_moshell/pmfiles/11.143.159.138/rop/A20240423.0400-0415_M2LB3361C.xml.gz ... OK
get /rop/A20240423.0415-0430_M2LB3361C.xml.gz /ericsson/log/amos/moshell_logfiles/gbadim1/logs_moshell/pmfiles/11.143.159.138/rop/A20240423.0415-0430_M2LB3361C.xml.gz ... OK
get /rop/A20240423.0430-0445_M2LB3361C.xml.gz /ericsson/log/amos/moshell_logfiles/gbadim1/logs_moshell/pmfiles/11.143.159.138/rop/A20240423.0430-0445_M2LB3361C.xml.gz ... OK
get /rop/A20240423.0445-0500_M2LB3361C.xml.gz /ericsson/log/amos/moshell_logfiles/gbadim1/logs_moshell/pmfiles/11.143.159.138/rop/A20240423.0445-0500_M2LB3361C.xml.gz ... OK
get /rop/A20240423.0500-0515_M2LB3361C.xml.gz /ericsson/log/amos/moshell_logfiles/gbadim1/logs_moshell/pmfiles/11.143.159.138/rop/A20240423.0500-0515_M2LB3361C.xml.gz ... OK
get /rop/A20240423.0530-0545_M2LB3361C.xml.gz /ericsson/log/amos/moshell_logfiles/gbadim1/logs_moshell/pmfiles/11.143.159.138/rop/A20240423.0530-0545_M2LB3361C.xml.gz ... OK
get /rop/A20240423.0545-0600_M2LB3361C.xml.gz /ericsson/log/amos/moshell_logfiles/gbadim1/logs_moshell/pmfiles/11.143.159.138/rop/A20240423.0545-0600_M2LB3361C.xml.gz ... OK
get /rop/A20240423.0600-0615_M2LB3361C.xml.gz /ericsson/log/amos/moshell_logfiles/gbadim1/logs_moshell/pmfiles/11.143.159.138/rop/A20240423.0600-0615_M2LB3361C.xml.gz ... OK
get /rop/A20240423.0615-0630_M2LB3361C.xml.gz /ericsson/log/amos/moshell_logfiles/gbadim1/logs_moshell/pmfiles/11.143.159.138/rop/A20240423.0615-0630_M2LB3361C.xml.gz ... OK
get /rop/A20240423.0630-0645_M2LB3361C.xml.gz /ericsson/log/amos/moshell_logfiles/gbadim1/logs_moshell/pmfiles/11.143.159.138/rop/A20240423.0630-0645_M2LB3361C.xml.gz ... OK
get /rop/A20240423.0645-0700_M2LB3361C.xml.gz /ericsson/log/amos/moshell_logfiles/gbadim1/logs_moshell/pmfiles/11.143.159.138/rop/A20240423.0645-0700_M2LB3361C.xml.gz ... OK
get /rop/A20240423.0700-0715_M2LB3361C.xml.gz /ericsson/log/amos/moshell_logfiles/gbadim1/logs_moshell/pmfiles/11.143.159.138/rop/A20240423.0700-0715_M2LB3361C.xml.gz ... OK
get /rop/A20240423.0715-0730_M2LB3361C.xml.gz /ericsson/log/amos/moshell_logfiles/gbadim1/logs_moshell/pmfiles/11.143.159.138/rop/A20240423.0715-0730_M2LB3361C.xml.gz ... OK
get /rop/A20240423.0730-0745_M2LB3361C.xml.gz /ericsson/log/amos/moshell_logfiles/gbadim1/logs_moshell/pmfiles/11.143.159.138/rop/A20240423.0730-0745_M2LB3361C.xml.gz ... OK
get /rop/A20240423.0745-0800_M2LB3361C.xml.gz /ericsson/log/amos/moshell_logfiles/gbadim1/logs_moshell/pmfiles/11.143.159.138/rop/A20240423.0745-0800_M2LB3361C.xml.gz ... OK
get /rop/A20240423.0800-0815_M2LB3361C.xml.gz /ericsson/log/amos/moshell_logfiles/gbadim1/logs_moshell/pmfiles/11.143.159.138/rop/A20240423.0800-0815_M2LB3361C.xml.gz ... OK
get /rop/A20240423.0815-0830_M2LB3361C.xml.gz /ericsson/log/amos/moshell_logfiles/gbadim1/logs_moshell/pmfiles/11.143.159.138/rop/A20240423.0815-0830_M2LB3361C.xml.gz ... OK
get /rop/A20240423.0830-0845_M2LB3361C.xml.gz /ericsson/log/amos/moshell_logfiles/gbadim1/logs_moshell/pmfiles/11.143.159.138/rop/A20240423.0830-0845_M2LB3361C.xml.gz ... OK
get /rop/A20240423.0845-0900_M2LB3361C.xml.gz /ericsson/log/amos/moshell_logfiles/gbadim1/logs_moshell/pmfiles/11.143.159.138/rop/A20240423.0845-0900_M2LB3361C.xml.gz ... OK
get /rop/A20240423.0900-0915_M2LB3361C.xml.gz /ericsson/log/amos/moshell_logfiles/gbadim1/logs_moshell/pmfiles/11.143.159.138/rop/A20240423.0900-0915_M2LB3361C.xml.gz ... OK
get /rop/A20240423.0915-0930_M2LB3361C.xml.gz /ericsson/log/amos/moshell_logfiles/gbadim1/logs_moshell/pmfiles/11.143.159.138/rop/A20240423.0915-0930_M2LB3361C.xml.gz ... OK
get /rop/A20240423.0930-0945_M2LB3361C.xml.gz /ericsson/log/amos/moshell_logfiles/gbadim1/logs_moshell/pmfiles/11.143.159.138/rop/A20240423.0930-0945_M2LB3361C.xml.gz ... OK
get /rop/A20240423.0945-1000_M2LB3361C.xml.gz /ericsson/log/amos/moshell_logfiles/gbadim1/logs_moshell/pmfiles/11.143.159.138/rop/A20240423.0945-1000_M2LB3361C.xml.gz ... OK
get /rop/A20240423.1000-1015_M2LB3361C.xml.gz /ericsson/log/amos/moshell_logfiles/gbadim1/logs_moshell/pmfiles/11.143.159.138/rop/A20240423.1000-1015_M2LB3361C.xml.gz ... OK
get /rop/A20240423.1015-1030_M2LB3361C.xml.gz /ericsson/log/amos/moshell_logfiles/gbadim1/logs_moshell/pmfiles/11.143.159.138/rop/A20240423.1015-1030_M2LB3361C.xml.gz ... OK
get /rop/A20240423.1030-1045_M2LB3361C.xml.gz /ericsson/log/amos/moshell_logfiles/gbadim1/logs_moshell/pmfiles/11.143.159.138/rop/A20240423.1030-1045_M2LB3361C.xml.gz ... OK
get /rop/A20240423.1045-1100_M2LB3361C.xml.gz /ericsson/log/amos/moshell_logfiles/gbadim1/logs_moshell/pmfiles/11.143.159.138/rop/A20240423.1045-1100_M2LB3361C.xml.gz ... OK

(gzip -dc /ericsson/log/amos/moshell_logfiles/gbadim1/logs_moshell/pmfiles/11.143.159.138/rop/A20240423.0100-0115_M2LB3361C.xml.gz /ericsson/log/amos/moshell_logfiles/gbadim1/logs_moshell/pmfiles/11.143.159.138/rop/A20240423.0115-0130_M2LB3361C.xml.gz /ericsson/log/amos/moshell_logfiles/gbadim1/logs_moshell/pmfiles/11.143.159.138/rop/A20240423.0130-0145_M2LB3361C.xml.gz /ericsson/log/amos/moshell_logfiles/gbadim1/logs_moshell/pmfiles/11.143.159.138/rop/A20240423.0145-0200_M2LB3361C.xml.gz /ericsson/log/amos/moshell_logfiles/gbadim1/logs_moshell/pmfiles/11.143.159.138/rop/A20240423.0200-0215_M2LB3361C.xml.gz /ericsson/log/amos/moshell_logfiles/gbadim1/logs_moshell/pmfiles/11.143.159.138/rop/A20240423.0215-0230_M2LB3361C.xml.gz /ericsson/log/amos/moshell_logfiles/gbadim1/logs_moshell/pmfiles/11.143.159.138/rop/A20240423.0230-0245_M2LB3361C.xml.gz /ericsson/log/amos/moshell_logfiles/gbadim1/logs_moshell/pmfiles/11.143.159.138/rop/A20240423.0245-0300_M2LB3361C.xml.gz /ericsson/log/amos/moshell_logfiles/gbadim1/logs_moshell/pmfiles/11.143.159.138/rop/A20240423.0300-0315_M2LB3361C.xml.gz /ericsson/log/amos/moshell_logfiles/gbadim1/logs_moshell/pmfiles/11.143.159.138/rop/A20240423.0315-0330_M2LB3361C.xml.gz /ericsson/log/amos/moshell_logfiles/gbadim1/logs_moshell/pmfiles/11.143.159.138/rop/A20240423.0330-0345_M2LB3361C.xml.gz /ericsson/log/amos/moshell_logfiles/gbadim1/logs_moshell/pmfiles/11.143.159.138/rop/A20240423.0345-0400_M2LB3361C.xml.gz /ericsson/log/amos/moshell_logfiles/gbadim1/logs_moshell/pmfiles/11.143.159.138/rop/A20240423.0400-0415_M2LB3361C.xml.gz /ericsson/log/amos/moshell_logfiles/gbadim1/logs_moshell/pmfiles/11.143.159.138/rop/A20240423.0415-0430_M2LB3361C.xml.gz /ericsson/log/amos/moshell_logfiles/gbadim1/logs_moshell/pmfiles/11.143.159.138/rop/A20240423.0430-0445_M2LB3361C.xml.gz /ericsson/log/amos/moshell_logfiles/gbadim1/logs_moshell/pmfiles/11.143.159.138/rop/A20240423.0445-0500_M2LB3361C.xml.gz /ericsson/log/amos/moshell_logfiles/gbadim1/logs_moshell/pmfiles/11.143.159.138/rop/A20240423.0500-0515_M2LB3361C.xml.gz /ericsson/log/amos/moshell_logfiles/gbadim1/logs_moshell/pmfiles/11.143.159.138/rop/A20240423.0530-0545_M2LB3361C.xml.gz /ericsson/log/amos/moshell_logfiles/gbadim1/logs_moshell/pmfiles/11.143.159.138/rop/A20240423.0545-0600_M2LB3361C.xml.gz /ericsson/log/amos/moshell_logfiles/gbadim1/logs_moshell/pmfiles/11.143.159.138/rop/A20240423.0600-0615_M2LB3361C.xml.gz /ericsson/log/amos/moshell_logfiles/gbadim1/logs_moshell/pmfiles/11.143.159.138/rop/A20240423.0615-0630_M2LB3361C.xml.gz /ericsson/log/amos/moshell_logfiles/gbadim1/logs_moshell/pmfiles/11.143.159.138/rop/A20240423.0630-0645_M2LB3361C.xml.gz /ericsson/log/amos/moshell_logfiles/gbadim1/logs_moshell/pmfiles/11.143.159.138/rop/A20240423.0645-0700_M2LB3361C.xml.gz /ericsson/log/amos/moshell_logfiles/gbadim1/logs_moshell/pmfiles/11.143.159.138/rop/A20240423.0700-0715_M2LB3361C.xml.gz /ericsson/log/amos/moshell_logfiles/gbadim1/logs_moshell/pmfiles/11.143.159.138/rop/A20240423.0715-0730_M2LB3361C.xml.gz /ericsson/log/amos/moshell_logfiles/gbadim1/logs_moshell/pmfiles/11.143.159.138/rop/A20240423.0730-0745_M2LB3361C.xml.gz /ericsson/log/amos/moshell_logfiles/gbadim1/logs_moshell/pmfiles/11.143.159.138/rop/A20240423.0745-0800_M2LB3361C.xml.gz /ericsson/log/amos/moshell_logfiles/gbadim1/logs_moshell/pmfiles/11.143.159.138/rop/A20240423.0800-0815_M2LB3361C.xml.gz /ericsson/log/amos/moshell_logfiles/gbadim1/logs_moshell/pmfiles/11.143.159.138/rop/A20240423.0815-0830_M2LB3361C.xml.gz /ericsson/log/amos/moshell_logfiles/gbadim1/logs_moshell/pmfiles/11.143.159.138/rop/A20240423.0830-0845_M2LB3361C.xml.gz /ericsson/log/amos/moshell_logfiles/gbadim1/logs_moshell/pmfiles/11.143.159.138/rop/A20240423.0845-0900_M2LB3361C.xml.gz /ericsson/log/amos/moshell_logfiles/gbadim1/logs_moshell/pmfiles/11.143.159.138/rop/A20240423.0900-0915_M2LB3361C.xml.gz /ericsson/log/amos/moshell_logfiles/gbadim1/logs_moshell/pmfiles/11.143.159.138/rop/A20240423.0915-0930_M2LB3361C.xml.gz /ericsson/log/amos/moshell_logfiles/gbadim1/logs_moshell/pmfiles/11.143.159.138/rop/A20240423.0930-0945_M2LB3361C.xml.gz /ericsson/log/amos/moshell_logfiles/gbadim1/logs_moshell/pmfiles/11.143.159.138/rop/A20240423.0945-1000_M2LB3361C.xml.gz /ericsson/log/amos/moshell_logfiles/gbadim1/logs_moshell/pmfiles/11.143.159.138/rop/A20240423.1000-1015_M2LB3361C.xml.gz /ericsson/log/amos/moshell_logfiles/gbadim1/logs_moshell/pmfiles/11.143.159.138/rop/A20240423.1015-1030_M2LB3361C.xml.gz /ericsson/log/amos/moshell_logfiles/gbadim1/logs_moshell/pmfiles/11.143.159.138/rop/A20240423.1030-1045_M2LB3361C.xml.gz /ericsson/log/amos/moshell_logfiles/gbadim1/logs_moshell/pmfiles/11.143.159.138/rop/A20240423.1045-1100_M2LB3361C.xml.gz | LANG=C LC_ALL=C /opt/ericsson/amos/moshell/gawk -vusergawk="LANG=C LC_ALL=C /opt/ericsson/amos/moshell/gawk" -f /opt/ericsson/amos/moshell/commonjars/pmExtract.awk  "nrcell" "PMENDCSETUPUEATT$|PMENDCSETUPUESUCC$"   | sort | uniq | /usr/bin/perl /opt/ericsson/amos/moshell/pmXtab -q -pval 0 -mom /var/tmp/20240423-060001_643482/pmxmomLog643994  -cols time -fmt txt -m "[M]anagedElement=[^,]+,(?:\w+=1,){0,1}((\w+=[^,]+,*)+$)"  )2>&1 | tee -a /ericsson/log/amos/moshell_logfiles/gbadim1/logs_moshell/sessionlog/240423-060008_M2LB3361C.log

Report from 2024-04-23 01:00 UTC to 2024-04-23 10:59 UTC (39 ropfiles)
Node SW: CXP9024418/15_R85C47 (23.Q4.0-3)

Date: 2024-04-22, 2024-04-23
Object               Counter            20:00  20:15  20:30  20:45  21:00  21:15  21:30  21:45  22:00  22:15  22:30  22:45  23:00  23:15  23:30  23:45  00:00  00:30  00:45  01:00  01:15  01:30  01:45  02:00  02:15  02:30  02:45  03:00  03:15  03:30  03:45  04:00  04:15  04:30  04:45  05:00  05:15  05:30  05:45
NRCellCU=K2LB3361C11 pmEndcSetupUeAtt      25     11     44     51     38     32     48     33     40     48     42     25      0      0      0      0      0      0      0      0      0      0      0      0      0     43      4      3      2      4      8      7      2      3      2      7      8      8     11
NRCellCU=K2LB3361C11 pmEndcSetupUeSucc     25     11     44     51     38     32     48     33     40     48     42     23      0      0      0      0      0      0      0      0      0      0      0      0      0     40      4      3      2      4      8      7      2      3      2      5      7      8     11
NRCellCU=K2LB3361C21 pmEndcSetupUeAtt      13     11      9     16      7      3      4     15      7     20     10      4      0      0      0      0      0      0      0      0      0      0      0      0      0     18      2      5      0      1      2      3      3      6     11     14     14     18     26
NRCellCU=K2LB3361C21 pmEndcSetupUeSucc     13     11      9     16      7      3      4     15      7     20     10      4      0      0      0      0      0      0      0      0      0      0      0      0      0     18      2      5      0      1      2      3      3      6     11     14     14     18     26
NRCellCU=K2LB3361C31 pmEndcSetupUeAtt      26     31     13     73     90     70     91     90     68     45     62      1      0      0      0      0      0      0      0      0      0      0      0      0      0      8     74     13      3      5      3     80    116     15     38     10     18     19     35
NRCellCU=K2LB3361C31 pmEndcSetupUeSucc     26     31     13     73     90     70     91     90     68     45     62      1      0      0      0      0      0      0      0      0      0      0      0      0      0      8     74     13      3      5      3     80    116     15     38     10     18     19     35


M2LB3361C> ue print -admitted
Checking available boards on node...

Collecting RCS board data ...
.....................................................................
.
.....
240423-06:01:49-0500 11.143.159.138 24.0c MSRBS_NODE_MODEL_23.Q4_643.28133.125_0bc9 stopfile=/tmp/643994
coli>/lrat/ue print -admitted
CellId  #UE:s  #Bearers  
   4       6       12
   5      12       19
   6       9       19
coli>/rc/nrat/ue print -admitted
NrNrDc: uehId:4 ues:0
NrNrDc: uehId:5 ues:0
NrNrDc: uehId:6 ues:0
NrNrDc: uehId:7 ues:0
NrEnDc: uehId:4 ues:4
NrEnDc: uehId:5 ues:1
NrEnDc: uehId:6 ues:3
NrEnDc: uehId:7 ues:2
Nr: uehId:4 ues:2
Nr: uehId:5 ues:0
Nr: uehId:6 ues:0
Nr: uehId:7 ues:0
coli>/rpc/nrat/ue print -admitted
uehId:6 ues:0
uehId:7 ues:6
uehId:8 ues:1
uehId:9 ues:2
uehId:10 ues:2
coli>

M2LB3361C> 

M2LB3361C> ############################################################################################

M2LB3361C> #		 Post Script CV and unset of all variables - This is modifiable to your needs      #

M2LB3361C> ############################################################################################

M2LB3361C> 

M2LB3361C> 

M2LB3361C> l-

Log close: /ericsson/log/amos/moshell_logfiles/gbadim1/logs_moshell/sessionlog/240423-060008_M2LB3361C.log

M2LB3361C> confb-

M2LB3361C> gs-

Perform a get before set = disabled

M2LB3361C> 

M2LB3361C> 

M2LB3361C> #cvms post_$jobname_$date

M2LB3361C> 

M2LB3361C> #Keep the unset all after the cv so the variables can be used

M2LB3361C> unset all 

M2LB3361C> 

M2LB3361C> #cmedit set NetworkElement=M7BAN764A,ComConnectivityInformation=1 ipAddress=11.242.0.98#
Bye...
Output has been logged to file /home/shared/common/Overnight_Work/Rehomes/Postchecks/M2LB3361C.log
