Logging to file /home/shared/common/Overnight_Work/Rehomes/Postchecks/M2LB3361C2.log
                        __  __  ____   _____
                  /\   |  \/  |/ __ \ / ____|
                 /  \  | \  / | |  | | (___  
                / /\ \ | |\/| | |  | |\___ \ 
               / ____ \| |  | | |__| |____) |
              /_/    \_\_|  |_|\____/|_____/
              OSS Framework for MoShell-24.0c 
  Copyright (c) Ericsson AB 2001-2024 - All Rights Reserved
              
           
$amosrb_pid = 644680

Checking ip contact...OK

HELP MENU            : h
BASIC MO COMMANDS    : m
OTHER MO COMMANDS    : n
OTHER COMMANDS       : o
PM COMMANDS          : p
QUIT                 : q

M2LB3361C2> ############################################################################################

M2LB3361C2> #				Script Foundation - Leave this for all scripts							   #

M2LB3361C2> ############################################################################################

M2LB3361C2> 

M2LB3361C2> confb+

M2LB3361C2> gs+

Perform a get before set = enabled

M2LB3361C2> unset all

M2LB3361C2> l+

Logging to file: /ericsson/log/amos/moshell_logfiles/gbadim1/logs_moshell/sessionlog/240423-060008_M2LB3361C2.log

M2LB3361C2> 

M2LB3361C2> alt

240423-06:00:08-0500 11.143.159.139 24.0c  stopfile=/tmp/643985
Looking up temporary_amos account... OK.
Trying temporary_amos_gbadim1_291's password from amos lookupAccount ... OK

$ssh_pid = 646218

Connected to 11.143.159.139 (SubNetwork=ONRM_ROOT_MO,SubNetwork=Philadelphia,MeContext=M2LB3361C2,ManagedElement=M2LB3361C2)

Checking MOM version...MSRBS_NODE_MODEL_23.Q4_643.28133.125_0bc9
Parsing MOM (cached): /var/tmp/20240423-060001_643493/MSRBS_NODE_MODEL_23.Q4_643.28133.125_0bc9.xml.cache.gz ...........................................................................................................................................................................................................Done.
Using paramfile /opt/ericsson/amos/moshell/commonjars/pm/PARAM_MSRBS_23.Q4.txt
Parsing file /opt/ericsson/amos/moshell/commonjars/pm/PARAM_MSRBS_23.Q4.txt ...................................................................................Done.
Using imomdfile /opt/ericsson/amos/moshell/commonjars/pm/IMOMD_MSRBS_22.Q4.txt
Using imomfile /opt/ericsson/amos/moshell/commonjars/pm/IMOM_MSRBS_23.Q4.txt

Collecting Alarms...

====================================================================================================================
Date & Time (UTC)   S Specific Problem                    MO (AdditionalText/PC, AI)
====================================================================================================================
>>> Total: 0 Alarms (0 Critical, 0 Major)

M2LB3361C2> 

M2LB3361C2> uv sls_username > $user

sls_username              = gbadim1

$user = gbadim1

M2LB3361C2> $date = `date +%y%m%d-%H%M`

$date = 240423-0600

M2LB3361C2> $Node = `echo "$nodename" | cut -c 2-9`

$Node = 2LB3361C

M2LB3361C2> $L21 = L

$L21 = L

M2LB3361C2> $L19 = B

$L19 = B

M2LB3361C2> $L7 = D

$L7 = D

M2LB3361C2> $L6 = E

$L6 = E

M2LB3361C2> $N6 = K

$N6 = K

M2LB3361C2> $N25 = A

$N25 = A

M2LB3361C2> $L25 = T

$L25 = T

M2LB3361C2> $N19 = J

$N19 = J

M2LB3361C2> $N71 = K

$N71 = K

M2LB3361C2> $2C = .*2$

$2C = .*2$

M2LB3361C2> $1C = .*1$

$1C = .*1$

M2LB3361C2> $allcell = TDD|FDD|NRCellDU|Nbiot

$allcell = TDD|FDD|NRCellDU|Nbiot

M2LB3361C2> $FDD = EUtranCellFDD=

$FDD = EUtranCellFDD=

M2LB3361C2> $TDD = EUtranCellTDD=

$TDD = EUtranCellTDD=

M2LB3361C2> $NRCell = NRCellDU=

$NRCell = NRCellDU=

M2LB3361C2> $NRSec25 = NRSectorCarrier=25-

$NRSec25 = NRSectorCarrier=25-

M2LB3361C2> $NRSec6 = NRSectorCarrier=6-

$NRSec6 = NRSectorCarrier=6-

M2LB3361C2> $NRSec19 = NRSectorCarrier=19-

$NRSec19 = NRSectorCarrier=19-

M2LB3361C2> $LTESec = SectorEquipmentFunction=

$LTESec = SectorEquipmentFunction=

M2LB3361C2> 

M2LB3361C2> ############################################################################################

M2LB3361C2> #		Change JobName and any parameter that needs changing case by case basis    		   #

M2LB3361C2> ############################################################################################

M2LB3361C2> # 		PUT A # SIGN IN FRONT OF ANYTHING YOU DONT WANT TO USE ON THIS SCRIPT  			   #   

M2LB3361C2> ############################################################################################

M2LB3361C2>       

M2LB3361C2> #$arfcnDL = 507708

M2LB3361C2> #$jobname = Retune_Prechecks

M2LB3361C2> 

M2LB3361C2> ############################################################################################

M2LB3361C2> #				Script Specifics - This is modifiable to your needs						   #

M2LB3361C2> ############################################################################################

M2LB3361C2> #	   FOR SETM COMMANDS YOU HAVE TO REMOVE THE GS+ AND GS- from the script                #

M2LB3361C2> ############################################################################################

M2LB3361C2> ###############################

M2LB3361C2> #### PRECHECK / LOCK / CV #####

M2LB3361C2> ###############################

M2LB3361C2> 

M2LB3361C2> 

M2LB3361C2> lt all

240423-06:00:18-0500 11.143.159.139 24.0c MSRBS_NODE_MODEL_23.Q4_643.28133.125_0bc9 stopfile=/tmp/643985
Connected to 11.143.159.139 (SubNetwork=ONRM_ROOT_MO,SubNetwork=Philadelphia,MeContext=M2LB3361C2,ManagedElement=M2LB3361C2)

Last MO: 23232. Loaded 23232 MOs. Total: 23233 MOs.

M2LB3361C2> pr vlanport=

240423-06:00:26-0500 11.143.159.139 24.0c MSRBS_NODE_MODEL_23.Q4_643.28133.125_0bc9 stopfile=/tmp/643985
===================================================================================
Proxy  MO
===================================================================================
23228  Transport=1,VlanPort=1051
23229  Transport=1,VlanPort=3051
23230  Transport=1,VlanPort=4001
23231  Transport=1,VlanPort=4050
23232  Transport=1,VlanPort=ERAN_NR
===================================================================================
Total: 5 MOs

M2LB3361C2> get address address

240423-06:00:26-0500 11.143.159.139 24.0c MSRBS_NODE_MODEL_23.Q4_643.28133.125_0bc9 stopfile=/tmp/643985
=================================================================================================================
MO                                                      Attribute         Value
=================================================================================================================
Router=LTE,InterfaceIPv4=1,AddressIPv4=1                address           42.15.159.155/27
Router=LTE,InterfaceIPv4=1,AddressIPv4=1                addressIPv4Id     1
Router=LTE,InterfaceIPv4=1,AddressIPv4=1                primaryAddress    true
Router=LTE,InterfaceIPv4=1,AddressIPv4=1                usedAddress       42.15.159.155/27
Router=Node_Internal_F1,InterfaceIPv4=NRCUCP,AddressIPv4=1 address           169.254.42.42/32
Router=Node_Internal_F1,InterfaceIPv4=NRCUCP,AddressIPv4=1 addressIPv4Id     1
Router=Node_Internal_F1,InterfaceIPv4=NRCUCP,AddressIPv4=1 primaryAddress    true
Router=Node_Internal_F1,InterfaceIPv4=NRCUCP,AddressIPv4=1 usedAddress       169.254.42.42/32
Router=Node_Internal_F1,InterfaceIPv4=NRDU,AddressIPv4=1 address           169.254.42.43/32
Router=Node_Internal_F1,InterfaceIPv4=NRDU,AddressIPv4=1 addressIPv4Id     1
Router=Node_Internal_F1,InterfaceIPv4=NRDU,AddressIPv4=1 primaryAddress    true
Router=Node_Internal_F1,InterfaceIPv4=NRDU,AddressIPv4=1 usedAddress       169.254.42.43/32
Router=vr_OAM,InterfaceIPv4=1,AddressIPv4=1             address           11.143.159.139/27
Router=vr_OAM,InterfaceIPv4=1,AddressIPv4=1             addressIPv4Id     1
Router=vr_OAM,InterfaceIPv4=1,AddressIPv4=1             primaryAddress    true
Router=vr_OAM,InterfaceIPv4=1,AddressIPv4=1             usedAddress       11.143.159.139/27
Router=vr_TRAFFIC,InterfaceIPv4=1,AddressIPv4=1         address           42.15.159.139/27
Router=vr_TRAFFIC,InterfaceIPv4=1,AddressIPv4=1         addressIPv4Id     1
Router=vr_TRAFFIC,InterfaceIPv4=1,AddressIPv4=1         primaryAddress    true
Router=vr_TRAFFIC,InterfaceIPv4=1,AddressIPv4=1         usedAddress       42.15.159.139/27
=================================================================================================================
Total: 5 MOs


M2LB3361C2> st FDD|TDD|NRCellDU|NbIot

240423-06:00:26-0500 11.143.159.139 24.0c MSRBS_NODE_MODEL_23.Q4_643.28133.125_0bc9 stopfile=/tmp/643985
===================================================================================
Proxy  Adm State     Op. State     MO
===================================================================================
   44  0 (LOCKED)    0 (DISABLED)  ENodeBFunction=1,EUtranCellTDD=T2LB3361C11
  136  0 (LOCKED)    0 (DISABLED)  ENodeBFunction=1,EUtranCellTDD=T2LB3361C12
  227  0 (LOCKED)    0 (DISABLED)  ENodeBFunction=1,EUtranCellTDD=T2LB3361C21
  319  0 (LOCKED)    0 (DISABLED)  ENodeBFunction=1,EUtranCellTDD=T2LB3361C22
  410  0 (LOCKED)    0 (DISABLED)  ENodeBFunction=1,EUtranCellTDD=T2LB3361C31
  502  0 (LOCKED)    0 (DISABLED)  ENodeBFunction=1,EUtranCellTDD=T2LB3361C32
 4130  1 (UNLOCKED)  1 (ENABLED)   GNBDUFunction=1,NRCellDU=A2LB3361C11
 4133  1 (UNLOCKED)  1 (ENABLED)   GNBDUFunction=1,NRCellDU=A2LB3361C12
 4136  1 (UNLOCKED)  1 (ENABLED)   GNBDUFunction=1,NRCellDU=A2LB3361C21
 4139  1 (UNLOCKED)  1 (ENABLED)   GNBDUFunction=1,NRCellDU=A2LB3361C22
 4142  1 (UNLOCKED)  1 (ENABLED)   GNBDUFunction=1,NRCellDU=A2LB3361C31
 4145  1 (UNLOCKED)  1 (ENABLED)   GNBDUFunction=1,NRCellDU=A2LB3361C32
 4737  1 (UNLOCKED)                SystemFunctions=1,HealthCheckM=1,HcRule=ENodeBFunction_CheckNbiotCllRssiNpuschReadings
 4738  1 (UNLOCKED)                SystemFunctions=1,HealthCheckM=1,HcRule=ENodeBFunction_CheckNbiotCllSinrNpuschReadings
 4739  1 (UNLOCKED)                SystemFunctions=1,HealthCheckM=1,HcRule=ENodeBFunction_CheckNbiotCllStatus
===================================================================================
Total: 15 MOs

M2LB3361C2> 

M2LB3361C2> st termpointtognb=1

240423-06:00:27-0500 11.143.159.139 24.0c MSRBS_NODE_MODEL_23.Q4_643.28133.125_0bc9 stopfile=/tmp/643985
===================================================================================
Proxy  Adm State     Op. State     MO
===================================================================================
===================================================================================
Total: 0 MOs

M2LB3361C2> get ^GNB.*=1 gNBId$

240423-06:00:27-0500 11.143.159.139 24.0c MSRBS_NODE_MODEL_23.Q4_643.28133.125_0bc9 stopfile=/tmp/643985
=================================================================================================================
MO                                                      Attribute         Value
=================================================================================================================
GNBCUCPFunction=1                                       gNBId             1352453
GNBCUUPFunction=1                                       gNBId             1352453
GNBDUFunction=1                                         gNBId             1352453
=================================================================================================================
Total: 3 MOs


M2LB3361C2> get FUnction=1 nbid$

240423-06:00:28-0500 11.143.159.139 24.0c MSRBS_NODE_MODEL_23.Q4_643.28133.125_0bc9 stopfile=/tmp/643985
=================================================================================================================
MO                                                      Attribute         Value
=================================================================================================================
ENodeBFunction=1                                        eNBId             331993
GNBCUCPFunction=1                                       gNBId             1352453
GNBCUUPFunction=1                                       gNBId             1352453
GNBDUFunction=1                                         gNBId             1352453
ExtGNBDUPartnerFunction=1                               gNBId             1319456
ExtGNBDUPartnerFunction=1367775                         gNBId             1367775
=================================================================================================================
Total: 6 MOs


M2LB3361C2> st term

240423-06:00:28-0500 11.143.159.139 24.0c MSRBS_NODE_MODEL_23.Q4_643.28133.125_0bc9 stopfile=/tmp/643985
===================================================================================
Proxy  Adm State     Op. State     MO
===================================================================================
  606  1 (UNLOCKED)  1 (ENABLED)   ENodeBFunction=1,EUtraNetwork=1,ExternalENodeBFunction=310260-149829,TermPointToENB=310260-149829
  618  1 (UNLOCKED)  1 (ENABLED)   ENodeBFunction=1,EUtraNetwork=1,ExternalENodeBFunction=310260-49860,TermPointToENB=310260-49860
  762  1 (UNLOCKED)  1 (ENABLED)   ENodeBFunction=1,TermPointToMme=DC1vMME1
  763  1 (UNLOCKED)  1 (ENABLED)   ENodeBFunction=1,TermPointToMme=DC1vMME2
  764  1 (UNLOCKED)  1 (ENABLED)   ENodeBFunction=1,TermPointToMme=DC2vMME1
  765  1 (UNLOCKED)  1 (ENABLED)   ENodeBFunction=1,TermPointToMme=NE1CMM01
  766  1 (UNLOCKED)  1 (ENABLED)   ENodeBFunction=1,TermPointToMme=NE1vMME1
  767  1 (UNLOCKED)  1 (ENABLED)   ENodeBFunction=1,TermPointToMme=NE1vMME2
  768  1 (UNLOCKED)  1 (ENABLED)   ENodeBFunction=1,TermPointToMme=NE4vMME1
  769  1 (UNLOCKED)  1 (ENABLED)   ENodeBFunction=1,TermPointToMme=PH2vMME1
  770  1 (UNLOCKED)  1 (ENABLED)   ENodeBFunction=1,TermPointToMme=PH3nMME1
  771  1 (UNLOCKED)  0 (DISABLED)  ENodeBFunction=1,TermPointToMme=PH3vMME1
  772  1 (UNLOCKED)  1 (ENABLED)   ENodeBFunction=1,TermPointToMme=UP1vMME1
  773  1 (UNLOCKED)  1 (ENABLED)   ENodeBFunction=1,TermPointToMme=UP2nMME1
  774  1 (UNLOCKED)  1 (ENABLED)   ENodeBFunction=1,TermPointToMme=UP2vMME1
 1085  1 (UNLOCKED)  1 (ENABLED)   GNBCUCPFunction=1,EUtraNetwork=1,ExternalENodeBFunction=310260-52252,TermPointToENodeB=auto1
 1091  1 (UNLOCKED)  1 (ENABLED)   GNBCUCPFunction=1,EUtraNetwork=1,ExternalENodeBFunction=310260-55282,TermPointToENodeB=auto1
 1102  1 (UNLOCKED)  1 (ENABLED)   GNBCUCPFunction=1,EUtraNetwork=1,ExternalENodeBFunction=auto310_260_3_149829,TermPointToENodeB=auto1
 1104  0 (LOCKED)    0 (DISABLED)  GNBCUCPFunction=1,EUtraNetwork=1,ExternalENodeBFunction=auto310_260_3_219495,TermPointToENodeB=auto1
 1109  0 (LOCKED)    0 (DISABLED)  GNBCUCPFunction=1,EUtraNetwork=1,ExternalENodeBFunction=auto310_260_3_310811,TermPointToENodeB=auto1
 1121  1 (UNLOCKED)  1 (ENABLED)   GNBCUCPFunction=1,EUtraNetwork=1,ExternalENodeBFunction=auto310_260_3_310845,TermPointToENodeB=auto1
 1124  1 (UNLOCKED)  1 (ENABLED)   GNBCUCPFunction=1,EUtraNetwork=1,ExternalENodeBFunction=auto310_260_3_310879,TermPointToENodeB=auto1
 1126  0 (LOCKED)    0 (DISABLED)  GNBCUCPFunction=1,EUtraNetwork=1,ExternalENodeBFunction=auto310_260_3_310884,TermPointToENodeB=auto1
 1128  1 (UNLOCKED)  1 (ENABLED)   GNBCUCPFunction=1,EUtraNetwork=1,ExternalENodeBFunction=auto310_260_3_310892,TermPointToENodeB=auto1
 1133  1 (UNLOCKED)  1 (ENABLED)   GNBCUCPFunction=1,EUtraNetwork=1,ExternalENodeBFunction=auto310_260_3_310900,TermPointToENodeB=auto1
 1135  1 (UNLOCKED)  1 (ENABLED)   GNBCUCPFunction=1,EUtraNetwork=1,ExternalENodeBFunction=auto310_260_3_315334,TermPointToENodeB=auto1
 1139  1 (UNLOCKED)  1 (ENABLED)   GNBCUCPFunction=1,EUtraNetwork=1,ExternalENodeBFunction=auto310_260_3_326663,TermPointToENodeB=auto1
 1141  0 (LOCKED)    0 (DISABLED)  GNBCUCPFunction=1,EUtraNetwork=1,ExternalENodeBFunction=auto310_260_3_326665,TermPointToENodeB=auto1
 1143  0 (LOCKED)    0 (DISABLED)  GNBCUCPFunction=1,EUtraNetwork=1,ExternalENodeBFunction=auto310_260_3_343734,TermPointToENodeB=auto1
 1145  0 (LOCKED)    0 (DISABLED)  GNBCUCPFunction=1,EUtraNetwork=1,ExternalENodeBFunction=auto310_260_3_43538,TermPointToENodeB=auto1
 1147  1 (UNLOCKED)  1 (ENABLED)   GNBCUCPFunction=1,EUtraNetwork=1,ExternalENodeBFunction=auto310_260_3_435800,TermPointToENodeB=auto1
 1149  0 (LOCKED)    0 (DISABLED)  GNBCUCPFunction=1,EUtraNetwork=1,ExternalENodeBFunction=auto310_260_3_46327,TermPointToENodeB=auto1
 1151  0 (LOCKED)    0 (DISABLED)  GNBCUCPFunction=1,EUtraNetwork=1,ExternalENodeBFunction=auto310_260_3_46654,TermPointToENodeB=auto1
 1153  0 (LOCKED)    0 (DISABLED)  GNBCUCPFunction=1,EUtraNetwork=1,ExternalENodeBFunction=auto310_260_3_46656,TermPointToENodeB=auto1
 1155  0 (LOCKED)    0 (DISABLED)  GNBCUCPFunction=1,EUtraNetwork=1,ExternalENodeBFunction=auto310_260_3_46657,TermPointToENodeB=auto1
 1157  0 (LOCKED)    0 (DISABLED)  GNBCUCPFunction=1,EUtraNetwork=1,ExternalENodeBFunction=auto310_260_3_46721,TermPointToENodeB=auto1
 1162  0 (LOCKED)    0 (DISABLED)  GNBCUCPFunction=1,EUtraNetwork=1,ExternalENodeBFunction=auto310_260_3_49477,TermPointToENodeB=auto1
 1164  0 (LOCKED)    0 (DISABLED)  GNBCUCPFunction=1,EUtraNetwork=1,ExternalENodeBFunction=auto310_260_3_49481,TermPointToENodeB=auto1
 1166  0 (LOCKED)    0 (DISABLED)  GNBCUCPFunction=1,EUtraNetwork=1,ExternalENodeBFunction=auto310_260_3_49820,TermPointToENodeB=auto1
 1170  1 (UNLOCKED)  1 (ENABLED)   GNBCUCPFunction=1,EUtraNetwork=1,ExternalENodeBFunction=auto310_260_3_49825,TermPointToENodeB=auto1
 1174  1 (UNLOCKED)  1 (ENABLED)   GNBCUCPFunction=1,EUtraNetwork=1,ExternalENodeBFunction=auto310_260_3_49859,TermPointToENodeB=auto1
 1182  1 (UNLOCKED)  1 (ENABLED)   GNBCUCPFunction=1,EUtraNetwork=1,ExternalENodeBFunction=auto310_260_3_49860,TermPointToENodeB=auto1
 1188  1 (UNLOCKED)  1 (ENABLED)   GNBCUCPFunction=1,EUtraNetwork=1,ExternalENodeBFunction=auto310_260_3_50235,TermPointToENodeB=auto1
 1190  0 (LOCKED)    0 (DISABLED)  GNBCUCPFunction=1,EUtraNetwork=1,ExternalENodeBFunction=auto310_260_3_50236,TermPointToENodeB=auto1
 1196  1 (UNLOCKED)  1 (ENABLED)   GNBCUCPFunction=1,EUtraNetwork=1,ExternalENodeBFunction=auto310_260_3_50350,TermPointToENodeB=auto1
 1198  0 (LOCKED)    0 (DISABLED)  GNBCUCPFunction=1,EUtraNetwork=1,ExternalENodeBFunction=auto310_260_3_50358,TermPointToENodeB=auto1
 1200  0 (LOCKED)    0 (DISABLED)  GNBCUCPFunction=1,EUtraNetwork=1,ExternalENodeBFunction=auto310_260_3_50368,TermPointToENodeB=auto1
 1202  0 (LOCKED)    0 (DISABLED)  GNBCUCPFunction=1,EUtraNetwork=1,ExternalENodeBFunction=auto310_260_3_50785,TermPointToENodeB=auto1
 1205  0 (LOCKED)    0 (DISABLED)  GNBCUCPFunction=1,EUtraNetwork=1,ExternalENodeBFunction=auto310_260_3_51011,TermPointToENodeB=auto1
 1209  1 (UNLOCKED)  1 (ENABLED)   GNBCUCPFunction=1,EUtraNetwork=1,ExternalENodeBFunction=auto310_260_3_51178,TermPointToENodeB=auto1
 1211  0 (LOCKED)    0 (DISABLED)  GNBCUCPFunction=1,EUtraNetwork=1,ExternalENodeBFunction=auto310_260_3_51458,TermPointToENodeB=auto1
 1217  1 (UNLOCKED)  1 (ENABLED)   GNBCUCPFunction=1,EUtraNetwork=1,ExternalENodeBFunction=auto310_260_3_51485,TermPointToENodeB=auto1
 1219  1 (UNLOCKED)  1 (ENABLED)   GNBCUCPFunction=1,EUtraNetwork=1,ExternalENodeBFunction=auto310_260_3_52178,TermPointToENodeB=auto1
 1225  1 (UNLOCKED)  1 (ENABLED)   GNBCUCPFunction=1,EUtraNetwork=1,ExternalENodeBFunction=auto310_260_3_53057,TermPointToENodeB=auto1
 1227  0 (LOCKED)    0 (DISABLED)  GNBCUCPFunction=1,EUtraNetwork=1,ExternalENodeBFunction=auto310_260_3_55297,TermPointToENodeB=auto1
 1229  0 (LOCKED)    0 (DISABLED)  GNBCUCPFunction=1,EUtraNetwork=1,ExternalENodeBFunction=auto310_260_3_55299,TermPointToENodeB=auto1
 1231  0 (LOCKED)    0 (DISABLED)  GNBCUCPFunction=1,EUtraNetwork=1,ExternalENodeBFunction=auto310_260_3_55307,TermPointToENodeB=auto1
 1233  0 (LOCKED)    0 (DISABLED)  GNBCUCPFunction=1,EUtraNetwork=1,ExternalENodeBFunction=auto310_260_3_55308,TermPointToENodeB=auto1
 1236  1 (UNLOCKED)  1 (ENABLED)   GNBCUCPFunction=1,EUtraNetwork=1,ExternalENodeBFunction=auto310_260_3_55380,TermPointToENodeB=auto1
 1239  0 (LOCKED)    0 (DISABLED)  GNBCUCPFunction=1,EUtraNetwork=1,ExternalENodeBFunction=auto310_260_3_55396,TermPointToENodeB=auto1
 1241  1 (UNLOCKED)  1 (ENABLED)   GNBCUCPFunction=1,EUtraNetwork=1,ExternalENodeBFunction=auto310_260_3_55456,TermPointToENodeB=auto1
 1244  0 (LOCKED)    0 (DISABLED)  GNBCUCPFunction=1,EUtraNetwork=1,ExternalENodeBFunction=auto310_260_3_55489,TermPointToENodeB=auto1
 1246  0 (LOCKED)    0 (DISABLED)  GNBCUCPFunction=1,EUtraNetwork=1,ExternalENodeBFunction=auto310_260_3_55512,TermPointToENodeB=auto1
 1249  1 (UNLOCKED)  1 (ENABLED)   GNBCUCPFunction=1,EUtraNetwork=1,ExternalENodeBFunction=auto310_260_3_55580,TermPointToENodeB=auto1
 1252  1 (UNLOCKED)  1 (ENABLED)   GNBCUCPFunction=1,EUtraNetwork=1,ExternalENodeBFunction=auto310_260_3_58954,TermPointToENodeB=auto1
 1743  1 (UNLOCKED)  1 (ENABLED)   GNBCUCPFunction=1,NRNetwork=1,ExternalGNBCUCPFunction=auto310_260_3_1081937,TermPointToGNodeB=auto1
 1757  1 (UNLOCKED)  0 (DISABLED)  GNBCUCPFunction=1,NRNetwork=1,ExternalGNBCUCPFunction=auto310_260_3_1092458,TermPointToGNodeB=auto1
 1771  1 (UNLOCKED)  0 (DISABLED)  GNBCUCPFunction=1,NRNetwork=1,ExternalGNBCUCPFunction=auto310_260_3_1092462,TermPointToGNodeB=auto1
 1782  1 (UNLOCKED)  1 (ENABLED)   GNBCUCPFunction=1,NRNetwork=1,ExternalGNBCUCPFunction=auto310_260_3_1312833,TermPointToGNodeB=auto1
 1793  1 (UNLOCKED)  1 (ENABLED)   GNBCUCPFunction=1,NRNetwork=1,ExternalGNBCUCPFunction=auto310_260_3_1313548,TermPointToGNodeB=auto1
 1801  1 (UNLOCKED)  0 (DISABLED)  GNBCUCPFunction=1,NRNetwork=1,ExternalGNBCUCPFunction=auto310_260_3_1313549,TermPointToGNodeB=auto1
 1812  1 (UNLOCKED)  1 (ENABLED)   GNBCUCPFunction=1,NRNetwork=1,ExternalGNBCUCPFunction=auto310_260_3_1316530,TermPointToGNodeB=auto1
 1823  1 (UNLOCKED)  1 (ENABLED)   GNBCUCPFunction=1,NRNetwork=1,ExternalGNBCUCPFunction=auto310_260_3_1316699,TermPointToGNodeB=auto1
 1837  1 (UNLOCKED)  1 (ENABLED)   GNBCUCPFunction=1,NRNetwork=1,ExternalGNBCUCPFunction=auto310_260_3_1316701,TermPointToGNodeB=auto1
 1848  1 (UNLOCKED)  1 (ENABLED)   GNBCUCPFunction=1,NRNetwork=1,ExternalGNBCUCPFunction=auto310_260_3_1316702,TermPointToGNodeB=auto1
 1859  1 (UNLOCKED)  0 (DISABLED)  GNBCUCPFunction=1,NRNetwork=1,ExternalGNBCUCPFunction=auto310_260_3_1317759,TermPointToGNodeB=auto1
 1870  1 (UNLOCKED)  1 (ENABLED)   GNBCUCPFunction=1,NRNetwork=1,ExternalGNBCUCPFunction=auto310_260_3_1317760,TermPointToGNodeB=auto1
 1881  1 (UNLOCKED)  1 (ENABLED)   GNBCUCPFunction=1,NRNetwork=1,ExternalGNBCUCPFunction=auto310_260_3_1317761,TermPointToGNodeB=auto1
 1892  1 (UNLOCKED)  1 (ENABLED)   GNBCUCPFunction=1,NRNetwork=1,ExternalGNBCUCPFunction=auto310_260_3_1317762,TermPointToGNodeB=auto1
 1903  1 (UNLOCKED)  1 (ENABLED)   GNBCUCPFunction=1,NRNetwork=1,ExternalGNBCUCPFunction=auto310_260_3_1318560,TermPointToGNodeB=auto1
 1914  1 (UNLOCKED)  1 (ENABLED)   GNBCUCPFunction=1,NRNetwork=1,ExternalGNBCUCPFunction=auto310_260_3_1318692,TermPointToGNodeB=auto1
 1925  1 (UNLOCKED)  1 (ENABLED)   GNBCUCPFunction=1,NRNetwork=1,ExternalGNBCUCPFunction=auto310_260_3_1319455,TermPointToGNodeB=auto1
 1936  1 (UNLOCKED)  1 (ENABLED)   GNBCUCPFunction=1,NRNetwork=1,ExternalGNBCUCPFunction=auto310_260_3_1319456,TermPointToGNodeB=auto1
 1947  1 (UNLOCKED)  1 (ENABLED)   GNBCUCPFunction=1,NRNetwork=1,ExternalGNBCUCPFunction=auto310_260_3_1323972,TermPointToGNodeB=auto1
 1958  1 (UNLOCKED)  1 (ENABLED)   GNBCUCPFunction=1,NRNetwork=1,ExternalGNBCUCPFunction=auto310_260_3_1323995,TermPointToGNodeB=auto1
 1969  1 (UNLOCKED)  0 (DISABLED)  GNBCUCPFunction=1,NRNetwork=1,ExternalGNBCUCPFunction=auto310_260_3_1334174,TermPointToGNodeB=auto1
 1989  1 (UNLOCKED)  1 (ENABLED)   GNBCUCPFunction=1,NRNetwork=1,ExternalGNBCUCPFunction=auto310_260_3_1335505,TermPointToGNodeB=auto1
 2009  1 (UNLOCKED)  1 (ENABLED)   GNBCUCPFunction=1,NRNetwork=1,ExternalGNBCUCPFunction=auto310_260_3_1335650,TermPointToGNodeB=auto1
 2020  1 (UNLOCKED)  1 (ENABLED)   GNBCUCPFunction=1,NRNetwork=1,ExternalGNBCUCPFunction=auto310_260_3_1339049,TermPointToGNodeB=auto1
 2031  1 (UNLOCKED)  1 (ENABLED)   GNBCUCPFunction=1,NRNetwork=1,ExternalGNBCUCPFunction=auto310_260_3_1343353,TermPointToGNodeB=auto1
 2048  1 (UNLOCKED)  1 (ENABLED)   GNBCUCPFunction=1,NRNetwork=1,ExternalGNBCUCPFunction=auto310_260_3_1344183,TermPointToGNodeB=auto1
 2059  1 (UNLOCKED)  1 (ENABLED)   GNBCUCPFunction=1,NRNetwork=1,ExternalGNBCUCPFunction=auto310_260_3_1344903,TermPointToGNodeB=auto1
 2069  1 (UNLOCKED)  1 (ENABLED)   GNBCUCPFunction=1,NRNetwork=1,ExternalGNBCUCPFunction=auto310_260_3_1345923,TermPointToGNodeB=auto1
 2091  1 (UNLOCKED)  1 (ENABLED)   GNBCUCPFunction=1,NRNetwork=1,ExternalGNBCUCPFunction=auto310_260_3_1345942,TermPointToGNodeB=auto1
 2105  1 (UNLOCKED)  1 (ENABLED)   GNBCUCPFunction=1,NRNetwork=1,ExternalGNBCUCPFunction=auto310_260_3_1346314,TermPointToGNodeB=auto1
 2127  1 (UNLOCKED)  1 (ENABLED)   GNBCUCPFunction=1,NRNetwork=1,ExternalGNBCUCPFunction=auto310_260_3_1346315,TermPointToGNodeB=auto1
 2147  1 (UNLOCKED)  1 (ENABLED)   GNBCUCPFunction=1,NRNetwork=1,ExternalGNBCUCPFunction=auto310_260_3_1347238,TermPointToGNodeB=auto1
 2167  1 (UNLOCKED)  1 (ENABLED)   GNBCUCPFunction=1,NRNetwork=1,ExternalGNBCUCPFunction=auto310_260_3_1347256,TermPointToGNodeB=auto1
 2187  1 (UNLOCKED)  1 (ENABLED)   GNBCUCPFunction=1,NRNetwork=1,ExternalGNBCUCPFunction=auto310_260_3_1347563,TermPointToGNodeB=auto1
 2207  1 (UNLOCKED)  1 (ENABLED)   GNBCUCPFunction=1,NRNetwork=1,ExternalGNBCUCPFunction=auto310_260_3_1347979,TermPointToGNodeB=auto1
 2227  1 (UNLOCKED)  1 (ENABLED)   GNBCUCPFunction=1,NRNetwork=1,ExternalGNBCUCPFunction=auto310_260_3_1348053,TermPointToGNodeB=auto1
 2247  1 (UNLOCKED)  1 (ENABLED)   GNBCUCPFunction=1,NRNetwork=1,ExternalGNBCUCPFunction=auto310_260_3_1348710,TermPointToGNodeB=auto1
 2267  1 (UNLOCKED)  1 (ENABLED)   GNBCUCPFunction=1,NRNetwork=1,ExternalGNBCUCPFunction=auto310_260_3_1349121,TermPointToGNodeB=auto1
 2287  1 (UNLOCKED)  1 (ENABLED)   GNBCUCPFunction=1,NRNetwork=1,ExternalGNBCUCPFunction=auto310_260_3_1349673,TermPointToGNodeB=auto1
 2307  1 (UNLOCKED)  1 (ENABLED)   GNBCUCPFunction=1,NRNetwork=1,ExternalGNBCUCPFunction=auto310_260_3_1349697,TermPointToGNodeB=auto1
 2327  1 (UNLOCKED)  1 (ENABLED)   GNBCUCPFunction=1,NRNetwork=1,ExternalGNBCUCPFunction=auto310_260_3_1349698,TermPointToGNodeB=auto1
 2347  1 (UNLOCKED)  0 (DISABLED)  GNBCUCPFunction=1,NRNetwork=1,ExternalGNBCUCPFunction=auto310_260_3_1349707,TermPointToGNodeB=auto1
 2367  1 (UNLOCKED)  1 (ENABLED)   GNBCUCPFunction=1,NRNetwork=1,ExternalGNBCUCPFunction=auto310_260_3_1349708,TermPointToGNodeB=auto1
 2387  1 (UNLOCKED)  0 (DISABLED)  GNBCUCPFunction=1,NRNetwork=1,ExternalGNBCUCPFunction=auto310_260_3_1349714,TermPointToGNodeB=auto1
 2395  1 (UNLOCKED)  1 (ENABLED)   GNBCUCPFunction=1,NRNetwork=1,ExternalGNBCUCPFunction=auto310_260_3_1349725,TermPointToGNodeB=auto1
 2415  1 (UNLOCKED)  1 (ENABLED)   GNBCUCPFunction=1,NRNetwork=1,ExternalGNBCUCPFunction=auto310_260_3_1349726,TermPointToGNodeB=auto1
 2435  1 (UNLOCKED)  1 (ENABLED)   GNBCUCPFunction=1,NRNetwork=1,ExternalGNBCUCPFunction=auto310_260_3_1349729,TermPointToGNodeB=auto1
 2455  1 (UNLOCKED)  1 (ENABLED)   GNBCUCPFunction=1,NRNetwork=1,ExternalGNBCUCPFunction=auto310_260_3_1349730,TermPointToGNodeB=auto1
 2475  1 (UNLOCKED)  1 (ENABLED)   GNBCUCPFunction=1,NRNetwork=1,ExternalGNBCUCPFunction=auto310_260_3_1349735,TermPointToGNodeB=auto1
 2489  1 (UNLOCKED)  1 (ENABLED)   GNBCUCPFunction=1,NRNetwork=1,ExternalGNBCUCPFunction=auto310_260_3_1349736,TermPointToGNodeB=auto1
 2509  1 (UNLOCKED)  1 (ENABLED)   GNBCUCPFunction=1,NRNetwork=1,ExternalGNBCUCPFunction=auto310_260_3_1349738,TermPointToGNodeB=auto1
 2529  1 (UNLOCKED)  1 (ENABLED)   GNBCUCPFunction=1,NRNetwork=1,ExternalGNBCUCPFunction=auto310_260_3_1349739,TermPointToGNodeB=auto1
 2537  1 (UNLOCKED)  1 (ENABLED)   GNBCUCPFunction=1,NRNetwork=1,ExternalGNBCUCPFunction=auto310_260_3_1349742,TermPointToGNodeB=auto1
 2557  1 (UNLOCKED)  1 (ENABLED)   GNBCUCPFunction=1,NRNetwork=1,ExternalGNBCUCPFunction=auto310_260_3_1349743,TermPointToGNodeB=auto1
 2571  1 (UNLOCKED)  1 (ENABLED)   GNBCUCPFunction=1,NRNetwork=1,ExternalGNBCUCPFunction=auto310_260_3_1350104,TermPointToGNodeB=auto1
 2585  1 (UNLOCKED)  1 (ENABLED)   GNBCUCPFunction=1,NRNetwork=1,ExternalGNBCUCPFunction=auto310_260_3_1350105,TermPointToGNodeB=auto1
 2605  1 (UNLOCKED)  1 (ENABLED)   GNBCUCPFunction=1,NRNetwork=1,ExternalGNBCUCPFunction=auto310_260_3_1350514,TermPointToGNodeB=auto1
 2625  1 (UNLOCKED)  0 (DISABLED)  GNBCUCPFunction=1,NRNetwork=1,ExternalGNBCUCPFunction=auto310_260_3_1351135,TermPointToGNodeB=auto1
 2645  1 (UNLOCKED)  1 (ENABLED)   GNBCUCPFunction=1,NRNetwork=1,ExternalGNBCUCPFunction=auto310_260_3_1351137,TermPointToGNodeB=auto1
 2665  1 (UNLOCKED)  1 (ENABLED)   GNBCUCPFunction=1,NRNetwork=1,ExternalGNBCUCPFunction=auto310_260_3_1351139,TermPointToGNodeB=auto1
 2685  1 (UNLOCKED)  0 (DISABLED)  GNBCUCPFunction=1,NRNetwork=1,ExternalGNBCUCPFunction=auto310_260_3_1351704,TermPointToGNodeB=auto1
 2705  1 (UNLOCKED)  0 (DISABLED)  GNBCUCPFunction=1,NRNetwork=1,ExternalGNBCUCPFunction=auto310_260_3_1351705,TermPointToGNodeB=auto1
 2731  1 (UNLOCKED)  0 (DISABLED)  GNBCUCPFunction=1,NRNetwork=1,ExternalGNBCUCPFunction=auto310_260_3_1351840,TermPointToGNodeB=auto1
 2751  1 (UNLOCKED)  1 (ENABLED)   GNBCUCPFunction=1,NRNetwork=1,ExternalGNBCUCPFunction=auto310_260_3_1351844,TermPointToGNodeB=auto1
 2771  1 (UNLOCKED)  1 (ENABLED)   GNBCUCPFunction=1,NRNetwork=1,ExternalGNBCUCPFunction=auto310_260_3_1352404,TermPointToGNodeB=auto1
 2791  1 (UNLOCKED)  0 (DISABLED)  GNBCUCPFunction=1,NRNetwork=1,ExternalGNBCUCPFunction=auto310_260_3_1352450,TermPointToGNodeB=auto1
 2811  1 (UNLOCKED)  1 (ENABLED)   GNBCUCPFunction=1,NRNetwork=1,ExternalGNBCUCPFunction=auto310_260_3_1352456,TermPointToGNodeB=auto1
 2816  1 (UNLOCKED)  0 (DISABLED)  GNBCUCPFunction=1,NRNetwork=1,ExternalGNBCUCPFunction=auto310_260_3_1352457,TermPointToGNodeB=auto1
 2836  1 (UNLOCKED)  1 (ENABLED)   GNBCUCPFunction=1,NRNetwork=1,ExternalGNBCUCPFunction=auto310_260_3_1352732,TermPointToGNodeB=auto1
 2856  1 (UNLOCKED)  0 (DISABLED)  GNBCUCPFunction=1,NRNetwork=1,ExternalGNBCUCPFunction=auto310_260_3_1353043,TermPointToGNodeB=auto1
 2876  1 (UNLOCKED)  1 (ENABLED)   GNBCUCPFunction=1,NRNetwork=1,ExternalGNBCUCPFunction=auto310_260_3_1353045,TermPointToGNodeB=auto1
 2902  1 (UNLOCKED)  0 (DISABLED)  GNBCUCPFunction=1,NRNetwork=1,ExternalGNBCUCPFunction=auto310_260_3_1353156,TermPointToGNodeB=auto1
 2913  1 (UNLOCKED)  0 (DISABLED)  GNBCUCPFunction=1,NRNetwork=1,ExternalGNBCUCPFunction=auto310_260_3_1353323,TermPointToGNodeB=auto1
 2927  1 (UNLOCKED)  1 (ENABLED)   GNBCUCPFunction=1,NRNetwork=1,ExternalGNBCUCPFunction=auto310_260_3_1353359,TermPointToGNodeB=auto1
 2938  1 (UNLOCKED)  1 (ENABLED)   GNBCUCPFunction=1,NRNetwork=1,ExternalGNBCUCPFunction=auto310_260_3_1353360,TermPointToGNodeB=auto1
 2949  1 (UNLOCKED)  1 (ENABLED)   GNBCUCPFunction=1,NRNetwork=1,ExternalGNBCUCPFunction=auto310_260_3_1353361,TermPointToGNodeB=auto1
 2960  1 (UNLOCKED)  1 (ENABLED)   GNBCUCPFunction=1,NRNetwork=1,ExternalGNBCUCPFunction=auto310_260_3_1353362,TermPointToGNodeB=auto1
 2971  1 (UNLOCKED)  1 (ENABLED)   GNBCUCPFunction=1,NRNetwork=1,ExternalGNBCUCPFunction=auto310_260_3_1353363,TermPointToGNodeB=auto1
 2982  1 (UNLOCKED)  1 (ENABLED)   GNBCUCPFunction=1,NRNetwork=1,ExternalGNBCUCPFunction=auto310_260_3_1353364,TermPointToGNodeB=auto1
 2996  1 (UNLOCKED)  1 (ENABLED)   GNBCUCPFunction=1,NRNetwork=1,ExternalGNBCUCPFunction=auto310_260_3_1353365,TermPointToGNodeB=auto1
 3016  1 (UNLOCKED)  0 (DISABLED)  GNBCUCPFunction=1,NRNetwork=1,ExternalGNBCUCPFunction=auto310_260_3_1361083,TermPointToGNodeB=auto1
 3042  1 (UNLOCKED)  0 (DISABLED)  GNBCUCPFunction=1,NRNetwork=1,ExternalGNBCUCPFunction=auto310_260_3_1362673,TermPointToGNodeB=auto1
 3062  1 (UNLOCKED)  1 (ENABLED)   GNBCUCPFunction=1,NRNetwork=1,ExternalGNBCUCPFunction=auto310_260_3_1363867,TermPointToGNodeB=auto1
 3076  1 (UNLOCKED)  1 (ENABLED)   GNBCUCPFunction=1,NRNetwork=1,ExternalGNBCUCPFunction=auto310_260_3_1367759,TermPointToGNodeB=auto1
 3087  1 (UNLOCKED)  1 (ENABLED)   GNBCUCPFunction=1,NRNetwork=1,ExternalGNBCUCPFunction=auto310_260_3_1367773,TermPointToGNodeB=auto1
 3098  1 (UNLOCKED)  1 (ENABLED)   GNBCUCPFunction=1,NRNetwork=1,ExternalGNBCUCPFunction=auto310_260_3_1367774,TermPointToGNodeB=auto1
 3109  1 (UNLOCKED)  1 (ENABLED)   GNBCUCPFunction=1,NRNetwork=1,ExternalGNBCUCPFunction=auto310_260_3_1367775,TermPointToGNodeB=auto1
 3120  1 (UNLOCKED)  1 (ENABLED)   GNBCUCPFunction=1,NRNetwork=1,ExternalGNBCUCPFunction=auto310_260_3_1367776,TermPointToGNodeB=auto1
 3128  1 (UNLOCKED)  1 (ENABLED)   GNBCUCPFunction=1,NRNetwork=1,ExternalGNBCUCPFunction=auto310_260_3_1369346,TermPointToGNodeB=auto1
 3139  1 (UNLOCKED)  1 (ENABLED)   GNBCUCPFunction=1,NRNetwork=1,ExternalGNBCUCPFunction=auto310_260_3_1369606,TermPointToGNodeB=auto1
 3150  1 (UNLOCKED)  1 (ENABLED)   GNBCUCPFunction=1,NRNetwork=1,ExternalGNBCUCPFunction=auto310_260_3_1369834,TermPointToGNodeB=auto1
 3161  1 (UNLOCKED)  1 (ENABLED)   GNBCUCPFunction=1,NRNetwork=1,ExternalGNBCUCPFunction=auto310_260_3_1370074,TermPointToGNodeB=auto1
 3181  1 (UNLOCKED)  0 (DISABLED)  GNBCUCPFunction=1,NRNetwork=1,ExternalGNBCUCPFunction=auto310_260_3_1370529,TermPointToGNodeB=auto1
 3201  1 (UNLOCKED)  0 (DISABLED)  GNBCUCPFunction=1,NRNetwork=1,ExternalGNBCUCPFunction=auto310_260_3_1370625,TermPointToGNodeB=auto1
 3227  1 (UNLOCKED)  1 (ENABLED)   GNBCUCPFunction=1,NRNetwork=1,ExternalGNBCUCPFunction=auto310_260_3_1370866,TermPointToGNodeB=auto1
 3238  1 (UNLOCKED)  0 (DISABLED)  GNBCUCPFunction=1,NRNetwork=1,ExternalGNBCUCPFunction=auto310_260_3_1374992,TermPointToGNodeB=auto1
 3298  1 (UNLOCKED)  1 (ENABLED)   GNBCUCPFunction=1,TermPointToAmf=DC1AMF01
 3300  1 (UNLOCKED)  1 (ENABLED)   GNBCUCPFunction=1,TermPointToAmf=DC2AMF01
 3302  1 (UNLOCKED)  1 (ENABLED)   GNBCUCPFunction=1,TermPointToAmf=DC2AMF02
 3304  1 (UNLOCKED)  1 (ENABLED)   GNBCUCPFunction=1,TermPointToAmf=NE1CMM01
 3306  1 (UNLOCKED)  1 (ENABLED)   GNBCUCPFunction=1,TermPointToAmf=NE3AMF01
 3308  1 (UNLOCKED)  1 (ENABLED)   GNBCUCPFunction=1,TermPointToAmf=NE4AMF01
 3310  1 (UNLOCKED)  1 (ENABLED)   GNBCUCPFunction=1,TermPointToAmf=NE4AMF02
 3312  1 (UNLOCKED)  1 (ENABLED)   GNBCUCPFunction=1,TermPointToAmf=PH1AMF01
 3314  1 (UNLOCKED)  1 (ENABLED)   GNBCUCPFunction=1,TermPointToAmf=PH2AMF01
 3316  1 (UNLOCKED)  1 (ENABLED)   GNBCUCPFunction=1,TermPointToAmf=PH2AMF02
 3318  1 (UNLOCKED)  1 (ENABLED)   GNBCUCPFunction=1,TermPointToAmf=PH3AMF01
 3320  1 (UNLOCKED)  1 (ENABLED)   GNBCUCPFunction=1,TermPointToAmf=UP1AMF01
 3322  1 (UNLOCKED)  1 (ENABLED)   GNBCUCPFunction=1,TermPointToAmf=UP2AMF01
 3324  1 (UNLOCKED)  1 (ENABLED)   GNBCUCPFunction=1,TermPointToAmf=UP2AMF02
 3326                1 (ENABLED)   GNBCUCPFunction=1,TermPointToGNBDU=1
 4121                1 (ENABLED)   GNBDUFunction=1,ExtGNBDUPartnerFunction=1,InterMeLink=1
 4122                1 (ENABLED)   GNBDUFunction=1,ExtGNBDUPartnerFunction=1,InterMeLink=2
 4124                1 (ENABLED)   GNBDUFunction=1,ExtGNBDUPartnerFunction=1367775,InterMeLink=1
 4125                1 (ENABLED)   GNBDUFunction=1,ExtGNBDUPartnerFunction=1367775,InterMeLink=2
 4235  1 (UNLOCKED)  1 (ENABLED)   GNBDUFunction=1,TermPointToGNBCUCP=1
===================================================================================
Total: 181 MOs

M2LB3361C2> 

M2LB3361C2> enm cmedit get *$Node* 

240423-06:00:38-0500 11.143.159.139 24.0c MSRBS_NODE_MODEL_23.Q4_643.28133.125_0bc9 stopfile=/tmp/643985


Not allowed to run from amosbatch.


M2LB3361C2> enm cmedit get *$Node* AddressIPv4.(*) -t

240423-06:00:38-0500 11.143.159.139 24.0c MSRBS_NODE_MODEL_23.Q4_643.28133.125_0bc9 stopfile=/tmp/643985


Not allowed to run from amosbatch.


M2LB3361C2> 

M2LB3361C2> hget AddressIPv4 ^address$

240423-06:00:38-0500 11.143.159.139 24.0c MSRBS_NODE_MODEL_23.Q4_643.28133.125_0bc9 stopfile=/tmp/643985
.
=================================================================================================================
MO                                                         address          
=================================================================================================================
Router=LTE,InterfaceIPv4=1,AddressIPv4=1                   42.15.159.155/27 
Router=Node_Internal_F1,InterfaceIPv4=NRCUCP,AddressIPv4=1 169.254.42.42/32 
Router=Node_Internal_F1,InterfaceIPv4=NRDU,AddressIPv4=1   169.254.42.43/32 
Router=vr_OAM,InterfaceIPv4=1,AddressIPv4=1                11.143.159.139/27
Router=vr_TRAFFIC,InterfaceIPv4=1,AddressIPv4=1            42.15.159.139/27 
=================================================================================================================
Total: 5 MOs

Added 5 MOs to group: hget_group

M2LB3361C2> 

M2LB3361C2> pmxz NRCell PMENDCSETUPUEATT$|PMENDCSETUPUESUCC$ -m 10

240423-06:00:38-0500 11.143.159.139 24.0c MSRBS_NODE_MODEL_23.Q4_643.28133.125_0bc9 stopfile=/tmp/643985
Parsing PM cache: /home/shared/gbadim1/moshell/jarxml/PMCACHE_MSRBS_NODE_MODEL_23.Q4_643.28133.125_0bc9.txt.gz ... Done.

......................
get /rop/A20240423.0030-0045_M2LB3361C2.xml.gz /ericsson/log/amos/moshell_logfiles/gbadim1/logs_moshell/pmfiles/11.143.159.139/rop/A20240423.0030-0045_M2LB3361C2.xml.gz ... OK
get /rop/A20240423.0045-0100_M2LB3361C2.xml.gz /ericsson/log/amos/moshell_logfiles/gbadim1/logs_moshell/pmfiles/11.143.159.139/rop/A20240423.0045-0100_M2LB3361C2.xml.gz ... OK
get /rop/A20240423.0100-0115_M2LB3361C2.xml.gz /ericsson/log/amos/moshell_logfiles/gbadim1/logs_moshell/pmfiles/11.143.159.139/rop/A20240423.0100-0115_M2LB3361C2.xml.gz ... OK
get /rop/A20240423.0115-0130_M2LB3361C2.xml.gz /ericsson/log/amos/moshell_logfiles/gbadim1/logs_moshell/pmfiles/11.143.159.139/rop/A20240423.0115-0130_M2LB3361C2.xml.gz ... OK
get /rop/A20240423.0130-0145_M2LB3361C2.xml.gz /ericsson/log/amos/moshell_logfiles/gbadim1/logs_moshell/pmfiles/11.143.159.139/rop/A20240423.0130-0145_M2LB3361C2.xml.gz ... OK
get /rop/A20240423.0145-0200_M2LB3361C2.xml.gz /ericsson/log/amos/moshell_logfiles/gbadim1/logs_moshell/pmfiles/11.143.159.139/rop/A20240423.0145-0200_M2LB3361C2.xml.gz ... OK
get /rop/A20240423.0200-0215_M2LB3361C2.xml.gz /ericsson/log/amos/moshell_logfiles/gbadim1/logs_moshell/pmfiles/11.143.159.139/rop/A20240423.0200-0215_M2LB3361C2.xml.gz ... OK
get /rop/A20240423.0215-0230_M2LB3361C2.xml.gz /ericsson/log/amos/moshell_logfiles/gbadim1/logs_moshell/pmfiles/11.143.159.139/rop/A20240423.0215-0230_M2LB3361C2.xml.gz ... OK
get /rop/A20240423.0230-0245_M2LB3361C2.xml.gz /ericsson/log/amos/moshell_logfiles/gbadim1/logs_moshell/pmfiles/11.143.159.139/rop/A20240423.0230-0245_M2LB3361C2.xml.gz ... OK
get /rop/A20240423.0245-0300_M2LB3361C2.xml.gz /ericsson/log/amos/moshell_logfiles/gbadim1/logs_moshell/pmfiles/11.143.159.139/rop/A20240423.0245-0300_M2LB3361C2.xml.gz ... OK
get /rop/A20240423.0300-0315_M2LB3361C2.xml.gz /ericsson/log/amos/moshell_logfiles/gbadim1/logs_moshell/pmfiles/11.143.159.139/rop/A20240423.0300-0315_M2LB3361C2.xml.gz ... OK
get /rop/A20240423.0315-0330_M2LB3361C2.xml.gz /ericsson/log/amos/moshell_logfiles/gbadim1/logs_moshell/pmfiles/11.143.159.139/rop/A20240423.0315-0330_M2LB3361C2.xml.gz ... OK
get /rop/A20240423.0330-0345_M2LB3361C2.xml.gz /ericsson/log/amos/moshell_logfiles/gbadim1/logs_moshell/pmfiles/11.143.159.139/rop/A20240423.0330-0345_M2LB3361C2.xml.gz ... OK
get /rop/A20240423.0345-0400_M2LB3361C2.xml.gz /ericsson/log/amos/moshell_logfiles/gbadim1/logs_moshell/pmfiles/11.143.159.139/rop/A20240423.0345-0400_M2LB3361C2.xml.gz ... OK
get /rop/A20240423.0400-0415_M2LB3361C2.xml.gz /ericsson/log/amos/moshell_logfiles/gbadim1/logs_moshell/pmfiles/11.143.159.139/rop/A20240423.0400-0415_M2LB3361C2.xml.gz ... OK
get /rop/A20240423.0415-0430_M2LB3361C2.xml.gz /ericsson/log/amos/moshell_logfiles/gbadim1/logs_moshell/pmfiles/11.143.159.139/rop/A20240423.0415-0430_M2LB3361C2.xml.gz ... OK
get /rop/A20240423.0430-0445_M2LB3361C2.xml.gz /ericsson/log/amos/moshell_logfiles/gbadim1/logs_moshell/pmfiles/11.143.159.139/rop/A20240423.0430-0445_M2LB3361C2.xml.gz ... OK
get /rop/A20240423.0445-0500_M2LB3361C2.xml.gz /ericsson/log/amos/moshell_logfiles/gbadim1/logs_moshell/pmfiles/11.143.159.139/rop/A20240423.0445-0500_M2LB3361C2.xml.gz ... OK
get /rop/A20240423.0500-0515_M2LB3361C2.xml.gz /ericsson/log/amos/moshell_logfiles/gbadim1/logs_moshell/pmfiles/11.143.159.139/rop/A20240423.0500-0515_M2LB3361C2.xml.gz ... OK
get /rop/A20240423.0530-0545_M2LB3361C2.xml.gz /ericsson/log/amos/moshell_logfiles/gbadim1/logs_moshell/pmfiles/11.143.159.139/rop/A20240423.0530-0545_M2LB3361C2.xml.gz ... OK
get /rop/A20240423.0545-0600_M2LB3361C2.xml.gz /ericsson/log/amos/moshell_logfiles/gbadim1/logs_moshell/pmfiles/11.143.159.139/rop/A20240423.0545-0600_M2LB3361C2.xml.gz ... OK
get /rop/A20240423.0600-0615_M2LB3361C2.xml.gz /ericsson/log/amos/moshell_logfiles/gbadim1/logs_moshell/pmfiles/11.143.159.139/rop/A20240423.0600-0615_M2LB3361C2.xml.gz ... OK
get /rop/A20240423.0615-0630_M2LB3361C2.xml.gz /ericsson/log/amos/moshell_logfiles/gbadim1/logs_moshell/pmfiles/11.143.159.139/rop/A20240423.0615-0630_M2LB3361C2.xml.gz ... OK
get /rop/A20240423.0630-0645_M2LB3361C2.xml.gz /ericsson/log/amos/moshell_logfiles/gbadim1/logs_moshell/pmfiles/11.143.159.139/rop/A20240423.0630-0645_M2LB3361C2.xml.gz ... OK
get /rop/A20240423.0645-0700_M2LB3361C2.xml.gz /ericsson/log/amos/moshell_logfiles/gbadim1/logs_moshell/pmfiles/11.143.159.139/rop/A20240423.0645-0700_M2LB3361C2.xml.gz ... OK
get /rop/A20240423.0700-0715_M2LB3361C2.xml.gz /ericsson/log/amos/moshell_logfiles/gbadim1/logs_moshell/pmfiles/11.143.159.139/rop/A20240423.0700-0715_M2LB3361C2.xml.gz ... OK
get /rop/A20240423.0715-0730_M2LB3361C2.xml.gz /ericsson/log/amos/moshell_logfiles/gbadim1/logs_moshell/pmfiles/11.143.159.139/rop/A20240423.0715-0730_M2LB3361C2.xml.gz ... OK
get /rop/A20240423.0730-0745_M2LB3361C2.xml.gz /ericsson/log/amos/moshell_logfiles/gbadim1/logs_moshell/pmfiles/11.143.159.139/rop/A20240423.0730-0745_M2LB3361C2.xml.gz ... OK
get /rop/A20240423.0745-0800_M2LB3361C2.xml.gz /ericsson/log/amos/moshell_logfiles/gbadim1/logs_moshell/pmfiles/11.143.159.139/rop/A20240423.0745-0800_M2LB3361C2.xml.gz ... OK
get /rop/A20240423.0800-0815_M2LB3361C2.xml.gz /ericsson/log/amos/moshell_logfiles/gbadim1/logs_moshell/pmfiles/11.143.159.139/rop/A20240423.0800-0815_M2LB3361C2.xml.gz ... OK
get /rop/A20240423.0815-0830_M2LB3361C2.xml.gz /ericsson/log/amos/moshell_logfiles/gbadim1/logs_moshell/pmfiles/11.143.159.139/rop/A20240423.0815-0830_M2LB3361C2.xml.gz ... OK
get /rop/A20240423.0830-0845_M2LB3361C2.xml.gz /ericsson/log/amos/moshell_logfiles/gbadim1/logs_moshell/pmfiles/11.143.159.139/rop/A20240423.0830-0845_M2LB3361C2.xml.gz ... OK
get /rop/A20240423.0845-0900_M2LB3361C2.xml.gz /ericsson/log/amos/moshell_logfiles/gbadim1/logs_moshell/pmfiles/11.143.159.139/rop/A20240423.0845-0900_M2LB3361C2.xml.gz ... OK
get /rop/A20240423.0900-0915_M2LB3361C2.xml.gz /ericsson/log/amos/moshell_logfiles/gbadim1/logs_moshell/pmfiles/11.143.159.139/rop/A20240423.0900-0915_M2LB3361C2.xml.gz ... OK
get /rop/A20240423.0915-0930_M2LB3361C2.xml.gz /ericsson/log/amos/moshell_logfiles/gbadim1/logs_moshell/pmfiles/11.143.159.139/rop/A20240423.0915-0930_M2LB3361C2.xml.gz ... OK
get /rop/A20240423.0930-0945_M2LB3361C2.xml.gz /ericsson/log/amos/moshell_logfiles/gbadim1/logs_moshell/pmfiles/11.143.159.139/rop/A20240423.0930-0945_M2LB3361C2.xml.gz ... OK
get /rop/A20240423.0945-1000_M2LB3361C2.xml.gz /ericsson/log/amos/moshell_logfiles/gbadim1/logs_moshell/pmfiles/11.143.159.139/rop/A20240423.0945-1000_M2LB3361C2.xml.gz ... OK
get /rop/A20240423.1000-1015_M2LB3361C2.xml.gz /ericsson/log/amos/moshell_logfiles/gbadim1/logs_moshell/pmfiles/11.143.159.139/rop/A20240423.1000-1015_M2LB3361C2.xml.gz ... OK
get /rop/A20240423.1015-1030_M2LB3361C2.xml.gz /ericsson/log/amos/moshell_logfiles/gbadim1/logs_moshell/pmfiles/11.143.159.139/rop/A20240423.1015-1030_M2LB3361C2.xml.gz ... OK
get /rop/A20240423.1030-1045_M2LB3361C2.xml.gz /ericsson/log/amos/moshell_logfiles/gbadim1/logs_moshell/pmfiles/11.143.159.139/rop/A20240423.1030-1045_M2LB3361C2.xml.gz ... OK
get /rop/A20240423.1045-1100_M2LB3361C2.xml.gz /ericsson/log/amos/moshell_logfiles/gbadim1/logs_moshell/pmfiles/11.143.159.139/rop/A20240423.1045-1100_M2LB3361C2.xml.gz ... OK

(gzip -dc /ericsson/log/amos/moshell_logfiles/gbadim1/logs_moshell/pmfiles/11.143.159.139/rop/A20240423.0100-0115_M2LB3361C2.xml.gz /ericsson/log/amos/moshell_logfiles/gbadim1/logs_moshell/pmfiles/11.143.159.139/rop/A20240423.0115-0130_M2LB3361C2.xml.gz /ericsson/log/amos/moshell_logfiles/gbadim1/logs_moshell/pmfiles/11.143.159.139/rop/A20240423.0130-0145_M2LB3361C2.xml.gz /ericsson/log/amos/moshell_logfiles/gbadim1/logs_moshell/pmfiles/11.143.159.139/rop/A20240423.0145-0200_M2LB3361C2.xml.gz /ericsson/log/amos/moshell_logfiles/gbadim1/logs_moshell/pmfiles/11.143.159.139/rop/A20240423.0200-0215_M2LB3361C2.xml.gz /ericsson/log/amos/moshell_logfiles/gbadim1/logs_moshell/pmfiles/11.143.159.139/rop/A20240423.0215-0230_M2LB3361C2.xml.gz /ericsson/log/amos/moshell_logfiles/gbadim1/logs_moshell/pmfiles/11.143.159.139/rop/A20240423.0230-0245_M2LB3361C2.xml.gz /ericsson/log/amos/moshell_logfiles/gbadim1/logs_moshell/pmfiles/11.143.159.139/rop/A20240423.0245-0300_M2LB3361C2.xml.gz /ericsson/log/amos/moshell_logfiles/gbadim1/logs_moshell/pmfiles/11.143.159.139/rop/A20240423.0300-0315_M2LB3361C2.xml.gz /ericsson/log/amos/moshell_logfiles/gbadim1/logs_moshell/pmfiles/11.143.159.139/rop/A20240423.0315-0330_M2LB3361C2.xml.gz /ericsson/log/amos/moshell_logfiles/gbadim1/logs_moshell/pmfiles/11.143.159.139/rop/A20240423.0330-0345_M2LB3361C2.xml.gz /ericsson/log/amos/moshell_logfiles/gbadim1/logs_moshell/pmfiles/11.143.159.139/rop/A20240423.0345-0400_M2LB3361C2.xml.gz /ericsson/log/amos/moshell_logfiles/gbadim1/logs_moshell/pmfiles/11.143.159.139/rop/A20240423.0400-0415_M2LB3361C2.xml.gz /ericsson/log/amos/moshell_logfiles/gbadim1/logs_moshell/pmfiles/11.143.159.139/rop/A20240423.0415-0430_M2LB3361C2.xml.gz /ericsson/log/amos/moshell_logfiles/gbadim1/logs_moshell/pmfiles/11.143.159.139/rop/A20240423.0430-0445_M2LB3361C2.xml.gz /ericsson/log/amos/moshell_logfiles/gbadim1/logs_moshell/pmfiles/11.143.159.139/rop/A20240423.0445-0500_M2LB3361C2.xml.gz /ericsson/log/amos/moshell_logfiles/gbadim1/logs_moshell/pmfiles/11.143.159.139/rop/A20240423.0500-0515_M2LB3361C2.xml.gz /ericsson/log/amos/moshell_logfiles/gbadim1/logs_moshell/pmfiles/11.143.159.139/rop/A20240423.0530-0545_M2LB3361C2.xml.gz /ericsson/log/amos/moshell_logfiles/gbadim1/logs_moshell/pmfiles/11.143.159.139/rop/A20240423.0545-0600_M2LB3361C2.xml.gz /ericsson/log/amos/moshell_logfiles/gbadim1/logs_moshell/pmfiles/11.143.159.139/rop/A20240423.0600-0615_M2LB3361C2.xml.gz /ericsson/log/amos/moshell_logfiles/gbadim1/logs_moshell/pmfiles/11.143.159.139/rop/A20240423.0615-0630_M2LB3361C2.xml.gz /ericsson/log/amos/moshell_logfiles/gbadim1/logs_moshell/pmfiles/11.143.159.139/rop/A20240423.0630-0645_M2LB3361C2.xml.gz /ericsson/log/amos/moshell_logfiles/gbadim1/logs_moshell/pmfiles/11.143.159.139/rop/A20240423.0645-0700_M2LB3361C2.xml.gz /ericsson/log/amos/moshell_logfiles/gbadim1/logs_moshell/pmfiles/11.143.159.139/rop/A20240423.0700-0715_M2LB3361C2.xml.gz /ericsson/log/amos/moshell_logfiles/gbadim1/logs_moshell/pmfiles/11.143.159.139/rop/A20240423.0715-0730_M2LB3361C2.xml.gz /ericsson/log/amos/moshell_logfiles/gbadim1/logs_moshell/pmfiles/11.143.159.139/rop/A20240423.0730-0745_M2LB3361C2.xml.gz /ericsson/log/amos/moshell_logfiles/gbadim1/logs_moshell/pmfiles/11.143.159.139/rop/A20240423.0745-0800_M2LB3361C2.xml.gz /ericsson/log/amos/moshell_logfiles/gbadim1/logs_moshell/pmfiles/11.143.159.139/rop/A20240423.0800-0815_M2LB3361C2.xml.gz /ericsson/log/amos/moshell_logfiles/gbadim1/logs_moshell/pmfiles/11.143.159.139/rop/A20240423.0815-0830_M2LB3361C2.xml.gz /ericsson/log/amos/moshell_logfiles/gbadim1/logs_moshell/pmfiles/11.143.159.139/rop/A20240423.0830-0845_M2LB3361C2.xml.gz /ericsson/log/amos/moshell_logfiles/gbadim1/logs_moshell/pmfiles/11.143.159.139/rop/A20240423.0845-0900_M2LB3361C2.xml.gz /ericsson/log/amos/moshell_logfiles/gbadim1/logs_moshell/pmfiles/11.143.159.139/rop/A20240423.0900-0915_M2LB3361C2.xml.gz /ericsson/log/amos/moshell_logfiles/gbadim1/logs_moshell/pmfiles/11.143.159.139/rop/A20240423.0915-0930_M2LB3361C2.xml.gz /ericsson/log/amos/moshell_logfiles/gbadim1/logs_moshell/pmfiles/11.143.159.139/rop/A20240423.0930-0945_M2LB3361C2.xml.gz /ericsson/log/amos/moshell_logfiles/gbadim1/logs_moshell/pmfiles/11.143.159.139/rop/A20240423.0945-1000_M2LB3361C2.xml.gz /ericsson/log/amos/moshell_logfiles/gbadim1/logs_moshell/pmfiles/11.143.159.139/rop/A20240423.1000-1015_M2LB3361C2.xml.gz /ericsson/log/amos/moshell_logfiles/gbadim1/logs_moshell/pmfiles/11.143.159.139/rop/A20240423.1015-1030_M2LB3361C2.xml.gz /ericsson/log/amos/moshell_logfiles/gbadim1/logs_moshell/pmfiles/11.143.159.139/rop/A20240423.1030-1045_M2LB3361C2.xml.gz /ericsson/log/amos/moshell_logfiles/gbadim1/logs_moshell/pmfiles/11.143.159.139/rop/A20240423.1045-1100_M2LB3361C2.xml.gz | LANG=C LC_ALL=C /opt/ericsson/amos/moshell/gawk -vusergawk="LANG=C LC_ALL=C /opt/ericsson/amos/moshell/gawk" -f /opt/ericsson/amos/moshell/commonjars/pmExtract.awk  "nrcell" "PMENDCSETUPUEATT$|PMENDCSETUPUESUCC$"   | sort | uniq | /usr/bin/perl /opt/ericsson/amos/moshell/pmXtab -q -pval 0 -mom /var/tmp/20240423-060001_643493/pmxmomLog643985  -cols time -fmt txt -m "[M]anagedElement=[^,]+,(?:\w+=1,){0,1}((\w+=[^,]+,*)+$)"  )2>&1 | tee -a /ericsson/log/amos/moshell_logfiles/gbadim1/logs_moshell/sessionlog/240423-060008_M2LB3361C2.log

Report from 2024-04-23 01:00 UTC to 2024-04-23 10:59 UTC (39 ropfiles)
Node SW: CXP2010174/1_R82C53 (23.Q4.0-3)

Date: 2024-04-22, 2024-04-23
Object               Counter            20:00  20:15  20:30  20:45  21:00  21:15  21:30  21:45  22:00  22:15  22:30  22:45  23:00  23:15  23:30  23:45  00:00  00:30  00:45  01:00  01:15  01:30  01:45  02:00  02:15  02:30  02:45  03:00  03:15  03:30  03:45  04:00  04:15  04:30  04:45  05:00  05:15  05:30  05:45
NRCellCU=A2LB3361C11 pmEndcSetupUeAtt     992   1339    620    867    935   1746    826    838    911    777    617    389      0      0      0      0      0      0      0      0      0      0      0      0      0    220    711    886    773    662    845    637    657   1002    687    762    766    818    795
NRCellCU=A2LB3361C11 pmEndcSetupUeSucc    992   1339    620    867    935   1746    826    838    910    777    617    387      0      0      0      0      0      0      0      0      0      0      0      0      0    220    711    886    773    662    845    636    657   1002    687    754    732    818    794
NRCellCU=A2LB3361C12 pmEndcSetupUeAtt     192    189    196    218    186    175    212    195    164    211    248    219      0      0      0      0      0      0      0      0      0      0      0      0      0    134    333    472    249    260    282    249    243    260    289    286    255    297    375
NRCellCU=A2LB3361C12 pmEndcSetupUeSucc    192    189    196    218    186    175    212    195    164    211    248    212      0      0      0      0      0      0      0      0      0      0      0      0      0    134    333    472    249    260    282    249    243    260    289    282    252    297    375
NRCellCU=A2LB3361C21 pmEndcSetupUeAtt     471    603    537    432    351    631    437    536    607    611    619    285      0      0      0      0      0      0      0      0      0      0      0      0      0     76    330    629    628    871    598    655    657    739    673    573    631    824    782
NRCellCU=A2LB3361C21 pmEndcSetupUeSucc    471    603    536    432    351    631    437    536    605    611    619    283      0      0      0      0      0      0      0      0      0      0      0      0      0     76    330    629    628    871    598    655    657    739    673    573    630    823    781
NRCellCU=A2LB3361C22 pmEndcSetupUeAtt     409    768    892    923    995   1127    923    982   1053    934   1005    505      0      0      0      0      0      0      0      0      0      0      0      0      0    243    623    746   1107   1119    762    721    982   1103   1004    830    830   1097    916
NRCellCU=A2LB3361C22 pmEndcSetupUeSucc    409    768    890    923    993   1125    922    982   1052    934   1005    497      0      0      0      0      0      0      0      0      0      0      0      0      0    243    623    746   1107   1119    761    720    981   1103   1003    829    828   1097    915
NRCellCU=A2LB3361C31 pmEndcSetupUeAtt     392    308    274    408    387    355    841   1057    880    495    466     72      0      0      0      0      0      0      0      0      0      0      0      0      0     85    674    322    498     83    478    387    660    611    532    300    385    297    342
NRCellCU=A2LB3361C31 pmEndcSetupUeSucc    392    308    274    408    387    355    841   1057    880    495    466     71      0      0      0      0      0      0      0      0      0      0      0      0      0     85    673    322    498     83    478    387    660    609    532    300    385    297    342
NRCellCU=A2LB3361C32 pmEndcSetupUeAtt     225    305    143    491    418    449   1012   1131   1288   1244   1081    112      0      0      0      0      0      0      0      0      0      0      0      0      0     79    687    433    408     56     68    126    388    441    292     95    146    174    220
NRCellCU=A2LB3361C32 pmEndcSetupUeSucc    225    305    143    491    418    449   1012   1130   1288   1244   1081    111      0      0      0      0      0      0      0      0      0      0      0      0      0     79    684    433    406     56     68    126    388    441    292     95    146    173    220


M2LB3361C2> ue print -admitted
Checking available boards on node...

Collecting RCS board data ...
..............................................................................
...
.....
240423-06:01:47-0500 11.143.159.139 24.0c MSRBS_NODE_MODEL_23.Q4_643.28133.125_0bc9 stopfile=/tmp/643985
coli>/lrat/ue print -admitted
Found no active cells!
coli>/rc/nrat/ue print -admitted
NrEnDc: uehId:4 ues:23
NrEnDc: uehId:5 ues:27
NrEnDc: uehId:6 ues:32
NrEnDc: uehId:7 ues:26
NrNrDc: uehId:4 ues:0
NrNrDc: uehId:5 ues:0
NrNrDc: uehId:6 ues:0
NrNrDc: uehId:7 ues:0
Nr: uehId:4 ues:6
Nr: uehId:5 ues:9
Nr: uehId:6 ues:7
Nr: uehId:7 ues:15
coli>/rpc/nrat/ue print -admitted
uehId:6 ues:0
uehId:7 ues:29
uehId:8 ues:36
uehId:9 ues:38
uehId:10 ues:40
coli>

M2LB3361C2> 

M2LB3361C2> ############################################################################################

M2LB3361C2> #		 Post Script CV and unset of all variables - This is modifiable to your needs      #

M2LB3361C2> ############################################################################################

M2LB3361C2> 

M2LB3361C2> 

M2LB3361C2> l-

Log close: /ericsson/log/amos/moshell_logfiles/gbadim1/logs_moshell/sessionlog/240423-060008_M2LB3361C2.log

M2LB3361C2> confb-

M2LB3361C2> gs-

Perform a get before set = disabled

M2LB3361C2> 

M2LB3361C2> 

M2LB3361C2> #cvms post_$jobname_$date

M2LB3361C2> 

M2LB3361C2> #Keep the unset all after the cv so the variables can be used

M2LB3361C2> unset all 

M2LB3361C2> 

M2LB3361C2> #cmedit set NetworkElement=M7BAN764A,ComConnectivityInformation=1 ipAddress=11.242.0.98#
Bye...
Output has been logged to file /home/shared/common/Overnight_Work/Rehomes/Postchecks/M2LB3361C2.log
