Logging to file /home/shared/common/Overnight_Work/Rehomes/Postchecks/M2SU6334A.log
                        __  __  ____   _____
                  /\   |  \/  |/ __ \ / ____|
                 /  \  | \  / | |  | | (___  
                / /\ \ | |\/| | |  | |\___ \ 
               / ____ \| |  | | |__| |____) |
              /_/    \_\_|  |_|\____/|_____/
              OSS Framework for MoShell-24.0c 
  Copyright (c) Ericsson AB 2001-2024 - All Rights Reserved
              
           
$amosrb_pid = 644763

Checking ip contact...OK

HELP MENU            : h
BASIC MO COMMANDS    : m
OTHER MO COMMANDS    : n
OTHER COMMANDS       : o
PM COMMANDS          : p
QUIT                 : q

M2SU6334A> ############################################################################################

M2SU6334A> #				Script Foundation - Leave this for all scripts							   #

M2SU6334A> ############################################################################################

M2SU6334A> 

M2SU6334A> confb+

M2SU6334A> gs+

Perform a get before set = enabled

M2SU6334A> unset all

M2SU6334A> l+

Logging to file: /ericsson/log/amos/moshell_logfiles/gbadim1/logs_moshell/sessionlog/240423-060008_M2SU6334A.log

M2SU6334A> 

M2SU6334A> alt

240423-06:00:08-0500 11.69.147.42 24.0c  stopfile=/tmp/643990
Looking up temporary_amos account... OK.
Trying temporary_amos_gbadim1_291's password from amos lookupAccount ... OK

$ssh_pid = 646250

Connected to 11.69.147.42 (SubNetwork=ONRM_ROOT_MO,SubNetwork=Philadelphia,MeContext=M2SU6334A,ManagedElement=M2SU6334A)

Checking MOM version...MSRBS_NODE_MODEL_23.Q4_643.28133.125_0bc9
Parsing MOM (cached): /var/tmp/20240423-060001_643479/MSRBS_NODE_MODEL_23.Q4_643.28133.125_0bc9.xml.cache.gz ...........................................................................................................................................................................................................Done.
Using paramfile /opt/ericsson/amos/moshell/commonjars/pm/PARAM_MSRBS_23.Q4.txt
Parsing file /opt/ericsson/amos/moshell/commonjars/pm/PARAM_MSRBS_23.Q4.txt ...................................................................................Done.
Using imomdfile /opt/ericsson/amos/moshell/commonjars/pm/IMOMD_MSRBS_22.Q4.txt
Using imomfile /opt/ericsson/amos/moshell/commonjars/pm/IMOM_MSRBS_23.Q4.txt

Collecting Alarms...

====================================================================================================================
Date & Time (UTC)   S Specific Problem                    MO (AdditionalText/PC, AI)
====================================================================================================================
>>> Total: 0 Alarms (0 Critical, 0 Major)

M2SU6334A> 

M2SU6334A> uv sls_username > $user

sls_username              = gbadim1

$user = gbadim1

M2SU6334A> $date = `date +%y%m%d-%H%M`

$date = 240423-0600

M2SU6334A> $Node = `echo "$nodename" | cut -c 2-9`

$Node = 2SU6334A

M2SU6334A> $L21 = L

$L21 = L

M2SU6334A> $L19 = B

$L19 = B

M2SU6334A> $L7 = D

$L7 = D

M2SU6334A> $L6 = E

$L6 = E

M2SU6334A> $N6 = K

$N6 = K

M2SU6334A> $N25 = A

$N25 = A

M2SU6334A> $L25 = T

$L25 = T

M2SU6334A> $N19 = J

$N19 = J

M2SU6334A> $N71 = K

$N71 = K

M2SU6334A> $2C = .*2$

$2C = .*2$

M2SU6334A> $1C = .*1$

$1C = .*1$

M2SU6334A> $allcell = TDD|FDD|NRCellDU|Nbiot

$allcell = TDD|FDD|NRCellDU|Nbiot

M2SU6334A> $FDD = EUtranCellFDD=

$FDD = EUtranCellFDD=

M2SU6334A> $TDD = EUtranCellTDD=

$TDD = EUtranCellTDD=

M2SU6334A> $NRCell = NRCellDU=

$NRCell = NRCellDU=

M2SU6334A> $NRSec25 = NRSectorCarrier=25-

$NRSec25 = NRSectorCarrier=25-

M2SU6334A> $NRSec6 = NRSectorCarrier=6-

$NRSec6 = NRSectorCarrier=6-

M2SU6334A> $NRSec19 = NRSectorCarrier=19-

$NRSec19 = NRSectorCarrier=19-

M2SU6334A> $LTESec = SectorEquipmentFunction=

$LTESec = SectorEquipmentFunction=

M2SU6334A> 

M2SU6334A> ############################################################################################

M2SU6334A> #		Change JobName and any parameter that needs changing case by case basis    		   #

M2SU6334A> ############################################################################################

M2SU6334A> # 		PUT A # SIGN IN FRONT OF ANYTHING YOU DONT WANT TO USE ON THIS SCRIPT  			   #   

M2SU6334A> ############################################################################################

M2SU6334A>       

M2SU6334A> #$arfcnDL = 507708

M2SU6334A> #$jobname = Retune_Prechecks

M2SU6334A> 

M2SU6334A> ############################################################################################

M2SU6334A> #				Script Specifics - This is modifiable to your needs						   #

M2SU6334A> ############################################################################################

M2SU6334A> #	   FOR SETM COMMANDS YOU HAVE TO REMOVE THE GS+ AND GS- from the script                #

M2SU6334A> ############################################################################################

M2SU6334A> ###############################

M2SU6334A> #### PRECHECK / LOCK / CV #####

M2SU6334A> ###############################

M2SU6334A> 

M2SU6334A> 

M2SU6334A> lt all

240423-06:00:18-0500 11.69.147.42 24.0c MSRBS_NODE_MODEL_23.Q4_643.28133.125_0bc9 stopfile=/tmp/643990
Connected to 11.69.147.42 (SubNetwork=ONRM_ROOT_MO,SubNetwork=Philadelphia,MeContext=M2SU6334A,ManagedElement=M2SU6334A)

Last MO: 22269. Loaded 22269 MOs. Total: 22270 MOs.

M2SU6334A> pr vlanport=

240423-06:00:26-0500 11.69.147.42 24.0c MSRBS_NODE_MODEL_23.Q4_643.28133.125_0bc9 stopfile=/tmp/643990
===================================================================================
Proxy  MO
===================================================================================
22266  Transport=1,VlanPort=1468
22267  Transport=1,VlanPort=3468
22268  Transport=1,VlanPort=4001
22269  Transport=1,VlanPort=ERAN
===================================================================================
Total: 4 MOs

M2SU6334A> get address address

240423-06:00:26-0500 11.69.147.42 24.0c MSRBS_NODE_MODEL_23.Q4_643.28133.125_0bc9 stopfile=/tmp/643990
=================================================================================================================
MO                                                      Attribute         Value
=================================================================================================================
Router=LTE,InterfaceIPv4=LTE,AddressIPv4=1              address           42.197.147.58/27
Router=LTE,InterfaceIPv4=LTE,AddressIPv4=1              addressIPv4Id     1
Router=LTE,InterfaceIPv4=LTE,AddressIPv4=1              primaryAddress    true
Router=LTE,InterfaceIPv4=LTE,AddressIPv4=1              usedAddress       42.197.147.58/27
Router=Node_Internal_F1,InterfaceIPv4=NRCUCP,AddressIPv4=1 address           169.254.42.42/32
Router=Node_Internal_F1,InterfaceIPv4=NRCUCP,AddressIPv4=1 addressIPv4Id     1
Router=Node_Internal_F1,InterfaceIPv4=NRCUCP,AddressIPv4=1 primaryAddress    true
Router=Node_Internal_F1,InterfaceIPv4=NRCUCP,AddressIPv4=1 usedAddress       169.254.42.42/32
Router=Node_Internal_F1,InterfaceIPv4=NRDU,AddressIPv4=1 address           169.254.42.43/32
Router=Node_Internal_F1,InterfaceIPv4=NRDU,AddressIPv4=1 addressIPv4Id     1
Router=Node_Internal_F1,InterfaceIPv4=NRDU,AddressIPv4=1 primaryAddress    true
Router=Node_Internal_F1,InterfaceIPv4=NRDU,AddressIPv4=1 usedAddress       169.254.42.43/32
Router=vr_OAM,InterfaceIPv4=1,AddressIPv4=1             address           11.69.147.42/27
Router=vr_OAM,InterfaceIPv4=1,AddressIPv4=1             addressIPv4Id     1
Router=vr_OAM,InterfaceIPv4=1,AddressIPv4=1             primaryAddress    true
Router=vr_OAM,InterfaceIPv4=1,AddressIPv4=1             usedAddress       11.69.147.42/27
Router=vr_TRAFFIC,InterfaceIPv4=1,AddressIPv4=1         address           42.197.147.42/27
Router=vr_TRAFFIC,InterfaceIPv4=1,AddressIPv4=1         addressIPv4Id     1
Router=vr_TRAFFIC,InterfaceIPv4=1,AddressIPv4=1         primaryAddress    true
Router=vr_TRAFFIC,InterfaceIPv4=1,AddressIPv4=1         usedAddress       42.197.147.42/27
=================================================================================================================
Total: 5 MOs


M2SU6334A> st FDD|TDD|NRCellDU|NbIot

240423-06:00:27-0500 11.69.147.42 24.0c MSRBS_NODE_MODEL_23.Q4_643.28133.125_0bc9 stopfile=/tmp/643990
===================================================================================
Proxy  Adm State     Op. State     MO
===================================================================================
   44  1 (UNLOCKED)  1 (ENABLED)   ENodeBFunction=1,EUtranCellFDD=D2SU6334A11
  169  1 (UNLOCKED)  1 (ENABLED)   ENodeBFunction=1,EUtranCellFDD=D2SU6334A21
  325  1 (UNLOCKED)  1 (ENABLED)   ENodeBFunction=1,EUtranCellFDD=D2SU6334A31
 3244  1 (UNLOCKED)  1 (ENABLED)   GNBDUFunction=1,NRCellDU=K2SU6334A11
 3247  1 (UNLOCKED)  1 (ENABLED)   GNBDUFunction=1,NRCellDU=K2SU6334A21
 3250  1 (UNLOCKED)  1 (ENABLED)   GNBDUFunction=1,NRCellDU=K2SU6334A31
 3833  1 (UNLOCKED)                SystemFunctions=1,HealthCheckM=1,HcRule=ENodeBFunction_CheckNbiotCllRssiNpuschReadings
 3834  1 (UNLOCKED)                SystemFunctions=1,HealthCheckM=1,HcRule=ENodeBFunction_CheckNbiotCllSinrNpuschReadings
 3835  1 (UNLOCKED)                SystemFunctions=1,HealthCheckM=1,HcRule=ENodeBFunction_CheckNbiotCllStatus
===================================================================================
Total: 9 MOs

M2SU6334A> 

M2SU6334A> st termpointtognb=1

240423-06:00:27-0500 11.69.147.42 24.0c MSRBS_NODE_MODEL_23.Q4_643.28133.125_0bc9 stopfile=/tmp/643990
===================================================================================
Proxy  Adm State     Op. State     MO
===================================================================================
===================================================================================
Total: 0 MOs

M2SU6334A> get ^GNB.*=1 gNBId$

240423-06:00:27-0500 11.69.147.42 24.0c MSRBS_NODE_MODEL_23.Q4_643.28133.125_0bc9 stopfile=/tmp/643990
=================================================================================================================
MO                                                      Attribute         Value
=================================================================================================================
GNBCUCPFunction=1                                       gNBId             1333238
GNBCUUPFunction=1                                       gNBId             1333238
GNBDUFunction=1                                         gNBId             1333238
=================================================================================================================
Total: 3 MOs


M2SU6334A> get FUnction=1 nbid$

240423-06:00:28-0500 11.69.147.42 24.0c MSRBS_NODE_MODEL_23.Q4_643.28133.125_0bc9 stopfile=/tmp/643990
=================================================================================================================
MO                                                      Attribute         Value
=================================================================================================================
ENodeBFunction=1                                        eNBId             478460
GNBCUCPFunction=1                                       gNBId             1333238
GNBCUUPFunction=1                                       gNBId             1333238
GNBDUFunction=1                                         gNBId             1333238
=================================================================================================================
Total: 4 MOs


M2SU6334A> st term

240423-06:00:28-0500 11.69.147.42 24.0c MSRBS_NODE_MODEL_23.Q4_643.28133.125_0bc9 stopfile=/tmp/643990
===================================================================================
Proxy  Adm State     Op. State     MO
===================================================================================
  493  1 (UNLOCKED)  1 (ENABLED)   ENodeBFunction=1,EUtraNetwork=1,ExternalENodeBFunction=310260-123050,TermPointToENB=310260-123050
  498  1 (UNLOCKED)  1 (ENABLED)   ENodeBFunction=1,EUtraNetwork=1,ExternalENodeBFunction=310260-131508,TermPointToENB=310260-131508
  503  1 (UNLOCKED)  1 (ENABLED)   ENodeBFunction=1,EUtraNetwork=1,ExternalENodeBFunction=310260-131509,TermPointToENB=310260-131509
  508  1 (UNLOCKED)  1 (ENABLED)   ENodeBFunction=1,EUtraNetwork=1,ExternalENodeBFunction=310260-132092,TermPointToENB=310260-132092
  514  1 (UNLOCKED)  1 (ENABLED)   ENodeBFunction=1,EUtraNetwork=1,ExternalENodeBFunction=310260-132821,TermPointToENB=310260-132821
  522  1 (UNLOCKED)  1 (ENABLED)   ENodeBFunction=1,EUtraNetwork=1,ExternalENodeBFunction=310260-139078,TermPointToENB=310260-139078
  526  1 (UNLOCKED)  1 (ENABLED)   ENodeBFunction=1,EUtraNetwork=1,ExternalENodeBFunction=310260-139079,TermPointToENB=310260-139079
  529  1 (UNLOCKED)  1 (ENABLED)   ENodeBFunction=1,EUtraNetwork=1,ExternalENodeBFunction=310260-139208,TermPointToENB=310260-139208
  532  1 (UNLOCKED)  1 (ENABLED)   ENodeBFunction=1,EUtraNetwork=1,ExternalENodeBFunction=310260-139218,TermPointToENB=310260-139218
  535  0 (LOCKED)    0 (DISABLED)  ENodeBFunction=1,EUtraNetwork=1,ExternalENodeBFunction=310260-139223,TermPointToENB=310260-139223
  538  0 (LOCKED)    0 (DISABLED)  ENodeBFunction=1,EUtraNetwork=1,ExternalENodeBFunction=310260-139245,TermPointToENB=310260-139245
  542  0 (LOCKED)    0 (DISABLED)  ENodeBFunction=1,EUtraNetwork=1,ExternalENodeBFunction=310260-140110,TermPointToENB=310260-140110
  546  1 (UNLOCKED)  1 (ENABLED)   ENodeBFunction=1,EUtraNetwork=1,ExternalENodeBFunction=310260-140111,TermPointToENB=310260-140111
  548  1 (UNLOCKED)  1 (ENABLED)   ENodeBFunction=1,EUtraNetwork=1,ExternalENodeBFunction=310260-140114,TermPointToENB=310260-140114
  552  1 (UNLOCKED)  1 (ENABLED)   ENodeBFunction=1,EUtraNetwork=1,ExternalENodeBFunction=310260-140115,TermPointToENB=310260-140115
  557  1 (UNLOCKED)  1 (ENABLED)   ENodeBFunction=1,EUtraNetwork=1,ExternalENodeBFunction=310260-143315,TermPointToENB=310260-143315
  559  1 (UNLOCKED)  1 (ENABLED)   ENodeBFunction=1,EUtraNetwork=1,ExternalENodeBFunction=310260-143327,TermPointToENB=310260-143327
  564  1 (UNLOCKED)  1 (ENABLED)   ENodeBFunction=1,EUtraNetwork=1,ExternalENodeBFunction=310260-143841,TermPointToENB=310260-143841
  568  1 (UNLOCKED)  1 (ENABLED)   ENodeBFunction=1,EUtraNetwork=1,ExternalENodeBFunction=310260-144949,TermPointToENB=310260-144949
  571  1 (UNLOCKED)  1 (ENABLED)   ENodeBFunction=1,EUtraNetwork=1,ExternalENodeBFunction=310260-147116,TermPointToENB=310260-147116
  580  1 (UNLOCKED)  1 (ENABLED)   ENodeBFunction=1,EUtraNetwork=1,ExternalENodeBFunction=310260-147761,TermPointToENB=310260-147761
  586  1 (UNLOCKED)  1 (ENABLED)   ENodeBFunction=1,EUtraNetwork=1,ExternalENodeBFunction=310260-149129,TermPointToENB=310260-149129
  590  1 (UNLOCKED)  1 (ENABLED)   ENodeBFunction=1,EUtraNetwork=1,ExternalENodeBFunction=310260-306371,TermPointToENB=310260-306371
  596  1 (UNLOCKED)  1 (ENABLED)   ENodeBFunction=1,EUtraNetwork=1,ExternalENodeBFunction=310260-307582,TermPointToENB=310260-307582
  605  1 (UNLOCKED)  1 (ENABLED)   ENodeBFunction=1,EUtraNetwork=1,ExternalENodeBFunction=310260-42991,TermPointToENB=310260-42991
  609  1 (UNLOCKED)  1 (ENABLED)   ENodeBFunction=1,EUtraNetwork=1,ExternalENodeBFunction=310260-435332,TermPointToENB=310260-435332
  615  1 (UNLOCKED)  1 (ENABLED)   ENodeBFunction=1,EUtraNetwork=1,ExternalENodeBFunction=310260-475115,TermPointToENB=310260-475115
  618  1 (UNLOCKED)  1 (ENABLED)   ENodeBFunction=1,EUtraNetwork=1,ExternalENodeBFunction=310260-475811,TermPointToENB=310260-475811
  620  1 (UNLOCKED)  1 (ENABLED)   ENodeBFunction=1,EUtraNetwork=1,ExternalENodeBFunction=310260-476222,TermPointToENB=310260-476222
  623  1 (UNLOCKED)  1 (ENABLED)   ENodeBFunction=1,EUtraNetwork=1,ExternalENodeBFunction=310260-476224,TermPointToENB=310260-476224
  626  1 (UNLOCKED)  1 (ENABLED)   ENodeBFunction=1,EUtraNetwork=1,ExternalENodeBFunction=310260-477608,TermPointToENB=310260-477608
  629  1 (UNLOCKED)  1 (ENABLED)   ENodeBFunction=1,EUtraNetwork=1,ExternalENodeBFunction=310260-477731,TermPointToENB=310260-477731
  634  1 (UNLOCKED)  1 (ENABLED)   ENodeBFunction=1,EUtraNetwork=1,ExternalENodeBFunction=310260-477791,TermPointToENB=310260-477791
  643  1 (UNLOCKED)  1 (ENABLED)   ENodeBFunction=1,EUtraNetwork=1,ExternalENodeBFunction=310260-478282,TermPointToENB=310260-478282
  651  1 (UNLOCKED)  1 (ENABLED)   ENodeBFunction=1,EUtraNetwork=1,ExternalENodeBFunction=310260-52035,TermPointToENB=310260-52035
  654  1 (UNLOCKED)  1 (ENABLED)   ENodeBFunction=1,EUtraNetwork=1,ExternalENodeBFunction=310260-52766,TermPointToENB=310260-52766
  661  1 (UNLOCKED)  1 (ENABLED)   ENodeBFunction=1,EUtraNetwork=1,ExternalENodeBFunction=310260-54749,TermPointToENB=310260-54749
  666  1 (UNLOCKED)  1 (ENABLED)   ENodeBFunction=1,EUtraNetwork=1,ExternalENodeBFunction=310260-54792,TermPointToENB=310260-54792
  670  1 (UNLOCKED)  1 (ENABLED)   ENodeBFunction=1,EUtraNetwork=1,ExternalENodeBFunction=310260-54798,TermPointToENB=310260-54798
  674  1 (UNLOCKED)  1 (ENABLED)   ENodeBFunction=1,EUtraNetwork=1,ExternalENodeBFunction=310260-54800,TermPointToENB=310260-54800
  676                1 (ENABLED)   ENodeBFunction=1,EUtraNetwork=1,ExternalENodeBFunction=310260-54808,EranInterMeLink=1
  681  1 (UNLOCKED)  1 (ENABLED)   ENodeBFunction=1,EUtraNetwork=1,ExternalENodeBFunction=310260-54808,TermPointToENB=310260-54808
  687  1 (UNLOCKED)  1 (ENABLED)   ENodeBFunction=1,EUtraNetwork=1,ExternalENodeBFunction=310260-58688,TermPointToENB=310260-58688
  690  1 (UNLOCKED)  1 (ENABLED)   ENodeBFunction=1,EUtraNetwork=1,ExternalENodeBFunction=310260-58689,TermPointToENB=310260-58689
  695  1 (UNLOCKED)  1 (ENABLED)   ENodeBFunction=1,EUtraNetwork=1,ExternalENodeBFunction=310260-58692,TermPointToENB=310260-58692
  698  1 (UNLOCKED)  1 (ENABLED)   ENodeBFunction=1,EUtraNetwork=1,ExternalENodeBFunction=310260-58695,TermPointToENB=310260-58695
  703  1 (UNLOCKED)  1 (ENABLED)   ENodeBFunction=1,EUtraNetwork=1,ExternalENodeBFunction=310260-58697,TermPointToENB=310260-58697
  709  1 (UNLOCKED)  1 (ENABLED)   ENodeBFunction=1,EUtraNetwork=1,ExternalENodeBFunction=310260-58841,TermPointToENB=310260-58841
  712  1 (UNLOCKED)  1 (ENABLED)   ENodeBFunction=1,EUtraNetwork=1,ExternalENodeBFunction=310260-58956,TermPointToENB=310260-58956
  714  1 (UNLOCKED)  1 (ENABLED)   ENodeBFunction=1,EUtraNetwork=1,ExternalENodeBFunction=310260-875205,TermPointToENB=310260-875205
  719  1 (UNLOCKED)  1 (ENABLED)   ENodeBFunction=1,EUtraNetwork=1,ExternalENodeBFunction=310260-878697,TermPointToENB=310260-878697
  724  1 (UNLOCKED)  1 (ENABLED)   ENodeBFunction=1,EUtraNetwork=1,ExternalENodeBFunction=310260-890798,TermPointToENB=310260-890798
  730  1 (UNLOCKED)  1 (ENABLED)   ENodeBFunction=1,EUtraNetwork=1,ExternalENodeBFunction=310260-890800,TermPointToENB=310260-890800
 1028  1 (UNLOCKED)  1 (ENABLED)   ENodeBFunction=1,TermPointToMme=DC1vMME1
 1029  1 (UNLOCKED)  1 (ENABLED)   ENodeBFunction=1,TermPointToMme=DC1vMME2
 1030  1 (UNLOCKED)  1 (ENABLED)   ENodeBFunction=1,TermPointToMme=DC2vMME1
 1031  1 (UNLOCKED)  1 (ENABLED)   ENodeBFunction=1,TermPointToMme=NE1CMM01
 1032  1 (UNLOCKED)  1 (ENABLED)   ENodeBFunction=1,TermPointToMme=NE1vMME1
 1033  1 (UNLOCKED)  1 (ENABLED)   ENodeBFunction=1,TermPointToMme=NE1vMME2
 1034  1 (UNLOCKED)  1 (ENABLED)   ENodeBFunction=1,TermPointToMme=NE4vMME1
 1035  1 (UNLOCKED)  1 (ENABLED)   ENodeBFunction=1,TermPointToMme=PH2vMME1
 1036  1 (UNLOCKED)  1 (ENABLED)   ENodeBFunction=1,TermPointToMme=PH3nMME1
 1037  1 (UNLOCKED)  0 (DISABLED)  ENodeBFunction=1,TermPointToMme=PH3vMME1
 1038  1 (UNLOCKED)  1 (ENABLED)   ENodeBFunction=1,TermPointToMme=UP1vMME1
 1039  1 (UNLOCKED)  1 (ENABLED)   ENodeBFunction=1,TermPointToMme=UP2nMME1
 1040  1 (UNLOCKED)  1 (ENABLED)   ENodeBFunction=1,TermPointToMme=UP2vMME1
 1609  0 (LOCKED)    0 (DISABLED)  GNBCUCPFunction=1,EUtraNetwork=1,ExternalENodeBFunction=auto310_260_3_132092,TermPointToENodeB=auto1
 1611  0 (LOCKED)    0 (DISABLED)  GNBCUCPFunction=1,EUtraNetwork=1,ExternalENodeBFunction=auto310_260_3_133296,TermPointToENodeB=auto1
 1629  1 (UNLOCKED)  0 (DISABLED)  GNBCUCPFunction=1,EUtraNetwork=1,ExternalENodeBFunction=auto310_260_3_147116,TermPointToENodeB=auto1
 1636  1 (UNLOCKED)  1 (ENABLED)   GNBCUCPFunction=1,EUtraNetwork=1,ExternalENodeBFunction=auto310_260_3_147761,TermPointToENodeB=auto1
 1642  0 (LOCKED)    0 (DISABLED)  GNBCUCPFunction=1,EUtraNetwork=1,ExternalENodeBFunction=auto310_260_3_149129,TermPointToENodeB=auto1
 1646  1 (UNLOCKED)  1 (ENABLED)   GNBCUCPFunction=1,EUtraNetwork=1,ExternalENodeBFunction=auto310_260_3_307582,TermPointToENodeB=auto1
 1662  1 (UNLOCKED)  1 (ENABLED)   GNBCUCPFunction=1,EUtraNetwork=1,ExternalENodeBFunction=auto310_260_3_52035,TermPointToENodeB=auto1
 1665  0 (LOCKED)    0 (DISABLED)  GNBCUCPFunction=1,EUtraNetwork=1,ExternalENodeBFunction=auto310_260_3_54484,TermPointToENodeB=auto1
 1667  0 (LOCKED)    0 (DISABLED)  GNBCUCPFunction=1,EUtraNetwork=1,ExternalENodeBFunction=auto310_260_3_54749,TermPointToENodeB=auto1
 1669  1 (UNLOCKED)  1 (ENABLED)   GNBCUCPFunction=1,EUtraNetwork=1,ExternalENodeBFunction=auto310_260_3_54792,TermPointToENodeB=auto1
 1672  0 (LOCKED)    0 (DISABLED)  GNBCUCPFunction=1,EUtraNetwork=1,ExternalENodeBFunction=auto310_260_3_54800,TermPointToENodeB=auto1
 1676  1 (UNLOCKED)  1 (ENABLED)   GNBCUCPFunction=1,EUtraNetwork=1,ExternalENodeBFunction=auto310_260_3_54808,TermPointToENodeB=auto1
 1679  0 (LOCKED)    0 (DISABLED)  GNBCUCPFunction=1,EUtraNetwork=1,ExternalENodeBFunction=auto310_260_3_58688,TermPointToENodeB=auto1
 1681  0 (LOCKED)    0 (DISABLED)  GNBCUCPFunction=1,EUtraNetwork=1,ExternalENodeBFunction=auto310_260_3_58689,TermPointToENodeB=auto1
 1683  0 (LOCKED)    0 (DISABLED)  GNBCUCPFunction=1,EUtraNetwork=1,ExternalENodeBFunction=auto310_260_3_58692,TermPointToENodeB=auto1
 1686  0 (LOCKED)    0 (DISABLED)  GNBCUCPFunction=1,EUtraNetwork=1,ExternalENodeBFunction=auto310_260_3_58697,TermPointToENodeB=auto1
 1690  1 (UNLOCKED)  1 (ENABLED)   GNBCUCPFunction=1,EUtraNetwork=1,ExternalENodeBFunction=auto310_260_3_58841,TermPointToENodeB=auto1
 1692  0 (LOCKED)    0 (DISABLED)  GNBCUCPFunction=1,EUtraNetwork=1,ExternalENodeBFunction=auto310_260_3_58956,TermPointToENodeB=auto1
 1696  0 (LOCKED)    0 (DISABLED)  GNBCUCPFunction=1,EUtraNetwork=1,ExternalENodeBFunction=auto310_260_3_878697,TermPointToENodeB=auto1
 1699  0 (LOCKED)    0 (DISABLED)  GNBCUCPFunction=1,EUtraNetwork=1,ExternalENodeBFunction=auto310_260_3_890798,TermPointToENodeB=auto1
 2019  1 (UNLOCKED)  1 (ENABLED)   GNBCUCPFunction=1,NRNetwork=1,ExternalGNBCUCPFunction=auto310_260_3_1081627,TermPointToGNodeB=auto1
 2033  1 (UNLOCKED)  0 (DISABLED)  GNBCUCPFunction=1,NRNetwork=1,ExternalGNBCUCPFunction=auto310_260_3_1081693,TermPointToGNodeB=auto1
 2047  1 (UNLOCKED)  0 (DISABLED)  GNBCUCPFunction=1,NRNetwork=1,ExternalGNBCUCPFunction=auto310_260_3_1086310,TermPointToGNodeB=auto1
 2067  1 (UNLOCKED)  1 (ENABLED)   GNBCUCPFunction=1,NRNetwork=1,ExternalGNBCUCPFunction=auto310_260_3_1086312,TermPointToGNodeB=auto1
 2081  1 (UNLOCKED)  0 (DISABLED)  GNBCUCPFunction=1,NRNetwork=1,ExternalGNBCUCPFunction=auto310_260_3_1090133,TermPointToGNodeB=auto1
 2092  1 (UNLOCKED)  1 (ENABLED)   GNBCUCPFunction=1,NRNetwork=1,ExternalGNBCUCPFunction=auto310_260_3_1313539,TermPointToGNodeB=auto1
 2103  1 (UNLOCKED)  1 (ENABLED)   GNBCUCPFunction=1,NRNetwork=1,ExternalGNBCUCPFunction=auto310_260_3_1315414,TermPointToGNodeB=auto1
 2114  1 (UNLOCKED)  1 (ENABLED)   GNBCUCPFunction=1,NRNetwork=1,ExternalGNBCUCPFunction=auto310_260_3_1315842,TermPointToGNodeB=auto1
 2125  1 (UNLOCKED)  1 (ENABLED)   GNBCUCPFunction=1,NRNetwork=1,ExternalGNBCUCPFunction=auto310_260_3_1316037,TermPointToGNodeB=auto1
 2136  1 (UNLOCKED)  1 (ENABLED)   GNBCUCPFunction=1,NRNetwork=1,ExternalGNBCUCPFunction=auto310_260_3_1316041,TermPointToGNodeB=auto1
 2147  1 (UNLOCKED)  1 (ENABLED)   GNBCUCPFunction=1,NRNetwork=1,ExternalGNBCUCPFunction=auto310_260_3_1316231,TermPointToGNodeB=auto1
 2158  1 (UNLOCKED)  1 (ENABLED)   GNBCUCPFunction=1,NRNetwork=1,ExternalGNBCUCPFunction=auto310_260_3_1316353,TermPointToGNodeB=auto1
 2169  1 (UNLOCKED)  1 (ENABLED)   GNBCUCPFunction=1,NRNetwork=1,ExternalGNBCUCPFunction=auto310_260_3_1316354,TermPointToGNodeB=auto1
 2180  1 (UNLOCKED)  1 (ENABLED)   GNBCUCPFunction=1,NRNetwork=1,ExternalGNBCUCPFunction=auto310_260_3_1317658,TermPointToGNodeB=auto1
 2188  1 (UNLOCKED)  0 (DISABLED)  GNBCUCPFunction=1,NRNetwork=1,ExternalGNBCUCPFunction=auto310_260_3_1319462,TermPointToGNodeB=auto1
 2199  1 (UNLOCKED)  1 (ENABLED)   GNBCUCPFunction=1,NRNetwork=1,ExternalGNBCUCPFunction=auto310_260_3_1319870,TermPointToGNodeB=auto1
 2210  1 (UNLOCKED)  1 (ENABLED)   GNBCUCPFunction=1,NRNetwork=1,ExternalGNBCUCPFunction=auto310_260_3_1319872,TermPointToGNodeB=auto1
 2224  1 (UNLOCKED)  1 (ENABLED)   GNBCUCPFunction=1,NRNetwork=1,ExternalGNBCUCPFunction=auto310_260_3_1322547,TermPointToGNodeB=auto1
 2238  1 (UNLOCKED)  1 (ENABLED)   GNBCUCPFunction=1,NRNetwork=1,ExternalGNBCUCPFunction=auto310_260_3_1323576,TermPointToGNodeB=auto1
 2249  1 (UNLOCKED)  1 (ENABLED)   GNBCUCPFunction=1,NRNetwork=1,ExternalGNBCUCPFunction=auto310_260_3_1325000,TermPointToGNodeB=auto1
 2263  1 (UNLOCKED)  1 (ENABLED)   GNBCUCPFunction=1,NRNetwork=1,ExternalGNBCUCPFunction=auto310_260_3_1329025,TermPointToGNodeB=auto1
 2277  1 (UNLOCKED)  1 (ENABLED)   GNBCUCPFunction=1,NRNetwork=1,ExternalGNBCUCPFunction=auto310_260_3_1330582,TermPointToGNodeB=auto1
 2291  1 (UNLOCKED)  1 (ENABLED)   GNBCUCPFunction=1,NRNetwork=1,ExternalGNBCUCPFunction=auto310_260_3_1332743,TermPointToGNodeB=auto1
 2311  1 (UNLOCKED)  1 (ENABLED)   GNBCUCPFunction=1,NRNetwork=1,ExternalGNBCUCPFunction=auto310_260_3_1334230,TermPointToGNodeB=auto1
 2331  1 (UNLOCKED)  1 (ENABLED)   GNBCUCPFunction=1,NRNetwork=1,ExternalGNBCUCPFunction=auto310_260_3_1335323,TermPointToGNodeB=auto1
 2345  1 (UNLOCKED)  1 (ENABLED)   GNBCUCPFunction=1,NRNetwork=1,ExternalGNBCUCPFunction=auto310_260_3_1335632,TermPointToGNodeB=auto1
 2371  1 (UNLOCKED)  1 (ENABLED)   GNBCUCPFunction=1,NRNetwork=1,ExternalGNBCUCPFunction=auto310_260_3_1338497,TermPointToGNodeB=auto1
 2397  1 (UNLOCKED)  1 (ENABLED)   GNBCUCPFunction=1,NRNetwork=1,ExternalGNBCUCPFunction=auto310_260_3_1347239,TermPointToGNodeB=auto1
 2408  1 (UNLOCKED)  1 (ENABLED)   GNBCUCPFunction=1,NRNetwork=1,ExternalGNBCUCPFunction=auto310_260_3_1348420,TermPointToGNodeB=auto1
 2419  1 (UNLOCKED)  1 (ENABLED)   GNBCUCPFunction=1,NRNetwork=1,ExternalGNBCUCPFunction=auto310_260_3_1350108,TermPointToGNodeB=auto1
 2439  1 (UNLOCKED)  1 (ENABLED)   GNBCUCPFunction=1,NRNetwork=1,ExternalGNBCUCPFunction=auto310_260_3_1350507,TermPointToGNodeB=auto1
 2465  1 (UNLOCKED)  1 (ENABLED)   GNBCUCPFunction=1,NRNetwork=1,ExternalGNBCUCPFunction=auto310_260_3_1352459,TermPointToGNodeB=auto1
 2487  1 (UNLOCKED)  1 (ENABLED)   GNBCUCPFunction=1,NRNetwork=1,ExternalGNBCUCPFunction=auto310_260_3_1353366,TermPointToGNodeB=auto1
 2504  1 (UNLOCKED)  0 (DISABLED)  GNBCUCPFunction=1,NRNetwork=1,ExternalGNBCUCPFunction=auto310_260_3_1353415,TermPointToGNodeB=auto1
 2521  1 (UNLOCKED)  1 (ENABLED)   GNBCUCPFunction=1,NRNetwork=1,ExternalGNBCUCPFunction=auto310_260_3_1366351,TermPointToGNodeB=auto1
 2538  1 (UNLOCKED)  0 (DISABLED)  GNBCUCPFunction=1,NRNetwork=1,ExternalGNBCUCPFunction=auto310_260_3_1366401,TermPointToGNodeB=auto1
 2560  1 (UNLOCKED)  1 (ENABLED)   GNBCUCPFunction=1,NRNetwork=1,ExternalGNBCUCPFunction=auto310_260_3_1367778,TermPointToGNodeB=auto1
 2582  1 (UNLOCKED)  1 (ENABLED)   GNBCUCPFunction=1,NRNetwork=1,ExternalGNBCUCPFunction=auto310_260_3_1367790,TermPointToGNodeB=auto1
 2602  1 (UNLOCKED)  1 (ENABLED)   GNBCUCPFunction=1,NRNetwork=1,ExternalGNBCUCPFunction=auto310_260_3_1369605,TermPointToGNodeB=auto1
 2613  1 (UNLOCKED)  1 (ENABLED)   GNBCUCPFunction=1,NRNetwork=1,ExternalGNBCUCPFunction=auto310_260_3_1371066,TermPointToGNodeB=auto1
 2669  1 (UNLOCKED)  1 (ENABLED)   GNBCUCPFunction=1,TermPointToAmf=DC1AMF01
 2671  1 (UNLOCKED)  1 (ENABLED)   GNBCUCPFunction=1,TermPointToAmf=DC2AMF01
 2673  1 (UNLOCKED)  1 (ENABLED)   GNBCUCPFunction=1,TermPointToAmf=DC2AMF02
 2675  1 (UNLOCKED)  1 (ENABLED)   GNBCUCPFunction=1,TermPointToAmf=NE1CMM01
 2677  1 (UNLOCKED)  1 (ENABLED)   GNBCUCPFunction=1,TermPointToAmf=NE3AMF01
 2679  1 (UNLOCKED)  1 (ENABLED)   GNBCUCPFunction=1,TermPointToAmf=NE4AMF01
 2681  1 (UNLOCKED)  1 (ENABLED)   GNBCUCPFunction=1,TermPointToAmf=NE4AMF02
 2683  1 (UNLOCKED)  1 (ENABLED)   GNBCUCPFunction=1,TermPointToAmf=PH1AMF01
 2685  1 (UNLOCKED)  1 (ENABLED)   GNBCUCPFunction=1,TermPointToAmf=PH2AMF01
 2687  1 (UNLOCKED)  1 (ENABLED)   GNBCUCPFunction=1,TermPointToAmf=PH2AMF02
 2689  1 (UNLOCKED)  1 (ENABLED)   GNBCUCPFunction=1,TermPointToAmf=PH3AMF01
 2691  1 (UNLOCKED)  1 (ENABLED)   GNBCUCPFunction=1,TermPointToAmf=UP1AMF01
 2693  1 (UNLOCKED)  1 (ENABLED)   GNBCUCPFunction=1,TermPointToAmf=UP2AMF01
 2695  1 (UNLOCKED)  1 (ENABLED)   GNBCUCPFunction=1,TermPointToAmf=UP2AMF02
 2697                1 (ENABLED)   GNBCUCPFunction=1,TermPointToGNBDU=1
 3332  1 (UNLOCKED)  1 (ENABLED)   GNBDUFunction=1,TermPointToGNBCUCP=1
===================================================================================
Total: 142 MOs

M2SU6334A> 

M2SU6334A> enm cmedit get *$Node* 

240423-06:00:36-0500 11.69.147.42 24.0c MSRBS_NODE_MODEL_23.Q4_643.28133.125_0bc9 stopfile=/tmp/643990


Not allowed to run from amosbatch.


M2SU6334A> enm cmedit get *$Node* AddressIPv4.(*) -t

240423-06:00:36-0500 11.69.147.42 24.0c MSRBS_NODE_MODEL_23.Q4_643.28133.125_0bc9 stopfile=/tmp/643990


Not allowed to run from amosbatch.


M2SU6334A> 

M2SU6334A> hget AddressIPv4 ^address$

240423-06:00:36-0500 11.69.147.42 24.0c MSRBS_NODE_MODEL_23.Q4_643.28133.125_0bc9 stopfile=/tmp/643990
.
=================================================================================================================
MO                                                         address         
=================================================================================================================
Router=LTE,InterfaceIPv4=LTE,AddressIPv4=1                 42.197.147.58/27
Router=Node_Internal_F1,InterfaceIPv4=NRCUCP,AddressIPv4=1 169.254.42.42/32
Router=Node_Internal_F1,InterfaceIPv4=NRDU,AddressIPv4=1   169.254.42.43/32
Router=vr_OAM,InterfaceIPv4=1,AddressIPv4=1                11.69.147.42/27 
Router=vr_TRAFFIC,InterfaceIPv4=1,AddressIPv4=1            42.197.147.42/27
=================================================================================================================
Total: 5 MOs

Added 5 MOs to group: hget_group

M2SU6334A> 

M2SU6334A> pmxz NRCell PMENDCSETUPUEATT$|PMENDCSETUPUESUCC$ -m 10

240423-06:00:36-0500 11.69.147.42 24.0c MSRBS_NODE_MODEL_23.Q4_643.28133.125_0bc9 stopfile=/tmp/643990
Parsing PM cache: /home/shared/gbadim1/moshell/jarxml/PMCACHE_MSRBS_NODE_MODEL_23.Q4_643.28133.125_0bc9.txt.gz ... Done.

.......................
get /rop/A20240423.0030-0045_M2SU6334A.xml.gz /ericsson/log/amos/moshell_logfiles/gbadim1/logs_moshell/pmfiles/11.69.147.42/rop/A20240423.0030-0045_M2SU6334A.xml.gz ... OK
get /rop/A20240423.0045-0100_M2SU6334A.xml.gz /ericsson/log/amos/moshell_logfiles/gbadim1/logs_moshell/pmfiles/11.69.147.42/rop/A20240423.0045-0100_M2SU6334A.xml.gz ... OK
get /rop/A20240423.0100-0115_M2SU6334A.xml.gz /ericsson/log/amos/moshell_logfiles/gbadim1/logs_moshell/pmfiles/11.69.147.42/rop/A20240423.0100-0115_M2SU6334A.xml.gz ... OK
get /rop/A20240423.0115-0130_M2SU6334A.xml.gz /ericsson/log/amos/moshell_logfiles/gbadim1/logs_moshell/pmfiles/11.69.147.42/rop/A20240423.0115-0130_M2SU6334A.xml.gz ... OK
get /rop/A20240423.0130-0145_M2SU6334A.xml.gz /ericsson/log/amos/moshell_logfiles/gbadim1/logs_moshell/pmfiles/11.69.147.42/rop/A20240423.0130-0145_M2SU6334A.xml.gz ... OK
get /rop/A20240423.0145-0200_M2SU6334A.xml.gz /ericsson/log/amos/moshell_logfiles/gbadim1/logs_moshell/pmfiles/11.69.147.42/rop/A20240423.0145-0200_M2SU6334A.xml.gz ... OK
get /rop/A20240423.0200-0215_M2SU6334A.xml.gz /ericsson/log/amos/moshell_logfiles/gbadim1/logs_moshell/pmfiles/11.69.147.42/rop/A20240423.0200-0215_M2SU6334A.xml.gz ... OK
get /rop/A20240423.0215-0230_M2SU6334A.xml.gz /ericsson/log/amos/moshell_logfiles/gbadim1/logs_moshell/pmfiles/11.69.147.42/rop/A20240423.0215-0230_M2SU6334A.xml.gz ... OK
get /rop/A20240423.0230-0245_M2SU6334A.xml.gz /ericsson/log/amos/moshell_logfiles/gbadim1/logs_moshell/pmfiles/11.69.147.42/rop/A20240423.0230-0245_M2SU6334A.xml.gz ... OK
get /rop/A20240423.0245-0300_M2SU6334A.xml.gz /ericsson/log/amos/moshell_logfiles/gbadim1/logs_moshell/pmfiles/11.69.147.42/rop/A20240423.0245-0300_M2SU6334A.xml.gz ... OK
get /rop/A20240423.0300-0315_M2SU6334A.xml.gz /ericsson/log/amos/moshell_logfiles/gbadim1/logs_moshell/pmfiles/11.69.147.42/rop/A20240423.0300-0315_M2SU6334A.xml.gz ... OK
get /rop/A20240423.0315-0330_M2SU6334A.xml.gz /ericsson/log/amos/moshell_logfiles/gbadim1/logs_moshell/pmfiles/11.69.147.42/rop/A20240423.0315-0330_M2SU6334A.xml.gz ... OK
get /rop/A20240423.0345-0400_M2SU6334A.xml.gz /ericsson/log/amos/moshell_logfiles/gbadim1/logs_moshell/pmfiles/11.69.147.42/rop/A20240423.0345-0400_M2SU6334A.xml.gz ... OK
get /rop/A20240423.0400-0415_M2SU6334A.xml.gz /ericsson/log/amos/moshell_logfiles/gbadim1/logs_moshell/pmfiles/11.69.147.42/rop/A20240423.0400-0415_M2SU6334A.xml.gz ... OK
get /rop/A20240423.0415-0430_M2SU6334A.xml.gz /ericsson/log/amos/moshell_logfiles/gbadim1/logs_moshell/pmfiles/11.69.147.42/rop/A20240423.0415-0430_M2SU6334A.xml.gz ... OK
get /rop/A20240423.0430-0445_M2SU6334A.xml.gz /ericsson/log/amos/moshell_logfiles/gbadim1/logs_moshell/pmfiles/11.69.147.42/rop/A20240423.0430-0445_M2SU6334A.xml.gz ... OK
get /rop/A20240423.0445-0500_M2SU6334A.xml.gz /ericsson/log/amos/moshell_logfiles/gbadim1/logs_moshell/pmfiles/11.69.147.42/rop/A20240423.0445-0500_M2SU6334A.xml.gz ... OK
get /rop/A20240423.0500-0515_M2SU6334A.xml.gz /ericsson/log/amos/moshell_logfiles/gbadim1/logs_moshell/pmfiles/11.69.147.42/rop/A20240423.0500-0515_M2SU6334A.xml.gz ... OK
get /rop/A20240423.0515-0530_M2SU6334A.xml.gz /ericsson/log/amos/moshell_logfiles/gbadim1/logs_moshell/pmfiles/11.69.147.42/rop/A20240423.0515-0530_M2SU6334A.xml.gz ... OK
get /rop/A20240423.0530-0545_M2SU6334A.xml.gz /ericsson/log/amos/moshell_logfiles/gbadim1/logs_moshell/pmfiles/11.69.147.42/rop/A20240423.0530-0545_M2SU6334A.xml.gz ... OK
get /rop/A20240423.0545-0600_M2SU6334A.xml.gz /ericsson/log/amos/moshell_logfiles/gbadim1/logs_moshell/pmfiles/11.69.147.42/rop/A20240423.0545-0600_M2SU6334A.xml.gz ... OK
get /rop/A20240423.0600-0615_M2SU6334A.xml.gz /ericsson/log/amos/moshell_logfiles/gbadim1/logs_moshell/pmfiles/11.69.147.42/rop/A20240423.0600-0615_M2SU6334A.xml.gz ... OK
get /rop/A20240423.0615-0630_M2SU6334A.xml.gz /ericsson/log/amos/moshell_logfiles/gbadim1/logs_moshell/pmfiles/11.69.147.42/rop/A20240423.0615-0630_M2SU6334A.xml.gz ... OK
get /rop/A20240423.0630-0645_M2SU6334A.xml.gz /ericsson/log/amos/moshell_logfiles/gbadim1/logs_moshell/pmfiles/11.69.147.42/rop/A20240423.0630-0645_M2SU6334A.xml.gz ... OK
get /rop/A20240423.0645-0700_M2SU6334A.xml.gz /ericsson/log/amos/moshell_logfiles/gbadim1/logs_moshell/pmfiles/11.69.147.42/rop/A20240423.0645-0700_M2SU6334A.xml.gz ... OK
get /rop/A20240423.0700-0715_M2SU6334A.xml.gz /ericsson/log/amos/moshell_logfiles/gbadim1/logs_moshell/pmfiles/11.69.147.42/rop/A20240423.0700-0715_M2SU6334A.xml.gz ... OK
get /rop/A20240423.0715-0730_M2SU6334A.xml.gz /ericsson/log/amos/moshell_logfiles/gbadim1/logs_moshell/pmfiles/11.69.147.42/rop/A20240423.0715-0730_M2SU6334A.xml.gz ... OK
get /rop/A20240423.0730-0745_M2SU6334A.xml.gz /ericsson/log/amos/moshell_logfiles/gbadim1/logs_moshell/pmfiles/11.69.147.42/rop/A20240423.0730-0745_M2SU6334A.xml.gz ... OK
get /rop/A20240423.0745-0800_M2SU6334A.xml.gz /ericsson/log/amos/moshell_logfiles/gbadim1/logs_moshell/pmfiles/11.69.147.42/rop/A20240423.0745-0800_M2SU6334A.xml.gz ... OK
get /rop/A20240423.0800-0815_M2SU6334A.xml.gz /ericsson/log/amos/moshell_logfiles/gbadim1/logs_moshell/pmfiles/11.69.147.42/rop/A20240423.0800-0815_M2SU6334A.xml.gz ... OK
get /rop/A20240423.0815-0830_M2SU6334A.xml.gz /ericsson/log/amos/moshell_logfiles/gbadim1/logs_moshell/pmfiles/11.69.147.42/rop/A20240423.0815-0830_M2SU6334A.xml.gz ... OK
get /rop/A20240423.0830-0845_M2SU6334A.xml.gz /ericsson/log/amos/moshell_logfiles/gbadim1/logs_moshell/pmfiles/11.69.147.42/rop/A20240423.0830-0845_M2SU6334A.xml.gz ... OK
get /rop/A20240423.0845-0900_M2SU6334A.xml.gz /ericsson/log/amos/moshell_logfiles/gbadim1/logs_moshell/pmfiles/11.69.147.42/rop/A20240423.0845-0900_M2SU6334A.xml.gz ... OK
get /rop/A20240423.0900-0915_M2SU6334A.xml.gz /ericsson/log/amos/moshell_logfiles/gbadim1/logs_moshell/pmfiles/11.69.147.42/rop/A20240423.0900-0915_M2SU6334A.xml.gz ... OK
get /rop/A20240423.0915-0930_M2SU6334A.xml.gz /ericsson/log/amos/moshell_logfiles/gbadim1/logs_moshell/pmfiles/11.69.147.42/rop/A20240423.0915-0930_M2SU6334A.xml.gz ... OK
get /rop/A20240423.0930-0945_M2SU6334A.xml.gz /ericsson/log/amos/moshell_logfiles/gbadim1/logs_moshell/pmfiles/11.69.147.42/rop/A20240423.0930-0945_M2SU6334A.xml.gz ... OK
get /rop/A20240423.0945-1000_M2SU6334A.xml.gz /ericsson/log/amos/moshell_logfiles/gbadim1/logs_moshell/pmfiles/11.69.147.42/rop/A20240423.0945-1000_M2SU6334A.xml.gz ... OK
get /rop/A20240423.1000-1015_M2SU6334A.xml.gz /ericsson/log/amos/moshell_logfiles/gbadim1/logs_moshell/pmfiles/11.69.147.42/rop/A20240423.1000-1015_M2SU6334A.xml.gz ... OK
get /rop/A20240423.1015-1030_M2SU6334A.xml.gz /ericsson/log/amos/moshell_logfiles/gbadim1/logs_moshell/pmfiles/11.69.147.42/rop/A20240423.1015-1030_M2SU6334A.xml.gz ... OK
get /rop/A20240423.1030-1045_M2SU6334A.xml.gz /ericsson/log/amos/moshell_logfiles/gbadim1/logs_moshell/pmfiles/11.69.147.42/rop/A20240423.1030-1045_M2SU6334A.xml.gz ... OK
get /rop/A20240423.1045-1100_M2SU6334A.xml.gz /ericsson/log/amos/moshell_logfiles/gbadim1/logs_moshell/pmfiles/11.69.147.42/rop/A20240423.1045-1100_M2SU6334A.xml.gz ... OK

(gzip -dc /ericsson/log/amos/moshell_logfiles/gbadim1/logs_moshell/pmfiles/11.69.147.42/rop/A20240423.0100-0115_M2SU6334A.xml.gz /ericsson/log/amos/moshell_logfiles/gbadim1/logs_moshell/pmfiles/11.69.147.42/rop/A20240423.0115-0130_M2SU6334A.xml.gz /ericsson/log/amos/moshell_logfiles/gbadim1/logs_moshell/pmfiles/11.69.147.42/rop/A20240423.0130-0145_M2SU6334A.xml.gz /ericsson/log/amos/moshell_logfiles/gbadim1/logs_moshell/pmfiles/11.69.147.42/rop/A20240423.0145-0200_M2SU6334A.xml.gz /ericsson/log/amos/moshell_logfiles/gbadim1/logs_moshell/pmfiles/11.69.147.42/rop/A20240423.0200-0215_M2SU6334A.xml.gz /ericsson/log/amos/moshell_logfiles/gbadim1/logs_moshell/pmfiles/11.69.147.42/rop/A20240423.0215-0230_M2SU6334A.xml.gz /ericsson/log/amos/moshell_logfiles/gbadim1/logs_moshell/pmfiles/11.69.147.42/rop/A20240423.0230-0245_M2SU6334A.xml.gz /ericsson/log/amos/moshell_logfiles/gbadim1/logs_moshell/pmfiles/11.69.147.42/rop/A20240423.0245-0300_M2SU6334A.xml.gz /ericsson/log/amos/moshell_logfiles/gbadim1/logs_moshell/pmfiles/11.69.147.42/rop/A20240423.0300-0315_M2SU6334A.xml.gz /ericsson/log/amos/moshell_logfiles/gbadim1/logs_moshell/pmfiles/11.69.147.42/rop/A20240423.0315-0330_M2SU6334A.xml.gz /ericsson/log/amos/moshell_logfiles/gbadim1/logs_moshell/pmfiles/11.69.147.42/rop/A20240423.0345-0400_M2SU6334A.xml.gz /ericsson/log/amos/moshell_logfiles/gbadim1/logs_moshell/pmfiles/11.69.147.42/rop/A20240423.0400-0415_M2SU6334A.xml.gz /ericsson/log/amos/moshell_logfiles/gbadim1/logs_moshell/pmfiles/11.69.147.42/rop/A20240423.0415-0430_M2SU6334A.xml.gz /ericsson/log/amos/moshell_logfiles/gbadim1/logs_moshell/pmfiles/11.69.147.42/rop/A20240423.0430-0445_M2SU6334A.xml.gz /ericsson/log/amos/moshell_logfiles/gbadim1/logs_moshell/pmfiles/11.69.147.42/rop/A20240423.0445-0500_M2SU6334A.xml.gz /ericsson/log/amos/moshell_logfiles/gbadim1/logs_moshell/pmfiles/11.69.147.42/rop/A20240423.0500-0515_M2SU6334A.xml.gz /ericsson/log/amos/moshell_logfiles/gbadim1/logs_moshell/pmfiles/11.69.147.42/rop/A20240423.0515-0530_M2SU6334A.xml.gz /ericsson/log/amos/moshell_logfiles/gbadim1/logs_moshell/pmfiles/11.69.147.42/rop/A20240423.0530-0545_M2SU6334A.xml.gz /ericsson/log/amos/moshell_logfiles/gbadim1/logs_moshell/pmfiles/11.69.147.42/rop/A20240423.0545-0600_M2SU6334A.xml.gz /ericsson/log/amos/moshell_logfiles/gbadim1/logs_moshell/pmfiles/11.69.147.42/rop/A20240423.0600-0615_M2SU6334A.xml.gz /ericsson/log/amos/moshell_logfiles/gbadim1/logs_moshell/pmfiles/11.69.147.42/rop/A20240423.0615-0630_M2SU6334A.xml.gz /ericsson/log/amos/moshell_logfiles/gbadim1/logs_moshell/pmfiles/11.69.147.42/rop/A20240423.0630-0645_M2SU6334A.xml.gz /ericsson/log/amos/moshell_logfiles/gbadim1/logs_moshell/pmfiles/11.69.147.42/rop/A20240423.0645-0700_M2SU6334A.xml.gz /ericsson/log/amos/moshell_logfiles/gbadim1/logs_moshell/pmfiles/11.69.147.42/rop/A20240423.0700-0715_M2SU6334A.xml.gz /ericsson/log/amos/moshell_logfiles/gbadim1/logs_moshell/pmfiles/11.69.147.42/rop/A20240423.0715-0730_M2SU6334A.xml.gz /ericsson/log/amos/moshell_logfiles/gbadim1/logs_moshell/pmfiles/11.69.147.42/rop/A20240423.0730-0745_M2SU6334A.xml.gz /ericsson/log/amos/moshell_logfiles/gbadim1/logs_moshell/pmfiles/11.69.147.42/rop/A20240423.0745-0800_M2SU6334A.xml.gz /ericsson/log/amos/moshell_logfiles/gbadim1/logs_moshell/pmfiles/11.69.147.42/rop/A20240423.0800-0815_M2SU6334A.xml.gz /ericsson/log/amos/moshell_logfiles/gbadim1/logs_moshell/pmfiles/11.69.147.42/rop/A20240423.0815-0830_M2SU6334A.xml.gz /ericsson/log/amos/moshell_logfiles/gbadim1/logs_moshell/pmfiles/11.69.147.42/rop/A20240423.0830-0845_M2SU6334A.xml.gz /ericsson/log/amos/moshell_logfiles/gbadim1/logs_moshell/pmfiles/11.69.147.42/rop/A20240423.0845-0900_M2SU6334A.xml.gz /ericsson/log/amos/moshell_logfiles/gbadim1/logs_moshell/pmfiles/11.69.147.42/rop/A20240423.0900-0915_M2SU6334A.xml.gz /ericsson/log/amos/moshell_logfiles/gbadim1/logs_moshell/pmfiles/11.69.147.42/rop/A20240423.0915-0930_M2SU6334A.xml.gz /ericsson/log/amos/moshell_logfiles/gbadim1/logs_moshell/pmfiles/11.69.147.42/rop/A20240423.0930-0945_M2SU6334A.xml.gz /ericsson/log/amos/moshell_logfiles/gbadim1/logs_moshell/pmfiles/11.69.147.42/rop/A20240423.0945-1000_M2SU6334A.xml.gz /ericsson/log/amos/moshell_logfiles/gbadim1/logs_moshell/pmfiles/11.69.147.42/rop/A20240423.1000-1015_M2SU6334A.xml.gz /ericsson/log/amos/moshell_logfiles/gbadim1/logs_moshell/pmfiles/11.69.147.42/rop/A20240423.1015-1030_M2SU6334A.xml.gz /ericsson/log/amos/moshell_logfiles/gbadim1/logs_moshell/pmfiles/11.69.147.42/rop/A20240423.1030-1045_M2SU6334A.xml.gz /ericsson/log/amos/moshell_logfiles/gbadim1/logs_moshell/pmfiles/11.69.147.42/rop/A20240423.1045-1100_M2SU6334A.xml.gz | LANG=C LC_ALL=C /opt/ericsson/amos/moshell/gawk -vusergawk="LANG=C LC_ALL=C /opt/ericsson/amos/moshell/gawk" -f /opt/ericsson/amos/moshell/commonjars/pmExtract.awk  "nrcell" "PMENDCSETUPUEATT$|PMENDCSETUPUESUCC$"   | sort | uniq | /usr/bin/perl /opt/ericsson/amos/moshell/pmXtab -q -pval 0 -mom /var/tmp/20240423-060001_643479/pmxmomLog643990  -cols time -fmt txt -m "[M]anagedElement=[^,]+,(?:\w+=1,){0,1}((\w+=[^,]+,*)+$)"  )2>&1 | tee -a /ericsson/log/amos/moshell_logfiles/gbadim1/logs_moshell/sessionlog/240423-060008_M2SU6334A.log

Report from 2024-04-23 01:00 UTC to 2024-04-23 10:59 UTC (39 ropfiles)
Node SW: CXP2010174/1_R82C53 (23.Q4.0-3)

Date: 2024-04-22, 2024-04-23
Object               Counter            20:00  20:15  20:30  20:45  21:00  21:15  21:30  21:45  22:00  22:15  22:45  23:00  23:15  23:30  23:45  00:00  00:15  00:30  00:45  01:00  01:15  01:30  01:45  02:00  02:15  02:30  02:45  03:00  03:15  03:30  03:45  04:00  04:15  04:30  04:45  05:00  05:15  05:30  05:45
NRCellCU=K2SU6334A11 pmEndcSetupUeAtt      18     23     30     12     24     46     19     28      0      0      0      0      0     14     32     31     31     32     39     22     25     27     32     25     31     35     37     32     36     28     47     37     42     31     29     38     40     39     36
NRCellCU=K2SU6334A11 pmEndcSetupUeSucc     18     23     30     12     24     46     19     28      0      0      0      0      0     14     32     30     31     32     39     22     25     27     31     25     31     35     37     32     36     28     47     37     42     31     29     38     40     39     36
NRCellCU=K2SU6334A21 pmEndcSetupUeAtt     135    102     76     65    117     77    125    151      0      0      0      0      0     29     58    129    121     95    124    122     97    117    109    201    113     85    130    170    154    166    125    204    159    154    140    112    104    121     88
NRCellCU=K2SU6334A21 pmEndcSetupUeSucc    133    100     76     65    117     77    121    151      0      0      0      0      0     29     56    129    121     95    124    122     97    117    109    199    113     85    130    169    152    166    125    203    149    152    139    111    103    120     80
NRCellCU=K2SU6334A31 pmEndcSetupUeAtt      48     54     50     47     55     42     45     41      0      0      0      0      0     16     43     53     52     67     38     22     11     17     15     17     21      5      2     12     22     26     35     48     66     95     83     54     30     59     44
NRCellCU=K2SU6334A31 pmEndcSetupUeSucc     48     54     50     47     55     42     44     41      0      0      0      0      0     16     43     53     52     67     38     22     11     16     15     17     21      5      2     12     22     26     35     48     66     95     83     54     30     58     38


M2SU6334A> ue print -admitted
Checking available boards on node...

Collecting RCS board data ...
.......................................................................
..
.....
240423-06:01:43-0500 11.69.147.42 24.0c MSRBS_NODE_MODEL_23.Q4_643.28133.125_0bc9 stopfile=/tmp/643990
coli>/lrat/ue print -admitted
CellId  #UE:s  #Bearers  
   4       4        8
   5      10       22
   6       4        7
coli>/rc/nrat/ue print -admitted
NrNrDc: uehId:4 ues:0
NrNrDc: uehId:5 ues:0
NrNrDc: uehId:6 ues:0
NrNrDc: uehId:7 ues:0
NrEnDc: uehId:4 ues:2
NrEnDc: uehId:5 ues:3
NrEnDc: uehId:6 ues:3
NrEnDc: uehId:7 ues:2
Nr: uehId:4 ues:1
Nr: uehId:5 ues:1
Nr: uehId:6 ues:1
Nr: uehId:7 ues:1
coli>/rpc/nrat/ue print -admitted
uehId:6 ues:0
uehId:7 ues:3
uehId:8 ues:3
uehId:9 ues:4
uehId:10 ues:3
coli>

M2SU6334A> 

M2SU6334A> ############################################################################################

M2SU6334A> #		 Post Script CV and unset of all variables - This is modifiable to your needs      #

M2SU6334A> ############################################################################################

M2SU6334A> 

M2SU6334A> 

M2SU6334A> l-

Log close: /ericsson/log/amos/moshell_logfiles/gbadim1/logs_moshell/sessionlog/240423-060008_M2SU6334A.log

M2SU6334A> confb-

M2SU6334A> gs-

Perform a get before set = disabled

M2SU6334A> 

M2SU6334A> 

M2SU6334A> #cvms post_$jobname_$date

M2SU6334A> 

M2SU6334A> #Keep the unset all after the cv so the variables can be used

M2SU6334A> unset all 

M2SU6334A> 

M2SU6334A> #cmedit set NetworkElement=M7BAN764A,ComConnectivityInformation=1 ipAddress=11.242.0.98#
Bye...
Output has been logged to file /home/shared/common/Overnight_Work/Rehomes/Postchecks/M2SU6334A.log
