Logging to file /home/shared/common/Overnight_Work/Rehomes/Postchecks/N2WY8821A.log
                        __  __  ____   _____
                  /\   |  \/  |/ __ \ / ____|
                 /  \  | \  / | |  | | (___  
                / /\ \ | |\/| | |  | |\___ \ 
               / ____ \| |  | | |__| |____) |
              /_/    \_\_|  |_|\____/|_____/
              OSS Framework for MoShell-23.0n 
  Copyright (c) Ericsson AB 2001-2023 - All Rights Reserved
              
           
[1;31mWARNING: [0mthe AMOS version currently running is more than 25 weeks old and is unsupported.
Please upgrade as soon as possible to the latest released version, available from your local Ericsson support.

$amosrb_pid = 1693391

Checking ip contact...OK

HELP MENU            : h
BASIC MO COMMANDS    : m
OTHER MO COMMANDS    : n
OTHER COMMANDS       : o
PM COMMANDS          : p
QUIT                 : q

N2WY8821A> ############################################################################################

N2WY8821A> #				Script Foundation - Leave this for all scripts							   #

N2WY8821A> ############################################################################################

N2WY8821A> 

N2WY8821A> confb+

N2WY8821A> gs+

Perform a get before set = enabled

N2WY8821A> unset all

N2WY8821A> l+

Logging to file: /ericsson/log/amos/moshell_logfiles/gbadim1/logs_moshell/sessionlog/240416-060006_N2WY8821A.log

N2WY8821A> 

N2WY8821A> alt

240416-06:00:06-0500 11.69.147.171 23.0n  stopfile=/tmp/1692688
Looking up temporary_amos account... OK.
Trying temporary_amos_gbadim1_146's password from amos lookupAccount ... OK

$ssh_pid = 1693963

Connected to 11.69.147.171 (SubNetwork=ONRM_ROOT_MO,SubNetwork=Philadelphia,MeContext=N2WY8821A,ManagedElement=N2WY8821A)

Checking MOM version...MSRBS_NODE_MODEL_23.Q4_643.28133.125_0bc9
Parsing MOM (cached): /var/tmp/20240416-060001_1692490/MSRBS_NODE_MODEL_23.Q4_643.28133.125_0bc9.xml.cache.gz ...........................................................................................................................................................................................................Done.
Using paramfile /opt/ericsson/amos/moshell/commonjars/pm/PARAM_MSRBS_23.Q2.txt
Parsing file /opt/ericsson/amos/moshell/commonjars/pm/PARAM_MSRBS_23.Q2.txt ...............................................................................Done.
Using imomdfile /opt/ericsson/amos/moshell/commonjars/pm/IMOMD_MSRBS_22.Q4.txt
Using imomfile /opt/ericsson/amos/moshell/commonjars/pm/IMOM_MSRBS_23.Q3.txt

Collecting Alarms...

====================================================================================================================
Date & Time (UTC)   S Specific Problem                    MO (Cause/AdditionalInfo)
====================================================================================================================
>>> Total: 0 Alarms (0 Critical, 0 Major)

N2WY8821A> 

N2WY8821A> uv sls_username > $user

sls_username              = gbadim1

$user = gbadim1

N2WY8821A> $date = `date +%y%m%d-%H%M`

$date = 240416-0600

N2WY8821A> $Node = `echo "$nodename" | cut -c 2-9`

$Node = 2WY8821A

N2WY8821A> $L21 = L

$L21 = L

N2WY8821A> $L19 = B

$L19 = B

N2WY8821A> $L7 = D

$L7 = D

N2WY8821A> $L6 = E

$L6 = E

N2WY8821A> $N6 = K

$N6 = K

N2WY8821A> $N25 = A

$N25 = A

N2WY8821A> $L25 = T

$L25 = T

N2WY8821A> $N19 = J

$N19 = J

N2WY8821A> $N71 = K

$N71 = K

N2WY8821A> $2C = .*2$

$2C = .*2$

N2WY8821A> $1C = .*1$

$1C = .*1$

N2WY8821A> $allcell = TDD|FDD|NRCellDU|Nbiot

$allcell = TDD|FDD|NRCellDU|Nbiot

N2WY8821A> $FDD = EUtranCellFDD=

$FDD = EUtranCellFDD=

N2WY8821A> $TDD = EUtranCellTDD=

$TDD = EUtranCellTDD=

N2WY8821A> $NRCell = NRCellDU=

$NRCell = NRCellDU=

N2WY8821A> $NRSec25 = NRSectorCarrier=25-

$NRSec25 = NRSectorCarrier=25-

N2WY8821A> $NRSec6 = NRSectorCarrier=6-

$NRSec6 = NRSectorCarrier=6-

N2WY8821A> $NRSec19 = NRSectorCarrier=19-

$NRSec19 = NRSectorCarrier=19-

N2WY8821A> $LTESec = SectorEquipmentFunction=

$LTESec = SectorEquipmentFunction=

N2WY8821A> 

N2WY8821A> ############################################################################################

N2WY8821A> #		Change JobName and any parameter that needs changing case by case basis    		   #

N2WY8821A> ############################################################################################

N2WY8821A> # 		PUT A # SIGN IN FRONT OF ANYTHING YOU DONT WANT TO USE ON THIS SCRIPT  			   #   

N2WY8821A> ############################################################################################

N2WY8821A>       

N2WY8821A> #$arfcnDL = 507708

N2WY8821A> #$jobname = Retune_Prechecks

N2WY8821A> 

N2WY8821A> ############################################################################################

N2WY8821A> #				Script Specifics - This is modifiable to your needs						   #

N2WY8821A> ############################################################################################

N2WY8821A> #	   FOR SETM COMMANDS YOU HAVE TO REMOVE THE GS+ AND GS- from the script                #

N2WY8821A> ############################################################################################

N2WY8821A> ###############################

N2WY8821A> #### PRECHECK / LOCK / CV #####

N2WY8821A> ###############################

N2WY8821A> 

N2WY8821A> 

N2WY8821A> lt all

240416-06:00:15-0500 11.69.147.171 23.0n MSRBS_NODE_MODEL_23.Q4_643.28133.125_0bc9 stopfile=/tmp/1692688
Connected to 11.69.147.171 (SubNetwork=ONRM_ROOT_MO,SubNetwork=Philadelphia,MeContext=N2WY8821A,ManagedElement=N2WY8821A)

Last MO: 15793. Loaded 15793 MOs. Total: 15794 MOs.

N2WY8821A> pr vlanport=

240416-06:00:19-0500 11.69.147.171 23.0n MSRBS_NODE_MODEL_23.Q4_643.28133.125_0bc9 stopfile=/tmp/1692688
===================================================================================
Proxy  MO
===================================================================================
15790  Transport=1,VlanPort=3402
15791  Transport=1,VlanPort=4001
15792  Transport=1,VlanPort=ERAN
15793  Transport=1,VlanPort=ERAN_NR
===================================================================================
Total: 4 MOs

N2WY8821A> get address address

240416-06:00:19-0500 11.69.147.171 23.0n MSRBS_NODE_MODEL_23.Q4_643.28133.125_0bc9 stopfile=/tmp/1692688
=================================================================================================================
MO                                                      Attribute         Value
=================================================================================================================
Router=Node_Internal_F1,InterfaceIPv4=NRCUCP,AddressIPv4=1 address           169.254.42.42/32
Router=Node_Internal_F1,InterfaceIPv4=NRCUCP,AddressIPv4=1 addressIPv4Id     1
Router=Node_Internal_F1,InterfaceIPv4=NRCUCP,AddressIPv4=1 primaryAddress    true
Router=Node_Internal_F1,InterfaceIPv4=NRCUCP,AddressIPv4=1 usedAddress       169.254.42.42/32
Router=Node_Internal_F1,InterfaceIPv4=NRDU,AddressIPv4=1 address           169.254.42.43/32
Router=Node_Internal_F1,InterfaceIPv4=NRDU,AddressIPv4=1 addressIPv4Id     1
Router=Node_Internal_F1,InterfaceIPv4=NRDU,AddressIPv4=1 primaryAddress    true
Router=Node_Internal_F1,InterfaceIPv4=NRDU,AddressIPv4=1 usedAddress       169.254.42.43/32
Router=vr_OAM,InterfaceIPv4=1,AddressIPv4=1             address           11.69.147.171/27
Router=vr_OAM,InterfaceIPv4=1,AddressIPv4=1             addressIPv4Id     1
Router=vr_OAM,InterfaceIPv4=1,AddressIPv4=1             primaryAddress    true
Router=vr_OAM,InterfaceIPv4=1,AddressIPv4=1             usedAddress       11.69.147.171/27
Router=vr_TRAFFIC,InterfaceIPv4=1,AddressIPv4=1         address           42.197.147.171/27
Router=vr_TRAFFIC,InterfaceIPv4=1,AddressIPv4=1         addressIPv4Id     1
Router=vr_TRAFFIC,InterfaceIPv4=1,AddressIPv4=1         primaryAddress    true
Router=vr_TRAFFIC,InterfaceIPv4=1,AddressIPv4=1         usedAddress       42.197.147.171/27
=================================================================================================================
Total: 4 MOs


N2WY8821A> st FDD|TDD|NRCellDU|NbIot

240416-06:00:20-0500 11.69.147.171 23.0n MSRBS_NODE_MODEL_23.Q4_643.28133.125_0bc9 stopfile=/tmp/1692688
===================================================================================
Proxy  Adm State     Op. State     MO
===================================================================================
 2032  1 (UNLOCKED)  1 (ENABLED)   GNBDUFunction=1,NRCellDU=A2WY8821A11
 2035  1 (UNLOCKED)  1 (ENABLED)   GNBDUFunction=1,NRCellDU=A2WY8821A12
 2038  1 (UNLOCKED)  1 (ENABLED)   GNBDUFunction=1,NRCellDU=A2WY8821A21
 2041  1 (UNLOCKED)  1 (ENABLED)   GNBDUFunction=1,NRCellDU=A2WY8821A22
 2044  1 (UNLOCKED)  1 (ENABLED)   GNBDUFunction=1,NRCellDU=A2WY8821A31
 2047  1 (UNLOCKED)  1 (ENABLED)   GNBDUFunction=1,NRCellDU=A2WY8821A32
 2637  1 (UNLOCKED)                SystemFunctions=1,HealthCheckM=1,HcRule=ENodeBFunction_CheckNbiotCllRssiNpuschReadings
 2638  1 (UNLOCKED)                SystemFunctions=1,HealthCheckM=1,HcRule=ENodeBFunction_CheckNbiotCllSinrNpuschReadings
 2639  1 (UNLOCKED)                SystemFunctions=1,HealthCheckM=1,HcRule=ENodeBFunction_CheckNbiotCllStatus
===================================================================================
Total: 9 MOs

N2WY8821A> 

N2WY8821A> st termpointtognb=1

240416-06:00:20-0500 11.69.147.171 23.0n MSRBS_NODE_MODEL_23.Q4_643.28133.125_0bc9 stopfile=/tmp/1692688
===================================================================================
Proxy  Adm State     Op. State     MO
===================================================================================
===================================================================================
Total: 0 MOs

N2WY8821A> get ^GNB.*=1 gNBId$

240416-06:00:20-0500 11.69.147.171 23.0n MSRBS_NODE_MODEL_23.Q4_643.28133.125_0bc9 stopfile=/tmp/1692688
=================================================================================================================
MO                                                      Attribute         Value
=================================================================================================================
GNBCUCPFunction=1                                       gNBId             1081707
GNBCUUPFunction=1                                       gNBId             1081707
GNBDUFunction=1                                         gNBId             1081707
=================================================================================================================
Total: 3 MOs


N2WY8821A> get FUnction=1 nbid$

240416-06:00:21-0500 11.69.147.171 23.0n MSRBS_NODE_MODEL_23.Q4_643.28133.125_0bc9 stopfile=/tmp/1692688
=================================================================================================================
MO                                                      Attribute         Value
=================================================================================================================
GNBCUCPFunction=1                                       gNBId             1081707
GNBCUUPFunction=1                                       gNBId             1081707
GNBDUFunction=1                                         gNBId             1081707
ExtGNBDUPartnerFunction=1352466                         gNBId             1352466
=================================================================================================================
Total: 4 MOs


N2WY8821A> st term

240416-06:00:21-0500 11.69.147.171 23.0n MSRBS_NODE_MODEL_23.Q4_643.28133.125_0bc9 stopfile=/tmp/1692688
===================================================================================
Proxy  Adm State     Op. State     MO
===================================================================================
  224  1 (UNLOCKED)  1 (ENABLED)   GNBCUCPFunction=1,EUtraNetwork=1,ExternalENodeBFunction=auto310_260_3_132092,TermPointToENodeB=auto1
  227  1 (UNLOCKED)  1 (ENABLED)   GNBCUCPFunction=1,EUtraNetwork=1,ExternalENodeBFunction=auto310_260_3_138206,TermPointToENodeB=auto1
  230  1 (UNLOCKED)  0 (DISABLED)  GNBCUCPFunction=1,EUtraNetwork=1,ExternalENodeBFunction=auto310_260_3_149129,TermPointToENodeB=auto1
  232  0 (LOCKED)    0 (DISABLED)  GNBCUCPFunction=1,EUtraNetwork=1,ExternalENodeBFunction=auto310_260_3_149725,TermPointToENodeB=auto1
  238  0 (LOCKED)    0 (DISABLED)  GNBCUCPFunction=1,EUtraNetwork=1,ExternalENodeBFunction=auto310_260_3_315337,TermPointToENodeB=auto1
  240  0 (LOCKED)    0 (DISABLED)  GNBCUCPFunction=1,EUtraNetwork=1,ExternalENodeBFunction=auto310_260_3_326122,TermPointToENodeB=auto1
  256  1 (UNLOCKED)  1 (ENABLED)   GNBCUCPFunction=1,EUtraNetwork=1,ExternalENodeBFunction=auto310_260_3_343007,TermPointToENodeB=auto1
  258  1 (UNLOCKED)  1 (ENABLED)   GNBCUCPFunction=1,EUtraNetwork=1,ExternalENodeBFunction=auto310_260_3_347683,TermPointToENodeB=auto1
  260  0 (LOCKED)    0 (DISABLED)  GNBCUCPFunction=1,EUtraNetwork=1,ExternalENodeBFunction=auto310_260_3_43459,TermPointToENodeB=auto1
  263  1 (UNLOCKED)  1 (ENABLED)   GNBCUCPFunction=1,EUtraNetwork=1,ExternalENodeBFunction=auto310_260_3_43802,TermPointToENodeB=auto1
  265  1 (UNLOCKED)  0 (DISABLED)  GNBCUCPFunction=1,EUtraNetwork=1,ExternalENodeBFunction=auto310_260_3_46650,TermPointToENodeB=auto1
  267  1 (UNLOCKED)  1 (ENABLED)   GNBCUCPFunction=1,EUtraNetwork=1,ExternalENodeBFunction=auto310_260_3_475589,TermPointToENodeB=auto1
  269  0 (LOCKED)    0 (DISABLED)  GNBCUCPFunction=1,EUtraNetwork=1,ExternalENodeBFunction=auto310_260_3_476222,TermPointToENodeB=auto1
  271  0 (LOCKED)    0 (DISABLED)  GNBCUCPFunction=1,EUtraNetwork=1,ExternalENodeBFunction=auto310_260_3_477608,TermPointToENodeB=auto1
  273  0 (LOCKED)    0 (DISABLED)  GNBCUCPFunction=1,EUtraNetwork=1,ExternalENodeBFunction=auto310_260_3_478626,TermPointToENodeB=auto1
  275  0 (LOCKED)    0 (DISABLED)  GNBCUCPFunction=1,EUtraNetwork=1,ExternalENodeBFunction=auto310_260_3_48531,TermPointToENodeB=auto1
  278  1 (UNLOCKED)  1 (ENABLED)   GNBCUCPFunction=1,EUtraNetwork=1,ExternalENodeBFunction=auto310_260_3_49582,TermPointToENodeB=auto1
  280  0 (LOCKED)    0 (DISABLED)  GNBCUCPFunction=1,EUtraNetwork=1,ExternalENodeBFunction=auto310_260_3_49585,TermPointToENodeB=auto1
  284  1 (UNLOCKED)  1 (ENABLED)   GNBCUCPFunction=1,EUtraNetwork=1,ExternalENodeBFunction=auto310_260_3_51099,TermPointToENodeB=auto1
  290  1 (UNLOCKED)  1 (ENABLED)   GNBCUCPFunction=1,EUtraNetwork=1,ExternalENodeBFunction=auto310_260_3_52766,TermPointToENodeB=auto1
  296  0 (LOCKED)    0 (DISABLED)  GNBCUCPFunction=1,EUtraNetwork=1,ExternalENodeBFunction=auto310_260_3_55420,TermPointToENodeB=auto1
  299  0 (LOCKED)    0 (DISABLED)  GNBCUCPFunction=1,EUtraNetwork=1,ExternalENodeBFunction=auto310_260_3_55454,TermPointToENodeB=auto1
  301  1 (UNLOCKED)  1 (ENABLED)   GNBCUCPFunction=1,EUtraNetwork=1,ExternalENodeBFunction=auto310_260_3_56386,TermPointToENodeB=auto1
  305  0 (LOCKED)    0 (DISABLED)  GNBCUCPFunction=1,EUtraNetwork=1,ExternalENodeBFunction=auto310_260_3_58688,TermPointToENodeB=auto1
  307  0 (LOCKED)    0 (DISABLED)  GNBCUCPFunction=1,EUtraNetwork=1,ExternalENodeBFunction=auto310_260_3_58696,TermPointToENodeB=auto1
  309  0 (LOCKED)    0 (DISABLED)  GNBCUCPFunction=1,EUtraNetwork=1,ExternalENodeBFunction=auto310_260_3_878697,TermPointToENodeB=auto1
  311  0 (LOCKED)    0 (DISABLED)  GNBCUCPFunction=1,EUtraNetwork=1,ExternalENodeBFunction=auto310_260_3_890798,TermPointToENodeB=auto1
  765  1 (UNLOCKED)  0 (DISABLED)  GNBCUCPFunction=1,NRNetwork=1,ExternalGNBCUCPFunction=auto310_260_3_1088747,TermPointToGNodeB=auto1
  776  1 (UNLOCKED)  0 (DISABLED)  GNBCUCPFunction=1,NRNetwork=1,ExternalGNBCUCPFunction=auto310_260_3_1316042,TermPointToGNodeB=auto1
  787  1 (UNLOCKED)  1 (ENABLED)   GNBCUCPFunction=1,NRNetwork=1,ExternalGNBCUCPFunction=auto310_260_3_1316231,TermPointToGNodeB=auto1
  798  1 (UNLOCKED)  0 (DISABLED)  GNBCUCPFunction=1,NRNetwork=1,ExternalGNBCUCPFunction=auto310_260_3_1316353,TermPointToGNodeB=auto1
  809  1 (UNLOCKED)  0 (DISABLED)  GNBCUCPFunction=1,NRNetwork=1,ExternalGNBCUCPFunction=auto310_260_3_1317658,TermPointToGNodeB=auto1
  820  1 (UNLOCKED)  0 (DISABLED)  GNBCUCPFunction=1,NRNetwork=1,ExternalGNBCUCPFunction=auto310_260_3_1318693,TermPointToGNodeB=auto1
  831  1 (UNLOCKED)  0 (DISABLED)  GNBCUCPFunction=1,NRNetwork=1,ExternalGNBCUCPFunction=auto310_260_3_1321529,TermPointToGNodeB=auto1
  845  1 (UNLOCKED)  0 (DISABLED)  GNBCUCPFunction=1,NRNetwork=1,ExternalGNBCUCPFunction=auto310_260_3_1322547,TermPointToGNodeB=auto1
  859  1 (UNLOCKED)  0 (DISABLED)  GNBCUCPFunction=1,NRNetwork=1,ExternalGNBCUCPFunction=auto310_260_3_1323576,TermPointToGNodeB=auto1
  879  1 (UNLOCKED)  1 (ENABLED)   GNBCUCPFunction=1,NRNetwork=1,ExternalGNBCUCPFunction=auto310_260_3_1323661,TermPointToGNodeB=auto1
  893  1 (UNLOCKED)  0 (DISABLED)  GNBCUCPFunction=1,NRNetwork=1,ExternalGNBCUCPFunction=auto310_260_3_1324604,TermPointToGNodeB=auto1
  901  1 (UNLOCKED)  0 (DISABLED)  GNBCUCPFunction=1,NRNetwork=1,ExternalGNBCUCPFunction=auto310_260_3_1325241,TermPointToGNodeB=auto1
  912  1 (UNLOCKED)  1 (ENABLED)   GNBCUCPFunction=1,NRNetwork=1,ExternalGNBCUCPFunction=auto310_260_3_1326566,TermPointToGNodeB=auto1
  932  1 (UNLOCKED)  1 (ENABLED)   GNBCUCPFunction=1,NRNetwork=1,ExternalGNBCUCPFunction=auto310_260_3_1326567,TermPointToGNodeB=auto1
  946  1 (UNLOCKED)  0 (DISABLED)  GNBCUCPFunction=1,NRNetwork=1,ExternalGNBCUCPFunction=auto310_260_3_1329025,TermPointToGNodeB=auto1
  960  1 (UNLOCKED)  1 (ENABLED)   GNBCUCPFunction=1,NRNetwork=1,ExternalGNBCUCPFunction=auto310_260_3_1331319,TermPointToGNodeB=auto1
  974  1 (UNLOCKED)  0 (DISABLED)  GNBCUCPFunction=1,NRNetwork=1,ExternalGNBCUCPFunction=auto310_260_3_1332743,TermPointToGNodeB=auto1
  994  1 (UNLOCKED)  0 (DISABLED)  GNBCUCPFunction=1,NRNetwork=1,ExternalGNBCUCPFunction=auto310_260_3_1335559,TermPointToGNodeB=auto1
 1020  1 (UNLOCKED)  1 (ENABLED)   GNBCUCPFunction=1,NRNetwork=1,ExternalGNBCUCPFunction=auto310_260_3_1335631,TermPointToGNodeB=auto1
 1034  1 (UNLOCKED)  1 (ENABLED)   GNBCUCPFunction=1,NRNetwork=1,ExternalGNBCUCPFunction=auto310_260_3_1335632,TermPointToGNodeB=auto1
 1060  1 (UNLOCKED)  0 (DISABLED)  GNBCUCPFunction=1,NRNetwork=1,ExternalGNBCUCPFunction=auto310_260_3_1338497,TermPointToGNodeB=auto1
 1086  1 (UNLOCKED)  0 (DISABLED)  GNBCUCPFunction=1,NRNetwork=1,ExternalGNBCUCPFunction=auto310_260_3_1342621,TermPointToGNodeB=auto1
 1112  1 (UNLOCKED)  1 (ENABLED)   GNBCUCPFunction=1,NRNetwork=1,ExternalGNBCUCPFunction=auto310_260_3_1342890,TermPointToGNodeB=auto1
 1132  1 (UNLOCKED)  1 (ENABLED)   GNBCUCPFunction=1,NRNetwork=1,ExternalGNBCUCPFunction=auto310_260_3_1343351,TermPointToGNodeB=auto1
 1152  1 (UNLOCKED)  1 (ENABLED)   GNBCUCPFunction=1,NRNetwork=1,ExternalGNBCUCPFunction=auto310_260_3_1344929,TermPointToGNodeB=auto1
 1172  1 (UNLOCKED)  0 (DISABLED)  GNBCUCPFunction=1,NRNetwork=1,ExternalGNBCUCPFunction=auto310_260_3_1349459,TermPointToGNodeB=auto1
 1198  1 (UNLOCKED)  1 (ENABLED)   GNBCUCPFunction=1,NRNetwork=1,ExternalGNBCUCPFunction=auto310_260_3_1349759,TermPointToGNodeB=auto1
 1209  1 (UNLOCKED)  0 (DISABLED)  GNBCUCPFunction=1,NRNetwork=1,ExternalGNBCUCPFunction=auto310_260_3_1350108,TermPointToGNodeB=auto1
 1229  1 (UNLOCKED)  1 (ENABLED)   GNBCUCPFunction=1,NRNetwork=1,ExternalGNBCUCPFunction=auto310_260_3_1350663,TermPointToGNodeB=auto1
 1243  1 (UNLOCKED)  1 (ENABLED)   GNBCUCPFunction=1,NRNetwork=1,ExternalGNBCUCPFunction=auto310_260_3_1351143,TermPointToGNodeB=auto1
 1272  1 (UNLOCKED)  1 (ENABLED)   GNBCUCPFunction=1,NRNetwork=1,ExternalGNBCUCPFunction=auto310_260_3_1352466,TermPointToGNodeB=auto1
 1294  1 (UNLOCKED)  1 (ENABLED)   GNBCUCPFunction=1,NRNetwork=1,ExternalGNBCUCPFunction=auto310_260_3_1353366,TermPointToGNodeB=auto1
 1316  1 (UNLOCKED)  0 (DISABLED)  GNBCUCPFunction=1,NRNetwork=1,ExternalGNBCUCPFunction=auto310_260_3_1353369,TermPointToGNodeB=auto1
 1338  1 (UNLOCKED)  0 (DISABLED)  GNBCUCPFunction=1,NRNetwork=1,ExternalGNBCUCPFunction=auto310_260_3_1353370,TermPointToGNodeB=auto1
 1355  1 (UNLOCKED)  1 (ENABLED)   GNBCUCPFunction=1,NRNetwork=1,ExternalGNBCUCPFunction=auto310_260_3_1353374,TermPointToGNodeB=auto1
 1372  1 (UNLOCKED)  0 (DISABLED)  GNBCUCPFunction=1,NRNetwork=1,ExternalGNBCUCPFunction=auto310_260_3_1353375,TermPointToGNodeB=auto1
 1389  1 (UNLOCKED)  1 (ENABLED)   GNBCUCPFunction=1,NRNetwork=1,ExternalGNBCUCPFunction=auto310_260_3_1366406,TermPointToGNodeB=auto1
 1409  1 (UNLOCKED)  0 (DISABLED)  GNBCUCPFunction=1,NRNetwork=1,ExternalGNBCUCPFunction=auto310_260_3_1367210,TermPointToGNodeB=auto1
 1429  1 (UNLOCKED)  1 (ENABLED)   GNBCUCPFunction=1,NRNetwork=1,ExternalGNBCUCPFunction=auto310_260_3_1369605,TermPointToGNodeB=auto1
 1451  1 (UNLOCKED)  1 (ENABLED)   GNBCUCPFunction=1,NRNetwork=1,ExternalGNBCUCPFunction=auto310_260_3_1370080,TermPointToGNodeB=auto1
 1471  1 (UNLOCKED)  1 (ENABLED)   GNBCUCPFunction=1,NRNetwork=1,ExternalGNBCUCPFunction=auto310_260_3_1370862,TermPointToGNodeB=auto1
 1491  1 (UNLOCKED)  1 (ENABLED)   GNBCUCPFunction=1,NRNetwork=1,ExternalGNBCUCPFunction=auto310_260_3_1372209,TermPointToGNodeB=auto1
 1511  1 (UNLOCKED)  1 (ENABLED)   GNBCUCPFunction=1,NRNetwork=1,ExternalGNBCUCPFunction=auto310_260_3_1372211,TermPointToGNodeB=auto1
 1561  1 (UNLOCKED)  1 (ENABLED)   GNBCUCPFunction=1,TermPointToAmf=DC1AMF01
 1563  1 (UNLOCKED)  1 (ENABLED)   GNBCUCPFunction=1,TermPointToAmf=DC2AMF01
 1565  1 (UNLOCKED)  1 (ENABLED)   GNBCUCPFunction=1,TermPointToAmf=DC2AMF02
 1567  1 (UNLOCKED)  1 (ENABLED)   GNBCUCPFunction=1,TermPointToAmf=NE1CMM01
 1569  1 (UNLOCKED)  1 (ENABLED)   GNBCUCPFunction=1,TermPointToAmf=NE3AMF01
 1571  1 (UNLOCKED)  1 (ENABLED)   GNBCUCPFunction=1,TermPointToAmf=NE4AMF01
 1573  1 (UNLOCKED)  1 (ENABLED)   GNBCUCPFunction=1,TermPointToAmf=NE4AMF02
 1575  1 (UNLOCKED)  1 (ENABLED)   GNBCUCPFunction=1,TermPointToAmf=PH1AMF01
 1577  1 (UNLOCKED)  1 (ENABLED)   GNBCUCPFunction=1,TermPointToAmf=PH2AMF01
 1579  1 (UNLOCKED)  1 (ENABLED)   GNBCUCPFunction=1,TermPointToAmf=PH2AMF02
 1581  1 (UNLOCKED)  1 (ENABLED)   GNBCUCPFunction=1,TermPointToAmf=PH3AMF01
 1583  1 (UNLOCKED)  1 (ENABLED)   GNBCUCPFunction=1,TermPointToAmf=UP1AMF01
 1585  1 (UNLOCKED)  1 (ENABLED)   GNBCUCPFunction=1,TermPointToAmf=UP2AMF01
 1587  1 (UNLOCKED)  1 (ENABLED)   GNBCUCPFunction=1,TermPointToAmf=UP2AMF02
 1589                1 (ENABLED)   GNBCUCPFunction=1,TermPointToGNBDU=1
 2026                1 (ENABLED)   GNBDUFunction=1,ExtGNBDUPartnerFunction=1352466,InterMeLink=1
 2027                1 (ENABLED)   GNBDUFunction=1,ExtGNBDUPartnerFunction=1352466,InterMeLink=2
 2137  1 (UNLOCKED)  1 (ENABLED)   GNBDUFunction=1,TermPointToGNBCUCP=1
===================================================================================
Total: 88 MOs

N2WY8821A> 

N2WY8821A> enm cmedit get *$Node* 

240416-06:00:25-0500 11.69.147.171 23.0n MSRBS_NODE_MODEL_23.Q4_643.28133.125_0bc9 stopfile=/tmp/1692688

Traceback (most recent call last):
  File "/var/tmp/20240416-060001_1692490/cmedit.py", line 3, in <module>
    mes = session.terminal().execute("cmedit get *2WY8821A*")
  File "/usr/lib64/python3.6/site-packages/enmscripting/terminal/terminal.py", line 40, in execute
    return self._handler.execute(command_str, file, timeout_seconds)
  File "/usr/lib64/python3.6/site-packages/enmscripting/private/executionhandler.py", line 117, in execute
    response = self._command_post(command_str, file)
  File "/usr/lib64/python3.6/site-packages/enmscripting/private/executionhandler.py", line 156, in _command_post
    response = self._session_post(file_data=file_data, req_data=req_data)
  File "/usr/lib64/python3.6/site-packages/enmscripting/private/executionhandler.py", line 265, in _session_post
    allow_redirects=self._allow_redirects)
  File "/usr/lib64/python3.6/site-packages/enmscripting/private/retry.py", line 44, in _wrap
    return Retry(attempts, on_fail_func, accept_func).call(func, *args, **kwargs)
  File "/usr/lib64/python3.6/site-packages/enmscripting/private/retry.py", line 91, in call
    return result.return_raise_result()
  File "/usr/lib64/python3.6/site-packages/enmscripting/private/retry.py", line 122, in return_raise_result
    six.reraise(self._result[0], self._result[1], self._result[2])
  File "/usr/lib/python3.6/site-packages/six.py", line 703, in reraise
    raise value
  File "/usr/lib64/python3.6/site-packages/enmscripting/private/retry.py", line 86, in call
    result = Result(f(*args, **kwargs))
  File "/usr/lib64/python3.6/site-packages/enmscripting/private/session.py", line 268, in post
    return super(InternalSession, self).post(url, data=data, **kwargs)
  File "/usr/lib64/python3.6/site-packages/enmscripting/private/retry.py", line 44, in _wrap
    return Retry(attempts, on_fail_func, accept_func).call(func, *args, **kwargs)
  File "/usr/lib64/python3.6/site-packages/enmscripting/private/retry.py", line 90, in call
    if self.accept(result.get_result()):
  File "/usr/lib64/python3.6/site-packages/enmscripting/private/session.py", line 184, in _accept_response_post
    _raise_session_timeout_exception()
  File "/usr/lib64/python3.6/site-packages/enmscripting/private/session.py", line 117, in _raise_session_timeout_exception
    % datetime.datetime.utcnow().isoformat())
enmscripting.exceptions.SessionTimeoutException: Session timeout error: The script has failed to run at [2024-04-16T11:00:26.229836] as the session timeout has expired.

N2WY8821A> enm cmedit get *$Node* AddressIPv4.(*) -t

240416-06:00:26-0500 11.69.147.171 23.0n MSRBS_NODE_MODEL_23.Q4_643.28133.125_0bc9 stopfile=/tmp/1692688

Traceback (most recent call last):
  File "/var/tmp/20240416-060001_1692490/cmedit.py", line 3, in <module>
    mes = session.terminal().execute("cmedit get *2WY8821A* AddressIPv4.(*) -t")
  File "/usr/lib64/python3.6/site-packages/enmscripting/terminal/terminal.py", line 40, in execute
    return self._handler.execute(command_str, file, timeout_seconds)
  File "/usr/lib64/python3.6/site-packages/enmscripting/private/executionhandler.py", line 117, in execute
    response = self._command_post(command_str, file)
  File "/usr/lib64/python3.6/site-packages/enmscripting/private/executionhandler.py", line 156, in _command_post
    response = self._session_post(file_data=file_data, req_data=req_data)
  File "/usr/lib64/python3.6/site-packages/enmscripting/private/executionhandler.py", line 265, in _session_post
    allow_redirects=self._allow_redirects)
  File "/usr/lib64/python3.6/site-packages/enmscripting/private/retry.py", line 44, in _wrap
    return Retry(attempts, on_fail_func, accept_func).call(func, *args, **kwargs)
  File "/usr/lib64/python3.6/site-packages/enmscripting/private/retry.py", line 91, in call
    return result.return_raise_result()
  File "/usr/lib64/python3.6/site-packages/enmscripting/private/retry.py", line 122, in return_raise_result
    six.reraise(self._result[0], self._result[1], self._result[2])
  File "/usr/lib/python3.6/site-packages/six.py", line 703, in reraise
    raise value
  File "/usr/lib64/python3.6/site-packages/enmscripting/private/retry.py", line 86, in call
    result = Result(f(*args, **kwargs))
  File "/usr/lib64/python3.6/site-packages/enmscripting/private/session.py", line 268, in post
    return super(InternalSession, self).post(url, data=data, **kwargs)
  File "/usr/lib64/python3.6/site-packages/enmscripting/private/retry.py", line 44, in _wrap
    return Retry(attempts, on_fail_func, accept_func).call(func, *args, **kwargs)
  File "/usr/lib64/python3.6/site-packages/enmscripting/private/retry.py", line 90, in call
    if self.accept(result.get_result()):
  File "/usr/lib64/python3.6/site-packages/enmscripting/private/session.py", line 184, in _accept_response_post
    _raise_session_timeout_exception()
  File "/usr/lib64/python3.6/site-packages/enmscripting/private/session.py", line 117, in _raise_session_timeout_exception
    % datetime.datetime.utcnow().isoformat())
enmscripting.exceptions.SessionTimeoutException: Session timeout error: The script has failed to run at [2024-04-16T11:00:26.887021] as the session timeout has expired.

N2WY8821A> 

N2WY8821A> hget AddressIPv4 ^address$

240416-06:00:26-0500 11.69.147.171 23.0n MSRBS_NODE_MODEL_23.Q4_643.28133.125_0bc9 stopfile=/tmp/1692688
.
=================================================================================================================
MO                                                         address          
=================================================================================================================
Router=Node_Internal_F1,InterfaceIPv4=NRCUCP,AddressIPv4=1 169.254.42.42/32 
Router=Node_Internal_F1,InterfaceIPv4=NRDU,AddressIPv4=1   169.254.42.43/32 
Router=vr_OAM,InterfaceIPv4=1,AddressIPv4=1                11.69.147.171/27 
Router=vr_TRAFFIC,InterfaceIPv4=1,AddressIPv4=1            42.197.147.171/27
=================================================================================================================
Total: 4 MOs

Added 4 MOs to group: hget_group

N2WY8821A> 

N2WY8821A> pmxz NRCell PMENDCSETUPUEATT$|PMENDCSETUPUESUCC$ -m 10

240416-06:00:27-0500 11.69.147.171 23.0n MSRBS_NODE_MODEL_23.Q4_643.28133.125_0bc9 stopfile=/tmp/1692688
Parsing PM cache: /home/shared/gbadim1/moshell/jarxml/PMCACHE_MSRBS_NODE_MODEL_23.Q4_643.28133.125_0bc9.txt.gz ... Done.

........................
get /rop/A20240416.0030-0045_N2WY8821A.xml.gz /ericsson/log/amos/moshell_logfiles/gbadim1/logs_moshell/pmfiles/11.69.147.171/rop/A20240416.0030-0045_N2WY8821A.xml.gz ... OK
get /rop/A20240416.0045-0100_N2WY8821A.xml.gz /ericsson/log/amos/moshell_logfiles/gbadim1/logs_moshell/pmfiles/11.69.147.171/rop/A20240416.0045-0100_N2WY8821A.xml.gz ... OK
get /rop/A20240416.0100-0115_N2WY8821A.xml.gz /ericsson/log/amos/moshell_logfiles/gbadim1/logs_moshell/pmfiles/11.69.147.171/rop/A20240416.0100-0115_N2WY8821A.xml.gz ... OK
get /rop/A20240416.0115-0130_N2WY8821A.xml.gz /ericsson/log/amos/moshell_logfiles/gbadim1/logs_moshell/pmfiles/11.69.147.171/rop/A20240416.0115-0130_N2WY8821A.xml.gz ... OK
get /rop/A20240416.0130-0145_N2WY8821A.xml.gz /ericsson/log/amos/moshell_logfiles/gbadim1/logs_moshell/pmfiles/11.69.147.171/rop/A20240416.0130-0145_N2WY8821A.xml.gz ... OK
get /rop/A20240416.0145-0200_N2WY8821A.xml.gz /ericsson/log/amos/moshell_logfiles/gbadim1/logs_moshell/pmfiles/11.69.147.171/rop/A20240416.0145-0200_N2WY8821A.xml.gz ... OK
get /rop/A20240416.0200-0215_N2WY8821A.xml.gz /ericsson/log/amos/moshell_logfiles/gbadim1/logs_moshell/pmfiles/11.69.147.171/rop/A20240416.0200-0215_N2WY8821A.xml.gz ... OK
get /rop/A20240416.0215-0230_N2WY8821A.xml.gz /ericsson/log/amos/moshell_logfiles/gbadim1/logs_moshell/pmfiles/11.69.147.171/rop/A20240416.0215-0230_N2WY8821A.xml.gz ... OK
get /rop/A20240416.0230-0245_N2WY8821A.xml.gz /ericsson/log/amos/moshell_logfiles/gbadim1/logs_moshell/pmfiles/11.69.147.171/rop/A20240416.0230-0245_N2WY8821A.xml.gz ... OK
get /rop/A20240416.0245-0300_N2WY8821A.xml.gz /ericsson/log/amos/moshell_logfiles/gbadim1/logs_moshell/pmfiles/11.69.147.171/rop/A20240416.0245-0300_N2WY8821A.xml.gz ... OK
get /rop/A20240416.0300-0315_N2WY8821A.xml.gz /ericsson/log/amos/moshell_logfiles/gbadim1/logs_moshell/pmfiles/11.69.147.171/rop/A20240416.0300-0315_N2WY8821A.xml.gz ... OK
get /rop/A20240416.0315-0330_N2WY8821A.xml.gz /ericsson/log/amos/moshell_logfiles/gbadim1/logs_moshell/pmfiles/11.69.147.171/rop/A20240416.0315-0330_N2WY8821A.xml.gz ... OK
get /rop/A20240416.0345-0400_N2WY8821A.xml.gz /ericsson/log/amos/moshell_logfiles/gbadim1/logs_moshell/pmfiles/11.69.147.171/rop/A20240416.0345-0400_N2WY8821A.xml.gz ... OK
get /rop/A20240416.0400-0415_N2WY8821A.xml.gz /ericsson/log/amos/moshell_logfiles/gbadim1/logs_moshell/pmfiles/11.69.147.171/rop/A20240416.0400-0415_N2WY8821A.xml.gz ... OK
get /rop/A20240416.0415-0430_N2WY8821A.xml.gz /ericsson/log/amos/moshell_logfiles/gbadim1/logs_moshell/pmfiles/11.69.147.171/rop/A20240416.0415-0430_N2WY8821A.xml.gz ... OK
get /rop/A20240416.0430-0445_N2WY8821A.xml.gz /ericsson/log/amos/moshell_logfiles/gbadim1/logs_moshell/pmfiles/11.69.147.171/rop/A20240416.0430-0445_N2WY8821A.xml.gz ... OK
get /rop/A20240416.0445-0500_N2WY8821A.xml.gz /ericsson/log/amos/moshell_logfiles/gbadim1/logs_moshell/pmfiles/11.69.147.171/rop/A20240416.0445-0500_N2WY8821A.xml.gz ... OK
get /rop/A20240416.0500-0515_N2WY8821A.xml.gz /ericsson/log/amos/moshell_logfiles/gbadim1/logs_moshell/pmfiles/11.69.147.171/rop/A20240416.0500-0515_N2WY8821A.xml.gz ... OK
get /rop/A20240416.0515-0530_N2WY8821A.xml.gz /ericsson/log/amos/moshell_logfiles/gbadim1/logs_moshell/pmfiles/11.69.147.171/rop/A20240416.0515-0530_N2WY8821A.xml.gz ... OK
get /rop/A20240416.0530-0545_N2WY8821A.xml.gz /ericsson/log/amos/moshell_logfiles/gbadim1/logs_moshell/pmfiles/11.69.147.171/rop/A20240416.0530-0545_N2WY8821A.xml.gz ... OK
get /rop/A20240416.0545-0600_N2WY8821A.xml.gz /ericsson/log/amos/moshell_logfiles/gbadim1/logs_moshell/pmfiles/11.69.147.171/rop/A20240416.0545-0600_N2WY8821A.xml.gz ... OK
get /rop/A20240416.0600-0615_N2WY8821A.xml.gz /ericsson/log/amos/moshell_logfiles/gbadim1/logs_moshell/pmfiles/11.69.147.171/rop/A20240416.0600-0615_N2WY8821A.xml.gz ... OK
get /rop/A20240416.0615-0630_N2WY8821A.xml.gz /ericsson/log/amos/moshell_logfiles/gbadim1/logs_moshell/pmfiles/11.69.147.171/rop/A20240416.0615-0630_N2WY8821A.xml.gz ... OK
get /rop/A20240416.0630-0645_N2WY8821A.xml.gz /ericsson/log/amos/moshell_logfiles/gbadim1/logs_moshell/pmfiles/11.69.147.171/rop/A20240416.0630-0645_N2WY8821A.xml.gz ... OK
get /rop/A20240416.0645-0700_N2WY8821A.xml.gz /ericsson/log/amos/moshell_logfiles/gbadim1/logs_moshell/pmfiles/11.69.147.171/rop/A20240416.0645-0700_N2WY8821A.xml.gz ... OK
get /rop/A20240416.0700-0715_N2WY8821A.xml.gz /ericsson/log/amos/moshell_logfiles/gbadim1/logs_moshell/pmfiles/11.69.147.171/rop/A20240416.0700-0715_N2WY8821A.xml.gz ... OK
get /rop/A20240416.0715-0730_N2WY8821A.xml.gz /ericsson/log/amos/moshell_logfiles/gbadim1/logs_moshell/pmfiles/11.69.147.171/rop/A20240416.0715-0730_N2WY8821A.xml.gz ... OK
get /rop/A20240416.0730-0745_N2WY8821A.xml.gz /ericsson/log/amos/moshell_logfiles/gbadim1/logs_moshell/pmfiles/11.69.147.171/rop/A20240416.0730-0745_N2WY8821A.xml.gz ... OK
get /rop/A20240416.0745-0800_N2WY8821A.xml.gz /ericsson/log/amos/moshell_logfiles/gbadim1/logs_moshell/pmfiles/11.69.147.171/rop/A20240416.0745-0800_N2WY8821A.xml.gz ... OK
get /rop/A20240416.0800-0815_N2WY8821A.xml.gz /ericsson/log/amos/moshell_logfiles/gbadim1/logs_moshell/pmfiles/11.69.147.171/rop/A20240416.0800-0815_N2WY8821A.xml.gz ... OK
get /rop/A20240416.0815-0830_N2WY8821A.xml.gz /ericsson/log/amos/moshell_logfiles/gbadim1/logs_moshell/pmfiles/11.69.147.171/rop/A20240416.0815-0830_N2WY8821A.xml.gz ... OK
get /rop/A20240416.0830-0845_N2WY8821A.xml.gz /ericsson/log/amos/moshell_logfiles/gbadim1/logs_moshell/pmfiles/11.69.147.171/rop/A20240416.0830-0845_N2WY8821A.xml.gz ... OK
get /rop/A20240416.0845-0900_N2WY8821A.xml.gz /ericsson/log/amos/moshell_logfiles/gbadim1/logs_moshell/pmfiles/11.69.147.171/rop/A20240416.0845-0900_N2WY8821A.xml.gz ... OK
get /rop/A20240416.0900-0915_N2WY8821A.xml.gz /ericsson/log/amos/moshell_logfiles/gbadim1/logs_moshell/pmfiles/11.69.147.171/rop/A20240416.0900-0915_N2WY8821A.xml.gz ... OK
get /rop/A20240416.0915-0930_N2WY8821A.xml.gz /ericsson/log/amos/moshell_logfiles/gbadim1/logs_moshell/pmfiles/11.69.147.171/rop/A20240416.0915-0930_N2WY8821A.xml.gz ... OK
get /rop/A20240416.0930-0945_N2WY8821A.xml.gz /ericsson/log/amos/moshell_logfiles/gbadim1/logs_moshell/pmfiles/11.69.147.171/rop/A20240416.0930-0945_N2WY8821A.xml.gz ... OK
get /rop/A20240416.0945-1000_N2WY8821A.xml.gz /ericsson/log/amos/moshell_logfiles/gbadim1/logs_moshell/pmfiles/11.69.147.171/rop/A20240416.0945-1000_N2WY8821A.xml.gz ... OK
get /rop/A20240416.1000-1015_N2WY8821A.xml.gz /ericsson/log/amos/moshell_logfiles/gbadim1/logs_moshell/pmfiles/11.69.147.171/rop/A20240416.1000-1015_N2WY8821A.xml.gz ... OK
get /rop/A20240416.1015-1030_N2WY8821A.xml.gz /ericsson/log/amos/moshell_logfiles/gbadim1/logs_moshell/pmfiles/11.69.147.171/rop/A20240416.1015-1030_N2WY8821A.xml.gz ... OK
get /rop/A20240416.1030-1045_N2WY8821A.xml.gz /ericsson/log/amos/moshell_logfiles/gbadim1/logs_moshell/pmfiles/11.69.147.171/rop/A20240416.1030-1045_N2WY8821A.xml.gz ... OK
get /rop/A20240416.1045-1100_N2WY8821A.xml.gz /ericsson/log/amos/moshell_logfiles/gbadim1/logs_moshell/pmfiles/11.69.147.171/rop/A20240416.1045-1100_N2WY8821A.xml.gz ... OK

(gzip -dc /ericsson/log/amos/moshell_logfiles/gbadim1/logs_moshell/pmfiles/11.69.147.171/rop/A20240416.0100-0115_N2WY8821A.xml.gz /ericsson/log/amos/moshell_logfiles/gbadim1/logs_moshell/pmfiles/11.69.147.171/rop/A20240416.0115-0130_N2WY8821A.xml.gz /ericsson/log/amos/moshell_logfiles/gbadim1/logs_moshell/pmfiles/11.69.147.171/rop/A20240416.0130-0145_N2WY8821A.xml.gz /ericsson/log/amos/moshell_logfiles/gbadim1/logs_moshell/pmfiles/11.69.147.171/rop/A20240416.0145-0200_N2WY8821A.xml.gz /ericsson/log/amos/moshell_logfiles/gbadim1/logs_moshell/pmfiles/11.69.147.171/rop/A20240416.0200-0215_N2WY8821A.xml.gz /ericsson/log/amos/moshell_logfiles/gbadim1/logs_moshell/pmfiles/11.69.147.171/rop/A20240416.0215-0230_N2WY8821A.xml.gz /ericsson/log/amos/moshell_logfiles/gbadim1/logs_moshell/pmfiles/11.69.147.171/rop/A20240416.0230-0245_N2WY8821A.xml.gz /ericsson/log/amos/moshell_logfiles/gbadim1/logs_moshell/pmfiles/11.69.147.171/rop/A20240416.0245-0300_N2WY8821A.xml.gz /ericsson/log/amos/moshell_logfiles/gbadim1/logs_moshell/pmfiles/11.69.147.171/rop/A20240416.0300-0315_N2WY8821A.xml.gz /ericsson/log/amos/moshell_logfiles/gbadim1/logs_moshell/pmfiles/11.69.147.171/rop/A20240416.0315-0330_N2WY8821A.xml.gz /ericsson/log/amos/moshell_logfiles/gbadim1/logs_moshell/pmfiles/11.69.147.171/rop/A20240416.0345-0400_N2WY8821A.xml.gz /ericsson/log/amos/moshell_logfiles/gbadim1/logs_moshell/pmfiles/11.69.147.171/rop/A20240416.0400-0415_N2WY8821A.xml.gz /ericsson/log/amos/moshell_logfiles/gbadim1/logs_moshell/pmfiles/11.69.147.171/rop/A20240416.0415-0430_N2WY8821A.xml.gz /ericsson/log/amos/moshell_logfiles/gbadim1/logs_moshell/pmfiles/11.69.147.171/rop/A20240416.0430-0445_N2WY8821A.xml.gz /ericsson/log/amos/moshell_logfiles/gbadim1/logs_moshell/pmfiles/11.69.147.171/rop/A20240416.0445-0500_N2WY8821A.xml.gz /ericsson/log/amos/moshell_logfiles/gbadim1/logs_moshell/pmfiles/11.69.147.171/rop/A20240416.0500-0515_N2WY8821A.xml.gz /ericsson/log/amos/moshell_logfiles/gbadim1/logs_moshell/pmfiles/11.69.147.171/rop/A20240416.0515-0530_N2WY8821A.xml.gz /ericsson/log/amos/moshell_logfiles/gbadim1/logs_moshell/pmfiles/11.69.147.171/rop/A20240416.0530-0545_N2WY8821A.xml.gz /ericsson/log/amos/moshell_logfiles/gbadim1/logs_moshell/pmfiles/11.69.147.171/rop/A20240416.0545-0600_N2WY8821A.xml.gz /ericsson/log/amos/moshell_logfiles/gbadim1/logs_moshell/pmfiles/11.69.147.171/rop/A20240416.0600-0615_N2WY8821A.xml.gz /ericsson/log/amos/moshell_logfiles/gbadim1/logs_moshell/pmfiles/11.69.147.171/rop/A20240416.0615-0630_N2WY8821A.xml.gz /ericsson/log/amos/moshell_logfiles/gbadim1/logs_moshell/pmfiles/11.69.147.171/rop/A20240416.0630-0645_N2WY8821A.xml.gz /ericsson/log/amos/moshell_logfiles/gbadim1/logs_moshell/pmfiles/11.69.147.171/rop/A20240416.0645-0700_N2WY8821A.xml.gz /ericsson/log/amos/moshell_logfiles/gbadim1/logs_moshell/pmfiles/11.69.147.171/rop/A20240416.0700-0715_N2WY8821A.xml.gz /ericsson/log/amos/moshell_logfiles/gbadim1/logs_moshell/pmfiles/11.69.147.171/rop/A20240416.0715-0730_N2WY8821A.xml.gz /ericsson/log/amos/moshell_logfiles/gbadim1/logs_moshell/pmfiles/11.69.147.171/rop/A20240416.0730-0745_N2WY8821A.xml.gz /ericsson/log/amos/moshell_logfiles/gbadim1/logs_moshell/pmfiles/11.69.147.171/rop/A20240416.0745-0800_N2WY8821A.xml.gz /ericsson/log/amos/moshell_logfiles/gbadim1/logs_moshell/pmfiles/11.69.147.171/rop/A20240416.0800-0815_N2WY8821A.xml.gz /ericsson/log/amos/moshell_logfiles/gbadim1/logs_moshell/pmfiles/11.69.147.171/rop/A20240416.0815-0830_N2WY8821A.xml.gz /ericsson/log/amos/moshell_logfiles/gbadim1/logs_moshell/pmfiles/11.69.147.171/rop/A20240416.0830-0845_N2WY8821A.xml.gz /ericsson/log/amos/moshell_logfiles/gbadim1/logs_moshell/pmfiles/11.69.147.171/rop/A20240416.0845-0900_N2WY8821A.xml.gz /ericsson/log/amos/moshell_logfiles/gbadim1/logs_moshell/pmfiles/11.69.147.171/rop/A20240416.0900-0915_N2WY8821A.xml.gz /ericsson/log/amos/moshell_logfiles/gbadim1/logs_moshell/pmfiles/11.69.147.171/rop/A20240416.0915-0930_N2WY8821A.xml.gz /ericsson/log/amos/moshell_logfiles/gbadim1/logs_moshell/pmfiles/11.69.147.171/rop/A20240416.0930-0945_N2WY8821A.xml.gz /ericsson/log/amos/moshell_logfiles/gbadim1/logs_moshell/pmfiles/11.69.147.171/rop/A20240416.0945-1000_N2WY8821A.xml.gz /ericsson/log/amos/moshell_logfiles/gbadim1/logs_moshell/pmfiles/11.69.147.171/rop/A20240416.1000-1015_N2WY8821A.xml.gz /ericsson/log/amos/moshell_logfiles/gbadim1/logs_moshell/pmfiles/11.69.147.171/rop/A20240416.1015-1030_N2WY8821A.xml.gz /ericsson/log/amos/moshell_logfiles/gbadim1/logs_moshell/pmfiles/11.69.147.171/rop/A20240416.1030-1045_N2WY8821A.xml.gz /ericsson/log/amos/moshell_logfiles/gbadim1/logs_moshell/pmfiles/11.69.147.171/rop/A20240416.1045-1100_N2WY8821A.xml.gz | LANG=C LC_ALL=C /opt/ericsson/amos/moshell/gawk -vusergawk="LANG=C LC_ALL=C /opt/ericsson/amos/moshell/gawk" -f /opt/ericsson/amos/moshell/commonjars/pmExtract.awk  "nrcell" "PMENDCSETUPUEATT$|PMENDCSETUPUESUCC$"   | sort | uniq | /usr/bin/perl /opt/ericsson/amos/moshell/pmXtab -q -pval 0 -mom /var/tmp/20240416-060001_1692490/pmxmomLog1692688  -cols time -fmt txt -m "[M]anagedElement=[^,]+,(?:\w+=1,){0,1}((\w+=[^,]+,*)+$)"  )2>&1 | tee -a /ericsson/log/amos/moshell_logfiles/gbadim1/logs_moshell/sessionlog/240416-060006_N2WY8821A.log

Report from 2024-04-16 01:00 UTC to 2024-04-16 10:59 UTC (39 ropfiles)
Node SW: CXP2010174/1_R82C53 (23.Q4)

Date: 2024-04-15, 2024-04-16
Object               Counter            20:00  20:15  20:30  20:45  21:00  21:15  21:30  21:45  22:00  22:15  22:45  23:00  23:15  23:30  23:45  00:00  00:15  00:30  00:45  01:00  01:15  01:30  01:45  02:00  02:15  02:30  02:45  03:00  03:15  03:30  03:45  04:00  04:15  04:30  04:45  05:00  05:15  05:30  05:45
NRCellCU=A2WY8821A11 pmEndcSetupUeAtt      80    101    109    135    119    132    124    142     24      0      0      0     15     64     63     69     72     70     65     80     67     72     72     70     66     70     74     85     71     70     66     74     94     64     75    105    117    105     91
NRCellCU=A2WY8821A11 pmEndcSetupUeSucc     80    101    109    135    119    132    124    142     23      0      0      0     15     64     63     69     72     70     65     80     67     72     72     70     66     70     74     85     71     70     66     74     94     64     75    105    117    105     91
NRCellCU=A2WY8821A12 pmEndcSetupUeAtt       0      0      0      0      0      0      0      0      0      0      0      0      0      0      0      0      0      0      0      0      0      0      0      0      0      0      0      0      0      0      0      0      0      0      0      0      0      0      0
NRCellCU=A2WY8821A12 pmEndcSetupUeSucc      0      0      0      0      0      0      0      0      0      0      0      0      0      0      0      0      0      0      0      0      0      0      0      0      0      0      0      0      0      0      0      0      0      0      0      0      0      0      0
NRCellCU=A2WY8821A21 pmEndcSetupUeAtt      46     21     20     73    149     82     93     81     18      0      0      0     31     47     42     57     68    101     67     50     48     70     64     50     47     47     49     45     58     44     42     13     14      5      8     28     45     50     43
NRCellCU=A2WY8821A21 pmEndcSetupUeSucc     46     21     20     73    149     82     93     81     17      0      0      0     31     47     42     57     68    101     67     50     48     70     64     50     47     47     49     45     58     44     42     13     14      5      8     28     45     50     43
NRCellCU=A2WY8821A22 pmEndcSetupUeAtt       0      0      0      0      0      0      0      0      0      0      0      0      0      0      0      0      0      0      0      0      0      0      0      0      0      0      0      0      0      0      0      0      0      0      0      0      0      0      0
NRCellCU=A2WY8821A22 pmEndcSetupUeSucc      0      0      0      0      0      0      0      0      0      0      0      0      0      0      0      0      0      0      0      0      0      0      0      0      0      0      0      0      0      0      0      0      0      0      0      0      0      0      0
NRCellCU=A2WY8821A31 pmEndcSetupUeAtt       0      9      2      1      8      0      3      0      0      0      0      0      1      1      0      0      0      0      1      0      0      0      0      1      0      0      0      0      0      0      1      3      0      6      2      5      5      8     18
NRCellCU=A2WY8821A31 pmEndcSetupUeSucc      0      9      2      1      8      0      3      0      0      0      0      0      1      1      0      0      0      0      1      0      0      0      0      1      0      0      0      0      0      0      1      3      0      6      2      5      5      8     18
NRCellCU=A2WY8821A32 pmEndcSetupUeAtt       0      0      0      0      0      0      0      0      0      0      0      0      0      0      0      0      0      0      0      0      0      0      0      0      0      0      0      0      0      0      0      0      0      0      0      0      0      0      0
NRCellCU=A2WY8821A32 pmEndcSetupUeSucc      0      0      0      0      0      0      0      0      0      0      0      0      0      0      0      0      0      0      0      0      0      0      0      0      0      0      0      0      0      0      0      0      0      0      0      0      0      0      0


N2WY8821A> ue print -admitted
Checking available boards on node...

Collecting RCS board data ...
..............................................................................
..
.....
240416-06:01:19-0500 11.69.147.171 23.0n MSRBS_NODE_MODEL_23.Q4_643.28133.125_0bc9 stopfile=/tmp/1692688
coli>/lrat/ue print -admitted
coli>/rc/nrat/ue print -admitted
NrEnDc: uehId:4 ues:1
NrEnDc: uehId:5 ues:1
NrEnDc: uehId:6 ues:2
NrEnDc: uehId:7 ues:3
NrNrDc: uehId:4 ues:0
NrNrDc: uehId:5 ues:0
NrNrDc: uehId:6 ues:0
NrNrDc: uehId:7 ues:0
Nr: uehId:4 ues:0
Nr: uehId:5 ues:0
Nr: uehId:6 ues:0
Nr: uehId:7 ues:1
coli>/rpc/nrat/ue print -admitted
uehId:6 ues:0
uehId:7 ues:1
uehId:8 ues:1
uehId:9 ues:2
uehId:10 ues:4
coli>

N2WY8821A> 

N2WY8821A> ############################################################################################

N2WY8821A> #		 Post Script CV and unset of all variables - This is modifiable to your needs      #

N2WY8821A> ############################################################################################

N2WY8821A> 

N2WY8821A> 

N2WY8821A> l-

Log close: /ericsson/log/amos/moshell_logfiles/gbadim1/logs_moshell/sessionlog/240416-060006_N2WY8821A.log

N2WY8821A> confb-

N2WY8821A> gs-

Perform a get before set = disabled

N2WY8821A> 

N2WY8821A> 

N2WY8821A> #cvms post_$jobname_$date

N2WY8821A> 

N2WY8821A> #Keep the unset all after the cv so the variables can be used

N2WY8821A> unset all 

N2WY8821A> 

N2WY8821A> #cmedit set NetworkElement=M7BAN764A,ComConnectivityInformation=1 ipAddress=11.242.0.98#
Bye...
Output has been logged to file /home/shared/common/Overnight_Work/Rehomes/Postchecks/N2WY8821A.log
