Logging to file /home/shared/common/Overnight_Work/Rehomes/Prechecks/L2SU6334A.log
                        __  __  ____   _____
                  /\   |  \/  |/ __ \ / ____|
                 /  \  | \  / | |  | | (___  
                / /\ \ | |\/| | |  | |\___ \ 
               / ____ \| |  | | |__| |____) |
              /_/    \_\_|  |_|\____/|_____/
              OSS Framework for MoShell-24.0c 
  Copyright (c) Ericsson AB 2001-2024 - All Rights Reserved
              
           
$amosrb_pid = 4024650

Checking ip contact...OK

HELP MENU            : h
BASIC MO COMMANDS    : m
OTHER MO COMMANDS    : n
OTHER COMMANDS       : o
PM COMMANDS          : p
QUIT                 : q

L2SU6334A> ############################################################################################

L2SU6334A> #				Script Foundation - Leave this for all scripts							   #

L2SU6334A> ############################################################################################

L2SU6334A> 

L2SU6334A> confb+

L2SU6334A> gs+

Perform a get before set = enabled

L2SU6334A> unset all

L2SU6334A> l+

Logging to file: /ericsson/log/amos/moshell_logfiles/gbadim1/logs_moshell/sessionlog/240422-210009_L2SU6334A.log

L2SU6334A> 

L2SU6334A> alt

240422-21:00:09-0500 11.48.68.180 24.0c  stopfile=/tmp/4024131
Looking up temporary_amos account... OK.
Trying temporary_amos_gbadim1_291's password from amos lookupAccount ... OK

$ssh_pid = 4025979

Connected to 11.48.68.180 (SubNetwork=ONRM_ROOT_MO,SubNetwork=Philadelphia,MeContext=L2SU6334A,ManagedElement=L2SU6334A)

Checking MOM version...MSRBS_NODE_MODEL_23.Q4_643.28133.125_0bc9
Parsing MOM (cached): /var/tmp/20240422-210002_4023808/MSRBS_NODE_MODEL_23.Q4_643.28133.125_0bc9.xml.cache.gz ...........................................................................................................................................................................................................Done.
Using paramfile /opt/ericsson/amos/moshell/commonjars/pm/PARAM_MSRBS_23.Q4.txt
Parsing file /opt/ericsson/amos/moshell/commonjars/pm/PARAM_MSRBS_23.Q4.txt ...................................................................................Done.
Using imomdfile /opt/ericsson/amos/moshell/commonjars/pm/IMOMD_MSRBS_22.Q4.txt
Using imomfile /opt/ericsson/amos/moshell/commonjars/pm/IMOM_MSRBS_23.Q4.txt

Collecting Alarms...

====================================================================================================================
Date & Time (UTC)   S Specific Problem                    MO (AdditionalText/PC, AI)
====================================================================================================================
2024-04-19 03:24:59 w PLMN Service Redundancy Lost        ENodeBFunction=1 (S1 connection failure for PLMN connected with link represented by MO listed in Additional Information. AI: PLMN : ["310120","310260","310830","311490","311882","312250","312530","313350"],DN1=ManagedElement=1,ENodeBFunction=1,TermPointToMme=PH3vMME1,)
2024-04-21 07:33:41 m External Link to GNodeB Failure     ENodeBFunction=1 (X2 link problem to one or several neighbouring gNodeBs. AI: PLMN ID-gNB ID 1 : 310260-1352459,PLMN ID-gNB ID 2 : 310260-1338497,PLMN ID-gNB ID 3 : 310260-1330582,PLMN ID-gNB ID 4 : 310260-1332743,PLMN ID-gNB ID 5 : 310260-1335632,PLMN ID-gNB ID 6 : 310260-1314614,PLMN ID-gNB ID 7 : 310260-1348420,PLMN ID-gNB ID 8 : 310260-1322547,PLMN ID-gNB ID 9 : 310260-1334230,PLMN ID-gNB ID : list truncated)
>>> Total: 2 Alarms (0 Critical, 0 Major)

L2SU6334A> 

L2SU6334A> uv sls_username > $user

sls_username              = gbadim1

$user = gbadim1

L2SU6334A> $date = `date +%y%m%d-%H%M`

$date = 240422-2100

L2SU6334A> $Node = `echo "$nodename" | cut -c 2-9`

$Node = 2SU6334A

L2SU6334A> $L21 = L

$L21 = L

L2SU6334A> $L19 = B

$L19 = B

L2SU6334A> $L7 = D

$L7 = D

L2SU6334A> $L6 = E

$L6 = E

L2SU6334A> $N6 = K

$N6 = K

L2SU6334A> $N25 = A

$N25 = A

L2SU6334A> $L25 = T

$L25 = T

L2SU6334A> $N19 = J

$N19 = J

L2SU6334A> $N71 = K

$N71 = K

L2SU6334A> $2C = .*2$

$2C = .*2$

L2SU6334A> $1C = .*1$

$1C = .*1$

L2SU6334A> $allcell = TDD|FDD|NRCellDU|Nbiot

$allcell = TDD|FDD|NRCellDU|Nbiot

L2SU6334A> $FDD = EUtranCellFDD=

$FDD = EUtranCellFDD=

L2SU6334A> $TDD = EUtranCellTDD=

$TDD = EUtranCellTDD=

L2SU6334A> $NRCell = NRCellDU=

$NRCell = NRCellDU=

L2SU6334A> $NRSec25 = NRSectorCarrier=25-

$NRSec25 = NRSectorCarrier=25-

L2SU6334A> $NRSec6 = NRSectorCarrier=6-

$NRSec6 = NRSectorCarrier=6-

L2SU6334A> $NRSec19 = NRSectorCarrier=19-

$NRSec19 = NRSectorCarrier=19-

L2SU6334A> $LTESec = SectorEquipmentFunction=

$LTESec = SectorEquipmentFunction=

L2SU6334A> 

L2SU6334A> ############################################################################################

L2SU6334A> #		Change JobName and any parameter that needs changing case by case basis    		   #

L2SU6334A> ############################################################################################

L2SU6334A> # 		PUT A # SIGN IN FRONT OF ANYTHING YOU DONT WANT TO USE ON THIS SCRIPT  			   #   

L2SU6334A> ############################################################################################

L2SU6334A>       

L2SU6334A> #$arfcnDL = 507708

L2SU6334A> #$jobname = Retune_Prechecks

L2SU6334A> 

L2SU6334A> ############################################################################################

L2SU6334A> #				Script Specifics - This is modifiable to your needs						   #

L2SU6334A> ############################################################################################

L2SU6334A> #	   FOR SETM COMMANDS YOU HAVE TO REMOVE THE GS+ AND GS- from the script                #

L2SU6334A> ############################################################################################

L2SU6334A> ###############################

L2SU6334A> #### PRECHECK / LOCK / CV #####

L2SU6334A> ###############################

L2SU6334A> 

L2SU6334A> 

L2SU6334A> lt all

240422-21:00:20-0500 11.48.68.180 24.0c MSRBS_NODE_MODEL_23.Q4_643.28133.125_0bc9 stopfile=/tmp/4024131
Connected to 11.48.68.180 (SubNetwork=ONRM_ROOT_MO,SubNetwork=Philadelphia,MeContext=L2SU6334A,ManagedElement=L2SU6334A)

Last MO: 18978. Loaded 18978 MOs. Total: 18979 MOs.

L2SU6334A> pr vlanport=

240422-21:00:36-0500 11.48.68.180 24.0c MSRBS_NODE_MODEL_23.Q4_643.28133.125_0bc9 stopfile=/tmp/4024131
===================================================================================
Proxy  MO
===================================================================================
18976  Transport=1,VlanPort=2500
18977  Transport=1,VlanPort=4001
18978  Transport=1,VlanPort=ERAN
===================================================================================
Total: 3 MOs

L2SU6334A> get address address

240422-21:00:36-0500 11.48.68.180 24.0c MSRBS_NODE_MODEL_23.Q4_643.28133.125_0bc9 stopfile=/tmp/4024131
=================================================================================================================
MO                                                      Attribute         Value
=================================================================================================================
Router=LTE,InterfaceIPv4=1,AddressIPv4=1                address           42.176.68.180/27
Router=LTE,InterfaceIPv4=1,AddressIPv4=1                addressIPv4Id     1
Router=LTE,InterfaceIPv4=1,AddressIPv4=1                primaryAddress    true
Router=LTE,InterfaceIPv4=1,AddressIPv4=1                usedAddress       42.176.68.180/27
Router=vr_OAM,InterfaceIPv4=1,AddressIPv4=1             address           11.48.68.180/27
Router=vr_OAM,InterfaceIPv4=1,AddressIPv4=1             addressIPv4Id     1
Router=vr_OAM,InterfaceIPv4=1,AddressIPv4=1             primaryAddress    true
Router=vr_OAM,InterfaceIPv4=1,AddressIPv4=1             usedAddress       11.48.68.180/27
=================================================================================================================
Total: 2 MOs


L2SU6334A> st FDD|TDD|NRCellDU|NbIot

240422-21:00:36-0500 11.48.68.180 24.0c MSRBS_NODE_MODEL_23.Q4_643.28133.125_0bc9 stopfile=/tmp/4024131
===================================================================================
Proxy  Adm State     Op. State     MO
===================================================================================
   44  1 (UNLOCKED)  1 (ENABLED)   ENodeBFunction=1,EUtranCellFDD=L2SU6334A11
  156  1 (UNLOCKED)  1 (ENABLED)   ENodeBFunction=1,EUtranCellFDD=L2SU6334A21
  478  1 (UNLOCKED)  1 (ENABLED)   ENodeBFunction=1,NbIotCell=Z2SU6334A11
  479  1 (UNLOCKED)  1 (ENABLED)   ENodeBFunction=1,NbIotCell=Z2SU6334A21
 1531  1 (UNLOCKED)                SystemFunctions=1,HealthCheckM=1,HcRule=ENodeBFunction_CheckNbiotCllRssiNpuschReadings
 1532  1 (UNLOCKED)                SystemFunctions=1,HealthCheckM=1,HcRule=ENodeBFunction_CheckNbiotCllSinrNpuschReadings
 1533  1 (UNLOCKED)                SystemFunctions=1,HealthCheckM=1,HcRule=ENodeBFunction_CheckNbiotCllStatus
===================================================================================
Total: 7 MOs

L2SU6334A> 

L2SU6334A> st termpointtognb=1

240422-21:00:37-0500 11.48.68.180 24.0c MSRBS_NODE_MODEL_23.Q4_643.28133.125_0bc9 stopfile=/tmp/4024131
===================================================================================
Proxy  Adm State     Op. State     MO
===================================================================================
===================================================================================
Total: 0 MOs

L2SU6334A> get ^GNB.*=1 gNBId$

240422-21:00:37-0500 11.48.68.180 24.0c MSRBS_NODE_MODEL_23.Q4_643.28133.125_0bc9 stopfile=/tmp/4024131
=================================================================================================================
MO                                                      Attribute         Value
=================================================================================================================
=================================================================================================================
Total: 0 MOs


L2SU6334A> get FUnction=1 nbid$

240422-21:00:37-0500 11.48.68.180 24.0c MSRBS_NODE_MODEL_23.Q4_643.28133.125_0bc9 stopfile=/tmp/4024131
=================================================================================================================
MO                                                      Attribute         Value
=================================================================================================================
ENodeBFunction=1                                        eNBId             54808
=================================================================================================================
Total: 1 MOs


L2SU6334A> st term

240422-21:00:37-0500 11.48.68.180 24.0c MSRBS_NODE_MODEL_23.Q4_643.28133.125_0bc9 stopfile=/tmp/4024131
===================================================================================
Proxy  Adm State     Op. State     MO
===================================================================================
  298  1 (UNLOCKED)  1 (ENABLED)   ENodeBFunction=1,EUtraNetwork=1,ExternalENodeBFunction=310260-143315,TermPointToENB=310260-143315
  306  1 (UNLOCKED)  1 (ENABLED)   ENodeBFunction=1,EUtraNetwork=1,ExternalENodeBFunction=310260-147761,TermPointToENB=310260-147761
  310  1 (UNLOCKED)  1 (ENABLED)   ENodeBFunction=1,EUtraNetwork=1,ExternalENodeBFunction=310260-149129,TermPointToENB=310260-149129
  312  1 (UNLOCKED)  1 (ENABLED)   ENodeBFunction=1,EUtraNetwork=1,ExternalENodeBFunction=310260-306371,TermPointToENB=310260-306371
  314  1 (UNLOCKED)  1 (ENABLED)   ENodeBFunction=1,EUtraNetwork=1,ExternalENodeBFunction=310260-307582,TermPointToENB=310260-307582
  324  1 (UNLOCKED)  1 (ENABLED)   ENodeBFunction=1,EUtraNetwork=1,ExternalENodeBFunction=310260-478282,TermPointToENB=310260-478282
  326                1 (ENABLED)   ENodeBFunction=1,EUtraNetwork=1,ExternalENodeBFunction=310260-478460,EranInterMeLink=1
  332  1 (UNLOCKED)  1 (ENABLED)   ENodeBFunction=1,EUtraNetwork=1,ExternalENodeBFunction=310260-478460,TermPointToENB=310260-478460
  336  1 (UNLOCKED)  1 (ENABLED)   ENodeBFunction=1,EUtraNetwork=1,ExternalENodeBFunction=310260-52035,TermPointToENB=310260-52035
  344  1 (UNLOCKED)  1 (ENABLED)   ENodeBFunction=1,EUtraNetwork=1,ExternalENodeBFunction=310260-54792,TermPointToENB=310260-54792
  349  1 (UNLOCKED)  1 (ENABLED)   ENodeBFunction=1,EUtraNetwork=1,ExternalENodeBFunction=310260-58692,TermPointToENB=310260-58692
  352  1 (UNLOCKED)  1 (ENABLED)   ENodeBFunction=1,EUtraNetwork=1,ExternalENodeBFunction=310260-58697,TermPointToENB=310260-58697
  356  1 (UNLOCKED)  1 (ENABLED)   ENodeBFunction=1,EUtraNetwork=1,ExternalENodeBFunction=310260-58841,TermPointToENB=310260-58841
  363  1 (UNLOCKED)  1 (ENABLED)   ENodeBFunction=1,EUtraNetwork=1,ExternalENodeBFunction=310260-890800,TermPointToENB=310260-890800
  385  1 (UNLOCKED)  1 (ENABLED)   ENodeBFunction=1,GUtraNetwork=1,ExternalGNodeBFunction=1333238,TermPointToGNB=310260-000000001333238
  388  1 (UNLOCKED)  0 (DISABLED)  ENodeBFunction=1,GUtraNetwork=1,ExternalGNodeBFunction=310260-000000001314614,TermPointToGNB=310260-000000001314614
  391  1 (UNLOCKED)  1 (ENABLED)   ENodeBFunction=1,GUtraNetwork=1,ExternalGNodeBFunction=310260-000000001315414,TermPointToGNB=310260-000000001315414
  395  1 (UNLOCKED)  0 (DISABLED)  ENodeBFunction=1,GUtraNetwork=1,ExternalGNodeBFunction=310260-000000001316886,TermPointToGNB=310260-000000001316886
  401  1 (UNLOCKED)  1 (ENABLED)   ENodeBFunction=1,GUtraNetwork=1,ExternalGNodeBFunction=310260-000000001319870,TermPointToGNB=310260-000000001319870
  404  1 (UNLOCKED)  0 (DISABLED)  ENodeBFunction=1,GUtraNetwork=1,ExternalGNodeBFunction=310260-000000001322547,TermPointToGNB=310260-000000001322547
  408  1 (UNLOCKED)  1 (ENABLED)   ENodeBFunction=1,GUtraNetwork=1,ExternalGNodeBFunction=310260-000000001325000,TermPointToGNB=310260-000000001325000
  412  1 (UNLOCKED)  1 (ENABLED)   ENodeBFunction=1,GUtraNetwork=1,ExternalGNodeBFunction=310260-000000001329025,TermPointToGNB=310260-000000001329025
  416  1 (UNLOCKED)  0 (DISABLED)  ENodeBFunction=1,GUtraNetwork=1,ExternalGNodeBFunction=310260-000000001330582,TermPointToGNB=310260-000000001330582
  419  1 (UNLOCKED)  0 (DISABLED)  ENodeBFunction=1,GUtraNetwork=1,ExternalGNodeBFunction=310260-000000001332743,TermPointToGNB=310260-000000001332743
  422  1 (UNLOCKED)  0 (DISABLED)  ENodeBFunction=1,GUtraNetwork=1,ExternalGNodeBFunction=310260-000000001334230,TermPointToGNB=310260-000000001334230
  427  1 (UNLOCKED)  0 (DISABLED)  ENodeBFunction=1,GUtraNetwork=1,ExternalGNodeBFunction=310260-000000001335632,TermPointToGNB=310260-000000001335632
  432  1 (UNLOCKED)  0 (DISABLED)  ENodeBFunction=1,GUtraNetwork=1,ExternalGNodeBFunction=310260-000000001338497,TermPointToGNB=310260-000000001338497
  438  1 (UNLOCKED)  1 (ENABLED)   ENodeBFunction=1,GUtraNetwork=1,ExternalGNodeBFunction=310260-000000001347239,TermPointToGNB=310260-000000001347239
  441  1 (UNLOCKED)  0 (DISABLED)  ENodeBFunction=1,GUtraNetwork=1,ExternalGNodeBFunction=310260-000000001348420,TermPointToGNB=310260-000000001348420
  445  1 (UNLOCKED)  1 (ENABLED)   ENodeBFunction=1,GUtraNetwork=1,ExternalGNodeBFunction=310260-000000001350108,TermPointToGNB=310260-000000001350108
  453  1 (UNLOCKED)  0 (DISABLED)  ENodeBFunction=1,GUtraNetwork=1,ExternalGNodeBFunction=310260-000000001352459,TermPointToGNB=310260-000000001352459
  456  1 (UNLOCKED)  0 (DISABLED)  ENodeBFunction=1,GUtraNetwork=1,ExternalGNodeBFunction=310260-000000001369605,TermPointToGNB=310260-000000001369605
  599  1 (UNLOCKED)  1 (ENABLED)   ENodeBFunction=1,TermPointToMme=CR1vMME1
  600  1 (UNLOCKED)  1 (ENABLED)   ENodeBFunction=1,TermPointToMme=DC1vMME1
  601  1 (UNLOCKED)  1 (ENABLED)   ENodeBFunction=1,TermPointToMme=DC1vMME2
  602  1 (UNLOCKED)  1 (ENABLED)   ENodeBFunction=1,TermPointToMme=DC2vMME1
  603  1 (UNLOCKED)  1 (ENABLED)   ENodeBFunction=1,TermPointToMme=NE1CMM01
  604  1 (UNLOCKED)  1 (ENABLED)   ENodeBFunction=1,TermPointToMme=NE1vMME1
  605  1 (UNLOCKED)  1 (ENABLED)   ENodeBFunction=1,TermPointToMme=NE1vMME2
  606  1 (UNLOCKED)  1 (ENABLED)   ENodeBFunction=1,TermPointToMme=NE4vMME1
  607  1 (UNLOCKED)  1 (ENABLED)   ENodeBFunction=1,TermPointToMme=PH1vMME1
  608  1 (UNLOCKED)  1 (ENABLED)   ENodeBFunction=1,TermPointToMme=PH2vMME1
  609  1 (UNLOCKED)  1 (ENABLED)   ENodeBFunction=1,TermPointToMme=PH3nMME1
  610  1 (UNLOCKED)  0 (DISABLED)  ENodeBFunction=1,TermPointToMme=PH3vMME1
  611  1 (UNLOCKED)  1 (ENABLED)   ENodeBFunction=1,TermPointToMme=UP1vMME1
  612  1 (UNLOCKED)  1 (ENABLED)   ENodeBFunction=1,TermPointToMme=UP2nMME1
  613  1 (UNLOCKED)  1 (ENABLED)   ENodeBFunction=1,TermPointToMme=UP2vMME1
===================================================================================
Total: 47 MOs

L2SU6334A> 

L2SU6334A> enm cmedit get *$Node* 

240422-21:00:40-0500 11.48.68.180 24.0c MSRBS_NODE_MODEL_23.Q4_643.28133.125_0bc9 stopfile=/tmp/4024131


Not allowed to run from amosbatch.


L2SU6334A> enm cmedit get *$Node* AddressIPv4.(*) -t

240422-21:00:40-0500 11.48.68.180 24.0c MSRBS_NODE_MODEL_23.Q4_643.28133.125_0bc9 stopfile=/tmp/4024131


Not allowed to run from amosbatch.


L2SU6334A> 

L2SU6334A> hget AddressIPv4 ^address$

240422-21:00:40-0500 11.48.68.180 24.0c MSRBS_NODE_MODEL_23.Q4_643.28133.125_0bc9 stopfile=/tmp/4024131
.
=================================================================================================================
MO                                          address         
=================================================================================================================
Router=LTE,InterfaceIPv4=1,AddressIPv4=1    42.176.68.180/27
Router=vr_OAM,InterfaceIPv4=1,AddressIPv4=1 11.48.68.180/27 
=================================================================================================================
Total: 2 MOs

Added 2 MOs to group: hget_group

L2SU6334A> 

L2SU6334A> pmxz NRCell PMENDCSETUPUEATT$|PMENDCSETUPUESUCC$ -m 3

240422-21:00:41-0500 11.48.68.180 24.0c MSRBS_NODE_MODEL_23.Q4_643.28133.125_0bc9 stopfile=/tmp/4024131
Parsing PM cache: /home/shared/gbadim1/moshell/jarxml/PMCACHE_MSRBS_NODE_MODEL_23.Q4_643.28133.125_0bc9.txt.gz ... Done.

........................
get /rop/A20240422.2230-2245_L2SU6334A.xml.gz /ericsson/log/amos/moshell_logfiles/gbadim1/logs_moshell/pmfiles/11.48.68.180/rop/A20240422.2230-2245_L2SU6334A.xml.gz ... OK
get /rop/A20240422.2245-2300_L2SU6334A.xml.gz /ericsson/log/amos/moshell_logfiles/gbadim1/logs_moshell/pmfiles/11.48.68.180/rop/A20240422.2245-2300_L2SU6334A.xml.gz ... OK
get /rop/A20240422.2300-2315_L2SU6334A.xml.gz /ericsson/log/amos/moshell_logfiles/gbadim1/logs_moshell/pmfiles/11.48.68.180/rop/A20240422.2300-2315_L2SU6334A.xml.gz ... OK
get /rop/A20240422.2315-2330_L2SU6334A.xml.gz /ericsson/log/amos/moshell_logfiles/gbadim1/logs_moshell/pmfiles/11.48.68.180/rop/A20240422.2315-2330_L2SU6334A.xml.gz ... OK
get /rop/A20240422.2330-2345_L2SU6334A.xml.gz /ericsson/log/amos/moshell_logfiles/gbadim1/logs_moshell/pmfiles/11.48.68.180/rop/A20240422.2330-2345_L2SU6334A.xml.gz ... OK
get /rop/A20240422.2345-0000_L2SU6334A.xml.gz /ericsson/log/amos/moshell_logfiles/gbadim1/logs_moshell/pmfiles/11.48.68.180/rop/A20240422.2345-0000_L2SU6334A.xml.gz ... OK
get /rop/A20240423.0000-0015_L2SU6334A.xml.gz /ericsson/log/amos/moshell_logfiles/gbadim1/logs_moshell/pmfiles/11.48.68.180/rop/A20240423.0000-0015_L2SU6334A.xml.gz ... OK
get /rop/A20240423.0015-0030_L2SU6334A.xml.gz /ericsson/log/amos/moshell_logfiles/gbadim1/logs_moshell/pmfiles/11.48.68.180/rop/A20240423.0015-0030_L2SU6334A.xml.gz ... OK
get /rop/A20240423.0030-0045_L2SU6334A.xml.gz /ericsson/log/amos/moshell_logfiles/gbadim1/logs_moshell/pmfiles/11.48.68.180/rop/A20240423.0030-0045_L2SU6334A.xml.gz ... OK
get /rop/A20240423.0045-0100_L2SU6334A.xml.gz /ericsson/log/amos/moshell_logfiles/gbadim1/logs_moshell/pmfiles/11.48.68.180/rop/A20240423.0045-0100_L2SU6334A.xml.gz ... OK
get /rop/A20240423.0100-0115_L2SU6334A.xml.gz /ericsson/log/amos/moshell_logfiles/gbadim1/logs_moshell/pmfiles/11.48.68.180/rop/A20240423.0100-0115_L2SU6334A.xml.gz ... OK
get /rop/A20240423.0115-0130_L2SU6334A.xml.gz /ericsson/log/amos/moshell_logfiles/gbadim1/logs_moshell/pmfiles/11.48.68.180/rop/A20240423.0115-0130_L2SU6334A.xml.gz ... OK
get /rop/A20240423.0130-0145_L2SU6334A.xml.gz /ericsson/log/amos/moshell_logfiles/gbadim1/logs_moshell/pmfiles/11.48.68.180/rop/A20240423.0130-0145_L2SU6334A.xml.gz ... OK
get /rop/A20240423.0145-0200_L2SU6334A.xml.gz /ericsson/log/amos/moshell_logfiles/gbadim1/logs_moshell/pmfiles/11.48.68.180/rop/A20240423.0145-0200_L2SU6334A.xml.gz ... OK

(gzip -dc /ericsson/log/amos/moshell_logfiles/gbadim1/logs_moshell/pmfiles/11.48.68.180/rop/A20240422.2300-2315_L2SU6334A.xml.gz /ericsson/log/amos/moshell_logfiles/gbadim1/logs_moshell/pmfiles/11.48.68.180/rop/A20240422.2315-2330_L2SU6334A.xml.gz /ericsson/log/amos/moshell_logfiles/gbadim1/logs_moshell/pmfiles/11.48.68.180/rop/A20240422.2330-2345_L2SU6334A.xml.gz /ericsson/log/amos/moshell_logfiles/gbadim1/logs_moshell/pmfiles/11.48.68.180/rop/A20240422.2345-0000_L2SU6334A.xml.gz /ericsson/log/amos/moshell_logfiles/gbadim1/logs_moshell/pmfiles/11.48.68.180/rop/A20240423.0000-0015_L2SU6334A.xml.gz /ericsson/log/amos/moshell_logfiles/gbadim1/logs_moshell/pmfiles/11.48.68.180/rop/A20240423.0015-0030_L2SU6334A.xml.gz /ericsson/log/amos/moshell_logfiles/gbadim1/logs_moshell/pmfiles/11.48.68.180/rop/A20240423.0030-0045_L2SU6334A.xml.gz /ericsson/log/amos/moshell_logfiles/gbadim1/logs_moshell/pmfiles/11.48.68.180/rop/A20240423.0045-0100_L2SU6334A.xml.gz /ericsson/log/amos/moshell_logfiles/gbadim1/logs_moshell/pmfiles/11.48.68.180/rop/A20240423.0100-0115_L2SU6334A.xml.gz /ericsson/log/amos/moshell_logfiles/gbadim1/logs_moshell/pmfiles/11.48.68.180/rop/A20240423.0115-0130_L2SU6334A.xml.gz /ericsson/log/amos/moshell_logfiles/gbadim1/logs_moshell/pmfiles/11.48.68.180/rop/A20240423.0130-0145_L2SU6334A.xml.gz /ericsson/log/amos/moshell_logfiles/gbadim1/logs_moshell/pmfiles/11.48.68.180/rop/A20240423.0145-0200_L2SU6334A.xml.gz | LANG=C LC_ALL=C /opt/ericsson/amos/moshell/gawk -vusergawk="LANG=C LC_ALL=C /opt/ericsson/amos/moshell/gawk" -f /opt/ericsson/amos/moshell/commonjars/pmExtract.awk  "nrcell" "PMENDCSETUPUEATT$|PMENDCSETUPUESUCC$"   | sort | uniq | /usr/bin/perl /opt/ericsson/amos/moshell/pmXtab -q -pval 0 -mom /var/tmp/20240422-210002_4023808/pmxmomLog4024131  -cols time -fmt txt -m "[M]anagedElement=[^,]+,(?:\w+=1,){0,1}((\w+=[^,]+,*)+$)"  )2>&1 | tee -a /ericsson/log/amos/moshell_logfiles/gbadim1/logs_moshell/sessionlog/240422-210009_L2SU6334A.log

Report from 2024-04-22 23:00 UTC to 2024-04-23 01:59 UTC (12 ropfiles)
Node SW: CXP9024418/15_R85C47 (23.Q4.0-3)

Date: 
Object Counter


L2SU6334A> ue print -admitted
Checking available boards on node...

Collecting RCS board data ...
.....................................................................
...................
.....
240422-21:01:19-0500 11.48.68.180 24.0c MSRBS_NODE_MODEL_23.Q4_643.28133.125_0bc9 stopfile=/tmp/4024131
coli>/lrat/ue print -admitted
CellId  #UE:s  #Bearers  
   1       5        9
   2      10       19
 200       0        0
 201       0        0
coli>/rc/nrat/ue print -admitted
NRAT is dormant.
coli>/rpc/nrat/ue print -admitted
NRAT is dormant.
coli>

L2SU6334A> 

L2SU6334A> ############################################################################################

L2SU6334A> #		 Post Script CV and unset of all variables - This is modifiable to your needs      #

L2SU6334A> ############################################################################################

L2SU6334A> 

L2SU6334A> 

L2SU6334A> l-

Log close: /ericsson/log/amos/moshell_logfiles/gbadim1/logs_moshell/sessionlog/240422-210009_L2SU6334A.log

L2SU6334A> confb-

L2SU6334A> gs-

Perform a get before set = disabled

L2SU6334A> 

L2SU6334A> 

L2SU6334A> #cvms post_$jobname_$date

L2SU6334A> 

L2SU6334A> #Keep the unset all after the cv so the variables can be used

L2SU6334A> unset all 

L2SU6334A> 

L2SU6334A> #cmedit set NetworkElement=M7BAN764A,ComConnectivityInformation=1 ipAddress=11.242.0.98#
Bye...
Output has been logged to file /home/shared/common/Overnight_Work/Rehomes/Prechecks/L2SU6334A.log
