Logging to file /home/shared/common/Overnight_Work/Rehomes/Prechecks/M2BR8830A3.log
                        __  __  ____   _____
                  /\   |  \/  |/ __ \ / ____|
                 /  \  | \  / | |  | | (___  
                / /\ \ | |\/| | |  | |\___ \ 
               / ____ \| |  | | |__| |____) |
              /_/    \_\_|  |_|\____/|_____/
              OSS Framework for MoShell-24.0c 
  Copyright (c) Ericsson AB 2001-2024 - All Rights Reserved
              
           
$amosrb_pid = 801929

Checking ip contact...OK

HELP MENU            : h
BASIC MO COMMANDS    : m
OTHER MO COMMANDS    : n
OTHER COMMANDS       : o
PM COMMANDS          : p
QUIT                 : q

M2BR8830A3> ############################################################################################

M2BR8830A3> #				Script Foundation - Leave this for all scripts							   #

M2BR8830A3> ############################################################################################

M2BR8830A3> 

M2BR8830A3> confb+

M2BR8830A3> gs+

Perform a get before set = enabled

M2BR8830A3> unset all

M2BR8830A3> l+

Logging to file: /ericsson/log/amos/moshell_logfiles/gbadim1/logs_moshell/sessionlog/240423-210009_M2BR8830A3.log

M2BR8830A3> 

M2BR8830A3> alt

240423-21:00:09-0500 11.48.62.180 24.0c  stopfile=/tmp/801218
Looking up temporary_amos account... OK.
Trying temporary_amos_gbadim1_291's password from amos lookupAccount ... OK

$ssh_pid = 803686

Connected to 11.48.62.180 (SubNetwork=ONRM_ROOT_MO,SubNetwork=Philadelphia,MeContext=M2BR8830A3,ManagedElement=M2BR8830A3)

Checking MOM version...MSRBS_NODE_MODEL_23.Q4_643.28133.125_0bc9
Parsing MOM (cached): /var/tmp/20240423-210002_800861/MSRBS_NODE_MODEL_23.Q4_643.28133.125_0bc9.xml.cache.gz ...........................................................................................................................................................................................................Done.
Using paramfile /opt/ericsson/amos/moshell/commonjars/pm/PARAM_MSRBS_23.Q4.txt
Parsing file /opt/ericsson/amos/moshell/commonjars/pm/PARAM_MSRBS_23.Q4.txt ...................................................................................Done.
Using imomdfile /opt/ericsson/amos/moshell/commonjars/pm/IMOMD_MSRBS_22.Q4.txt
Using imomfile /opt/ericsson/amos/moshell/commonjars/pm/IMOM_MSRBS_23.Q4.txt

Collecting Alarms...

====================================================================================================================
Date & Time (UTC)   S Specific Problem                    MO (AdditionalText/PC, AI)
====================================================================================================================
2024-04-10 03:33:55 m External Link to GNodeB Failure     ENodeBFunction=1 (X2 link problem to one or several neighbouring gNodeBs. AI: PLMN ID-gNB ID 1 : 310260-1370833,PLMN ID-gNB ID 2 : 310260-1354754,PLMN ID-gNB ID 3 : 310260-1349458,PLMN ID-gNB ID 4 : 310260-1342890,PLMN ID-gNB ID 5 : 310260-1338500,PLMN ID-gNB ID 6 : 310260-1316888,PLMN ID-gNB ID 7 : 310260-1316354,PLMN ID-gNB ID 8 : 310260-1316231,PLMN ID-gNB ID 9 : 310260-1075977,PLMN ID-gNB ID : list truncated)
2024-04-19 03:25:00 w PLMN Service Redundancy Lost        ENodeBFunction=1 (S1 connection failure for PLMN connected with link represented by MO listed in Additional Information. AI: PLMN : ["310120","310260","310830","311490","311882","312250","312530","313350"],DN1=ManagedElement=1,ENodeBFunction=1,TermPointToMme=PH3vMME1,)
>>> Total: 2 Alarms (0 Critical, 0 Major)

M2BR8830A3> 

M2BR8830A3> uv sls_username > $user

sls_username              = gbadim1

$user = gbadim1

M2BR8830A3> $date = `date +%y%m%d-%H%M`

$date = 240423-2100

M2BR8830A3> $Node = `echo "$nodename" | cut -c 2-9`

$Node = 2BR8830A

M2BR8830A3> $L21 = L

$L21 = L

M2BR8830A3> $L19 = B

$L19 = B

M2BR8830A3> $L7 = D

$L7 = D

M2BR8830A3> $L6 = E

$L6 = E

M2BR8830A3> $N6 = K

$N6 = K

M2BR8830A3> $N25 = A

$N25 = A

M2BR8830A3> $L25 = T

$L25 = T

M2BR8830A3> $N19 = J

$N19 = J

M2BR8830A3> $N71 = K

$N71 = K

M2BR8830A3> $2C = .*2$

$2C = .*2$

M2BR8830A3> $1C = .*1$

$1C = .*1$

M2BR8830A3> $allcell = TDD|FDD|NRCellDU|Nbiot

$allcell = TDD|FDD|NRCellDU|Nbiot

M2BR8830A3> $FDD = EUtranCellFDD=

$FDD = EUtranCellFDD=

M2BR8830A3> $TDD = EUtranCellTDD=

$TDD = EUtranCellTDD=

M2BR8830A3> $NRCell = NRCellDU=

$NRCell = NRCellDU=

M2BR8830A3> $NRSec25 = NRSectorCarrier=25-

$NRSec25 = NRSectorCarrier=25-

M2BR8830A3> $NRSec6 = NRSectorCarrier=6-

$NRSec6 = NRSectorCarrier=6-

M2BR8830A3> $NRSec19 = NRSectorCarrier=19-

$NRSec19 = NRSectorCarrier=19-

M2BR8830A3> $LTESec = SectorEquipmentFunction=

$LTESec = SectorEquipmentFunction=

M2BR8830A3> 

M2BR8830A3> ############################################################################################

M2BR8830A3> #		Change JobName and any parameter that needs changing case by case basis    		   #

M2BR8830A3> ############################################################################################

M2BR8830A3> # 		PUT A # SIGN IN FRONT OF ANYTHING YOU DONT WANT TO USE ON THIS SCRIPT  			   #   

M2BR8830A3> ############################################################################################

M2BR8830A3>       

M2BR8830A3> #$arfcnDL = 507708

M2BR8830A3> #$jobname = Retune_Prechecks

M2BR8830A3> 

M2BR8830A3> ############################################################################################

M2BR8830A3> #				Script Specifics - This is modifiable to your needs						   #

M2BR8830A3> ############################################################################################

M2BR8830A3> #	   FOR SETM COMMANDS YOU HAVE TO REMOVE THE GS+ AND GS- from the script                #

M2BR8830A3> ############################################################################################

M2BR8830A3> ###############################

M2BR8830A3> #### PRECHECK / LOCK / CV #####

M2BR8830A3> ###############################

M2BR8830A3> 

M2BR8830A3> 

M2BR8830A3> lt all

240423-21:00:21-0500 11.48.62.180 24.0c MSRBS_NODE_MODEL_23.Q4_643.28133.125_0bc9 stopfile=/tmp/801218
Connected to 11.48.62.180 (SubNetwork=ONRM_ROOT_MO,SubNetwork=Philadelphia,MeContext=M2BR8830A3,ManagedElement=M2BR8830A3)

Last MO: 20648. Loaded 20648 MOs. Total: 20649 MOs.

M2BR8830A3> pr vlanport=

240423-21:00:28-0500 11.48.62.180 24.0c MSRBS_NODE_MODEL_23.Q4_643.28133.125_0bc9 stopfile=/tmp/801218
===================================================================================
Proxy  MO
===================================================================================
20644  Transport=1,VlanPort=2502
20645  Transport=1,VlanPort=4001
20646  Transport=1,VlanPort=502
20647  Transport=1,VlanPort=ERAN
20648  Transport=1,VlanPort=ERAN_NR
===================================================================================
Total: 5 MOs

M2BR8830A3> get address address

240423-21:00:28-0500 11.48.62.180 24.0c MSRBS_NODE_MODEL_23.Q4_643.28133.125_0bc9 stopfile=/tmp/801218
=================================================================================================================
MO                                                      Attribute         Value
=================================================================================================================
Router=LTE,InterfaceIPv4=1,AddressIPv4=1                address           42.176.62.180/27
Router=LTE,InterfaceIPv4=1,AddressIPv4=1                addressIPv4Id     1
Router=LTE,InterfaceIPv4=1,AddressIPv4=1                primaryAddress    true
Router=LTE,InterfaceIPv4=1,AddressIPv4=1                usedAddress       42.176.62.180/27
Router=Node_Internal_F1,InterfaceIPv4=NRCUCP,AddressIPv4=1 address           169.254.42.42/32
Router=Node_Internal_F1,InterfaceIPv4=NRCUCP,AddressIPv4=1 addressIPv4Id     1
Router=Node_Internal_F1,InterfaceIPv4=NRCUCP,AddressIPv4=1 primaryAddress    true
Router=Node_Internal_F1,InterfaceIPv4=NRCUCP,AddressIPv4=1 usedAddress       169.254.42.42/32
Router=Node_Internal_F1,InterfaceIPv4=NRDU,AddressIPv4=1 address           169.254.42.43/32
Router=Node_Internal_F1,InterfaceIPv4=NRDU,AddressIPv4=1 addressIPv4Id     1
Router=Node_Internal_F1,InterfaceIPv4=NRDU,AddressIPv4=1 primaryAddress    true
Router=Node_Internal_F1,InterfaceIPv4=NRDU,AddressIPv4=1 usedAddress       169.254.42.43/32
Router=vr_OAM,InterfaceIPv4=1,AddressIPv4=1             address           11.48.62.180/27
Router=vr_OAM,InterfaceIPv4=1,AddressIPv4=1             addressIPv4Id     1
Router=vr_OAM,InterfaceIPv4=1,AddressIPv4=1             primaryAddress    true
Router=vr_OAM,InterfaceIPv4=1,AddressIPv4=1             usedAddress       11.48.62.180/27
Router=vr_TRAFFIC,InterfaceIPv4=1,AddressIPv4=1         address           42.176.62.188/27
Router=vr_TRAFFIC,InterfaceIPv4=1,AddressIPv4=1         addressIPv4Id     1
Router=vr_TRAFFIC,InterfaceIPv4=1,AddressIPv4=1         primaryAddress    true
Router=vr_TRAFFIC,InterfaceIPv4=1,AddressIPv4=1         usedAddress       42.176.62.188/27
=================================================================================================================
Total: 5 MOs


M2BR8830A3> st FDD|TDD|NRCellDU|NbIot

240423-21:00:29-0500 11.48.62.180 24.0c MSRBS_NODE_MODEL_23.Q4_643.28133.125_0bc9 stopfile=/tmp/801218
===================================================================================
Proxy  Adm State     Op. State     MO
===================================================================================
   44  1 (UNLOCKED)  1 (ENABLED)   ENodeBFunction=1,EUtranCellFDD=B2BR8830A11
  155  1 (UNLOCKED)  1 (ENABLED)   ENodeBFunction=1,EUtranCellFDD=B2BR8830A21
  271  1 (UNLOCKED)  1 (ENABLED)   ENodeBFunction=1,EUtranCellFDD=B2BR8830A31
  375  1 (UNLOCKED)  1 (ENABLED)   ENodeBFunction=1,EUtranCellFDD=L2BR8830A11
  475  1 (UNLOCKED)  1 (ENABLED)   ENodeBFunction=1,EUtranCellFDD=L2BR8830A21
  590  1 (UNLOCKED)  1 (ENABLED)   ENodeBFunction=1,EUtranCellFDD=L2BR8830A31
  977  1 (UNLOCKED)  1 (ENABLED)   ENodeBFunction=1,NbIotCell=Z2BR8830A11
  978  1 (UNLOCKED)  1 (ENABLED)   ENodeBFunction=1,NbIotCell=Z2BR8830A21
  979  1 (UNLOCKED)  1 (ENABLED)   ENodeBFunction=1,NbIotCell=Z2BR8830A31
 2620  1 (UNLOCKED)  1 (ENABLED)   GNBDUFunction=1,NRCellDU=J2BR8830A11
 2623  1 (UNLOCKED)  1 (ENABLED)   GNBDUFunction=1,NRCellDU=J2BR8830A21
 2626  1 (UNLOCKED)  1 (ENABLED)   GNBDUFunction=1,NRCellDU=J2BR8830A31
 3209  1 (UNLOCKED)                SystemFunctions=1,HealthCheckM=1,HcRule=ENodeBFunction_CheckNbiotCllRssiNpuschReadings
 3210  1 (UNLOCKED)                SystemFunctions=1,HealthCheckM=1,HcRule=ENodeBFunction_CheckNbiotCllSinrNpuschReadings
 3211  1 (UNLOCKED)                SystemFunctions=1,HealthCheckM=1,HcRule=ENodeBFunction_CheckNbiotCllStatus
===================================================================================
Total: 15 MOs

M2BR8830A3> 

M2BR8830A3> st termpointtognb=1

240423-21:00:29-0500 11.48.62.180 24.0c MSRBS_NODE_MODEL_23.Q4_643.28133.125_0bc9 stopfile=/tmp/801218
===================================================================================
Proxy  Adm State     Op. State     MO
===================================================================================
===================================================================================
Total: 0 MOs

M2BR8830A3> get ^GNB.*=1 gNBId$

240423-21:00:30-0500 11.48.62.180 24.0c MSRBS_NODE_MODEL_23.Q4_643.28133.125_0bc9 stopfile=/tmp/801218
=================================================================================================================
MO                                                      Attribute         Value
=================================================================================================================
GNBCUCPFunction=1                                       gNBId             1371913
GNBCUUPFunction=1                                       gNBId             1371913
GNBDUFunction=1                                         gNBId             1371913
=================================================================================================================
Total: 3 MOs


M2BR8830A3> get FUnction=1 nbid$

240423-21:00:30-0500 11.48.62.180 24.0c MSRBS_NODE_MODEL_23.Q4_643.28133.125_0bc9 stopfile=/tmp/801218
=================================================================================================================
MO                                                      Attribute         Value
=================================================================================================================
ENodeBFunction=1                                        eNBId             54473
GNBCUCPFunction=1                                       gNBId             1371913
GNBCUUPFunction=1                                       gNBId             1371913
GNBDUFunction=1                                         gNBId             1371913
ExtGNBDUPartnerFunction=1314607                         gNBId             1314607
ExtGNBDUPartnerFunction=1371957                         gNBId             1371957
=================================================================================================================
Total: 6 MOs


M2BR8830A3> st term

240423-21:00:31-0500 11.48.62.180 24.0c MSRBS_NODE_MODEL_23.Q4_643.28133.125_0bc9 stopfile=/tmp/801218
===================================================================================
Proxy  Adm State     Op. State     MO
===================================================================================
  717  1 (UNLOCKED)  1 (ENABLED)   ENodeBFunction=1,EUtraNetwork=1,ExternalENodeBFunction=310260-109117,TermPointToENB=310260-109117
  719  1 (UNLOCKED)  1 (ENABLED)   ENodeBFunction=1,EUtraNetwork=1,ExternalENodeBFunction=310260-128797,TermPointToENB=310260-128797
  724  1 (UNLOCKED)  1 (ENABLED)   ENodeBFunction=1,EUtraNetwork=1,ExternalENodeBFunction=310260-139077,TermPointToENB=310260-139077
  727                1 (ENABLED)   ENodeBFunction=1,EUtraNetwork=1,ExternalENodeBFunction=310260-139191,EranInterMeLink=1
  733  1 (UNLOCKED)  1 (ENABLED)   ENodeBFunction=1,EUtraNetwork=1,ExternalENodeBFunction=310260-139191,TermPointToENB=310260-139191
  736  1 (UNLOCKED)  1 (ENABLED)   ENodeBFunction=1,EUtraNetwork=1,ExternalENodeBFunction=310260-139208,TermPointToENB=310260-139208
  741  1 (UNLOCKED)  1 (ENABLED)   ENodeBFunction=1,EUtraNetwork=1,ExternalENodeBFunction=310260-139728,TermPointToENB=310260-139728
  745  1 (UNLOCKED)  1 (ENABLED)   ENodeBFunction=1,EUtraNetwork=1,ExternalENodeBFunction=310260-140110,TermPointToENB=310260-140110
  750  1 (UNLOCKED)  1 (ENABLED)   ENodeBFunction=1,EUtraNetwork=1,ExternalENodeBFunction=310260-310557,TermPointToENB=310260-310557
  757  1 (UNLOCKED)  1 (ENABLED)   ENodeBFunction=1,EUtraNetwork=1,ExternalENodeBFunction=310260-435936,TermPointToENB=310260-435936
  766  1 (UNLOCKED)  1 (ENABLED)   ENodeBFunction=1,EUtraNetwork=1,ExternalENodeBFunction=310260-435938,TermPointToENB=310260-435938
  775  1 (UNLOCKED)  1 (ENABLED)   ENodeBFunction=1,EUtraNetwork=1,ExternalENodeBFunction=310260-54484,TermPointToENB=310260-54484
  781  1 (UNLOCKED)  1 (ENABLED)   ENodeBFunction=1,EUtraNetwork=1,ExternalENodeBFunction=310260-54775,TermPointToENB=310260-54775
  786  1 (UNLOCKED)  1 (ENABLED)   ENodeBFunction=1,EUtraNetwork=1,ExternalENodeBFunction=310260-57480,TermPointToENB=310260-57480
  790  1 (UNLOCKED)  1 (ENABLED)   ENodeBFunction=1,EUtraNetwork=1,ExternalENodeBFunction=310260-58688,TermPointToENB=310260-58688
  793  1 (UNLOCKED)  1 (ENABLED)   ENodeBFunction=1,EUtraNetwork=1,ExternalENodeBFunction=310260-58692,TermPointToENB=310260-58692
  797  1 (UNLOCKED)  1 (ENABLED)   ENodeBFunction=1,EUtraNetwork=1,ExternalENodeBFunction=310260-58697,TermPointToENB=310260-58697
  801  1 (UNLOCKED)  1 (ENABLED)   ENodeBFunction=1,EUtraNetwork=1,ExternalENodeBFunction=310260-59399,TermPointToENB=310260-59399
  809  1 (UNLOCKED)  1 (ENABLED)   ENodeBFunction=1,EUtraNetwork=1,ExternalENodeBFunction=310260-59540,TermPointToENB=310260-59540
  816  1 (UNLOCKED)  1 (ENABLED)   ENodeBFunction=1,EUtraNetwork=1,ExternalENodeBFunction=310260-878193,TermPointToENB=310260-878193
  820  1 (UNLOCKED)  1 (ENABLED)   ENodeBFunction=1,EUtraNetwork=1,ExternalENodeBFunction=310260-878933,TermPointToENB=310260-878933
  823  1 (UNLOCKED)  1 (ENABLED)   ENodeBFunction=1,EUtraNetwork=1,ExternalENodeBFunction=310260-890798,TermPointToENB=310260-890798
  826  1 (UNLOCKED)  1 (ENABLED)   ENodeBFunction=1,EUtraNetwork=1,ExternalENodeBFunction=310260-890800,TermPointToENB=310260-890800
  863  1 (UNLOCKED)  0 (DISABLED)  ENodeBFunction=1,GUtraNetwork=1,ExternalGNodeBFunction=310260-000000001075977,TermPointToGNB=310260-000000001075977
  866  1 (UNLOCKED)  0 (DISABLED)  ENodeBFunction=1,GUtraNetwork=1,ExternalGNodeBFunction=310260-000000001086310,TermPointToGNB=310260-000000001086310
  870  1 (UNLOCKED)  1 (ENABLED)   ENodeBFunction=1,GUtraNetwork=1,ExternalGNodeBFunction=310260-000000001088747,TermPointToGNB=310260-000000001088747
  875  1 (UNLOCKED)  1 (ENABLED)   ENodeBFunction=1,GUtraNetwork=1,ExternalGNodeBFunction=310260-000000001314607,TermPointToGNB=310260-000000001314607
  878  1 (UNLOCKED)  0 (DISABLED)  ENodeBFunction=1,GUtraNetwork=1,ExternalGNodeBFunction=310260-000000001315842,TermPointToGNB=310260-000000001315842
  882  1 (UNLOCKED)  0 (DISABLED)  ENodeBFunction=1,GUtraNetwork=1,ExternalGNodeBFunction=310260-000000001316077,TermPointToGNB=310260-000000001316077
  887  1 (UNLOCKED)  0 (DISABLED)  ENodeBFunction=1,GUtraNetwork=1,ExternalGNodeBFunction=310260-000000001316231,TermPointToGNB=310260-000000001316231
  891  1 (UNLOCKED)  0 (DISABLED)  ENodeBFunction=1,GUtraNetwork=1,ExternalGNodeBFunction=310260-000000001316354,TermPointToGNB=310260-000000001316354
  895  1 (UNLOCKED)  0 (DISABLED)  ENodeBFunction=1,GUtraNetwork=1,ExternalGNodeBFunction=310260-000000001316882,TermPointToGNB=310260-000000001316882
  899  1 (UNLOCKED)  0 (DISABLED)  ENodeBFunction=1,GUtraNetwork=1,ExternalGNodeBFunction=310260-000000001316888,TermPointToGNB=310260-000000001316888
  902  1 (UNLOCKED)  0 (DISABLED)  ENodeBFunction=1,GUtraNetwork=1,ExternalGNodeBFunction=310260-000000001329025,TermPointToGNB=310260-000000001329025
  905  1 (UNLOCKED)  0 (DISABLED)  ENodeBFunction=1,GUtraNetwork=1,ExternalGNodeBFunction=310260-000000001332418,TermPointToGNB=310260-000000001332418
  909  1 (UNLOCKED)  0 (DISABLED)  ENodeBFunction=1,GUtraNetwork=1,ExternalGNodeBFunction=310260-000000001335566,TermPointToGNB=310260-000000001335566
  912  1 (UNLOCKED)  0 (DISABLED)  ENodeBFunction=1,GUtraNetwork=1,ExternalGNodeBFunction=310260-000000001335632,TermPointToGNB=310260-000000001335632
  915  1 (UNLOCKED)  0 (DISABLED)  ENodeBFunction=1,GUtraNetwork=1,ExternalGNodeBFunction=310260-000000001338500,TermPointToGNB=310260-000000001338500
  918  1 (UNLOCKED)  0 (DISABLED)  ENodeBFunction=1,GUtraNetwork=1,ExternalGNodeBFunction=310260-000000001342890,TermPointToGNB=310260-000000001342890
  922  1 (UNLOCKED)  0 (DISABLED)  ENodeBFunction=1,GUtraNetwork=1,ExternalGNodeBFunction=310260-000000001343066,TermPointToGNB=310260-000000001343066
  925  1 (UNLOCKED)  0 (DISABLED)  ENodeBFunction=1,GUtraNetwork=1,ExternalGNodeBFunction=310260-000000001345913,TermPointToGNB=310260-000000001345913
  928  1 (UNLOCKED)  0 (DISABLED)  ENodeBFunction=1,GUtraNetwork=1,ExternalGNodeBFunction=310260-000000001347217,TermPointToGNB=310260-000000001347217
  931  1 (UNLOCKED)  0 (DISABLED)  ENodeBFunction=1,GUtraNetwork=1,ExternalGNodeBFunction=310260-000000001348576,TermPointToGNB=310260-000000001348576
  934  1 (UNLOCKED)  0 (DISABLED)  ENodeBFunction=1,GUtraNetwork=1,ExternalGNodeBFunction=310260-000000001349458,TermPointToGNB=310260-000000001349458
  937  1 (UNLOCKED)  0 (DISABLED)  ENodeBFunction=1,GUtraNetwork=1,ExternalGNodeBFunction=310260-000000001354754,TermPointToGNB=310260-000000001354754
  941  1 (UNLOCKED)  0 (DISABLED)  ENodeBFunction=1,GUtraNetwork=1,ExternalGNodeBFunction=310260-000000001359527,TermPointToGNB=310260-000000001359527
  946  1 (UNLOCKED)  0 (DISABLED)  ENodeBFunction=1,GUtraNetwork=1,ExternalGNodeBFunction=310260-000000001370833,TermPointToGNB=310260-000000001370833
  960  1 (UNLOCKED)  1 (ENABLED)   ENodeBFunction=1,GUtraNetwork=1,ExternalGNodeBFunction=310260-000000001371957,TermPointToGNB=310260-000000001371957
 1112  1 (UNLOCKED)  1 (ENABLED)   ENodeBFunction=1,TermPointToMme=CR1vMME1
 1113  1 (UNLOCKED)  1 (ENABLED)   ENodeBFunction=1,TermPointToMme=DC1vMME1
 1114  1 (UNLOCKED)  1 (ENABLED)   ENodeBFunction=1,TermPointToMme=DC1vMME2
 1115  1 (UNLOCKED)  1 (ENABLED)   ENodeBFunction=1,TermPointToMme=DC2vMME1
 1116  1 (UNLOCKED)  1 (ENABLED)   ENodeBFunction=1,TermPointToMme=NE1CMM01
 1117  1 (UNLOCKED)  1 (ENABLED)   ENodeBFunction=1,TermPointToMme=NE1vMME1
 1118  1 (UNLOCKED)  1 (ENABLED)   ENodeBFunction=1,TermPointToMme=NE1vMME2
 1119  1 (UNLOCKED)  1 (ENABLED)   ENodeBFunction=1,TermPointToMme=NE4vMME1
 1120  1 (UNLOCKED)  1 (ENABLED)   ENodeBFunction=1,TermPointToMme=PH1vMME1
 1121  1 (UNLOCKED)  1 (ENABLED)   ENodeBFunction=1,TermPointToMme=PH2vMME1
 1122  1 (UNLOCKED)  0 (DISABLED)  ENodeBFunction=1,TermPointToMme=PH3vMME1
 1123  1 (UNLOCKED)  1 (ENABLED)   ENodeBFunction=1,TermPointToMme=UP1vMME1
 1124  1 (UNLOCKED)  1 (ENABLED)   ENodeBFunction=1,TermPointToMme=UP2nMME1
 1125  1 (UNLOCKED)  1 (ENABLED)   ENodeBFunction=1,TermPointToMme=UP2vMME1
 1832  1 (UNLOCKED)  1 (ENABLED)   GNBCUCPFunction=1,NRNetwork=1,ExternalGNBCUCPFunction=auto310_260_3_1075977,TermPointToGNodeB=auto1
 1846  1 (UNLOCKED)  1 (ENABLED)   GNBCUCPFunction=1,NRNetwork=1,ExternalGNBCUCPFunction=auto310_260_3_1075983,TermPointToGNodeB=auto1
 1866  1 (UNLOCKED)  1 (ENABLED)   GNBCUCPFunction=1,NRNetwork=1,ExternalGNBCUCPFunction=auto310_260_3_1081627,TermPointToGNodeB=auto1
 1886  1 (UNLOCKED)  1 (ENABLED)   GNBCUCPFunction=1,NRNetwork=1,ExternalGNBCUCPFunction=auto310_260_3_1088747,TermPointToGNodeB=auto1
 1897  1 (UNLOCKED)  1 (ENABLED)   GNBCUCPFunction=1,NRNetwork=1,ExternalGNBCUCPFunction=auto310_260_3_1314607,TermPointToGNodeB=auto1
 1908  1 (UNLOCKED)  1 (ENABLED)   GNBCUCPFunction=1,NRNetwork=1,ExternalGNBCUCPFunction=auto310_260_3_1316231,TermPointToGNodeB=auto1
 1919  1 (UNLOCKED)  1 (ENABLED)   GNBCUCPFunction=1,NRNetwork=1,ExternalGNBCUCPFunction=auto310_260_3_1316354,TermPointToGNodeB=auto1
 1930  1 (UNLOCKED)  1 (ENABLED)   GNBCUCPFunction=1,NRNetwork=1,ExternalGNBCUCPFunction=auto310_260_3_1316882,TermPointToGNodeB=auto1
 1941  1 (UNLOCKED)  1 (ENABLED)   GNBCUCPFunction=1,NRNetwork=1,ExternalGNBCUCPFunction=auto310_260_3_1316888,TermPointToGNodeB=auto1
 1958  1 (UNLOCKED)  1 (ENABLED)   GNBCUCPFunction=1,NRNetwork=1,ExternalGNBCUCPFunction=auto310_260_3_1338500,TermPointToGNodeB=auto1
 1969  1 (UNLOCKED)  1 (ENABLED)   GNBCUCPFunction=1,NRNetwork=1,ExternalGNBCUCPFunction=auto310_260_3_1345913,TermPointToGNodeB=auto1
 1989  1 (UNLOCKED)  1 (ENABLED)   GNBCUCPFunction=1,NRNetwork=1,ExternalGNBCUCPFunction=auto310_260_3_1349459,TermPointToGNodeB=auto1
 2015  1 (UNLOCKED)  1 (ENABLED)   GNBCUCPFunction=1,NRNetwork=1,ExternalGNBCUCPFunction=auto310_260_3_1354754,TermPointToGNodeB=auto1
 2044  1 (UNLOCKED)  1 (ENABLED)   GNBCUCPFunction=1,NRNetwork=1,ExternalGNBCUCPFunction=auto310_260_3_1359527,TermPointToGNodeB=auto1
 2061  1 (UNLOCKED)  1 (ENABLED)   GNBCUCPFunction=1,NRNetwork=1,ExternalGNBCUCPFunction=auto310_260_3_1366349,TermPointToGNodeB=auto1
 2078  1 (UNLOCKED)  1 (ENABLED)   GNBCUCPFunction=1,NRNetwork=1,ExternalGNBCUCPFunction=auto310_260_3_1366401,TermPointToGNodeB=auto1
 2089  1 (UNLOCKED)  1 (ENABLED)   GNBCUCPFunction=1,NRNetwork=1,ExternalGNBCUCPFunction=auto310_260_3_1369160,TermPointToGNodeB=auto1
 2109  1 (UNLOCKED)  1 (ENABLED)   GNBCUCPFunction=1,NRNetwork=1,ExternalGNBCUCPFunction=auto310_260_3_1369605,TermPointToGNodeB=auto1
 2131  1 (UNLOCKED)  1 (ENABLED)   GNBCUCPFunction=1,NRNetwork=1,ExternalGNBCUCPFunction=auto310_260_3_1370080,TermPointToGNodeB=auto1
 2145  1 (UNLOCKED)  1 (ENABLED)   GNBCUCPFunction=1,NRNetwork=1,ExternalGNBCUCPFunction=auto310_260_3_1370833,TermPointToGNodeB=auto1
 2169  1 (UNLOCKED)  1 (ENABLED)   GNBCUCPFunction=1,NRNetwork=1,ExternalGNBCUCPFunction=auto310_260_3_1370838,TermPointToGNodeB=auto1
 2189  1 (UNLOCKED)  1 (ENABLED)   GNBCUCPFunction=1,NRNetwork=1,ExternalGNBCUCPFunction=auto310_260_3_1371335,TermPointToGNodeB=auto1
 2209  1 (UNLOCKED)  1 (ENABLED)   GNBCUCPFunction=1,NRNetwork=1,ExternalGNBCUCPFunction=auto310_260_3_1371957,TermPointToGNodeB=auto1
 2259  1 (UNLOCKED)  1 (ENABLED)   GNBCUCPFunction=1,TermPointToAmf=DC1AMF01
 2261  1 (UNLOCKED)  1 (ENABLED)   GNBCUCPFunction=1,TermPointToAmf=DC2AMF01
 2263  1 (UNLOCKED)  1 (ENABLED)   GNBCUCPFunction=1,TermPointToAmf=DC2AMF02
 2265  1 (UNLOCKED)  1 (ENABLED)   GNBCUCPFunction=1,TermPointToAmf=NE1CMM01
 2267  1 (UNLOCKED)  1 (ENABLED)   GNBCUCPFunction=1,TermPointToAmf=NE3AMF01
 2269  1 (UNLOCKED)  1 (ENABLED)   GNBCUCPFunction=1,TermPointToAmf=NE4AMF01
 2271  1 (UNLOCKED)  1 (ENABLED)   GNBCUCPFunction=1,TermPointToAmf=NE4AMF02
 2273  1 (UNLOCKED)  1 (ENABLED)   GNBCUCPFunction=1,TermPointToAmf=PH1AMF01
 2275  1 (UNLOCKED)  1 (ENABLED)   GNBCUCPFunction=1,TermPointToAmf=PH2AMF01
 2277  1 (UNLOCKED)  1 (ENABLED)   GNBCUCPFunction=1,TermPointToAmf=PH2AMF02
 2279  1 (UNLOCKED)  1 (ENABLED)   GNBCUCPFunction=1,TermPointToAmf=PH3AMF01
 2281  1 (UNLOCKED)  1 (ENABLED)   GNBCUCPFunction=1,TermPointToAmf=UP1AMF01
 2283  1 (UNLOCKED)  1 (ENABLED)   GNBCUCPFunction=1,TermPointToAmf=UP2AMF01
 2285  1 (UNLOCKED)  1 (ENABLED)   GNBCUCPFunction=1,TermPointToAmf=UP2AMF02
 2287                1 (ENABLED)   GNBCUCPFunction=1,TermPointToGNBDU=1
 2614                1 (ENABLED)   GNBDUFunction=1,ExtGNBDUPartnerFunction=1314607,InterMeLink=1
 2615                1 (ENABLED)   GNBDUFunction=1,ExtGNBDUPartnerFunction=1314607,InterMeLink=2
 2617                1 (ENABLED)   GNBDUFunction=1,ExtGNBDUPartnerFunction=1371957,InterMeLink=1
 2618                1 (ENABLED)   GNBDUFunction=1,ExtGNBDUPartnerFunction=1371957,InterMeLink=2
 2708  1 (UNLOCKED)  1 (ENABLED)   GNBDUFunction=1,TermPointToGNBCUCP=1
===================================================================================
Total: 105 MOs

M2BR8830A3> 

M2BR8830A3> enm cmedit get *$Node* 

240423-21:00:36-0500 11.48.62.180 24.0c MSRBS_NODE_MODEL_23.Q4_643.28133.125_0bc9 stopfile=/tmp/801218


Not allowed to run from amosbatch.


M2BR8830A3> enm cmedit get *$Node* AddressIPv4.(*) -t

240423-21:00:36-0500 11.48.62.180 24.0c MSRBS_NODE_MODEL_23.Q4_643.28133.125_0bc9 stopfile=/tmp/801218


Not allowed to run from amosbatch.


M2BR8830A3> 

M2BR8830A3> hget AddressIPv4 ^address$

240423-21:00:36-0500 11.48.62.180 24.0c MSRBS_NODE_MODEL_23.Q4_643.28133.125_0bc9 stopfile=/tmp/801218
.
=================================================================================================================
MO                                                         address         
=================================================================================================================
Router=LTE,InterfaceIPv4=1,AddressIPv4=1                   42.176.62.180/27
Router=Node_Internal_F1,InterfaceIPv4=NRCUCP,AddressIPv4=1 169.254.42.42/32
Router=Node_Internal_F1,InterfaceIPv4=NRDU,AddressIPv4=1   169.254.42.43/32
Router=vr_OAM,InterfaceIPv4=1,AddressIPv4=1                11.48.62.180/27 
Router=vr_TRAFFIC,InterfaceIPv4=1,AddressIPv4=1            42.176.62.188/27
=================================================================================================================
Total: 5 MOs

Added 5 MOs to group: hget_group

M2BR8830A3> 

M2BR8830A3> pmxz NRCell PMENDCSETUPUEATT$|PMENDCSETUPUESUCC$ -m 3

240423-21:00:36-0500 11.48.62.180 24.0c MSRBS_NODE_MODEL_23.Q4_643.28133.125_0bc9 stopfile=/tmp/801218
Parsing PM cache: /home/shared/gbadim1/moshell/jarxml/PMCACHE_MSRBS_NODE_MODEL_23.Q4_643.28133.125_0bc9.txt.gz ... Done.

.....................
get /rop/A20240423.2230-2245_M2BR8830A3.xml.gz /ericsson/log/amos/moshell_logfiles/gbadim1/logs_moshell/pmfiles/11.48.62.180/rop/A20240423.2230-2245_M2BR8830A3.xml.gz ... OK
get /rop/A20240423.2245-2300_M2BR8830A3.xml.gz /ericsson/log/amos/moshell_logfiles/gbadim1/logs_moshell/pmfiles/11.48.62.180/rop/A20240423.2245-2300_M2BR8830A3.xml.gz ... OK
get /rop/A20240423.2300-2315_M2BR8830A3.xml.gz /ericsson/log/amos/moshell_logfiles/gbadim1/logs_moshell/pmfiles/11.48.62.180/rop/A20240423.2300-2315_M2BR8830A3.xml.gz ... OK
get /rop/A20240423.2315-2330_M2BR8830A3.xml.gz /ericsson/log/amos/moshell_logfiles/gbadim1/logs_moshell/pmfiles/11.48.62.180/rop/A20240423.2315-2330_M2BR8830A3.xml.gz ... OK
get /rop/A20240423.2330-2345_M2BR8830A3.xml.gz /ericsson/log/amos/moshell_logfiles/gbadim1/logs_moshell/pmfiles/11.48.62.180/rop/A20240423.2330-2345_M2BR8830A3.xml.gz ... OK
get /rop/A20240423.2345-0000_M2BR8830A3.xml.gz /ericsson/log/amos/moshell_logfiles/gbadim1/logs_moshell/pmfiles/11.48.62.180/rop/A20240423.2345-0000_M2BR8830A3.xml.gz ... OK
get /rop/A20240424.0000-0015_M2BR8830A3.xml.gz /ericsson/log/amos/moshell_logfiles/gbadim1/logs_moshell/pmfiles/11.48.62.180/rop/A20240424.0000-0015_M2BR8830A3.xml.gz ... OK
get /rop/A20240424.0015-0030_M2BR8830A3.xml.gz /ericsson/log/amos/moshell_logfiles/gbadim1/logs_moshell/pmfiles/11.48.62.180/rop/A20240424.0015-0030_M2BR8830A3.xml.gz ... OK
get /rop/A20240424.0030-0045_M2BR8830A3.xml.gz /ericsson/log/amos/moshell_logfiles/gbadim1/logs_moshell/pmfiles/11.48.62.180/rop/A20240424.0030-0045_M2BR8830A3.xml.gz ... OK
get /rop/A20240424.0045-0100_M2BR8830A3.xml.gz /ericsson/log/amos/moshell_logfiles/gbadim1/logs_moshell/pmfiles/11.48.62.180/rop/A20240424.0045-0100_M2BR8830A3.xml.gz ... OK
get /rop/A20240424.0100-0115_M2BR8830A3.xml.gz /ericsson/log/amos/moshell_logfiles/gbadim1/logs_moshell/pmfiles/11.48.62.180/rop/A20240424.0100-0115_M2BR8830A3.xml.gz ... OK
get /rop/A20240424.0115-0130_M2BR8830A3.xml.gz /ericsson/log/amos/moshell_logfiles/gbadim1/logs_moshell/pmfiles/11.48.62.180/rop/A20240424.0115-0130_M2BR8830A3.xml.gz ... OK
get /rop/A20240424.0130-0145_M2BR8830A3.xml.gz /ericsson/log/amos/moshell_logfiles/gbadim1/logs_moshell/pmfiles/11.48.62.180/rop/A20240424.0130-0145_M2BR8830A3.xml.gz ... OK
get /rop/A20240424.0145-0200_M2BR8830A3.xml.gz /ericsson/log/amos/moshell_logfiles/gbadim1/logs_moshell/pmfiles/11.48.62.180/rop/A20240424.0145-0200_M2BR8830A3.xml.gz ... OK

(gzip -dc /ericsson/log/amos/moshell_logfiles/gbadim1/logs_moshell/pmfiles/11.48.62.180/rop/A20240423.2300-2315_M2BR8830A3.xml.gz /ericsson/log/amos/moshell_logfiles/gbadim1/logs_moshell/pmfiles/11.48.62.180/rop/A20240423.2315-2330_M2BR8830A3.xml.gz /ericsson/log/amos/moshell_logfiles/gbadim1/logs_moshell/pmfiles/11.48.62.180/rop/A20240423.2330-2345_M2BR8830A3.xml.gz /ericsson/log/amos/moshell_logfiles/gbadim1/logs_moshell/pmfiles/11.48.62.180/rop/A20240423.2345-0000_M2BR8830A3.xml.gz /ericsson/log/amos/moshell_logfiles/gbadim1/logs_moshell/pmfiles/11.48.62.180/rop/A20240424.0000-0015_M2BR8830A3.xml.gz /ericsson/log/amos/moshell_logfiles/gbadim1/logs_moshell/pmfiles/11.48.62.180/rop/A20240424.0015-0030_M2BR8830A3.xml.gz /ericsson/log/amos/moshell_logfiles/gbadim1/logs_moshell/pmfiles/11.48.62.180/rop/A20240424.0030-0045_M2BR8830A3.xml.gz /ericsson/log/amos/moshell_logfiles/gbadim1/logs_moshell/pmfiles/11.48.62.180/rop/A20240424.0045-0100_M2BR8830A3.xml.gz /ericsson/log/amos/moshell_logfiles/gbadim1/logs_moshell/pmfiles/11.48.62.180/rop/A20240424.0100-0115_M2BR8830A3.xml.gz /ericsson/log/amos/moshell_logfiles/gbadim1/logs_moshell/pmfiles/11.48.62.180/rop/A20240424.0115-0130_M2BR8830A3.xml.gz /ericsson/log/amos/moshell_logfiles/gbadim1/logs_moshell/pmfiles/11.48.62.180/rop/A20240424.0130-0145_M2BR8830A3.xml.gz /ericsson/log/amos/moshell_logfiles/gbadim1/logs_moshell/pmfiles/11.48.62.180/rop/A20240424.0145-0200_M2BR8830A3.xml.gz | LANG=C LC_ALL=C /opt/ericsson/amos/moshell/gawk -vusergawk="LANG=C LC_ALL=C /opt/ericsson/amos/moshell/gawk" -f /opt/ericsson/amos/moshell/commonjars/pmExtract.awk  "nrcell" "PMENDCSETUPUEATT$|PMENDCSETUPUESUCC$"   | sort | uniq | /usr/bin/perl /opt/ericsson/amos/moshell/pmXtab -q -pval 0 -mom /var/tmp/20240423-210002_800861/pmxmomLog801218  -cols time -fmt txt -m "[M]anagedElement=[^,]+,(?:\w+=1,){0,1}((\w+=[^,]+,*)+$)"  )2>&1 | tee -a /ericsson/log/amos/moshell_logfiles/gbadim1/logs_moshell/sessionlog/240423-210009_M2BR8830A3.log

Report from 2024-04-23 23:00 UTC to 2024-04-24 01:59 UTC (12 ropfiles)
Node SW: CXP2010174/1_R82C53 (23.Q4.0-3)

Date: 2024-04-23
Object               Counter            18:00  18:15  18:30  18:45  19:00  19:15  19:30  19:45  20:00  20:15  20:30  20:45
NRCellCU=J2BR8830A11 pmEndcSetupUeAtt       0      0      0      0      0      0      0      0      0      0      0      0
NRCellCU=J2BR8830A11 pmEndcSetupUeSucc      0      0      0      0      0      0      0      0      0      0      0      0
NRCellCU=J2BR8830A21 pmEndcSetupUeAtt       0      0      0      0      0      0      0      0      0      0      0      0
NRCellCU=J2BR8830A21 pmEndcSetupUeSucc      0      0      0      0      0      0      0      0      0      0      0      0
NRCellCU=J2BR8830A31 pmEndcSetupUeAtt       0      0      0      0      0      0      0      0      0      0      0      0
NRCellCU=J2BR8830A31 pmEndcSetupUeSucc      0      0      0      0      0      0      0      0      0      0      0      0


M2BR8830A3> ue print -admitted
Checking available boards on node...

Collecting RCS board data ...
.......................................................................
..................
.....
240423-21:01:16-0500 11.48.62.180 24.0c MSRBS_NODE_MODEL_23.Q4_643.28133.125_0bc9 stopfile=/tmp/801218
coli>/lrat/ue print -admitted
CellId  #UE:s  #Bearers  
   1       5        6
   2       4        5
   3       5        5
   7       6        9
   8       2        2
   9       8       12
 200       0        0
 201       0        0
 202       0        0
coli>/rc/nrat/ue print -admitted
NrEnDc: uehId:4 ues:0
NrEnDc: uehId:5 ues:0
NrEnDc: uehId:6 ues:0
NrEnDc: uehId:7 ues:0
NrNrDc: uehId:4 ues:0
NrNrDc: uehId:5 ues:0
NrNrDc: uehId:6 ues:0
NrNrDc: uehId:7 ues:0
Nr: uehId:4 ues:2
Nr: uehId:5 ues:0
Nr: uehId:6 ues:1
Nr: uehId:7 ues:0
coli>/rpc/nrat/ue print -admitted
uehId:6 ues:0
uehId:7 ues:2
uehId:8 ues:0
uehId:9 ues:1
uehId:10 ues:0
coli>

M2BR8830A3> 

M2BR8830A3> ############################################################################################

M2BR8830A3> #		 Post Script CV and unset of all variables - This is modifiable to your needs      #

M2BR8830A3> ############################################################################################

M2BR8830A3> 

M2BR8830A3> 

M2BR8830A3> l-

Log close: /ericsson/log/amos/moshell_logfiles/gbadim1/logs_moshell/sessionlog/240423-210009_M2BR8830A3.log

M2BR8830A3> confb-

M2BR8830A3> gs-

Perform a get before set = disabled

M2BR8830A3> 

M2BR8830A3> 

M2BR8830A3> #cvms post_$jobname_$date

M2BR8830A3> 

M2BR8830A3> #Keep the unset all after the cv so the variables can be used

M2BR8830A3> unset all 

M2BR8830A3> 

M2BR8830A3> #cmedit set NetworkElement=M7BAN764A,ComConnectivityInformation=1 ipAddress=11.242.0.98#
Bye...
Output has been logged to file /home/shared/common/Overnight_Work/Rehomes/Prechecks/M2BR8830A3.log
