Logging to file /home/shared/common/Overnight_Work/Rehomes/Prechecks/M2BR8837C.log
                        __  __  ____   _____
                  /\   |  \/  |/ __ \ / ____|
                 /  \  | \  / | |  | | (___  
                / /\ \ | |\/| | |  | |\___ \ 
               / ____ \| |  | | |__| |____) |
              /_/    \_\_|  |_|\____/|_____/
              OSS Framework for MoShell-24.0c 
  Copyright (c) Ericsson AB 2001-2024 - All Rights Reserved
              
           
$amosrb_pid = 4024532

Checking ip contact...OK

HELP MENU            : h
BASIC MO COMMANDS    : m
OTHER MO COMMANDS    : n
OTHER COMMANDS       : o
PM COMMANDS          : p
QUIT                 : q

M2BR8837C> ############################################################################################

M2BR8837C> #				Script Foundation - Leave this for all scripts							   #

M2BR8837C> ############################################################################################

M2BR8837C> 

M2BR8837C> confb+

M2BR8837C> gs+

Perform a get before set = enabled

M2BR8837C> unset all

M2BR8837C> l+

Logging to file: /ericsson/log/amos/moshell_logfiles/gbadim1/logs_moshell/sessionlog/240422-210008_M2BR8837C.log

M2BR8837C> 

M2BR8837C> alt

240422-21:00:09-0500 11.48.0.180 24.0c  stopfile=/tmp/4024144
Looking up temporary_amos account... OK.
Trying temporary_amos_gbadim1_291's password from amos lookupAccount ... OK

$ssh_pid = 4025967

Connected to 11.48.0.180 (SubNetwork=ONRM_ROOT_MO,SubNetwork=Philadelphia,MeContext=M2BR8837C,ManagedElement=M2BR8837C)

Checking MOM version...MSRBS_NODE_MODEL_23.Q4_643.28133.125_0bc9
Parsing MOM (cached): /var/tmp/20240422-210002_4023824/MSRBS_NODE_MODEL_23.Q4_643.28133.125_0bc9.xml.cache.gz ...........................................................................................................................................................................................................Done.
Using paramfile /opt/ericsson/amos/moshell/commonjars/pm/PARAM_MSRBS_23.Q4.txt
Parsing file /opt/ericsson/amos/moshell/commonjars/pm/PARAM_MSRBS_23.Q4.txt ...................................................................................Done.
Using imomdfile /opt/ericsson/amos/moshell/commonjars/pm/IMOMD_MSRBS_22.Q4.txt
Using imomfile /opt/ericsson/amos/moshell/commonjars/pm/IMOM_MSRBS_23.Q4.txt

Collecting Alarms...

====================================================================================================================
Date & Time (UTC)   S Specific Problem                    MO (AdditionalText/PC, AI)
====================================================================================================================
2024-04-19 03:25:00 w PLMN Service Redundancy Lost        ENodeBFunction=1 (S1 connection failure for PLMN connected with link represented by MO listed in Additional Information. AI: PLMN : ["310120","310260","310830","311490","311882","312250","312530","313350"],DN1=ManagedElement=1,ENodeBFunction=1,TermPointToMme=PH3vMME1,)
2024-04-21 23:12:27 m External Link to GNodeB Failure     ENodeBFunction=1 (X2 link problem to one or several neighbouring gNodeBs. AI: PLMN ID-gNB ID 1 : 310260-1316231,PLMN ID-gNB ID 2 : 310260-1314607,PLMN ID-gNB ID 3 : 310260-1332418)
>>> Total: 2 Alarms (0 Critical, 0 Major)

M2BR8837C> 

M2BR8837C> uv sls_username > $user

sls_username              = gbadim1

$user = gbadim1

M2BR8837C> $date = `date +%y%m%d-%H%M`

$date = 240422-2100

M2BR8837C> $Node = `echo "$nodename" | cut -c 2-9`

$Node = 2BR8837C

M2BR8837C> $L21 = L

$L21 = L

M2BR8837C> $L19 = B

$L19 = B

M2BR8837C> $L7 = D

$L7 = D

M2BR8837C> $L6 = E

$L6 = E

M2BR8837C> $N6 = K

$N6 = K

M2BR8837C> $N25 = A

$N25 = A

M2BR8837C> $L25 = T

$L25 = T

M2BR8837C> $N19 = J

$N19 = J

M2BR8837C> $N71 = K

$N71 = K

M2BR8837C> $2C = .*2$

$2C = .*2$

M2BR8837C> $1C = .*1$

$1C = .*1$

M2BR8837C> $allcell = TDD|FDD|NRCellDU|Nbiot

$allcell = TDD|FDD|NRCellDU|Nbiot

M2BR8837C> $FDD = EUtranCellFDD=

$FDD = EUtranCellFDD=

M2BR8837C> $TDD = EUtranCellTDD=

$TDD = EUtranCellTDD=

M2BR8837C> $NRCell = NRCellDU=

$NRCell = NRCellDU=

M2BR8837C> $NRSec25 = NRSectorCarrier=25-

$NRSec25 = NRSectorCarrier=25-

M2BR8837C> $NRSec6 = NRSectorCarrier=6-

$NRSec6 = NRSectorCarrier=6-

M2BR8837C> $NRSec19 = NRSectorCarrier=19-

$NRSec19 = NRSectorCarrier=19-

M2BR8837C> $LTESec = SectorEquipmentFunction=

$LTESec = SectorEquipmentFunction=

M2BR8837C> 

M2BR8837C> ############################################################################################

M2BR8837C> #		Change JobName and any parameter that needs changing case by case basis    		   #

M2BR8837C> ############################################################################################

M2BR8837C> # 		PUT A # SIGN IN FRONT OF ANYTHING YOU DONT WANT TO USE ON THIS SCRIPT  			   #   

M2BR8837C> ############################################################################################

M2BR8837C>       

M2BR8837C> #$arfcnDL = 507708

M2BR8837C> #$jobname = Retune_Prechecks

M2BR8837C> 

M2BR8837C> ############################################################################################

M2BR8837C> #				Script Specifics - This is modifiable to your needs						   #

M2BR8837C> ############################################################################################

M2BR8837C> #	   FOR SETM COMMANDS YOU HAVE TO REMOVE THE GS+ AND GS- from the script                #

M2BR8837C> ############################################################################################

M2BR8837C> ###############################

M2BR8837C> #### PRECHECK / LOCK / CV #####

M2BR8837C> ###############################

M2BR8837C> 

M2BR8837C> 

M2BR8837C> lt all

240422-21:00:19-0500 11.48.0.180 24.0c MSRBS_NODE_MODEL_23.Q4_643.28133.125_0bc9 stopfile=/tmp/4024144
Connected to 11.48.0.180 (SubNetwork=ONRM_ROOT_MO,SubNetwork=Philadelphia,MeContext=M2BR8837C,ManagedElement=M2BR8837C)

Last MO: 21754. Loaded 21754 MOs. Total: 21755 MOs.

M2BR8837C> pr vlanport=

240422-21:00:26-0500 11.48.0.180 24.0c MSRBS_NODE_MODEL_23.Q4_643.28133.125_0bc9 stopfile=/tmp/4024144
===================================================================================
Proxy  MO
===================================================================================
21753  Transport=1,VlanPort=2505
21754  Transport=1,VlanPort=4001
===================================================================================
Total: 2 MOs

M2BR8837C> get address address

240422-21:00:27-0500 11.48.0.180 24.0c MSRBS_NODE_MODEL_23.Q4_643.28133.125_0bc9 stopfile=/tmp/4024144
=================================================================================================================
MO                                                      Attribute         Value
=================================================================================================================
Router=Node_Internal_F1,InterfaceIPv4=NRCUCP,AddressIPv4=1 address           169.254.42.42/32
Router=Node_Internal_F1,InterfaceIPv4=NRCUCP,AddressIPv4=1 addressIPv4Id     1
Router=Node_Internal_F1,InterfaceIPv4=NRCUCP,AddressIPv4=1 primaryAddress    true
Router=Node_Internal_F1,InterfaceIPv4=NRCUCP,AddressIPv4=1 usedAddress       169.254.42.42/32
Router=Node_Internal_F1,InterfaceIPv4=NRDU,AddressIPv4=1 address           169.254.42.43/32
Router=Node_Internal_F1,InterfaceIPv4=NRDU,AddressIPv4=1 addressIPv4Id     1
Router=Node_Internal_F1,InterfaceIPv4=NRDU,AddressIPv4=1 primaryAddress    true
Router=Node_Internal_F1,InterfaceIPv4=NRDU,AddressIPv4=1 usedAddress       169.254.42.43/32
Router=vr_OAM,InterfaceIPv4=1,AddressIPv4=1             address           11.48.0.180/27
Router=vr_OAM,InterfaceIPv4=1,AddressIPv4=1             addressIPv4Id     1
Router=vr_OAM,InterfaceIPv4=1,AddressIPv4=1             primaryAddress    true
Router=vr_OAM,InterfaceIPv4=1,AddressIPv4=1             usedAddress       11.48.0.180/27
Router=vr_TRAFFIC,InterfaceIPv4=1,AddressIPv4=1         address           42.176.0.180/29
Router=vr_TRAFFIC,InterfaceIPv4=1,AddressIPv4=1         addressIPv4Id     1
Router=vr_TRAFFIC,InterfaceIPv4=1,AddressIPv4=1         primaryAddress    true
Router=vr_TRAFFIC,InterfaceIPv4=1,AddressIPv4=1         usedAddress       42.176.0.180/29
Router=vr_TRAFFIC,InterfaceIPv4=LTE,AddressIPv4=1       address           42.176.0.186/32
Router=vr_TRAFFIC,InterfaceIPv4=LTE,AddressIPv4=1       addressIPv4Id     1
Router=vr_TRAFFIC,InterfaceIPv4=LTE,AddressIPv4=1       primaryAddress    true
Router=vr_TRAFFIC,InterfaceIPv4=LTE,AddressIPv4=1       usedAddress       42.176.0.186/32
=================================================================================================================
Total: 5 MOs


M2BR8837C> st FDD|TDD|NRCellDU|NbIot

240422-21:00:27-0500 11.48.0.180 24.0c MSRBS_NODE_MODEL_23.Q4_643.28133.125_0bc9 stopfile=/tmp/4024144
===================================================================================
Proxy  Adm State     Op. State     MO
===================================================================================
   45  1 (UNLOCKED)  1 (ENABLED)   ENodeBFunction=1,EUtranCellFDD=B2BR8837C11
  136  1 (UNLOCKED)  1 (ENABLED)   ENodeBFunction=1,EUtranCellFDD=B2BR8837C21
  227  1 (UNLOCKED)  1 (ENABLED)   ENodeBFunction=1,EUtranCellFDD=B2BR8837C31
  316  1 (UNLOCKED)  1 (ENABLED)   ENodeBFunction=1,EUtranCellFDD=D2BR8837C11
  408  1 (UNLOCKED)  1 (ENABLED)   ENodeBFunction=1,EUtranCellFDD=D2BR8837C21
  508  1 (UNLOCKED)  1 (ENABLED)   ENodeBFunction=1,EUtranCellFDD=D2BR8837C31
  603  1 (UNLOCKED)  1 (ENABLED)   ENodeBFunction=1,EUtranCellFDD=L2BR8837C11
  694  1 (UNLOCKED)  1 (ENABLED)   ENodeBFunction=1,EUtranCellFDD=L2BR8837C21
  784  1 (UNLOCKED)  1 (ENABLED)   ENodeBFunction=1,EUtranCellFDD=L2BR8837C31
 1038  1 (UNLOCKED)  1 (ENABLED)   ENodeBFunction=1,NbIotCell=Z2BR8837C11
 1039  1 (UNLOCKED)  1 (ENABLED)   ENodeBFunction=1,NbIotCell=Z2BR8837C21
 1040  1 (UNLOCKED)  1 (ENABLED)   ENodeBFunction=1,NbIotCell=Z2BR8837C31
 2750  1 (UNLOCKED)  1 (ENABLED)   GNBDUFunction=1,NRCellDU=J2BR8837C11
 2753  1 (UNLOCKED)  1 (ENABLED)   GNBDUFunction=1,NRCellDU=J2BR8837C12
 2756  1 (UNLOCKED)  1 (ENABLED)   GNBDUFunction=1,NRCellDU=J2BR8837C21
 2759  1 (UNLOCKED)  1 (ENABLED)   GNBDUFunction=1,NRCellDU=J2BR8837C22
 2762  1 (UNLOCKED)  1 (ENABLED)   GNBDUFunction=1,NRCellDU=J2BR8837C31
 2765  1 (UNLOCKED)  1 (ENABLED)   GNBDUFunction=1,NRCellDU=J2BR8837C32
 2768  1 (UNLOCKED)  1 (ENABLED)   GNBDUFunction=1,NRCellDU=K2BR8837C11
 2771  1 (UNLOCKED)  1 (ENABLED)   GNBDUFunction=1,NRCellDU=K2BR8837C21
 2774  1 (UNLOCKED)  1 (ENABLED)   GNBDUFunction=1,NRCellDU=K2BR8837C31
 3375  1 (UNLOCKED)                SystemFunctions=1,HealthCheckM=1,HcRule=ENodeBFunction_CheckNbiotCllRssiNpuschReadings
 3376  1 (UNLOCKED)                SystemFunctions=1,HealthCheckM=1,HcRule=ENodeBFunction_CheckNbiotCllSinrNpuschReadings
 3377  1 (UNLOCKED)                SystemFunctions=1,HealthCheckM=1,HcRule=ENodeBFunction_CheckNbiotCllStatus
===================================================================================
Total: 24 MOs

M2BR8837C> 

M2BR8837C> st termpointtognb=1

240422-21:00:28-0500 11.48.0.180 24.0c MSRBS_NODE_MODEL_23.Q4_643.28133.125_0bc9 stopfile=/tmp/4024144
===================================================================================
Proxy  Adm State     Op. State     MO
===================================================================================
  985  1 (UNLOCKED)  1 (ENABLED)   ENodeBFunction=1,GUtraNetwork=1,ExternalGNodeBFunction=1359527,TermPointToGNB=1
===================================================================================
Total: 1 MOs

M2BR8837C> get ^GNB.*=1 gNBId$

240422-21:00:28-0500 11.48.0.180 24.0c MSRBS_NODE_MODEL_23.Q4_643.28133.125_0bc9 stopfile=/tmp/4024144
=================================================================================================================
MO                                                      Attribute         Value
=================================================================================================================
GNBCUCPFunction=1                                       gNBId             1359527
GNBCUUPFunction=1                                       gNBId             1359527
GNBDUFunction=1                                         gNBId             1359527
=================================================================================================================
Total: 3 MOs


M2BR8837C> get FUnction=1 nbid$

240422-21:00:28-0500 11.48.0.180 24.0c MSRBS_NODE_MODEL_23.Q4_643.28133.125_0bc9 stopfile=/tmp/4024144
=================================================================================================================
MO                                                      Attribute         Value
=================================================================================================================
ENodeBFunction=1                                        eNBId             59540
GNBCUCPFunction=1                                       gNBId             1359527
GNBCUUPFunction=1                                       gNBId             1359527
GNBDUFunction=1                                         gNBId             1359527
=================================================================================================================
Total: 4 MOs


M2BR8837C> st term

240422-21:00:29-0500 11.48.0.180 24.0c MSRBS_NODE_MODEL_23.Q4_643.28133.125_0bc9 stopfile=/tmp/4024144
===================================================================================
Proxy  Adm State     Op. State     MO
===================================================================================
  889  1 (UNLOCKED)  1 (ENABLED)   ENodeBFunction=1,EUtraNetwork=1,ExternalENodeBFunction=310260-128797,TermPointToENB=310260-128797
  893  1 (UNLOCKED)  1 (ENABLED)   ENodeBFunction=1,EUtraNetwork=1,ExternalENodeBFunction=310260-139191,TermPointToENB=310260-139191
  899  1 (UNLOCKED)  1 (ENABLED)   ENodeBFunction=1,EUtraNetwork=1,ExternalENodeBFunction=310260-140110,TermPointToENB=310260-140110
  903  1 (UNLOCKED)  1 (ENABLED)   ENodeBFunction=1,EUtraNetwork=1,ExternalENodeBFunction=310260-149963,TermPointToENB=310260-149963
  907  1 (UNLOCKED)  1 (ENABLED)   ENodeBFunction=1,EUtraNetwork=1,ExternalENodeBFunction=310260-344005,TermPointToENB=310260-344005
  909  1 (UNLOCKED)  1 (ENABLED)   ENodeBFunction=1,EUtraNetwork=1,ExternalENodeBFunction=310260-435936,TermPointToENB=310260-435936
  915  1 (UNLOCKED)  1 (ENABLED)   ENodeBFunction=1,EUtraNetwork=1,ExternalENodeBFunction=310260-54473,TermPointToENB=310260-54473
  917  1 (UNLOCKED)  1 (ENABLED)   ENodeBFunction=1,EUtraNetwork=1,ExternalENodeBFunction=310260-54474,TermPointToENB=310260-54474
  920  1 (UNLOCKED)  1 (ENABLED)   ENodeBFunction=1,EUtraNetwork=1,ExternalENodeBFunction=310260-54478,TermPointToENB=310260-54478
  930  1 (UNLOCKED)  1 (ENABLED)   ENodeBFunction=1,EUtraNetwork=1,ExternalENodeBFunction=310260-54479,TermPointToENB=310260-54479
  939  1 (UNLOCKED)  1 (ENABLED)   ENodeBFunction=1,EUtraNetwork=1,ExternalENodeBFunction=310260-890800,TermPointToENB=310260-890800
  985  1 (UNLOCKED)  1 (ENABLED)   ENodeBFunction=1,GUtraNetwork=1,ExternalGNodeBFunction=1359527,TermPointToGNB=1
  990  1 (UNLOCKED)  0 (DISABLED)  ENodeBFunction=1,GUtraNetwork=1,ExternalGNodeBFunction=310260-000000001314607,TermPointToGNB=310260-000000001314607
  995  1 (UNLOCKED)  1 (ENABLED)   ENodeBFunction=1,GUtraNetwork=1,ExternalGNodeBFunction=310260-000000001315842,TermPointToGNB=310260-000000001315842
 1000  1 (UNLOCKED)  1 (ENABLED)   ENodeBFunction=1,GUtraNetwork=1,ExternalGNodeBFunction=310260-000000001316037,TermPointToGNB=310260-000000001316037
 1005  1 (UNLOCKED)  0 (DISABLED)  ENodeBFunction=1,GUtraNetwork=1,ExternalGNodeBFunction=310260-000000001316231,TermPointToGNB=310260-000000001316231
 1009  1 (UNLOCKED)  0 (DISABLED)  ENodeBFunction=1,GUtraNetwork=1,ExternalGNodeBFunction=310260-000000001332418,TermPointToGNB=310260-000000001332418
 1014  1 (UNLOCKED)  1 (ENABLED)   ENodeBFunction=1,GUtraNetwork=1,ExternalGNodeBFunction=310260-000000001345913,TermPointToGNB=310260-000000001345913
 1022  1 (UNLOCKED)  1 (ENABLED)   ENodeBFunction=1,GUtraNetwork=1,ExternalGNodeBFunction=310260-000000001354754,TermPointToGNB=310260-000000001354754
 1196  1 (UNLOCKED)  1 (ENABLED)   ENodeBFunction=1,TermPointToMme=CR1vMME1
 1197  1 (UNLOCKED)  1 (ENABLED)   ENodeBFunction=1,TermPointToMme=DC1vMME1
 1198  1 (UNLOCKED)  1 (ENABLED)   ENodeBFunction=1,TermPointToMme=DC1vMME2
 1199  1 (UNLOCKED)  1 (ENABLED)   ENodeBFunction=1,TermPointToMme=DC2vMME1
 1200  1 (UNLOCKED)  1 (ENABLED)   ENodeBFunction=1,TermPointToMme=NE1CMM01
 1201  1 (UNLOCKED)  1 (ENABLED)   ENodeBFunction=1,TermPointToMme=NE1vMME1
 1202  1 (UNLOCKED)  1 (ENABLED)   ENodeBFunction=1,TermPointToMme=NE1vMME2
 1203  1 (UNLOCKED)  1 (ENABLED)   ENodeBFunction=1,TermPointToMme=NE4vMME1
 1204  1 (UNLOCKED)  1 (ENABLED)   ENodeBFunction=1,TermPointToMme=PH1vMME1
 1205  1 (UNLOCKED)  1 (ENABLED)   ENodeBFunction=1,TermPointToMme=PH2vMME1
 1206  1 (UNLOCKED)  1 (ENABLED)   ENodeBFunction=1,TermPointToMme=PH3nMME1
 1207  1 (UNLOCKED)  0 (DISABLED)  ENodeBFunction=1,TermPointToMme=PH3vMME1
 1208  1 (UNLOCKED)  1 (ENABLED)   ENodeBFunction=1,TermPointToMme=UP1vMME1
 1209  1 (UNLOCKED)  1 (ENABLED)   ENodeBFunction=1,TermPointToMme=UP2nMME1
 1210  1 (UNLOCKED)  1 (ENABLED)   ENodeBFunction=1,TermPointToMme=UP2vMME1
 1729  0 (LOCKED)    0 (DISABLED)  GNBCUCPFunction=1,EUtraNetwork=1,ExternalENodeBFunction=auto310_260_3_54473,TermPointToENodeB=auto1
 1731  0 (LOCKED)    0 (DISABLED)  GNBCUCPFunction=1,EUtraNetwork=1,ExternalENodeBFunction=auto310_260_3_54474,TermPointToENodeB=auto1
 1738  1 (UNLOCKED)  1 (ENABLED)   GNBCUCPFunction=1,EUtraNetwork=1,ExternalENodeBFunction=auto310_260_3_54479,TermPointToENodeB=auto1
 1752  1 (UNLOCKED)  1 (ENABLED)   GNBCUCPFunction=1,EUtraNetwork=1,ExternalENodeBFunction=auto310_260_3_59540,TermPointToENodeB=auto1
 2224  1 (UNLOCKED)  1 (ENABLED)   GNBCUCPFunction=1,NRNetwork=1,ExternalGNBCUCPFunction=auto310_260_3_1075983,TermPointToGNodeB=auto1
 2235  1 (UNLOCKED)  1 (ENABLED)   GNBCUCPFunction=1,NRNetwork=1,ExternalGNBCUCPFunction=auto310_260_3_1314607,TermPointToGNodeB=auto1
 2246  1 (UNLOCKED)  1 (ENABLED)   GNBCUCPFunction=1,NRNetwork=1,ExternalGNBCUCPFunction=auto310_260_3_1329611,TermPointToGNodeB=auto1
 2257  1 (UNLOCKED)  1 (ENABLED)   GNBCUCPFunction=1,NRNetwork=1,ExternalGNBCUCPFunction=auto310_260_3_1345913,TermPointToGNodeB=auto1
 2283  1 (UNLOCKED)  1 (ENABLED)   GNBCUCPFunction=1,NRNetwork=1,ExternalGNBCUCPFunction=auto310_260_3_1354754,TermPointToGNodeB=auto1
 2300  1 (UNLOCKED)  1 (ENABLED)   GNBCUCPFunction=1,NRNetwork=1,ExternalGNBCUCPFunction=auto310_260_3_1354755,TermPointToGNodeB=auto1
 2314  1 (UNLOCKED)  1 (ENABLED)   GNBCUCPFunction=1,NRNetwork=1,ExternalGNBCUCPFunction=auto310_260_3_1370833,TermPointToGNodeB=auto1
 2325  1 (UNLOCKED)  1 (ENABLED)   GNBCUCPFunction=1,NRNetwork=1,ExternalGNBCUCPFunction=auto310_260_3_1371913,TermPointToGNodeB=auto1
 2375  1 (UNLOCKED)  1 (ENABLED)   GNBCUCPFunction=1,TermPointToAmf=DC1AMF01
 2377  1 (UNLOCKED)  1 (ENABLED)   GNBCUCPFunction=1,TermPointToAmf=DC2AMF01
 2379  1 (UNLOCKED)  1 (ENABLED)   GNBCUCPFunction=1,TermPointToAmf=DC2AMF02
 2381  1 (UNLOCKED)  1 (ENABLED)   GNBCUCPFunction=1,TermPointToAmf=NE1CMM01
 2383  1 (UNLOCKED)  1 (ENABLED)   GNBCUCPFunction=1,TermPointToAmf=NE3AMF01
 2385  1 (UNLOCKED)  1 (ENABLED)   GNBCUCPFunction=1,TermPointToAmf=NE4AMF01
 2387  1 (UNLOCKED)  1 (ENABLED)   GNBCUCPFunction=1,TermPointToAmf=NE4AMF02
 2389  1 (UNLOCKED)  1 (ENABLED)   GNBCUCPFunction=1,TermPointToAmf=PH1AMF01
 2391  1 (UNLOCKED)  1 (ENABLED)   GNBCUCPFunction=1,TermPointToAmf=PH2AMF01
 2393  1 (UNLOCKED)  1 (ENABLED)   GNBCUCPFunction=1,TermPointToAmf=PH2AMF02
 2395  1 (UNLOCKED)  1 (ENABLED)   GNBCUCPFunction=1,TermPointToAmf=PH3AMF01
 2397  1 (UNLOCKED)  1 (ENABLED)   GNBCUCPFunction=1,TermPointToAmf=UP1AMF01
 2399  1 (UNLOCKED)  1 (ENABLED)   GNBCUCPFunction=1,TermPointToAmf=UP2AMF01
 2401  1 (UNLOCKED)  1 (ENABLED)   GNBCUCPFunction=1,TermPointToAmf=UP2AMF02
 2403                1 (ENABLED)   GNBCUCPFunction=1,TermPointToGNBDU=1
 2868  1 (UNLOCKED)  1 (ENABLED)   GNBDUFunction=1,TermPointToGNBCUCP=1
===================================================================================
Total: 62 MOs

M2BR8837C> 

M2BR8837C> enm cmedit get *$Node* 

240422-21:00:31-0500 11.48.0.180 24.0c MSRBS_NODE_MODEL_23.Q4_643.28133.125_0bc9 stopfile=/tmp/4024144


Not allowed to run from amosbatch.


M2BR8837C> enm cmedit get *$Node* AddressIPv4.(*) -t

240422-21:00:31-0500 11.48.0.180 24.0c MSRBS_NODE_MODEL_23.Q4_643.28133.125_0bc9 stopfile=/tmp/4024144


Not allowed to run from amosbatch.


M2BR8837C> 

M2BR8837C> hget AddressIPv4 ^address$

240422-21:00:31-0500 11.48.0.180 24.0c MSRBS_NODE_MODEL_23.Q4_643.28133.125_0bc9 stopfile=/tmp/4024144
.
=================================================================================================================
MO                                                         address         
=================================================================================================================
Router=Node_Internal_F1,InterfaceIPv4=NRCUCP,AddressIPv4=1 169.254.42.42/32
Router=Node_Internal_F1,InterfaceIPv4=NRDU,AddressIPv4=1   169.254.42.43/32
Router=vr_OAM,InterfaceIPv4=1,AddressIPv4=1                11.48.0.180/27  
Router=vr_TRAFFIC,InterfaceIPv4=1,AddressIPv4=1            42.176.0.180/29 
Router=vr_TRAFFIC,InterfaceIPv4=LTE,AddressIPv4=1          42.176.0.186/32 
=================================================================================================================
Total: 5 MOs

Added 5 MOs to group: hget_group

M2BR8837C> 

M2BR8837C> pmxz NRCell PMENDCSETUPUEATT$|PMENDCSETUPUESUCC$ -m 3

240422-21:00:32-0500 11.48.0.180 24.0c MSRBS_NODE_MODEL_23.Q4_643.28133.125_0bc9 stopfile=/tmp/4024144
Parsing PM cache: /home/shared/gbadim1/moshell/jarxml/PMCACHE_MSRBS_NODE_MODEL_23.Q4_643.28133.125_0bc9.txt.gz ... Done.

...............
get /rop/A20240422.2230-2245_M2BR8837C.xml.gz /ericsson/log/amos/moshell_logfiles/gbadim1/logs_moshell/pmfiles/11.48.0.180/rop/A20240422.2230-2245_M2BR8837C.xml.gz ... OK
get /rop/A20240422.2245-2300_M2BR8837C.xml.gz /ericsson/log/amos/moshell_logfiles/gbadim1/logs_moshell/pmfiles/11.48.0.180/rop/A20240422.2245-2300_M2BR8837C.xml.gz ... OK
get /rop/A20240422.2300-2315_M2BR8837C.xml.gz /ericsson/log/amos/moshell_logfiles/gbadim1/logs_moshell/pmfiles/11.48.0.180/rop/A20240422.2300-2315_M2BR8837C.xml.gz ... OK
get /rop/A20240422.2315-2330_M2BR8837C.xml.gz /ericsson/log/amos/moshell_logfiles/gbadim1/logs_moshell/pmfiles/11.48.0.180/rop/A20240422.2315-2330_M2BR8837C.xml.gz ... OK
get /rop/A20240422.2330-2345_M2BR8837C.xml.gz /ericsson/log/amos/moshell_logfiles/gbadim1/logs_moshell/pmfiles/11.48.0.180/rop/A20240422.2330-2345_M2BR8837C.xml.gz ... OK
get /rop/A20240422.2345-0000_M2BR8837C.xml.gz /ericsson/log/amos/moshell_logfiles/gbadim1/logs_moshell/pmfiles/11.48.0.180/rop/A20240422.2345-0000_M2BR8837C.xml.gz ... OK
get /rop/A20240423.0000-0015_M2BR8837C.xml.gz /ericsson/log/amos/moshell_logfiles/gbadim1/logs_moshell/pmfiles/11.48.0.180/rop/A20240423.0000-0015_M2BR8837C.xml.gz ... OK
get /rop/A20240423.0015-0030_M2BR8837C.xml.gz /ericsson/log/amos/moshell_logfiles/gbadim1/logs_moshell/pmfiles/11.48.0.180/rop/A20240423.0015-0030_M2BR8837C.xml.gz ... OK
get /rop/A20240423.0030-0045_M2BR8837C.xml.gz /ericsson/log/amos/moshell_logfiles/gbadim1/logs_moshell/pmfiles/11.48.0.180/rop/A20240423.0030-0045_M2BR8837C.xml.gz ... OK
get /rop/A20240423.0045-0100_M2BR8837C.xml.gz /ericsson/log/amos/moshell_logfiles/gbadim1/logs_moshell/pmfiles/11.48.0.180/rop/A20240423.0045-0100_M2BR8837C.xml.gz ... OK
get /rop/A20240423.0100-0115_M2BR8837C.xml.gz /ericsson/log/amos/moshell_logfiles/gbadim1/logs_moshell/pmfiles/11.48.0.180/rop/A20240423.0100-0115_M2BR8837C.xml.gz ... OK
get /rop/A20240423.0115-0130_M2BR8837C.xml.gz /ericsson/log/amos/moshell_logfiles/gbadim1/logs_moshell/pmfiles/11.48.0.180/rop/A20240423.0115-0130_M2BR8837C.xml.gz ... OK
get /rop/A20240423.0130-0145_M2BR8837C.xml.gz /ericsson/log/amos/moshell_logfiles/gbadim1/logs_moshell/pmfiles/11.48.0.180/rop/A20240423.0130-0145_M2BR8837C.xml.gz ... OK
get /rop/A20240423.0145-0200_M2BR8837C.xml.gz /ericsson/log/amos/moshell_logfiles/gbadim1/logs_moshell/pmfiles/11.48.0.180/rop/A20240423.0145-0200_M2BR8837C.xml.gz ... OK

(gzip -dc /ericsson/log/amos/moshell_logfiles/gbadim1/logs_moshell/pmfiles/11.48.0.180/rop/A20240422.2300-2315_M2BR8837C.xml.gz /ericsson/log/amos/moshell_logfiles/gbadim1/logs_moshell/pmfiles/11.48.0.180/rop/A20240422.2315-2330_M2BR8837C.xml.gz /ericsson/log/amos/moshell_logfiles/gbadim1/logs_moshell/pmfiles/11.48.0.180/rop/A20240422.2330-2345_M2BR8837C.xml.gz /ericsson/log/amos/moshell_logfiles/gbadim1/logs_moshell/pmfiles/11.48.0.180/rop/A20240422.2345-0000_M2BR8837C.xml.gz /ericsson/log/amos/moshell_logfiles/gbadim1/logs_moshell/pmfiles/11.48.0.180/rop/A20240423.0000-0015_M2BR8837C.xml.gz /ericsson/log/amos/moshell_logfiles/gbadim1/logs_moshell/pmfiles/11.48.0.180/rop/A20240423.0015-0030_M2BR8837C.xml.gz /ericsson/log/amos/moshell_logfiles/gbadim1/logs_moshell/pmfiles/11.48.0.180/rop/A20240423.0030-0045_M2BR8837C.xml.gz /ericsson/log/amos/moshell_logfiles/gbadim1/logs_moshell/pmfiles/11.48.0.180/rop/A20240423.0045-0100_M2BR8837C.xml.gz /ericsson/log/amos/moshell_logfiles/gbadim1/logs_moshell/pmfiles/11.48.0.180/rop/A20240423.0100-0115_M2BR8837C.xml.gz /ericsson/log/amos/moshell_logfiles/gbadim1/logs_moshell/pmfiles/11.48.0.180/rop/A20240423.0115-0130_M2BR8837C.xml.gz /ericsson/log/amos/moshell_logfiles/gbadim1/logs_moshell/pmfiles/11.48.0.180/rop/A20240423.0130-0145_M2BR8837C.xml.gz /ericsson/log/amos/moshell_logfiles/gbadim1/logs_moshell/pmfiles/11.48.0.180/rop/A20240423.0145-0200_M2BR8837C.xml.gz | LANG=C LC_ALL=C /opt/ericsson/amos/moshell/gawk -vusergawk="LANG=C LC_ALL=C /opt/ericsson/amos/moshell/gawk" -f /opt/ericsson/amos/moshell/commonjars/pmExtract.awk  "nrcell" "PMENDCSETUPUEATT$|PMENDCSETUPUESUCC$"   | sort | uniq | /usr/bin/perl /opt/ericsson/amos/moshell/pmXtab -q -pval 0 -mom /var/tmp/20240422-210002_4023824/pmxmomLog4024144  -cols time -fmt txt -m "[M]anagedElement=[^,]+,(?:\w+=1,){0,1}((\w+=[^,]+,*)+$)"  )2>&1 | tee -a /ericsson/log/amos/moshell_logfiles/gbadim1/logs_moshell/sessionlog/240422-210008_M2BR8837C.log

Report from 2024-04-22 23:00 UTC to 2024-04-23 01:59 UTC (12 ropfiles)
Node SW: CXP2010174/1_R82C53 (23.Q4.0-3)

Date: 2024-04-22
Object               Counter            18:00  18:15  18:30  18:45  19:00  19:15  19:30  19:45  20:00  20:15  20:30  20:45
NRCellCU=J2BR8837C11 pmEndcSetupUeAtt       0      0      0      0      0      0      0      0      0      0      0      0
NRCellCU=J2BR8837C11 pmEndcSetupUeSucc      0      0      0      0      0      0      0      0      0      0      0      0
NRCellCU=J2BR8837C12 pmEndcSetupUeAtt       0      0      0      0      0      0      0      0      0      0      0      0
NRCellCU=J2BR8837C12 pmEndcSetupUeSucc      0      0      0      0      0      0      0      0      0      0      0      0
NRCellCU=J2BR8837C21 pmEndcSetupUeAtt       0      0      0      0      0      0      0      0      0      0      0      0
NRCellCU=J2BR8837C21 pmEndcSetupUeSucc      0      0      0      0      0      0      0      0      0      0      0      0
NRCellCU=J2BR8837C22 pmEndcSetupUeAtt       0      0      0      0      0      0      0      0      0      0      0      0
NRCellCU=J2BR8837C22 pmEndcSetupUeSucc      0      0      0      0      0      0      0      0      0      0      0      0
NRCellCU=J2BR8837C31 pmEndcSetupUeAtt       0      0      0      0      0      0      0      0      0      0      0      0
NRCellCU=J2BR8837C31 pmEndcSetupUeSucc      0      0      0      0      0      0      0      0      0      0      0      0
NRCellCU=J2BR8837C32 pmEndcSetupUeAtt       0      0      0      0      0      0      0      0      0      0      0      0
NRCellCU=J2BR8837C32 pmEndcSetupUeSucc      0      0      0      0      0      0      0      0      0      0      0      0
NRCellCU=K2BR8837C11 pmEndcSetupUeAtt       1      3      5      5      7     15      2      3      7      5     31     45
NRCellCU=K2BR8837C11 pmEndcSetupUeSucc      1      3      5      5      7     15      2      3      7      5     31     45
NRCellCU=K2BR8837C21 pmEndcSetupUeAtt      28     10     12     15      3     11     11      9      1      8      2      8
NRCellCU=K2BR8837C21 pmEndcSetupUeSucc     28     10     12     15      3     11     11      9      1      8      2      8
NRCellCU=K2BR8837C31 pmEndcSetupUeAtt      12      8      8      3      8     15     10      8      6      6     12     12
NRCellCU=K2BR8837C31 pmEndcSetupUeSucc     12      8      8      3      8     15     10      8      6      6     12     12


M2BR8837C> ue print -admitted
Checking available boards on node...

Collecting RCS board data ...
........................................................................
........................
.....
240422-21:01:24-0500 11.48.0.180 24.0c MSRBS_NODE_MODEL_23.Q4_643.28133.125_0bc9 stopfile=/tmp/4024144
coli>/lrat/ue print -admitted
CellId  #UE:s  #Bearers  
   1       0        0
   2       4        4
   3       0        0
   7       1        1
   8       1        1
   9       0        0
  21       3        4
  22       4        4
  23       2        2
 200       0        0
 201       0        0
 202       0        0
coli>/rc/nrat/ue print -admitted
NrEnDc: uehId:4 ues:1
NrEnDc: uehId:5 ues:2
NrEnDc: uehId:6 ues:1
NrEnDc: uehId:7 ues:2
NrNrDc: uehId:4 ues:0
NrNrDc: uehId:5 ues:0
NrNrDc: uehId:6 ues:0
NrNrDc: uehId:7 ues:0
Nr: uehId:4 ues:0
Nr: uehId:5 ues:0
Nr: uehId:6 ues:1
Nr: uehId:7 ues:0
coli>/rpc/nrat/ue print -admitted
uehId:6 ues:0
uehId:7 ues:1
uehId:8 ues:2
uehId:9 ues:2
uehId:10 ues:2
coli>

M2BR8837C> 

M2BR8837C> ############################################################################################

M2BR8837C> #		 Post Script CV and unset of all variables - This is modifiable to your needs      #

M2BR8837C> ############################################################################################

M2BR8837C> 

M2BR8837C> 

M2BR8837C> l-

Log close: /ericsson/log/amos/moshell_logfiles/gbadim1/logs_moshell/sessionlog/240422-210008_M2BR8837C.log

M2BR8837C> confb-

M2BR8837C> gs-

Perform a get before set = disabled

M2BR8837C> 

M2BR8837C> 

M2BR8837C> #cvms post_$jobname_$date

M2BR8837C> 

M2BR8837C> #Keep the unset all after the cv so the variables can be used

M2BR8837C> unset all 

M2BR8837C> 

M2BR8837C> #cmedit set NetworkElement=M7BAN764A,ComConnectivityInformation=1 ipAddress=11.242.0.98#
Bye...
Output has been logged to file /home/shared/common/Overnight_Work/Rehomes/Prechecks/M2BR8837C.log
