Logging to file /home/shared/common/Overnight_Work/Rehomes/Prechecks/M2BR8830A.log
                        __  __  ____   _____
                  /\   |  \/  |/ __ \ / ____|
                 /  \  | \  / | |  | | (___  
                / /\ \ | |\/| | |  | |\___ \ 
               / ____ \| |  | | |__| |____) |
              /_/    \_\_|  |_|\____/|_____/
              OSS Framework for MoShell-24.0c 
  Copyright (c) Ericsson AB 2001-2024 - All Rights Reserved
              
           
$amosrb_pid = 801882

Checking ip contact...OK

HELP MENU            : h
BASIC MO COMMANDS    : m
OTHER MO COMMANDS    : n
OTHER COMMANDS       : o
PM COMMANDS          : p
QUIT                 : q

M2BR8830A> ############################################################################################

M2BR8830A> #				Script Foundation - Leave this for all scripts							   #

M2BR8830A> ############################################################################################

M2BR8830A> 

M2BR8830A> confb+

M2BR8830A> gs+

Perform a get before set = enabled

M2BR8830A> unset all

M2BR8830A> l+

Logging to file: /ericsson/log/amos/moshell_logfiles/gbadim1/logs_moshell/sessionlog/240423-210009_M2BR8830A.log

M2BR8830A> 

M2BR8830A> alt

240423-21:00:09-0500 11.48.62.170 24.0c  stopfile=/tmp/801215
Looking up temporary_amos account... OK.
Trying temporary_amos_gbadim1_291's password from amos lookupAccount ... OK

$ssh_pid = 803699

Connected to 11.48.62.170 (SubNetwork=ONRM_ROOT_MO,SubNetwork=Philadelphia,MeContext=M2BR8830A,ManagedElement=M2BR8830A)

Checking MOM version...MSRBS_NODE_MODEL_23.Q4_643.28133.125_0bc9
Parsing MOM (cached): /var/tmp/20240423-210002_800857/MSRBS_NODE_MODEL_23.Q4_643.28133.125_0bc9.xml.cache.gz ...........................................................................................................................................................................................................Done.
Using paramfile /opt/ericsson/amos/moshell/commonjars/pm/PARAM_MSRBS_23.Q4.txt
Parsing file /opt/ericsson/amos/moshell/commonjars/pm/PARAM_MSRBS_23.Q4.txt ...................................................................................Done.
Using imomdfile /opt/ericsson/amos/moshell/commonjars/pm/IMOMD_MSRBS_22.Q4.txt
Using imomfile /opt/ericsson/amos/moshell/commonjars/pm/IMOM_MSRBS_23.Q4.txt

Collecting Alarms...

====================================================================================================================
Date & Time (UTC)   S Specific Problem                    MO (AdditionalText/PC, AI)
====================================================================================================================
2024-04-18 07:36:02 m External Link Failure               ENodeBFunction=1 (X2 link problem to one or several neighbouring eNodeBs. AI: PLMN ID-eNB ID 1 : 310260-54939)
2024-04-19 03:25:00 w PLMN Service Redundancy Lost        ENodeBFunction=1 (S1 connection failure for PLMN connected with link represented by MO listed in Additional Information. AI: PLMN : ["310120","310260","310830","311490","311882","312250","312530","313350"],DN1=ManagedElement=1,ENodeBFunction=1,TermPointToMme=PH3vMME1,)
>>> Total: 2 Alarms (0 Critical, 0 Major)

M2BR8830A> 

M2BR8830A> uv sls_username > $user

sls_username              = gbadim1

$user = gbadim1

M2BR8830A> $date = `date +%y%m%d-%H%M`

$date = 240423-2100

M2BR8830A> $Node = `echo "$nodename" | cut -c 2-9`

$Node = 2BR8830A

M2BR8830A> $L21 = L

$L21 = L

M2BR8830A> $L19 = B

$L19 = B

M2BR8830A> $L7 = D

$L7 = D

M2BR8830A> $L6 = E

$L6 = E

M2BR8830A> $N6 = K

$N6 = K

M2BR8830A> $N25 = A

$N25 = A

M2BR8830A> $L25 = T

$L25 = T

M2BR8830A> $N19 = J

$N19 = J

M2BR8830A> $N71 = K

$N71 = K

M2BR8830A> $2C = .*2$

$2C = .*2$

M2BR8830A> $1C = .*1$

$1C = .*1$

M2BR8830A> $allcell = TDD|FDD|NRCellDU|Nbiot

$allcell = TDD|FDD|NRCellDU|Nbiot

M2BR8830A> $FDD = EUtranCellFDD=

$FDD = EUtranCellFDD=

M2BR8830A> $TDD = EUtranCellTDD=

$TDD = EUtranCellTDD=

M2BR8830A> $NRCell = NRCellDU=

$NRCell = NRCellDU=

M2BR8830A> $NRSec25 = NRSectorCarrier=25-

$NRSec25 = NRSectorCarrier=25-

M2BR8830A> $NRSec6 = NRSectorCarrier=6-

$NRSec6 = NRSectorCarrier=6-

M2BR8830A> $NRSec19 = NRSectorCarrier=19-

$NRSec19 = NRSectorCarrier=19-

M2BR8830A> $LTESec = SectorEquipmentFunction=

$LTESec = SectorEquipmentFunction=

M2BR8830A> 

M2BR8830A> ############################################################################################

M2BR8830A> #		Change JobName and any parameter that needs changing case by case basis    		   #

M2BR8830A> ############################################################################################

M2BR8830A> # 		PUT A # SIGN IN FRONT OF ANYTHING YOU DONT WANT TO USE ON THIS SCRIPT  			   #   

M2BR8830A> ############################################################################################

M2BR8830A>       

M2BR8830A> #$arfcnDL = 507708

M2BR8830A> #$jobname = Retune_Prechecks

M2BR8830A> 

M2BR8830A> ############################################################################################

M2BR8830A> #				Script Specifics - This is modifiable to your needs						   #

M2BR8830A> ############################################################################################

M2BR8830A> #	   FOR SETM COMMANDS YOU HAVE TO REMOVE THE GS+ AND GS- from the script                #

M2BR8830A> ############################################################################################

M2BR8830A> ###############################

M2BR8830A> #### PRECHECK / LOCK / CV #####

M2BR8830A> ###############################

M2BR8830A> 

M2BR8830A> 

M2BR8830A> lt all

240423-21:00:21-0500 11.48.62.170 24.0c MSRBS_NODE_MODEL_23.Q4_643.28133.125_0bc9 stopfile=/tmp/801215
Connected to 11.48.62.170 (SubNetwork=ONRM_ROOT_MO,SubNetwork=Philadelphia,MeContext=M2BR8830A,ManagedElement=M2BR8830A)

Last MO: 20550. Loaded 20550 MOs. Total: 20551 MOs.

M2BR8830A> pr vlanport=

240423-21:00:33-0500 11.48.62.170 24.0c MSRBS_NODE_MODEL_23.Q4_643.28133.125_0bc9 stopfile=/tmp/801215
===================================================================================
Proxy  MO
===================================================================================
20546  Transport=1,VlanPort=2502
20547  Transport=1,VlanPort=4001
20548  Transport=1,VlanPort=502
20549  Transport=1,VlanPort=ERAN
20550  Transport=1,VlanPort=ERAN_NR
===================================================================================
Total: 5 MOs

M2BR8830A> get address address

240423-21:00:34-0500 11.48.62.170 24.0c MSRBS_NODE_MODEL_23.Q4_643.28133.125_0bc9 stopfile=/tmp/801215
=================================================================================================================
MO                                                      Attribute         Value
=================================================================================================================
Router=LTE,InterfaceIPv4=LTE,AddressIPv4=1              address           42.176.62.186/27
Router=LTE,InterfaceIPv4=LTE,AddressIPv4=1              addressIPv4Id     1
Router=LTE,InterfaceIPv4=LTE,AddressIPv4=1              primaryAddress    true
Router=LTE,InterfaceIPv4=LTE,AddressIPv4=1              usedAddress       42.176.62.186/27
Router=Node_Internal_F1,InterfaceIPv4=NRCUCP,AddressIPv4=1 address           169.254.42.42/32
Router=Node_Internal_F1,InterfaceIPv4=NRCUCP,AddressIPv4=1 addressIPv4Id     1
Router=Node_Internal_F1,InterfaceIPv4=NRCUCP,AddressIPv4=1 primaryAddress    true
Router=Node_Internal_F1,InterfaceIPv4=NRCUCP,AddressIPv4=1 usedAddress       169.254.42.42/32
Router=Node_Internal_F1,InterfaceIPv4=NRDU,AddressIPv4=1 address           169.254.42.43/32
Router=Node_Internal_F1,InterfaceIPv4=NRDU,AddressIPv4=1 addressIPv4Id     1
Router=Node_Internal_F1,InterfaceIPv4=NRDU,AddressIPv4=1 primaryAddress    true
Router=Node_Internal_F1,InterfaceIPv4=NRDU,AddressIPv4=1 usedAddress       169.254.42.43/32
Router=vr_OAM,InterfaceIPv4=1,AddressIPv4=1             address           11.48.62.170/27
Router=vr_OAM,InterfaceIPv4=1,AddressIPv4=1             addressIPv4Id     1
Router=vr_OAM,InterfaceIPv4=1,AddressIPv4=1             primaryAddress    true
Router=vr_OAM,InterfaceIPv4=1,AddressIPv4=1             usedAddress       11.48.62.170/27
Router=vr_TRAFFIC,InterfaceIPv4=1,AddressIPv4=1         address           42.176.62.170/27
Router=vr_TRAFFIC,InterfaceIPv4=1,AddressIPv4=1         addressIPv4Id     1
Router=vr_TRAFFIC,InterfaceIPv4=1,AddressIPv4=1         primaryAddress    true
Router=vr_TRAFFIC,InterfaceIPv4=1,AddressIPv4=1         usedAddress       42.176.62.170/27
=================================================================================================================
Total: 5 MOs


M2BR8830A> st FDD|TDD|NRCellDU|NbIot

240423-21:00:34-0500 11.48.62.170 24.0c MSRBS_NODE_MODEL_23.Q4_643.28133.125_0bc9 stopfile=/tmp/801215
===================================================================================
Proxy  Adm State     Op. State     MO
===================================================================================
   44  1 (UNLOCKED)  1 (ENABLED)   ENodeBFunction=1,EUtranCellFDD=D2BR8830A11
  159  1 (UNLOCKED)  1 (ENABLED)   ENodeBFunction=1,EUtranCellFDD=D2BR8830A21
  266  1 (UNLOCKED)  1 (ENABLED)   ENodeBFunction=1,EUtranCellFDD=D2BR8830A31
  656  1 (UNLOCKED)  1 (ENABLED)   ENodeBFunction=1,NbIotCell=X2BR8830A11
  657  1 (UNLOCKED)  1 (ENABLED)   ENodeBFunction=1,NbIotCell=X2BR8830A21
  658  1 (UNLOCKED)  1 (ENABLED)   ENodeBFunction=1,NbIotCell=X2BR8830A31
 2520  1 (UNLOCKED)  1 (ENABLED)   GNBDUFunction=1,NRCellDU=K2BR8830A11
 2523  1 (UNLOCKED)  1 (ENABLED)   GNBDUFunction=1,NRCellDU=K2BR8830A21
 2526  1 (UNLOCKED)  1 (ENABLED)   GNBDUFunction=1,NRCellDU=K2BR8830A31
 3109  1 (UNLOCKED)                SystemFunctions=1,HealthCheckM=1,HcRule=ENodeBFunction_CheckNbiotCllRssiNpuschReadings
 3110  1 (UNLOCKED)                SystemFunctions=1,HealthCheckM=1,HcRule=ENodeBFunction_CheckNbiotCllSinrNpuschReadings
 3111  1 (UNLOCKED)                SystemFunctions=1,HealthCheckM=1,HcRule=ENodeBFunction_CheckNbiotCllStatus
===================================================================================
Total: 12 MOs

M2BR8830A> 

M2BR8830A> st termpointtognb=1

240423-21:00:35-0500 11.48.62.170 24.0c MSRBS_NODE_MODEL_23.Q4_643.28133.125_0bc9 stopfile=/tmp/801215
===================================================================================
Proxy  Adm State     Op. State     MO
===================================================================================
===================================================================================
Total: 0 MOs

M2BR8830A> get ^GNB.*=1 gNBId$

240423-21:00:35-0500 11.48.62.170 24.0c MSRBS_NODE_MODEL_23.Q4_643.28133.125_0bc9 stopfile=/tmp/801215
=================================================================================================================
MO                                                      Attribute         Value
=================================================================================================================
GNBCUCPFunction=1                                       gNBId             1314607
GNBCUUPFunction=1                                       gNBId             1314607
GNBDUFunction=1                                         gNBId             1314607
=================================================================================================================
Total: 3 MOs


M2BR8830A> get FUnction=1 nbid$

240423-21:00:35-0500 11.48.62.170 24.0c MSRBS_NODE_MODEL_23.Q4_643.28133.125_0bc9 stopfile=/tmp/801215
=================================================================================================================
MO                                                      Attribute         Value
=================================================================================================================
ENodeBFunction=1                                        eNBId             139191
GNBCUCPFunction=1                                       gNBId             1314607
GNBCUUPFunction=1                                       gNBId             1314607
GNBDUFunction=1                                         gNBId             1314607
ExtGNBDUPartnerFunction=1371913                         gNBId             1371913
ExtGNBDUPartnerFunction=1371957                         gNBId             1371957
=================================================================================================================
Total: 6 MOs


M2BR8830A> st term

240423-21:00:36-0500 11.48.62.170 24.0c MSRBS_NODE_MODEL_23.Q4_643.28133.125_0bc9 stopfile=/tmp/801215
===================================================================================
Proxy  Adm State     Op. State     MO
===================================================================================
  396  1 (UNLOCKED)  1 (ENABLED)   ENodeBFunction=1,EUtraNetwork=1,ExternalENodeBFunction=310260-109117,TermPointToENB=310260-109117
  399  1 (UNLOCKED)  1 (ENABLED)   ENodeBFunction=1,EUtraNetwork=1,ExternalENodeBFunction=310260-128797,TermPointToENB=310260-128797
  405  1 (UNLOCKED)  1 (ENABLED)   ENodeBFunction=1,EUtraNetwork=1,ExternalENodeBFunction=310260-139077,TermPointToENB=310260-139077
  410  1 (UNLOCKED)  1 (ENABLED)   ENodeBFunction=1,EUtraNetwork=1,ExternalENodeBFunction=310260-139207,TermPointToENB=310260-139207
  414  1 (UNLOCKED)  1 (ENABLED)   ENodeBFunction=1,EUtraNetwork=1,ExternalENodeBFunction=310260-139208,TermPointToENB=310260-139208
  417  1 (UNLOCKED)  1 (ENABLED)   ENodeBFunction=1,EUtraNetwork=1,ExternalENodeBFunction=310260-139218,TermPointToENB=310260-139218
  421  1 (UNLOCKED)  1 (ENABLED)   ENodeBFunction=1,EUtraNetwork=1,ExternalENodeBFunction=310260-139728,TermPointToENB=310260-139728
  423  1 (UNLOCKED)  1 (ENABLED)   ENodeBFunction=1,EUtraNetwork=1,ExternalENodeBFunction=310260-140108,TermPointToENB=310260-140108
  426  1 (UNLOCKED)  1 (ENABLED)   ENodeBFunction=1,EUtraNetwork=1,ExternalENodeBFunction=310260-140110,TermPointToENB=310260-140110
  430  1 (UNLOCKED)  1 (ENABLED)   ENodeBFunction=1,EUtraNetwork=1,ExternalENodeBFunction=310260-140115,TermPointToENB=310260-140115
  439  1 (UNLOCKED)  1 (ENABLED)   ENodeBFunction=1,EUtraNetwork=1,ExternalENodeBFunction=310260-310557,TermPointToENB=310260-310557
  447  1 (UNLOCKED)  1 (ENABLED)   ENodeBFunction=1,EUtraNetwork=1,ExternalENodeBFunction=310260-435936,TermPointToENB=310260-435936
  452  1 (UNLOCKED)  1 (ENABLED)   ENodeBFunction=1,EUtraNetwork=1,ExternalENodeBFunction=310260-435938,TermPointToENB=310260-435938
  456  1 (UNLOCKED)  1 (ENABLED)   ENodeBFunction=1,EUtraNetwork=1,ExternalENodeBFunction=310260-477413,TermPointToENB=310260-477413
  461                1 (ENABLED)   ENodeBFunction=1,EUtraNetwork=1,ExternalENodeBFunction=310260-54473,EranInterMeLink=1
  470  1 (UNLOCKED)  1 (ENABLED)   ENodeBFunction=1,EUtraNetwork=1,ExternalENodeBFunction=310260-54473,TermPointToENB=310260-54473
  473  1 (UNLOCKED)  1 (ENABLED)   ENodeBFunction=1,EUtraNetwork=1,ExternalENodeBFunction=310260-54475,TermPointToENB=310260-54475
  478  1 (UNLOCKED)  1 (ENABLED)   ENodeBFunction=1,EUtraNetwork=1,ExternalENodeBFunction=310260-54479,TermPointToENB=310260-54479
  480  1 (UNLOCKED)  1 (ENABLED)   ENodeBFunction=1,EUtraNetwork=1,ExternalENodeBFunction=310260-54484,TermPointToENB=310260-54484
  484  1 (UNLOCKED)  1 (ENABLED)   ENodeBFunction=1,EUtraNetwork=1,ExternalENodeBFunction=310260-54775,TermPointToENB=310260-54775
  487  1 (UNLOCKED)  0 (DISABLED)  ENodeBFunction=1,EUtraNetwork=1,ExternalENodeBFunction=310260-54939,TermPointToENB=310260-54939
  492  1 (UNLOCKED)  1 (ENABLED)   ENodeBFunction=1,EUtraNetwork=1,ExternalENodeBFunction=310260-58688,TermPointToENB=310260-58688
  496  1 (UNLOCKED)  1 (ENABLED)   ENodeBFunction=1,EUtraNetwork=1,ExternalENodeBFunction=310260-59399,TermPointToENB=310260-59399
  502  1 (UNLOCKED)  1 (ENABLED)   ENodeBFunction=1,EUtraNetwork=1,ExternalENodeBFunction=310260-59540,TermPointToENB=310260-59540
  505  1 (UNLOCKED)  1 (ENABLED)   ENodeBFunction=1,EUtraNetwork=1,ExternalENodeBFunction=310260-878193,TermPointToENB=310260-878193
  508  1 (UNLOCKED)  1 (ENABLED)   ENodeBFunction=1,EUtraNetwork=1,ExternalENodeBFunction=310260-878697,TermPointToENB=310260-878697
  513  1 (UNLOCKED)  1 (ENABLED)   ENodeBFunction=1,EUtraNetwork=1,ExternalENodeBFunction=310260-878933,TermPointToENB=310260-878933
  516  1 (UNLOCKED)  1 (ENABLED)   ENodeBFunction=1,EUtraNetwork=1,ExternalENodeBFunction=310260-890798,TermPointToENB=310260-890798
  520  1 (UNLOCKED)  1 (ENABLED)   ENodeBFunction=1,EUtraNetwork=1,ExternalENodeBFunction=310260-890800,TermPointToENB=310260-890800
  796  1 (UNLOCKED)  1 (ENABLED)   ENodeBFunction=1,TermPointToMme=CR1vMME1
  797  1 (UNLOCKED)  1 (ENABLED)   ENodeBFunction=1,TermPointToMme=DC1vMME1
  798  1 (UNLOCKED)  1 (ENABLED)   ENodeBFunction=1,TermPointToMme=DC1vMME2
  799  1 (UNLOCKED)  1 (ENABLED)   ENodeBFunction=1,TermPointToMme=DC2vMME1
  800  1 (UNLOCKED)  1 (ENABLED)   ENodeBFunction=1,TermPointToMme=NE1CMM01
  801  1 (UNLOCKED)  1 (ENABLED)   ENodeBFunction=1,TermPointToMme=NE1vMME1
  802  1 (UNLOCKED)  1 (ENABLED)   ENodeBFunction=1,TermPointToMme=NE1vMME2
  803  1 (UNLOCKED)  1 (ENABLED)   ENodeBFunction=1,TermPointToMme=NE4vMME1
  804  1 (UNLOCKED)  1 (ENABLED)   ENodeBFunction=1,TermPointToMme=PH1vMME1
  805  1 (UNLOCKED)  1 (ENABLED)   ENodeBFunction=1,TermPointToMme=PH2vMME1
  806  1 (UNLOCKED)  1 (ENABLED)   ENodeBFunction=1,TermPointToMme=PH3nMME1
  807  1 (UNLOCKED)  0 (DISABLED)  ENodeBFunction=1,TermPointToMme=PH3vMME1
  808  1 (UNLOCKED)  1 (ENABLED)   ENodeBFunction=1,TermPointToMme=UP1vMME1
  809  1 (UNLOCKED)  1 (ENABLED)   ENodeBFunction=1,TermPointToMme=UP2nMME1
  810  1 (UNLOCKED)  1 (ENABLED)   ENodeBFunction=1,TermPointToMme=UP2vMME1
 1357  0 (LOCKED)    0 (DISABLED)  GNBCUCPFunction=1,EUtraNetwork=1,ExternalENodeBFunction=310260-59540,TermPointToENodeB=auto1
 1365  1 (UNLOCKED)  1 (ENABLED)   GNBCUCPFunction=1,EUtraNetwork=1,ExternalENodeBFunction=auto310_260_3_128797,TermPointToENodeB=auto1
 1367  0 (LOCKED)    0 (DISABLED)  GNBCUCPFunction=1,EUtraNetwork=1,ExternalENodeBFunction=auto310_260_3_149129,TermPointToENodeB=auto1
 1377  0 (LOCKED)    0 (DISABLED)  GNBCUCPFunction=1,EUtraNetwork=1,ExternalENodeBFunction=auto310_260_3_435938,TermPointToENodeB=auto1
 1386  1 (UNLOCKED)  1 (ENABLED)   GNBCUCPFunction=1,EUtraNetwork=1,ExternalENodeBFunction=auto310_260_3_54473,TermPointToENodeB=auto1
 1391  0 (LOCKED)    0 (DISABLED)  GNBCUCPFunction=1,EUtraNetwork=1,ExternalENodeBFunction=auto310_260_3_54484,TermPointToENodeB=auto1
 1398  0 (LOCKED)    0 (DISABLED)  GNBCUCPFunction=1,EUtraNetwork=1,ExternalENodeBFunction=auto310_260_3_54775,TermPointToENodeB=auto1
 1403  0 (LOCKED)    0 (DISABLED)  GNBCUCPFunction=1,EUtraNetwork=1,ExternalENodeBFunction=auto310_260_3_58688,TermPointToENodeB=auto1
 1405  0 (LOCKED)    0 (DISABLED)  GNBCUCPFunction=1,EUtraNetwork=1,ExternalENodeBFunction=auto310_260_3_58697,TermPointToENodeB=auto1
 1408  0 (LOCKED)    0 (DISABLED)  GNBCUCPFunction=1,EUtraNetwork=1,ExternalENodeBFunction=auto310_260_3_878193,TermPointToENodeB=auto1
 1410  0 (LOCKED)    0 (DISABLED)  GNBCUCPFunction=1,EUtraNetwork=1,ExternalENodeBFunction=auto310_260_3_878697,TermPointToENodeB=auto1
 1413  0 (LOCKED)    0 (DISABLED)  GNBCUCPFunction=1,EUtraNetwork=1,ExternalENodeBFunction=auto310_260_3_890798,TermPointToENodeB=auto1
 1701  1 (UNLOCKED)  1 (ENABLED)   GNBCUCPFunction=1,NRNetwork=1,ExternalGNBCUCPFunction=auto310_260_3_1075977,TermPointToGNodeB=auto1
 1715  1 (UNLOCKED)  1 (ENABLED)   GNBCUCPFunction=1,NRNetwork=1,ExternalGNBCUCPFunction=auto310_260_3_1075983,TermPointToGNodeB=auto1
 1735  1 (UNLOCKED)  1 (ENABLED)   GNBCUCPFunction=1,NRNetwork=1,ExternalGNBCUCPFunction=auto310_260_3_1088747,TermPointToGNodeB=auto1
 1745  1 (UNLOCKED)  1 (ENABLED)   GNBCUCPFunction=1,NRNetwork=1,ExternalGNBCUCPFunction=auto310_260_3_1091817,TermPointToGNodeB=auto1
 1756  1 (UNLOCKED)  1 (ENABLED)   GNBCUCPFunction=1,NRNetwork=1,ExternalGNBCUCPFunction=auto310_260_3_1315842,TermPointToGNodeB=auto1
 1767  1 (UNLOCKED)  1 (ENABLED)   GNBCUCPFunction=1,NRNetwork=1,ExternalGNBCUCPFunction=auto310_260_3_1316077,TermPointToGNodeB=auto1
 1778  1 (UNLOCKED)  1 (ENABLED)   GNBCUCPFunction=1,NRNetwork=1,ExternalGNBCUCPFunction=auto310_260_3_1316215,TermPointToGNodeB=auto1
 1789  1 (UNLOCKED)  1 (ENABLED)   GNBCUCPFunction=1,NRNetwork=1,ExternalGNBCUCPFunction=auto310_260_3_1316231,TermPointToGNodeB=auto1
 1800  1 (UNLOCKED)  1 (ENABLED)   GNBCUCPFunction=1,NRNetwork=1,ExternalGNBCUCPFunction=auto310_260_3_1316354,TermPointToGNodeB=auto1
 1811  1 (UNLOCKED)  1 (ENABLED)   GNBCUCPFunction=1,NRNetwork=1,ExternalGNBCUCPFunction=auto310_260_3_1316888,TermPointToGNodeB=auto1
 1822  1 (UNLOCKED)  1 (ENABLED)   GNBCUCPFunction=1,NRNetwork=1,ExternalGNBCUCPFunction=auto310_260_3_1332418,TermPointToGNodeB=auto1
 1836  1 (UNLOCKED)  1 (ENABLED)   GNBCUCPFunction=1,NRNetwork=1,ExternalGNBCUCPFunction=auto310_260_3_1335632,TermPointToGNodeB=auto1
 1853  1 (UNLOCKED)  1 (ENABLED)   GNBCUCPFunction=1,NRNetwork=1,ExternalGNBCUCPFunction=auto310_260_3_1338500,TermPointToGNodeB=auto1
 1867  1 (UNLOCKED)  1 (ENABLED)   GNBCUCPFunction=1,NRNetwork=1,ExternalGNBCUCPFunction=auto310_260_3_1343066,TermPointToGNodeB=auto1
 1878  1 (UNLOCKED)  1 (ENABLED)   GNBCUCPFunction=1,NRNetwork=1,ExternalGNBCUCPFunction=auto310_260_3_1345913,TermPointToGNodeB=auto1
 1889  1 (UNLOCKED)  1 (ENABLED)   GNBCUCPFunction=1,NRNetwork=1,ExternalGNBCUCPFunction=auto310_260_3_1348576,TermPointToGNodeB=auto1
 1915  1 (UNLOCKED)  1 (ENABLED)   GNBCUCPFunction=1,NRNetwork=1,ExternalGNBCUCPFunction=auto310_260_3_1349458,TermPointToGNodeB=auto1
 1941  1 (UNLOCKED)  1 (ENABLED)   GNBCUCPFunction=1,NRNetwork=1,ExternalGNBCUCPFunction=auto310_260_3_1354754,TermPointToGNodeB=auto1
 1970  1 (UNLOCKED)  1 (ENABLED)   GNBCUCPFunction=1,NRNetwork=1,ExternalGNBCUCPFunction=auto310_260_3_1359527,TermPointToGNodeB=auto1
 1987  1 (UNLOCKED)  1 (ENABLED)   GNBCUCPFunction=1,NRNetwork=1,ExternalGNBCUCPFunction=auto310_260_3_1366349,TermPointToGNodeB=auto1
 1998  1 (UNLOCKED)  0 (DISABLED)  GNBCUCPFunction=1,NRNetwork=1,ExternalGNBCUCPFunction=auto310_260_3_1369160,TermPointToGNodeB=auto1
 2000  1 (UNLOCKED)  0 (DISABLED)  GNBCUCPFunction=1,NRNetwork=1,ExternalGNBCUCPFunction=auto310_260_3_1370080,TermPointToGNodeB=auto1
 2014  1 (UNLOCKED)  1 (ENABLED)   GNBCUCPFunction=1,NRNetwork=1,ExternalGNBCUCPFunction=auto310_260_3_1370833,TermPointToGNodeB=auto1
 2037  1 (UNLOCKED)  1 (ENABLED)   GNBCUCPFunction=1,NRNetwork=1,ExternalGNBCUCPFunction=auto310_260_3_1370838,TermPointToGNodeB=auto1
 2048  1 (UNLOCKED)  1 (ENABLED)   GNBCUCPFunction=1,NRNetwork=1,ExternalGNBCUCPFunction=auto310_260_3_1371913,TermPointToGNodeB=auto1
 2068  1 (UNLOCKED)  1 (ENABLED)   GNBCUCPFunction=1,NRNetwork=1,ExternalGNBCUCPFunction=auto310_260_3_1371957,TermPointToGNodeB=auto1
 2122  1 (UNLOCKED)  1 (ENABLED)   GNBCUCPFunction=1,TermPointToAmf=DC1AMF01
 2124  1 (UNLOCKED)  1 (ENABLED)   GNBCUCPFunction=1,TermPointToAmf=DC2AMF01
 2126  1 (UNLOCKED)  1 (ENABLED)   GNBCUCPFunction=1,TermPointToAmf=DC2AMF02
 2128  1 (UNLOCKED)  1 (ENABLED)   GNBCUCPFunction=1,TermPointToAmf=NE1CMM01
 2130  1 (UNLOCKED)  1 (ENABLED)   GNBCUCPFunction=1,TermPointToAmf=NE3AMF01
 2132  1 (UNLOCKED)  1 (ENABLED)   GNBCUCPFunction=1,TermPointToAmf=NE4AMF01
 2134  1 (UNLOCKED)  1 (ENABLED)   GNBCUCPFunction=1,TermPointToAmf=NE4AMF02
 2136  1 (UNLOCKED)  1 (ENABLED)   GNBCUCPFunction=1,TermPointToAmf=PH1AMF01
 2138  1 (UNLOCKED)  1 (ENABLED)   GNBCUCPFunction=1,TermPointToAmf=PH2AMF01
 2140  1 (UNLOCKED)  1 (ENABLED)   GNBCUCPFunction=1,TermPointToAmf=PH2AMF02
 2142  1 (UNLOCKED)  1 (ENABLED)   GNBCUCPFunction=1,TermPointToAmf=PH3AMF01
 2144  1 (UNLOCKED)  1 (ENABLED)   GNBCUCPFunction=1,TermPointToAmf=UP1AMF01
 2146  1 (UNLOCKED)  1 (ENABLED)   GNBCUCPFunction=1,TermPointToAmf=UP2AMF01
 2148  1 (UNLOCKED)  1 (ENABLED)   GNBCUCPFunction=1,TermPointToAmf=UP2AMF02
 2150                1 (ENABLED)   GNBCUCPFunction=1,TermPointToGNBDU=1
 2514                1 (ENABLED)   GNBDUFunction=1,ExtGNBDUPartnerFunction=1371913,InterMeLink=1
 2515                1 (ENABLED)   GNBDUFunction=1,ExtGNBDUPartnerFunction=1371913,InterMeLink=2
 2517                1 (ENABLED)   GNBDUFunction=1,ExtGNBDUPartnerFunction=1371957,InterMeLink=1
 2518                1 (ENABLED)   GNBDUFunction=1,ExtGNBDUPartnerFunction=1371957,InterMeLink=2
 2608  1 (UNLOCKED)  1 (ENABLED)   GNBDUFunction=1,TermPointToGNBCUCP=1
===================================================================================
Total: 102 MOs

M2BR8830A> 

M2BR8830A> enm cmedit get *$Node* 

240423-21:00:41-0500 11.48.62.170 24.0c MSRBS_NODE_MODEL_23.Q4_643.28133.125_0bc9 stopfile=/tmp/801215


Not allowed to run from amosbatch.


M2BR8830A> enm cmedit get *$Node* AddressIPv4.(*) -t

240423-21:00:41-0500 11.48.62.170 24.0c MSRBS_NODE_MODEL_23.Q4_643.28133.125_0bc9 stopfile=/tmp/801215


Not allowed to run from amosbatch.


M2BR8830A> 

M2BR8830A> hget AddressIPv4 ^address$

240423-21:00:41-0500 11.48.62.170 24.0c MSRBS_NODE_MODEL_23.Q4_643.28133.125_0bc9 stopfile=/tmp/801215
.
=================================================================================================================
MO                                                         address         
=================================================================================================================
Router=LTE,InterfaceIPv4=LTE,AddressIPv4=1                 42.176.62.186/27
Router=Node_Internal_F1,InterfaceIPv4=NRCUCP,AddressIPv4=1 169.254.42.42/32
Router=Node_Internal_F1,InterfaceIPv4=NRDU,AddressIPv4=1   169.254.42.43/32
Router=vr_OAM,InterfaceIPv4=1,AddressIPv4=1                11.48.62.170/27 
Router=vr_TRAFFIC,InterfaceIPv4=1,AddressIPv4=1            42.176.62.170/27
=================================================================================================================
Total: 5 MOs

Added 5 MOs to group: hget_group

M2BR8830A> 

M2BR8830A> pmxz NRCell PMENDCSETUPUEATT$|PMENDCSETUPUESUCC$ -m 3

240423-21:00:42-0500 11.48.62.170 24.0c MSRBS_NODE_MODEL_23.Q4_643.28133.125_0bc9 stopfile=/tmp/801215
Parsing PM cache: /home/shared/gbadim1/moshell/jarxml/PMCACHE_MSRBS_NODE_MODEL_23.Q4_643.28133.125_0bc9.txt.gz ... Done.

........................
get /rop/A20240423.2230-2245_M2BR8830A.xml.gz /ericsson/log/amos/moshell_logfiles/gbadim1/logs_moshell/pmfiles/11.48.62.170/rop/A20240423.2230-2245_M2BR8830A.xml.gz ... OK
get /rop/A20240423.2245-2300_M2BR8830A.xml.gz /ericsson/log/amos/moshell_logfiles/gbadim1/logs_moshell/pmfiles/11.48.62.170/rop/A20240423.2245-2300_M2BR8830A.xml.gz ... OK
get /rop/A20240423.2300-2315_M2BR8830A.xml.gz /ericsson/log/amos/moshell_logfiles/gbadim1/logs_moshell/pmfiles/11.48.62.170/rop/A20240423.2300-2315_M2BR8830A.xml.gz ... OK
get /rop/A20240423.2315-2330_M2BR8830A.xml.gz /ericsson/log/amos/moshell_logfiles/gbadim1/logs_moshell/pmfiles/11.48.62.170/rop/A20240423.2315-2330_M2BR8830A.xml.gz ... OK
get /rop/A20240423.2330-2345_M2BR8830A.xml.gz /ericsson/log/amos/moshell_logfiles/gbadim1/logs_moshell/pmfiles/11.48.62.170/rop/A20240423.2330-2345_M2BR8830A.xml.gz ... OK
get /rop/A20240423.2345-0000_M2BR8830A.xml.gz /ericsson/log/amos/moshell_logfiles/gbadim1/logs_moshell/pmfiles/11.48.62.170/rop/A20240423.2345-0000_M2BR8830A.xml.gz ... OK
get /rop/A20240424.0000-0015_M2BR8830A.xml.gz /ericsson/log/amos/moshell_logfiles/gbadim1/logs_moshell/pmfiles/11.48.62.170/rop/A20240424.0000-0015_M2BR8830A.xml.gz ... OK
get /rop/A20240424.0015-0030_M2BR8830A.xml.gz /ericsson/log/amos/moshell_logfiles/gbadim1/logs_moshell/pmfiles/11.48.62.170/rop/A20240424.0015-0030_M2BR8830A.xml.gz ... OK
get /rop/A20240424.0030-0045_M2BR8830A.xml.gz /ericsson/log/amos/moshell_logfiles/gbadim1/logs_moshell/pmfiles/11.48.62.170/rop/A20240424.0030-0045_M2BR8830A.xml.gz ... OK
get /rop/A20240424.0045-0100_M2BR8830A.xml.gz /ericsson/log/amos/moshell_logfiles/gbadim1/logs_moshell/pmfiles/11.48.62.170/rop/A20240424.0045-0100_M2BR8830A.xml.gz ... OK
get /rop/A20240424.0100-0115_M2BR8830A.xml.gz /ericsson/log/amos/moshell_logfiles/gbadim1/logs_moshell/pmfiles/11.48.62.170/rop/A20240424.0100-0115_M2BR8830A.xml.gz ... OK
get /rop/A20240424.0115-0130_M2BR8830A.xml.gz /ericsson/log/amos/moshell_logfiles/gbadim1/logs_moshell/pmfiles/11.48.62.170/rop/A20240424.0115-0130_M2BR8830A.xml.gz ... OK
get /rop/A20240424.0130-0145_M2BR8830A.xml.gz /ericsson/log/amos/moshell_logfiles/gbadim1/logs_moshell/pmfiles/11.48.62.170/rop/A20240424.0130-0145_M2BR8830A.xml.gz ... OK
get /rop/A20240424.0145-0200_M2BR8830A.xml.gz /ericsson/log/amos/moshell_logfiles/gbadim1/logs_moshell/pmfiles/11.48.62.170/rop/A20240424.0145-0200_M2BR8830A.xml.gz ... OK

(gzip -dc /ericsson/log/amos/moshell_logfiles/gbadim1/logs_moshell/pmfiles/11.48.62.170/rop/A20240423.2300-2315_M2BR8830A.xml.gz /ericsson/log/amos/moshell_logfiles/gbadim1/logs_moshell/pmfiles/11.48.62.170/rop/A20240423.2315-2330_M2BR8830A.xml.gz /ericsson/log/amos/moshell_logfiles/gbadim1/logs_moshell/pmfiles/11.48.62.170/rop/A20240423.2330-2345_M2BR8830A.xml.gz /ericsson/log/amos/moshell_logfiles/gbadim1/logs_moshell/pmfiles/11.48.62.170/rop/A20240423.2345-0000_M2BR8830A.xml.gz /ericsson/log/amos/moshell_logfiles/gbadim1/logs_moshell/pmfiles/11.48.62.170/rop/A20240424.0000-0015_M2BR8830A.xml.gz /ericsson/log/amos/moshell_logfiles/gbadim1/logs_moshell/pmfiles/11.48.62.170/rop/A20240424.0015-0030_M2BR8830A.xml.gz /ericsson/log/amos/moshell_logfiles/gbadim1/logs_moshell/pmfiles/11.48.62.170/rop/A20240424.0030-0045_M2BR8830A.xml.gz /ericsson/log/amos/moshell_logfiles/gbadim1/logs_moshell/pmfiles/11.48.62.170/rop/A20240424.0045-0100_M2BR8830A.xml.gz /ericsson/log/amos/moshell_logfiles/gbadim1/logs_moshell/pmfiles/11.48.62.170/rop/A20240424.0100-0115_M2BR8830A.xml.gz /ericsson/log/amos/moshell_logfiles/gbadim1/logs_moshell/pmfiles/11.48.62.170/rop/A20240424.0115-0130_M2BR8830A.xml.gz /ericsson/log/amos/moshell_logfiles/gbadim1/logs_moshell/pmfiles/11.48.62.170/rop/A20240424.0130-0145_M2BR8830A.xml.gz /ericsson/log/amos/moshell_logfiles/gbadim1/logs_moshell/pmfiles/11.48.62.170/rop/A20240424.0145-0200_M2BR8830A.xml.gz | LANG=C LC_ALL=C /opt/ericsson/amos/moshell/gawk -vusergawk="LANG=C LC_ALL=C /opt/ericsson/amos/moshell/gawk" -f /opt/ericsson/amos/moshell/commonjars/pmExtract.awk  "nrcell" "PMENDCSETUPUEATT$|PMENDCSETUPUESUCC$"   | sort | uniq | /usr/bin/perl /opt/ericsson/amos/moshell/pmXtab -q -pval 0 -mom /var/tmp/20240423-210002_800857/pmxmomLog801215  -cols time -fmt txt -m "[M]anagedElement=[^,]+,(?:\w+=1,){0,1}((\w+=[^,]+,*)+$)"  )2>&1 | tee -a /ericsson/log/amos/moshell_logfiles/gbadim1/logs_moshell/sessionlog/240423-210009_M2BR8830A.log

Report from 2024-04-23 23:00 UTC to 2024-04-24 01:59 UTC (12 ropfiles)
Node SW: CXP9024418/15_R85C47 (23.Q4.0-3)

Date: 2024-04-23
Object               Counter            18:00  18:15  18:30  18:45  19:00  19:15  19:30  19:45  20:00  20:15  20:30  20:45
NRCellCU=K2BR8830A11 pmEndcSetupUeAtt      53     73     80     39     51     45     18     31     34     27      6      3
NRCellCU=K2BR8830A11 pmEndcSetupUeSucc     53     73     79     39     51     45     18     31     34     27      6      3
NRCellCU=K2BR8830A21 pmEndcSetupUeAtt      47     29     35     19     38     23     36     22     36     16     13     10
NRCellCU=K2BR8830A21 pmEndcSetupUeSucc     47     29     35     19     38     23     36     22     36     16     13     10
NRCellCU=K2BR8830A31 pmEndcSetupUeAtt      23     17     20     22     32     33     28     26     26     29     35     36
NRCellCU=K2BR8830A31 pmEndcSetupUeSucc     23     17     20     22     32     32     28     26     26     29     35     36


M2BR8830A> ue print -admitted
Checking available boards on node...

Collecting RCS board data ...
.....................................................................
.....................
.....
240423-21:01:17-0500 11.48.62.170 24.0c MSRBS_NODE_MODEL_23.Q4_643.28133.125_0bc9 stopfile=/tmp/801215
coli>/lrat/ue print -admitted
CellId  #UE:s  #Bearers  
   4       8       12
   5      10       15
   6       5        5
 120       0        0
 121       0        0
 122       0        0
coli>/rc/nrat/ue print -admitted
Nr: uehId:4 ues:2
Nr: uehId:5 ues:1
Nr: uehId:6 ues:1
Nr: uehId:7 ues:1
NrEnDc: uehId:4 ues:2
NrEnDc: uehId:5 ues:1
NrEnDc: uehId:6 ues:0
NrEnDc: uehId:7 ues:0
NrNrDc: uehId:4 ues:0
NrNrDc: uehId:5 ues:0
NrNrDc: uehId:6 ues:0
NrNrDc: uehId:7 ues:0
coli>/rpc/nrat/ue print -admitted
uehId:6 ues:0
uehId:7 ues:4
uehId:8 ues:2
uehId:9 ues:1
uehId:10 ues:1
coli>

M2BR8830A> 

M2BR8830A> ############################################################################################

M2BR8830A> #		 Post Script CV and unset of all variables - This is modifiable to your needs      #

M2BR8830A> ############################################################################################

M2BR8830A> 

M2BR8830A> 

M2BR8830A> l-

Log close: /ericsson/log/amos/moshell_logfiles/gbadim1/logs_moshell/sessionlog/240423-210009_M2BR8830A.log

M2BR8830A> confb-

M2BR8830A> gs-

Perform a get before set = disabled

M2BR8830A> 

M2BR8830A> 

M2BR8830A> #cvms post_$jobname_$date

M2BR8830A> 

M2BR8830A> #Keep the unset all after the cv so the variables can be used

M2BR8830A> unset all 

M2BR8830A> 

M2BR8830A> #cmedit set NetworkElement=M7BAN764A,ComConnectivityInformation=1 ipAddress=11.242.0.98#
Bye...
Output has been logged to file /home/shared/common/Overnight_Work/Rehomes/Prechecks/M2BR8830A.log
