Logging to file /home/shared/common/Overnight_Work/Rehomes/Prechecks/M2CN9310A.log
                        __  __  ____   _____
                  /\   |  \/  |/ __ \ / ____|
                 /  \  | \  / | |  | | (___  
                / /\ \ | |\/| | |  | |\___ \ 
               / ____ \| |  | | |__| |____) |
              /_/    \_\_|  |_|\____/|_____/
              OSS Framework for MoShell-24.0c 
  Copyright (c) Ericsson AB 2001-2024 - All Rights Reserved
              
           
$amosrb_pid = 801865

Checking ip contact...OK

HELP MENU            : h
BASIC MO COMMANDS    : m
OTHER MO COMMANDS    : n
OTHER COMMANDS       : o
PM COMMANDS          : p
QUIT                 : q

M2CN9310A> ############################################################################################

M2CN9310A> #				Script Foundation - Leave this for all scripts							   #

M2CN9310A> ############################################################################################

M2CN9310A> 

M2CN9310A> confb+

M2CN9310A> gs+

Perform a get before set = enabled

M2CN9310A> unset all

M2CN9310A> l+

Logging to file: /ericsson/log/amos/moshell_logfiles/gbadim1/logs_moshell/sessionlog/240423-210009_M2CN9310A.log

M2CN9310A> 

M2CN9310A> alt

240423-21:00:09-0500 11.143.138.42 24.0c  stopfile=/tmp/801217
Looking up temporary_amos account... OK.
Trying temporary_amos_gbadim1_291's password from amos lookupAccount ... OK

$ssh_pid = 803697

Connected to 11.143.138.42 (SubNetwork=ONRM_ROOT_MO,SubNetwork=Philadelphia,MeContext=M2CN9310A,ManagedElement=M2CN9310A)

Checking MOM version...MSRBS_NODE_MODEL_23.Q4_643.28133.125_0bc9
Parsing MOM (cached): /var/tmp/20240423-210002_800846/MSRBS_NODE_MODEL_23.Q4_643.28133.125_0bc9.xml.cache.gz ...........................................................................................................................................................................................................Done.
Using paramfile /opt/ericsson/amos/moshell/commonjars/pm/PARAM_MSRBS_23.Q4.txt
Parsing file /opt/ericsson/amos/moshell/commonjars/pm/PARAM_MSRBS_23.Q4.txt ...................................................................................Done.
Using imomdfile /opt/ericsson/amos/moshell/commonjars/pm/IMOMD_MSRBS_22.Q4.txt
Using imomfile /opt/ericsson/amos/moshell/commonjars/pm/IMOM_MSRBS_23.Q4.txt

Collecting Alarms...

====================================================================================================================
Date & Time (UTC)   S Specific Problem                    MO (AdditionalText/PC, AI)
====================================================================================================================
2024-04-19 03:25:03 w PLMN Service Redundancy Lost        ENodeBFunction=1 (S1 connection failure for PLMN connected with link represented by MO listed in Additional Information. AI: PLMN : ["310120","310260","310830","311490","311882","312250","312530","313350"],DN1=ManagedElement=1,ENodeBFunction=1,TermPointToMme=PH3vMME1,)
2024-04-23 10:44:13 m External Link Failure               ENodeBFunction=1 (X2 link problem to one or several neighbouring eNodeBs. AI: PLMN ID-eNB ID 1 : 310260-435873)
>>> Total: 2 Alarms (0 Critical, 0 Major)

M2CN9310A> 

M2CN9310A> uv sls_username > $user

sls_username              = gbadim1

$user = gbadim1

M2CN9310A> $date = `date +%y%m%d-%H%M`

$date = 240423-2100

M2CN9310A> $Node = `echo "$nodename" | cut -c 2-9`

$Node = 2CN9310A

M2CN9310A> $L21 = L

$L21 = L

M2CN9310A> $L19 = B

$L19 = B

M2CN9310A> $L7 = D

$L7 = D

M2CN9310A> $L6 = E

$L6 = E

M2CN9310A> $N6 = K

$N6 = K

M2CN9310A> $N25 = A

$N25 = A

M2CN9310A> $L25 = T

$L25 = T

M2CN9310A> $N19 = J

$N19 = J

M2CN9310A> $N71 = K

$N71 = K

M2CN9310A> $2C = .*2$

$2C = .*2$

M2CN9310A> $1C = .*1$

$1C = .*1$

M2CN9310A> $allcell = TDD|FDD|NRCellDU|Nbiot

$allcell = TDD|FDD|NRCellDU|Nbiot

M2CN9310A> $FDD = EUtranCellFDD=

$FDD = EUtranCellFDD=

M2CN9310A> $TDD = EUtranCellTDD=

$TDD = EUtranCellTDD=

M2CN9310A> $NRCell = NRCellDU=

$NRCell = NRCellDU=

M2CN9310A> $NRSec25 = NRSectorCarrier=25-

$NRSec25 = NRSectorCarrier=25-

M2CN9310A> $NRSec6 = NRSectorCarrier=6-

$NRSec6 = NRSectorCarrier=6-

M2CN9310A> $NRSec19 = NRSectorCarrier=19-

$NRSec19 = NRSectorCarrier=19-

M2CN9310A> $LTESec = SectorEquipmentFunction=

$LTESec = SectorEquipmentFunction=

M2CN9310A> 

M2CN9310A> ############################################################################################

M2CN9310A> #		Change JobName and any parameter that needs changing case by case basis    		   #

M2CN9310A> ############################################################################################

M2CN9310A> # 		PUT A # SIGN IN FRONT OF ANYTHING YOU DONT WANT TO USE ON THIS SCRIPT  			   #   

M2CN9310A> ############################################################################################

M2CN9310A>       

M2CN9310A> #$arfcnDL = 507708

M2CN9310A> #$jobname = Retune_Prechecks

M2CN9310A> 

M2CN9310A> ############################################################################################

M2CN9310A> #				Script Specifics - This is modifiable to your needs						   #

M2CN9310A> ############################################################################################

M2CN9310A> #	   FOR SETM COMMANDS YOU HAVE TO REMOVE THE GS+ AND GS- from the script                #

M2CN9310A> ############################################################################################

M2CN9310A> ###############################

M2CN9310A> #### PRECHECK / LOCK / CV #####

M2CN9310A> ###############################

M2CN9310A> 

M2CN9310A> 

M2CN9310A> lt all

240423-21:00:21-0500 11.143.138.42 24.0c MSRBS_NODE_MODEL_23.Q4_643.28133.125_0bc9 stopfile=/tmp/801217
Connected to 11.143.138.42 (SubNetwork=ONRM_ROOT_MO,SubNetwork=Philadelphia,MeContext=M2CN9310A,ManagedElement=M2CN9310A)

Last MO: 21137. Loaded 21137 MOs. Total: 21138 MOs.

M2CN9310A> pr vlanport=

240423-21:00:34-0500 11.143.138.42 24.0c MSRBS_NODE_MODEL_23.Q4_643.28133.125_0bc9 stopfile=/tmp/801217
===================================================================================
Proxy  MO
===================================================================================
21133  Transport=1,VlanPort=1400
21134  Transport=1,VlanPort=3400
21135  Transport=1,VlanPort=4001
21136  Transport=1,VlanPort=ERAN
21137  Transport=1,VlanPort=ERAN_NR
===================================================================================
Total: 5 MOs

M2CN9310A> get address address

240423-21:00:34-0500 11.143.138.42 24.0c MSRBS_NODE_MODEL_23.Q4_643.28133.125_0bc9 stopfile=/tmp/801217
=================================================================================================================
MO                                                      Attribute         Value
=================================================================================================================
Router=LTE,InterfaceIPv4=LTE,AddressIPv4=1              address           42.15.138.58/27
Router=LTE,InterfaceIPv4=LTE,AddressIPv4=1              addressIPv4Id     1
Router=LTE,InterfaceIPv4=LTE,AddressIPv4=1              primaryAddress    true
Router=LTE,InterfaceIPv4=LTE,AddressIPv4=1              usedAddress       42.15.138.58/27
Router=Node_Internal_F1,InterfaceIPv4=NRCUCP,AddressIPv4=1 address           169.254.42.42/32
Router=Node_Internal_F1,InterfaceIPv4=NRCUCP,AddressIPv4=1 addressIPv4Id     1
Router=Node_Internal_F1,InterfaceIPv4=NRCUCP,AddressIPv4=1 primaryAddress    true
Router=Node_Internal_F1,InterfaceIPv4=NRCUCP,AddressIPv4=1 usedAddress       169.254.42.42/32
Router=Node_Internal_F1,InterfaceIPv4=NRDU,AddressIPv4=1 address           169.254.42.43/32
Router=Node_Internal_F1,InterfaceIPv4=NRDU,AddressIPv4=1 addressIPv4Id     1
Router=Node_Internal_F1,InterfaceIPv4=NRDU,AddressIPv4=1 primaryAddress    true
Router=Node_Internal_F1,InterfaceIPv4=NRDU,AddressIPv4=1 usedAddress       169.254.42.43/32
Router=vr_OAM,InterfaceIPv4=1,AddressIPv4=1             address           11.143.138.42/27
Router=vr_OAM,InterfaceIPv4=1,AddressIPv4=1             addressIPv4Id     1
Router=vr_OAM,InterfaceIPv4=1,AddressIPv4=1             primaryAddress    true
Router=vr_OAM,InterfaceIPv4=1,AddressIPv4=1             usedAddress       11.143.138.42/27
Router=vr_TRAFFIC,InterfaceIPv4=1,AddressIPv4=1         address           42.15.138.42/27
Router=vr_TRAFFIC,InterfaceIPv4=1,AddressIPv4=1         addressIPv4Id     1
Router=vr_TRAFFIC,InterfaceIPv4=1,AddressIPv4=1         primaryAddress    true
Router=vr_TRAFFIC,InterfaceIPv4=1,AddressIPv4=1         usedAddress       42.15.138.42/27
=================================================================================================================
Total: 5 MOs


M2CN9310A> st FDD|TDD|NRCellDU|NbIot

240423-21:00:35-0500 11.143.138.42 24.0c MSRBS_NODE_MODEL_23.Q4_643.28133.125_0bc9 stopfile=/tmp/801217
===================================================================================
Proxy  Adm State     Op. State     MO
===================================================================================
   45  1 (UNLOCKED)  1 (ENABLED)   ENodeBFunction=1,EUtranCellFDD=D2CN9310A11
  160  1 (UNLOCKED)  1 (ENABLED)   ENodeBFunction=1,EUtranCellFDD=D2CN9310A21
  251  1 (UNLOCKED)  1 (ENABLED)   ENodeBFunction=1,EUtranCellFDD=D2CN9310A31
 3103  1 (UNLOCKED)  1 (ENABLED)   GNBDUFunction=1,NRCellDU=K2CN9310A11
 3106  1 (UNLOCKED)  1 (ENABLED)   GNBDUFunction=1,NRCellDU=K2CN9310A21
 3109  1 (UNLOCKED)  1 (ENABLED)   GNBDUFunction=1,NRCellDU=K2CN9310A31
 3692  1 (UNLOCKED)                SystemFunctions=1,HealthCheckM=1,HcRule=ENodeBFunction_CheckNbiotCllRssiNpuschReadings
 3693  1 (UNLOCKED)                SystemFunctions=1,HealthCheckM=1,HcRule=ENodeBFunction_CheckNbiotCllSinrNpuschReadings
 3694  1 (UNLOCKED)                SystemFunctions=1,HealthCheckM=1,HcRule=ENodeBFunction_CheckNbiotCllStatus
===================================================================================
Total: 9 MOs

M2CN9310A> 

M2CN9310A> st termpointtognb=1

240423-21:00:35-0500 11.143.138.42 24.0c MSRBS_NODE_MODEL_23.Q4_643.28133.125_0bc9 stopfile=/tmp/801217
===================================================================================
Proxy  Adm State     Op. State     MO
===================================================================================
===================================================================================
Total: 0 MOs

M2CN9310A> get ^GNB.*=1 gNBId$

240423-21:00:36-0500 11.143.138.42 24.0c MSRBS_NODE_MODEL_23.Q4_643.28133.125_0bc9 stopfile=/tmp/801217
=================================================================================================================
MO                                                      Attribute         Value
=================================================================================================================
GNBCUCPFunction=1                                       gNBId             1312822
GNBCUUPFunction=1                                       gNBId             1312822
GNBDUFunction=1                                         gNBId             1312822
=================================================================================================================
Total: 3 MOs


M2CN9310A> get FUnction=1 nbid$

240423-21:00:36-0500 11.143.138.42 24.0c MSRBS_NODE_MODEL_23.Q4_643.28133.125_0bc9 stopfile=/tmp/801217
=================================================================================================================
MO                                                      Attribute         Value
=================================================================================================================
ENodeBFunction=1                                        eNBId             131962
GNBCUCPFunction=1                                       gNBId             1312822
GNBCUUPFunction=1                                       gNBId             1312822
GNBDUFunction=1                                         gNBId             1312822
ExtGNBDUPartnerFunction=1349125                         gNBId             1349125
ExtGNBDUPartnerFunction=1366359                         gNBId             1366359
=================================================================================================================
Total: 6 MOs


M2CN9310A> st term

240423-21:00:37-0500 11.143.138.42 24.0c MSRBS_NODE_MODEL_23.Q4_643.28133.125_0bc9 stopfile=/tmp/801217
===================================================================================
Proxy  Adm State     Op. State     MO
===================================================================================
  366  1 (UNLOCKED)  1 (ENABLED)   ENodeBFunction=1,EUtraNetwork=1,ExternalENodeBFunction=310260-131956,TermPointToENB=310260-131956
  369  1 (UNLOCKED)  1 (ENABLED)   ENodeBFunction=1,EUtraNetwork=1,ExternalENodeBFunction=310260-131958,TermPointToENB=310260-131958
  373  1 (UNLOCKED)  1 (ENABLED)   ENodeBFunction=1,EUtraNetwork=1,ExternalENodeBFunction=310260-131963,TermPointToENB=310260-131963
  377  1 (UNLOCKED)  1 (ENABLED)   ENodeBFunction=1,EUtraNetwork=1,ExternalENodeBFunction=310260-131967,TermPointToENB=310260-131967
  385  1 (UNLOCKED)  1 (ENABLED)   ENodeBFunction=1,EUtraNetwork=1,ExternalENodeBFunction=310260-139089,TermPointToENB=310260-139089
  389  1 (UNLOCKED)  1 (ENABLED)   ENodeBFunction=1,EUtraNetwork=1,ExternalENodeBFunction=310260-139238,TermPointToENB=310260-139238
  393  1 (UNLOCKED)  1 (ENABLED)   ENodeBFunction=1,EUtraNetwork=1,ExternalENodeBFunction=310260-144930,TermPointToENB=310260-144930
  399  1 (UNLOCKED)  1 (ENABLED)   ENodeBFunction=1,EUtraNetwork=1,ExternalENodeBFunction=310260-307567,TermPointToENB=310260-307567
  413  1 (UNLOCKED)  1 (ENABLED)   ENodeBFunction=1,EUtraNetwork=1,ExternalENodeBFunction=310260-310523,TermPointToENB=310260-310523
  422  1 (UNLOCKED)  0 (DISABLED)  ENodeBFunction=1,EUtraNetwork=1,ExternalENodeBFunction=310260-435873,TermPointToENB=310260-435873
  427  1 (UNLOCKED)  1 (ENABLED)   ENodeBFunction=1,EUtraNetwork=1,ExternalENodeBFunction=310260-475222,TermPointToENB=310260-475222
  430  1 (UNLOCKED)  1 (ENABLED)   ENodeBFunction=1,EUtraNetwork=1,ExternalENodeBFunction=310260-475448,TermPointToENB=310260-475448
  434  1 (UNLOCKED)  1 (ENABLED)   ENodeBFunction=1,EUtraNetwork=1,ExternalENodeBFunction=310260-50741,TermPointToENB=310260-50741
  437  1 (UNLOCKED)  1 (ENABLED)   ENodeBFunction=1,EUtraNetwork=1,ExternalENodeBFunction=310260-50742,TermPointToENB=310260-50742
  439                1 (ENABLED)   ENodeBFunction=1,EUtraNetwork=1,ExternalENodeBFunction=310260-50749,EranInterMeLink=1
  448  1 (UNLOCKED)  1 (ENABLED)   ENodeBFunction=1,EUtraNetwork=1,ExternalENodeBFunction=310260-50749,TermPointToENB=310260-50749
  458  1 (UNLOCKED)  1 (ENABLED)   ENodeBFunction=1,EUtraNetwork=1,ExternalENodeBFunction=310260-54564,TermPointToENB=310260-54564
  461  1 (UNLOCKED)  1 (ENABLED)   ENodeBFunction=1,EUtraNetwork=1,ExternalENodeBFunction=310260-56791,TermPointToENB=310260-56791
  465  1 (UNLOCKED)  1 (ENABLED)   ENodeBFunction=1,EUtraNetwork=1,ExternalENodeBFunction=310260-57481,TermPointToENB=310260-57481
  469  1 (UNLOCKED)  1 (ENABLED)   ENodeBFunction=1,EUtraNetwork=1,ExternalENodeBFunction=310260-888849,TermPointToENB=310260-888849
  707  1 (UNLOCKED)  1 (ENABLED)   ENodeBFunction=1,TermPointToMme=DC1vMME1
  708  1 (UNLOCKED)  1 (ENABLED)   ENodeBFunction=1,TermPointToMme=DC1vMME2
  709  1 (UNLOCKED)  1 (ENABLED)   ENodeBFunction=1,TermPointToMme=DC2vMME1
  710  1 (UNLOCKED)  1 (ENABLED)   ENodeBFunction=1,TermPointToMme=NE1CMM01
  711  1 (UNLOCKED)  1 (ENABLED)   ENodeBFunction=1,TermPointToMme=NE1vMME1
  712  1 (UNLOCKED)  1 (ENABLED)   ENodeBFunction=1,TermPointToMme=NE1vMME2
  713  1 (UNLOCKED)  1 (ENABLED)   ENodeBFunction=1,TermPointToMme=NE4vMME1
  714  1 (UNLOCKED)  1 (ENABLED)   ENodeBFunction=1,TermPointToMme=PH2vMME1
  715  1 (UNLOCKED)  1 (ENABLED)   ENodeBFunction=1,TermPointToMme=PH3nMME1
  716  1 (UNLOCKED)  0 (DISABLED)  ENodeBFunction=1,TermPointToMme=PH3vMME1
  717  1 (UNLOCKED)  1 (ENABLED)   ENodeBFunction=1,TermPointToMme=UP1vMME1
  718  1 (UNLOCKED)  1 (ENABLED)   ENodeBFunction=1,TermPointToMme=UP2nMME1
  719  1 (UNLOCKED)  1 (ENABLED)   ENodeBFunction=1,TermPointToMme=UP2vMME1
 1624  0 (LOCKED)    0 (DISABLED)  GNBCUCPFunction=1,EUtraNetwork=1,ExternalENodeBFunction=310260-307567,TermPointToENodeB=auto1
 1634  1 (UNLOCKED)  1 (ENABLED)   GNBCUCPFunction=1,EUtraNetwork=1,ExternalENodeBFunction=310260-888847,TermPointToENodeB=auto1
 1649  1 (UNLOCKED)  1 (ENABLED)   GNBCUCPFunction=1,EUtraNetwork=1,ExternalENodeBFunction=auto310_260_3_310523,TermPointToENodeB=auto1
 1654  0 (LOCKED)    0 (DISABLED)  GNBCUCPFunction=1,EUtraNetwork=1,ExternalENodeBFunction=auto310_260_3_50289,TermPointToENodeB=auto1
 1657  0 (LOCKED)    0 (DISABLED)  GNBCUCPFunction=1,EUtraNetwork=1,ExternalENodeBFunction=auto310_260_3_50742,TermPointToENodeB=auto1
 1665  1 (UNLOCKED)  1 (ENABLED)   GNBCUCPFunction=1,EUtraNetwork=1,ExternalENodeBFunction=auto310_260_3_50749,TermPointToENodeB=auto1
 1675  1 (UNLOCKED)  1 (ENABLED)   GNBCUCPFunction=1,EUtraNetwork=1,ExternalENodeBFunction=auto310_260_3_54564,TermPointToENodeB=auto1
 1677  0 (LOCKED)    0 (DISABLED)  GNBCUCPFunction=1,EUtraNetwork=1,ExternalENodeBFunction=auto310_260_3_56791,TermPointToENodeB=auto1
 1685  1 (UNLOCKED)  1 (ENABLED)   GNBCUCPFunction=1,EUtraNetwork=1,ExternalENodeBFunction=auto310_260_3_57481,TermPointToENodeB=auto1
 1968  1 (UNLOCKED)  1 (ENABLED)   GNBCUCPFunction=1,NRNetwork=1,ExternalGNBCUCPFunction=auto310_260_3_1093506,TermPointToGNodeB=auto1
 1982  1 (UNLOCKED)  1 (ENABLED)   GNBCUCPFunction=1,NRNetwork=1,ExternalGNBCUCPFunction=auto310_260_3_1093556,TermPointToGNodeB=auto1
 1993  1 (UNLOCKED)  1 (ENABLED)   GNBCUCPFunction=1,NRNetwork=1,ExternalGNBCUCPFunction=auto310_260_3_1312823,TermPointToGNodeB=auto1
 2004  1 (UNLOCKED)  1 (ENABLED)   GNBCUCPFunction=1,NRNetwork=1,ExternalGNBCUCPFunction=auto310_260_3_1312824,TermPointToGNodeB=auto1
 2015  1 (UNLOCKED)  1 (ENABLED)   GNBCUCPFunction=1,NRNetwork=1,ExternalGNBCUCPFunction=auto310_260_3_1313513,TermPointToGNodeB=auto1
 2026  1 (UNLOCKED)  1 (ENABLED)   GNBCUCPFunction=1,NRNetwork=1,ExternalGNBCUCPFunction=auto310_260_3_1313520,TermPointToGNodeB=auto1
 2037  1 (UNLOCKED)  1 (ENABLED)   GNBCUCPFunction=1,NRNetwork=1,ExternalGNBCUCPFunction=auto310_260_3_1313545,TermPointToGNodeB=auto1
 2048  1 (UNLOCKED)  1 (ENABLED)   GNBCUCPFunction=1,NRNetwork=1,ExternalGNBCUCPFunction=auto310_260_3_1313823,TermPointToGNodeB=auto1
 2056  1 (UNLOCKED)  1 (ENABLED)   GNBCUCPFunction=1,NRNetwork=1,ExternalGNBCUCPFunction=auto310_260_3_1315123,TermPointToGNodeB=auto1
 2067  1 (UNLOCKED)  1 (ENABLED)   GNBCUCPFunction=1,NRNetwork=1,ExternalGNBCUCPFunction=auto310_260_3_1315421,TermPointToGNodeB=auto1
 2078  1 (UNLOCKED)  1 (ENABLED)   GNBCUCPFunction=1,NRNetwork=1,ExternalGNBCUCPFunction=auto310_260_3_1315841,TermPointToGNodeB=auto1
 2092  1 (UNLOCKED)  1 (ENABLED)   GNBCUCPFunction=1,NRNetwork=1,ExternalGNBCUCPFunction=auto310_260_3_1330579,TermPointToGNodeB=auto1
 2106  1 (UNLOCKED)  1 (ENABLED)   GNBCUCPFunction=1,NRNetwork=1,ExternalGNBCUCPFunction=auto310_260_3_1334003,TermPointToGNodeB=auto1
 2126  1 (UNLOCKED)  1 (ENABLED)   GNBCUCPFunction=1,NRNetwork=1,ExternalGNBCUCPFunction=auto310_260_3_1335561,TermPointToGNodeB=auto1
 2137  1 (UNLOCKED)  1 (ENABLED)   GNBCUCPFunction=1,NRNetwork=1,ExternalGNBCUCPFunction=auto310_260_3_1344811,TermPointToGNodeB=auto1
 2163  1 (UNLOCKED)  1 (ENABLED)   GNBCUCPFunction=1,NRNetwork=1,ExternalGNBCUCPFunction=auto310_260_3_1348405,TermPointToGNodeB=auto1
 2183  1 (UNLOCKED)  1 (ENABLED)   GNBCUCPFunction=1,NRNetwork=1,ExternalGNBCUCPFunction=auto310_260_3_1348406,TermPointToGNodeB=auto1
 2203  1 (UNLOCKED)  1 (ENABLED)   GNBCUCPFunction=1,NRNetwork=1,ExternalGNBCUCPFunction=auto310_260_3_1349125,TermPointToGNodeB=auto1
 2229  1 (UNLOCKED)  0 (DISABLED)  GNBCUCPFunction=1,NRNetwork=1,ExternalGNBCUCPFunction=auto310_260_3_1349429,TermPointToGNodeB=auto1
 2249  1 (UNLOCKED)  1 (ENABLED)   GNBCUCPFunction=1,NRNetwork=1,ExternalGNBCUCPFunction=auto310_260_3_1349430,TermPointToGNodeB=auto1
 2275  1 (UNLOCKED)  1 (ENABLED)   GNBCUCPFunction=1,NRNetwork=1,ExternalGNBCUCPFunction=auto310_260_3_1349432,TermPointToGNodeB=auto1
 2295  1 (UNLOCKED)  1 (ENABLED)   GNBCUCPFunction=1,NRNetwork=1,ExternalGNBCUCPFunction=auto310_260_3_1349433,TermPointToGNodeB=auto1
 2321  1 (UNLOCKED)  1 (ENABLED)   GNBCUCPFunction=1,NRNetwork=1,ExternalGNBCUCPFunction=auto310_260_3_1349801,TermPointToGNodeB=auto1
 2341  1 (UNLOCKED)  0 (DISABLED)  GNBCUCPFunction=1,NRNetwork=1,ExternalGNBCUCPFunction=auto310_260_3_1349802,TermPointToGNodeB=auto1
 2361  1 (UNLOCKED)  1 (ENABLED)   GNBCUCPFunction=1,NRNetwork=1,ExternalGNBCUCPFunction=auto310_260_3_1352455,TermPointToGNodeB=auto1
 2378  1 (UNLOCKED)  1 (ENABLED)   GNBCUCPFunction=1,NRNetwork=1,ExternalGNBCUCPFunction=auto310_260_3_1353315,TermPointToGNodeB=auto1
 2395  1 (UNLOCKED)  1 (ENABLED)   GNBCUCPFunction=1,NRNetwork=1,ExternalGNBCUCPFunction=auto310_260_3_1353317,TermPointToGNodeB=auto1
 2412  1 (UNLOCKED)  1 (ENABLED)   GNBCUCPFunction=1,NRNetwork=1,ExternalGNBCUCPFunction=auto310_260_3_1366359,TermPointToGNodeB=auto1
 2434  1 (UNLOCKED)  1 (ENABLED)   GNBCUCPFunction=1,NRNetwork=1,ExternalGNBCUCPFunction=auto310_260_3_1366364,TermPointToGNodeB=auto1
 2456  1 (UNLOCKED)  1 (ENABLED)   GNBCUCPFunction=1,NRNetwork=1,ExternalGNBCUCPFunction=auto310_260_3_1367752,TermPointToGNodeB=auto1
 2473  1 (UNLOCKED)  1 (ENABLED)   GNBCUCPFunction=1,NRNetwork=1,ExternalGNBCUCPFunction=auto310_260_3_1370302,TermPointToGNodeB=auto1
 2524  1 (UNLOCKED)  1 (ENABLED)   GNBCUCPFunction=1,TermPointToAmf=DC1AMF01
 2526  1 (UNLOCKED)  1 (ENABLED)   GNBCUCPFunction=1,TermPointToAmf=DC2AMF01
 2528  1 (UNLOCKED)  1 (ENABLED)   GNBCUCPFunction=1,TermPointToAmf=DC2AMF02
 2530  1 (UNLOCKED)  1 (ENABLED)   GNBCUCPFunction=1,TermPointToAmf=NE1CMM01
 2532  1 (UNLOCKED)  1 (ENABLED)   GNBCUCPFunction=1,TermPointToAmf=NE3AMF01
 2534  1 (UNLOCKED)  1 (ENABLED)   GNBCUCPFunction=1,TermPointToAmf=NE4AMF01
 2536  1 (UNLOCKED)  1 (ENABLED)   GNBCUCPFunction=1,TermPointToAmf=NE4AMF02
 2538  1 (UNLOCKED)  1 (ENABLED)   GNBCUCPFunction=1,TermPointToAmf=PH1AMF01
 2540  1 (UNLOCKED)  1 (ENABLED)   GNBCUCPFunction=1,TermPointToAmf=PH2AMF01
 2542  1 (UNLOCKED)  1 (ENABLED)   GNBCUCPFunction=1,TermPointToAmf=PH2AMF02
 2544  1 (UNLOCKED)  1 (ENABLED)   GNBCUCPFunction=1,TermPointToAmf=PH3AMF01
 2546  1 (UNLOCKED)  1 (ENABLED)   GNBCUCPFunction=1,TermPointToAmf=UP1AMF01
 2548  1 (UNLOCKED)  1 (ENABLED)   GNBCUCPFunction=1,TermPointToAmf=UP2AMF01
 2550  1 (UNLOCKED)  1 (ENABLED)   GNBCUCPFunction=1,TermPointToAmf=UP2AMF02
 2552                1 (ENABLED)   GNBCUCPFunction=1,TermPointToGNBDU=1
 3097                1 (ENABLED)   GNBDUFunction=1,ExtGNBDUPartnerFunction=1349125,InterMeLink=1
 3098                1 (ENABLED)   GNBDUFunction=1,ExtGNBDUPartnerFunction=1349125,InterMeLink=2
 3100                1 (ENABLED)   GNBDUFunction=1,ExtGNBDUPartnerFunction=1366359,InterMeLink=1
 3101                1 (ENABLED)   GNBDUFunction=1,ExtGNBDUPartnerFunction=1366359,InterMeLink=2
 3191  1 (UNLOCKED)  1 (ENABLED)   GNBDUFunction=1,TermPointToGNBCUCP=1
===================================================================================
Total: 93 MOs

M2CN9310A> 

M2CN9310A> enm cmedit get *$Node* 

240423-21:00:41-0500 11.143.138.42 24.0c MSRBS_NODE_MODEL_23.Q4_643.28133.125_0bc9 stopfile=/tmp/801217


Not allowed to run from amosbatch.


M2CN9310A> enm cmedit get *$Node* AddressIPv4.(*) -t

240423-21:00:41-0500 11.143.138.42 24.0c MSRBS_NODE_MODEL_23.Q4_643.28133.125_0bc9 stopfile=/tmp/801217


Not allowed to run from amosbatch.


M2CN9310A> 

M2CN9310A> hget AddressIPv4 ^address$

240423-21:00:41-0500 11.143.138.42 24.0c MSRBS_NODE_MODEL_23.Q4_643.28133.125_0bc9 stopfile=/tmp/801217
.
=================================================================================================================
MO                                                         address         
=================================================================================================================
Router=LTE,InterfaceIPv4=LTE,AddressIPv4=1                 42.15.138.58/27 
Router=Node_Internal_F1,InterfaceIPv4=NRCUCP,AddressIPv4=1 169.254.42.42/32
Router=Node_Internal_F1,InterfaceIPv4=NRDU,AddressIPv4=1   169.254.42.43/32
Router=vr_OAM,InterfaceIPv4=1,AddressIPv4=1                11.143.138.42/27
Router=vr_TRAFFIC,InterfaceIPv4=1,AddressIPv4=1            42.15.138.42/27 
=================================================================================================================
Total: 5 MOs

Added 5 MOs to group: hget_group

M2CN9310A> 

M2CN9310A> pmxz NRCell PMENDCSETUPUEATT$|PMENDCSETUPUESUCC$ -m 3

240423-21:00:42-0500 11.143.138.42 24.0c MSRBS_NODE_MODEL_23.Q4_643.28133.125_0bc9 stopfile=/tmp/801217
Parsing PM cache: /home/shared/gbadim1/moshell/jarxml/PMCACHE_MSRBS_NODE_MODEL_23.Q4_643.28133.125_0bc9.txt.gz ... Done.

........................
get /rop/A20240423.2230-2245_M2CN9310A.xml.gz /ericsson/log/amos/moshell_logfiles/gbadim1/logs_moshell/pmfiles/11.143.138.42/rop/A20240423.2230-2245_M2CN9310A.xml.gz ... OK
get /rop/A20240423.2245-2300_M2CN9310A.xml.gz /ericsson/log/amos/moshell_logfiles/gbadim1/logs_moshell/pmfiles/11.143.138.42/rop/A20240423.2245-2300_M2CN9310A.xml.gz ... OK
get /rop/A20240423.2300-2315_M2CN9310A.xml.gz /ericsson/log/amos/moshell_logfiles/gbadim1/logs_moshell/pmfiles/11.143.138.42/rop/A20240423.2300-2315_M2CN9310A.xml.gz ... OK
get /rop/A20240423.2315-2330_M2CN9310A.xml.gz /ericsson/log/amos/moshell_logfiles/gbadim1/logs_moshell/pmfiles/11.143.138.42/rop/A20240423.2315-2330_M2CN9310A.xml.gz ... OK
get /rop/A20240423.2330-2345_M2CN9310A.xml.gz /ericsson/log/amos/moshell_logfiles/gbadim1/logs_moshell/pmfiles/11.143.138.42/rop/A20240423.2330-2345_M2CN9310A.xml.gz ... OK
get /rop/A20240423.2345-0000_M2CN9310A.xml.gz /ericsson/log/amos/moshell_logfiles/gbadim1/logs_moshell/pmfiles/11.143.138.42/rop/A20240423.2345-0000_M2CN9310A.xml.gz ... OK
get /rop/A20240424.0000-0015_M2CN9310A.xml.gz /ericsson/log/amos/moshell_logfiles/gbadim1/logs_moshell/pmfiles/11.143.138.42/rop/A20240424.0000-0015_M2CN9310A.xml.gz ... OK
get /rop/A20240424.0015-0030_M2CN9310A.xml.gz /ericsson/log/amos/moshell_logfiles/gbadim1/logs_moshell/pmfiles/11.143.138.42/rop/A20240424.0015-0030_M2CN9310A.xml.gz ... OK
get /rop/A20240424.0030-0045_M2CN9310A.xml.gz /ericsson/log/amos/moshell_logfiles/gbadim1/logs_moshell/pmfiles/11.143.138.42/rop/A20240424.0030-0045_M2CN9310A.xml.gz ... OK
get /rop/A20240424.0045-0100_M2CN9310A.xml.gz /ericsson/log/amos/moshell_logfiles/gbadim1/logs_moshell/pmfiles/11.143.138.42/rop/A20240424.0045-0100_M2CN9310A.xml.gz ... OK
get /rop/A20240424.0100-0115_M2CN9310A.xml.gz /ericsson/log/amos/moshell_logfiles/gbadim1/logs_moshell/pmfiles/11.143.138.42/rop/A20240424.0100-0115_M2CN9310A.xml.gz ... OK
get /rop/A20240424.0115-0130_M2CN9310A.xml.gz /ericsson/log/amos/moshell_logfiles/gbadim1/logs_moshell/pmfiles/11.143.138.42/rop/A20240424.0115-0130_M2CN9310A.xml.gz ... OK
get /rop/A20240424.0130-0145_M2CN9310A.xml.gz /ericsson/log/amos/moshell_logfiles/gbadim1/logs_moshell/pmfiles/11.143.138.42/rop/A20240424.0130-0145_M2CN9310A.xml.gz ... OK
get /rop/A20240424.0145-0200_M2CN9310A.xml.gz /ericsson/log/amos/moshell_logfiles/gbadim1/logs_moshell/pmfiles/11.143.138.42/rop/A20240424.0145-0200_M2CN9310A.xml.gz ... OK

(gzip -dc /ericsson/log/amos/moshell_logfiles/gbadim1/logs_moshell/pmfiles/11.143.138.42/rop/A20240423.2300-2315_M2CN9310A.xml.gz /ericsson/log/amos/moshell_logfiles/gbadim1/logs_moshell/pmfiles/11.143.138.42/rop/A20240423.2315-2330_M2CN9310A.xml.gz /ericsson/log/amos/moshell_logfiles/gbadim1/logs_moshell/pmfiles/11.143.138.42/rop/A20240423.2330-2345_M2CN9310A.xml.gz /ericsson/log/amos/moshell_logfiles/gbadim1/logs_moshell/pmfiles/11.143.138.42/rop/A20240423.2345-0000_M2CN9310A.xml.gz /ericsson/log/amos/moshell_logfiles/gbadim1/logs_moshell/pmfiles/11.143.138.42/rop/A20240424.0000-0015_M2CN9310A.xml.gz /ericsson/log/amos/moshell_logfiles/gbadim1/logs_moshell/pmfiles/11.143.138.42/rop/A20240424.0015-0030_M2CN9310A.xml.gz /ericsson/log/amos/moshell_logfiles/gbadim1/logs_moshell/pmfiles/11.143.138.42/rop/A20240424.0030-0045_M2CN9310A.xml.gz /ericsson/log/amos/moshell_logfiles/gbadim1/logs_moshell/pmfiles/11.143.138.42/rop/A20240424.0045-0100_M2CN9310A.xml.gz /ericsson/log/amos/moshell_logfiles/gbadim1/logs_moshell/pmfiles/11.143.138.42/rop/A20240424.0100-0115_M2CN9310A.xml.gz /ericsson/log/amos/moshell_logfiles/gbadim1/logs_moshell/pmfiles/11.143.138.42/rop/A20240424.0115-0130_M2CN9310A.xml.gz /ericsson/log/amos/moshell_logfiles/gbadim1/logs_moshell/pmfiles/11.143.138.42/rop/A20240424.0130-0145_M2CN9310A.xml.gz /ericsson/log/amos/moshell_logfiles/gbadim1/logs_moshell/pmfiles/11.143.138.42/rop/A20240424.0145-0200_M2CN9310A.xml.gz | LANG=C LC_ALL=C /opt/ericsson/amos/moshell/gawk -vusergawk="LANG=C LC_ALL=C /opt/ericsson/amos/moshell/gawk" -f /opt/ericsson/amos/moshell/commonjars/pmExtract.awk  "nrcell" "PMENDCSETUPUEATT$|PMENDCSETUPUESUCC$"   | sort | uniq | /usr/bin/perl /opt/ericsson/amos/moshell/pmXtab -q -pval 0 -mom /var/tmp/20240423-210002_800846/pmxmomLog801217  -cols time -fmt txt -m "[M]anagedElement=[^,]+,(?:\w+=1,){0,1}((\w+=[^,]+,*)+$)"  )2>&1 | tee -a /ericsson/log/amos/moshell_logfiles/gbadim1/logs_moshell/sessionlog/240423-210009_M2CN9310A.log

Report from 2024-04-23 23:00 UTC to 2024-04-24 01:59 UTC (12 ropfiles)
Node SW: CXP9024418/15_R85C47 (23.Q4.0-3)

Date: 2024-04-23
Object               Counter            18:00  18:15  18:30  18:45  19:00  19:15  19:30  19:45  20:00  20:15  20:30  20:45
NRCellCU=K2CN9310A11 pmEndcSetupUeAtt     148     77    143     75     29     61     63     69     86     46     65     54
NRCellCU=K2CN9310A11 pmEndcSetupUeSucc    147     77    143     75     29     60     63     68     86     46     65     54
NRCellCU=K2CN9310A21 pmEndcSetupUeAtt      43     47     53     29      6      6      7      2     10     18     13      9
NRCellCU=K2CN9310A21 pmEndcSetupUeSucc     42     47     53     29      6      6      7      2     10     18     13      9
NRCellCU=K2CN9310A31 pmEndcSetupUeAtt      15     16     40     35     95      9      4     30     42      8      9     18
NRCellCU=K2CN9310A31 pmEndcSetupUeSucc     15     16     40     35     95      6      4     29     41      8      9     18


M2CN9310A> ue print -admitted
Checking available boards on node...

Collecting RCS board data ...
.....................................................................
..................
.....
240423-21:01:18-0500 11.143.138.42 24.0c MSRBS_NODE_MODEL_23.Q4_643.28133.125_0bc9 stopfile=/tmp/801217
coli>/lrat/ue print -admitted
CellId  #UE:s  #Bearers  
   4      30       57
   5       3        4
   6       3        7
coli>/rc/nrat/ue print -admitted
NrEnDc: uehId:4 ues:2
NrEnDc: uehId:5 ues:0
NrEnDc: uehId:6 ues:2
NrEnDc: uehId:7 ues:2
NrNrDc: uehId:4 ues:0
NrNrDc: uehId:5 ues:0
NrNrDc: uehId:6 ues:0
NrNrDc: uehId:7 ues:0
Nr: uehId:4 ues:0
Nr: uehId:5 ues:2
Nr: uehId:6 ues:0
Nr: uehId:7 ues:0
coli>/rpc/nrat/ue print -admitted
uehId:6 ues:0
uehId:7 ues:2
uehId:8 ues:2
uehId:9 ues:2
uehId:10 ues:2
coli>

M2CN9310A> 

M2CN9310A> ############################################################################################

M2CN9310A> #		 Post Script CV and unset of all variables - This is modifiable to your needs      #

M2CN9310A> ############################################################################################

M2CN9310A> 

M2CN9310A> 

M2CN9310A> l-

Log close: /ericsson/log/amos/moshell_logfiles/gbadim1/logs_moshell/sessionlog/240423-210009_M2CN9310A.log

M2CN9310A> confb-

M2CN9310A> gs-

Perform a get before set = disabled

M2CN9310A> 

M2CN9310A> 

M2CN9310A> #cvms post_$jobname_$date

M2CN9310A> 

M2CN9310A> #Keep the unset all after the cv so the variables can be used

M2CN9310A> unset all 

M2CN9310A> 

M2CN9310A> #cmedit set NetworkElement=M7BAN764A,ComConnectivityInformation=1 ipAddress=11.242.0.98#
Bye...
Output has been logged to file /home/shared/common/Overnight_Work/Rehomes/Prechecks/M2CN9310A.log
