Logging to file /home/shared/common/Overnight_Work/Rehomes/Prechecks/M2CN9310A3.log
                        __  __  ____   _____
                  /\   |  \/  |/ __ \ / ____|
                 /  \  | \  / | |  | | (___  
                / /\ \ | |\/| | |  | |\___ \ 
               / ____ \| |  | | |__| |____) |
              /_/    \_\_|  |_|\____/|_____/
              OSS Framework for MoShell-24.0c 
  Copyright (c) Ericsson AB 2001-2024 - All Rights Reserved
              
           
$amosrb_pid = 801845

Checking ip contact...OK

HELP MENU            : h
BASIC MO COMMANDS    : m
OTHER MO COMMANDS    : n
OTHER COMMANDS       : o
PM COMMANDS          : p
QUIT                 : q

M2CN9310A3> ############################################################################################

M2CN9310A3> #				Script Foundation - Leave this for all scripts							   #

M2CN9310A3> ############################################################################################

M2CN9310A3> 

M2CN9310A3> confb+

M2CN9310A3> gs+

Perform a get before set = enabled

M2CN9310A3> unset all

M2CN9310A3> l+

Logging to file: /ericsson/log/amos/moshell_logfiles/gbadim1/logs_moshell/sessionlog/240423-210009_M2CN9310A3.log

M2CN9310A3> 

M2CN9310A3> alt

240423-21:00:09-0500 11.143.138.52 24.0c  stopfile=/tmp/801212
Looking up temporary_amos account... OK.
Trying temporary_amos_gbadim1_291's password from amos lookupAccount ... OK

$ssh_pid = 803693

Connected to 11.143.138.52 (SubNetwork=ONRM_ROOT_MO,SubNetwork=Philadelphia,MeContext=M2CN9310A3,ManagedElement=M2CN9310A3)

Checking MOM version...MSRBS_NODE_MODEL_23.Q4_643.28133.125_0bc9
Parsing MOM (cached): /var/tmp/20240423-210002_800855/MSRBS_NODE_MODEL_23.Q4_643.28133.125_0bc9.xml.cache.gz ...........................................................................................................................................................................................................Done.
Using paramfile /opt/ericsson/amos/moshell/commonjars/pm/PARAM_MSRBS_23.Q4.txt
Parsing file /opt/ericsson/amos/moshell/commonjars/pm/PARAM_MSRBS_23.Q4.txt ...................................................................................Done.
Using imomdfile /opt/ericsson/amos/moshell/commonjars/pm/IMOMD_MSRBS_22.Q4.txt
Using imomfile /opt/ericsson/amos/moshell/commonjars/pm/IMOM_MSRBS_23.Q4.txt

Collecting Alarms...

====================================================================================================================
Date & Time (UTC)   S Specific Problem                    MO (AdditionalText/PC, AI)
====================================================================================================================
2024-03-03 07:24:10 m External Link to GNodeB Failure     ENodeBFunction=1 (X2 link problem to one or several neighbouring gNodeBs. AI: PLMN ID-gNB ID 1 : 310260-1366359,PLMN ID-gNB ID 2 : 310260-1349802,PLMN ID-gNB ID 3 : 310260-1349801,PLMN ID-gNB ID 4 : 310260-1348406,PLMN ID-gNB ID 5 : 310260-1348405,PLMN ID-gNB ID 6 : 310260-1344811,PLMN ID-gNB ID 7 : 310260-1342595,PLMN ID-gNB ID 8 : 310260-1335561,PLMN ID-gNB ID 9 : 310260-1313823,PLMN ID-gNB ID : list truncated)
2024-04-19 03:25:01 w PLMN Service Redundancy Lost        ENodeBFunction=1 (S1 connection failure for PLMN connected with link represented by MO listed in Additional Information. AI: PLMN : ["310120","310260","310830","311490","311882","312250","312530","313350"],DN1=ManagedElement=1,ENodeBFunction=1,TermPointToMme=PH3vMME1,)
2024-04-23 10:44:09 m External Link Failure               ENodeBFunction=1 (X2 link problem to one or several neighbouring eNodeBs. AI: PLMN ID-eNB ID 1 : 310260-1002486,PLMN ID-eNB ID 2 : 310260-1002400,PLMN ID-eNB ID 3 : 310260-1002384)
>>> Total: 3 Alarms (0 Critical, 0 Major)

M2CN9310A3> 

M2CN9310A3> uv sls_username > $user

sls_username              = gbadim1

$user = gbadim1

M2CN9310A3> $date = `date +%y%m%d-%H%M`

$date = 240423-2100

M2CN9310A3> $Node = `echo "$nodename" | cut -c 2-9`

$Node = 2CN9310A

M2CN9310A3> $L21 = L

$L21 = L

M2CN9310A3> $L19 = B

$L19 = B

M2CN9310A3> $L7 = D

$L7 = D

M2CN9310A3> $L6 = E

$L6 = E

M2CN9310A3> $N6 = K

$N6 = K

M2CN9310A3> $N25 = A

$N25 = A

M2CN9310A3> $L25 = T

$L25 = T

M2CN9310A3> $N19 = J

$N19 = J

M2CN9310A3> $N71 = K

$N71 = K

M2CN9310A3> $2C = .*2$

$2C = .*2$

M2CN9310A3> $1C = .*1$

$1C = .*1$

M2CN9310A3> $allcell = TDD|FDD|NRCellDU|Nbiot

$allcell = TDD|FDD|NRCellDU|Nbiot

M2CN9310A3> $FDD = EUtranCellFDD=

$FDD = EUtranCellFDD=

M2CN9310A3> $TDD = EUtranCellTDD=

$TDD = EUtranCellTDD=

M2CN9310A3> $NRCell = NRCellDU=

$NRCell = NRCellDU=

M2CN9310A3> $NRSec25 = NRSectorCarrier=25-

$NRSec25 = NRSectorCarrier=25-

M2CN9310A3> $NRSec6 = NRSectorCarrier=6-

$NRSec6 = NRSectorCarrier=6-

M2CN9310A3> $NRSec19 = NRSectorCarrier=19-

$NRSec19 = NRSectorCarrier=19-

M2CN9310A3> $LTESec = SectorEquipmentFunction=

$LTESec = SectorEquipmentFunction=

M2CN9310A3> 

M2CN9310A3> ############################################################################################

M2CN9310A3> #		Change JobName and any parameter that needs changing case by case basis    		   #

M2CN9310A3> ############################################################################################

M2CN9310A3> # 		PUT A # SIGN IN FRONT OF ANYTHING YOU DONT WANT TO USE ON THIS SCRIPT  			   #   

M2CN9310A3> ############################################################################################

M2CN9310A3>       

M2CN9310A3> #$arfcnDL = 507708

M2CN9310A3> #$jobname = Retune_Prechecks

M2CN9310A3> 

M2CN9310A3> ############################################################################################

M2CN9310A3> #				Script Specifics - This is modifiable to your needs						   #

M2CN9310A3> ############################################################################################

M2CN9310A3> #	   FOR SETM COMMANDS YOU HAVE TO REMOVE THE GS+ AND GS- from the script                #

M2CN9310A3> ############################################################################################

M2CN9310A3> ###############################

M2CN9310A3> #### PRECHECK / LOCK / CV #####

M2CN9310A3> ###############################

M2CN9310A3> 

M2CN9310A3> 

M2CN9310A3> lt all

240423-21:00:21-0500 11.143.138.52 24.0c MSRBS_NODE_MODEL_23.Q4_643.28133.125_0bc9 stopfile=/tmp/801212
Connected to 11.143.138.52 (SubNetwork=ONRM_ROOT_MO,SubNetwork=Philadelphia,MeContext=M2CN9310A3,ManagedElement=M2CN9310A3)

Last MO: 22137. Loaded 22137 MOs. Total: 22138 MOs.

M2CN9310A3> pr vlanport=

240423-21:00:28-0500 11.143.138.52 24.0c MSRBS_NODE_MODEL_23.Q4_643.28133.125_0bc9 stopfile=/tmp/801212
===================================================================================
Proxy  MO
===================================================================================
22133  Transport=1,VlanPort=1400
22134  Transport=1,VlanPort=3400
22135  Transport=1,VlanPort=4001
22136  Transport=1,VlanPort=ERAN
22137  Transport=1,VlanPort=ERAN_NR
===================================================================================
Total: 5 MOs

M2CN9310A3> get address address

240423-21:00:29-0500 11.143.138.52 24.0c MSRBS_NODE_MODEL_23.Q4_643.28133.125_0bc9 stopfile=/tmp/801212
=================================================================================================================
MO                                                      Attribute         Value
=================================================================================================================
Router=LTE,InterfaceIPv4=1,AddressIPv4=1                address           42.15.138.52/27
Router=LTE,InterfaceIPv4=1,AddressIPv4=1                addressIPv4Id     1
Router=LTE,InterfaceIPv4=1,AddressIPv4=1                primaryAddress    true
Router=LTE,InterfaceIPv4=1,AddressIPv4=1                usedAddress       42.15.138.52/27
Router=Node_Internal_F1,InterfaceIPv4=NRCUCP,AddressIPv4=1 address           169.254.42.42/32
Router=Node_Internal_F1,InterfaceIPv4=NRCUCP,AddressIPv4=1 addressIPv4Id     1
Router=Node_Internal_F1,InterfaceIPv4=NRCUCP,AddressIPv4=1 primaryAddress    true
Router=Node_Internal_F1,InterfaceIPv4=NRCUCP,AddressIPv4=1 usedAddress       169.254.42.42/32
Router=Node_Internal_F1,InterfaceIPv4=NRDU,AddressIPv4=1 address           169.254.42.43/32
Router=Node_Internal_F1,InterfaceIPv4=NRDU,AddressIPv4=1 addressIPv4Id     1
Router=Node_Internal_F1,InterfaceIPv4=NRDU,AddressIPv4=1 primaryAddress    true
Router=Node_Internal_F1,InterfaceIPv4=NRDU,AddressIPv4=1 usedAddress       169.254.42.43/32
Router=vr_OAM,InterfaceIPv4=1,AddressIPv4=1             address           11.143.138.52/27
Router=vr_OAM,InterfaceIPv4=1,AddressIPv4=1             addressIPv4Id     1
Router=vr_OAM,InterfaceIPv4=1,AddressIPv4=1             primaryAddress    true
Router=vr_OAM,InterfaceIPv4=1,AddressIPv4=1             usedAddress       11.143.138.52/27
Router=vr_TRAFFIC,InterfaceIPv4=1,AddressIPv4=1         address           42.15.138.34/27
Router=vr_TRAFFIC,InterfaceIPv4=1,AddressIPv4=1         addressIPv4Id     1
Router=vr_TRAFFIC,InterfaceIPv4=1,AddressIPv4=1         primaryAddress    true
Router=vr_TRAFFIC,InterfaceIPv4=1,AddressIPv4=1         usedAddress       42.15.138.34/27
=================================================================================================================
Total: 5 MOs


M2CN9310A3> st FDD|TDD|NRCellDU|NbIot

240423-21:00:29-0500 11.143.138.52 24.0c MSRBS_NODE_MODEL_23.Q4_643.28133.125_0bc9 stopfile=/tmp/801212
===================================================================================
Proxy  Adm State     Op. State     MO
===================================================================================
   45  1 (UNLOCKED)  1 (ENABLED)   ENodeBFunction=1,EUtranCellFDD=B2CN9310A11
  167  0 (LOCKED)    0 (DISABLED)  ENodeBFunction=1,EUtranCellFDD=B2CN9310A12
  257  1 (UNLOCKED)  1 (ENABLED)   ENodeBFunction=1,EUtranCellFDD=B2CN9310A21
  353  0 (LOCKED)    0 (DISABLED)  ENodeBFunction=1,EUtranCellFDD=B2CN9310A22
  443  1 (UNLOCKED)  1 (ENABLED)   ENodeBFunction=1,EUtranCellFDD=B2CN9310A31
  564  0 (LOCKED)    0 (DISABLED)  ENodeBFunction=1,EUtranCellFDD=B2CN9310A32
  654  1 (UNLOCKED)  1 (ENABLED)   ENodeBFunction=1,EUtranCellFDD=L2CN9310A11
  775  1 (UNLOCKED)  1 (ENABLED)   ENodeBFunction=1,EUtranCellFDD=L2CN9310A21
  869  1 (UNLOCKED)  1 (ENABLED)   ENodeBFunction=1,EUtranCellFDD=L2CN9310A31
 1439  1 (UNLOCKED)  1 (ENABLED)   ENodeBFunction=1,NbIotCell=Z2CN9310A11
 1440  1 (UNLOCKED)  1 (ENABLED)   ENodeBFunction=1,NbIotCell=Z2CN9310A21
 1441  1 (UNLOCKED)  1 (ENABLED)   ENodeBFunction=1,NbIotCell=Z2CN9310A31
 4071  1 (UNLOCKED)  1 (ENABLED)   GNBDUFunction=1,NRCellDU=J2CN9310A11
 4074  1 (UNLOCKED)  1 (ENABLED)   GNBDUFunction=1,NRCellDU=J2CN9310A12
 4076  1 (UNLOCKED)  1 (ENABLED)   GNBDUFunction=1,NRCellDU=J2CN9310A21
 4079  1 (UNLOCKED)  1 (ENABLED)   GNBDUFunction=1,NRCellDU=J2CN9310A22
 4081  1 (UNLOCKED)  1 (ENABLED)   GNBDUFunction=1,NRCellDU=J2CN9310A31
 4084  1 (UNLOCKED)  1 (ENABLED)   GNBDUFunction=1,NRCellDU=J2CN9310A32
 4674  1 (UNLOCKED)                SystemFunctions=1,HealthCheckM=1,HcRule=ENodeBFunction_CheckNbiotCllRssiNpuschReadings
 4675  1 (UNLOCKED)                SystemFunctions=1,HealthCheckM=1,HcRule=ENodeBFunction_CheckNbiotCllSinrNpuschReadings
 4676  1 (UNLOCKED)                SystemFunctions=1,HealthCheckM=1,HcRule=ENodeBFunction_CheckNbiotCllStatus
===================================================================================
Total: 21 MOs

M2CN9310A3> 

M2CN9310A3> st termpointtognb=1

240423-21:00:30-0500 11.143.138.52 24.0c MSRBS_NODE_MODEL_23.Q4_643.28133.125_0bc9 stopfile=/tmp/801212
===================================================================================
Proxy  Adm State     Op. State     MO
===================================================================================
===================================================================================
Total: 0 MOs

M2CN9310A3> get ^GNB.*=1 gNBId$

240423-21:00:30-0500 11.143.138.52 24.0c MSRBS_NODE_MODEL_23.Q4_643.28133.125_0bc9 stopfile=/tmp/801212
=================================================================================================================
MO                                                      Attribute         Value
=================================================================================================================
GNBCUCPFunction=1                                       gNBId             1366359
GNBCUUPFunction=1                                       gNBId             1366359
GNBDUFunction=1                                         gNBId             1366359
=================================================================================================================
Total: 3 MOs


M2CN9310A3> get FUnction=1 nbid$

240423-21:00:30-0500 11.143.138.52 24.0c MSRBS_NODE_MODEL_23.Q4_643.28133.125_0bc9 stopfile=/tmp/801212
=================================================================================================================
MO                                                      Attribute         Value
=================================================================================================================
ENodeBFunction=1                                        eNBId             50749
GNBCUCPFunction=1                                       gNBId             1366359
GNBCUUPFunction=1                                       gNBId             1366359
GNBDUFunction=1                                         gNBId             1366359
ExtGNBDUPartnerFunction=1312822                         gNBId             1312822
ExtGNBDUPartnerFunction=1349125                         gNBId             1349125
=================================================================================================================
Total: 6 MOs


M2CN9310A3> st term

240423-21:00:31-0500 11.143.138.52 24.0c MSRBS_NODE_MODEL_23.Q4_643.28133.125_0bc9 stopfile=/tmp/801212
===================================================================================
Proxy  Adm State     Op. State     MO
===================================================================================
 1067  1 (UNLOCKED)  0 (DISABLED)  ENodeBFunction=1,EUtraNetwork=1,ExternalENodeBFunction=310260-1002384,TermPointToENB=310260-1002384
 1070  1 (UNLOCKED)  0 (DISABLED)  ENodeBFunction=1,EUtraNetwork=1,ExternalENodeBFunction=310260-1002400,TermPointToENB=310260-1002400
 1073  1 (UNLOCKED)  0 (DISABLED)  ENodeBFunction=1,EUtraNetwork=1,ExternalENodeBFunction=310260-1002486,TermPointToENB=310260-1002486
 1079  1 (UNLOCKED)  1 (ENABLED)   ENodeBFunction=1,EUtraNetwork=1,ExternalENodeBFunction=310260-131958,TermPointToENB=310260-131958
 1082                1 (ENABLED)   ENodeBFunction=1,EUtraNetwork=1,ExternalENodeBFunction=310260-131962,EranInterMeLink=1
 1088  1 (UNLOCKED)  1 (ENABLED)   ENodeBFunction=1,EUtraNetwork=1,ExternalENodeBFunction=310260-131962,TermPointToENB=310260-131962
 1093  1 (UNLOCKED)  1 (ENABLED)   ENodeBFunction=1,EUtraNetwork=1,ExternalENodeBFunction=310260-131967,TermPointToENB=310260-131967
 1096  1 (UNLOCKED)  1 (ENABLED)   ENodeBFunction=1,EUtraNetwork=1,ExternalENodeBFunction=310260-139089,TermPointToENB=310260-139089
 1100  1 (UNLOCKED)  1 (ENABLED)   ENodeBFunction=1,EUtraNetwork=1,ExternalENodeBFunction=310260-139238,TermPointToENB=310260-139238
 1106  1 (UNLOCKED)  1 (ENABLED)   ENodeBFunction=1,EUtraNetwork=1,ExternalENodeBFunction=310260-216145,TermPointToENB=310260-216145
 1110  1 (UNLOCKED)  1 (ENABLED)   ENodeBFunction=1,EUtraNetwork=1,ExternalENodeBFunction=310260-307567,TermPointToENB=310260-307567
 1118  1 (UNLOCKED)  1 (ENABLED)   ENodeBFunction=1,EUtraNetwork=1,ExternalENodeBFunction=310260-310289,TermPointToENB=310260-310289
 1121  1 (UNLOCKED)  1 (ENABLED)   ENodeBFunction=1,EUtraNetwork=1,ExternalENodeBFunction=310260-310520,TermPointToENB=310260-310520
 1131  1 (UNLOCKED)  1 (ENABLED)   ENodeBFunction=1,EUtraNetwork=1,ExternalENodeBFunction=310260-310523,TermPointToENB=310260-310523
 1135  1 (UNLOCKED)  1 (ENABLED)   ENodeBFunction=1,EUtraNetwork=1,ExternalENodeBFunction=310260-310995,TermPointToENB=310260-310995
 1139  1 (UNLOCKED)  1 (ENABLED)   ENodeBFunction=1,EUtraNetwork=1,ExternalENodeBFunction=310260-331350,TermPointToENB=310260-331350
 1142  1 (UNLOCKED)  1 (ENABLED)   ENodeBFunction=1,EUtraNetwork=1,ExternalENodeBFunction=310260-43469,TermPointToENB=310260-43469
 1146  1 (UNLOCKED)  1 (ENABLED)   ENodeBFunction=1,EUtraNetwork=1,ExternalENodeBFunction=310260-50289,TermPointToENB=310260-50289
 1151  1 (UNLOCKED)  1 (ENABLED)   ENodeBFunction=1,EUtraNetwork=1,ExternalENodeBFunction=310260-50741,TermPointToENB=310260-50741
 1155  1 (UNLOCKED)  1 (ENABLED)   ENodeBFunction=1,EUtraNetwork=1,ExternalENodeBFunction=310260-50742,TermPointToENB=310260-50742
 1158  1 (UNLOCKED)  1 (ENABLED)   ENodeBFunction=1,EUtraNetwork=1,ExternalENodeBFunction=310260-50748,TermPointToENB=310260-50748
 1162  1 (UNLOCKED)  1 (ENABLED)   ENodeBFunction=1,EUtraNetwork=1,ExternalENodeBFunction=310260-50944,TermPointToENB=310260-50944
 1164  1 (UNLOCKED)  1 (ENABLED)   ENodeBFunction=1,EUtraNetwork=1,ExternalENodeBFunction=310260-51174,TermPointToENB=310260-51174
 1168  1 (UNLOCKED)  1 (ENABLED)   ENodeBFunction=1,EUtraNetwork=1,ExternalENodeBFunction=310260-51487,TermPointToENB=310260-51487
 1176  1 (UNLOCKED)  1 (ENABLED)   ENodeBFunction=1,EUtraNetwork=1,ExternalENodeBFunction=310260-54564,TermPointToENB=310260-54564
 1181  1 (UNLOCKED)  1 (ENABLED)   ENodeBFunction=1,EUtraNetwork=1,ExternalENodeBFunction=310260-56791,TermPointToENB=310260-56791
 1186  1 (UNLOCKED)  1 (ENABLED)   ENodeBFunction=1,EUtraNetwork=1,ExternalENodeBFunction=310260-57481,TermPointToENB=310260-57481
 1189  1 (UNLOCKED)  1 (ENABLED)   ENodeBFunction=1,EUtraNetwork=1,ExternalENodeBFunction=310260-878694,TermPointToENB=310260-878694
 1192  1 (UNLOCKED)  1 (ENABLED)   ENodeBFunction=1,EUtraNetwork=1,ExternalENodeBFunction=310260-888847,TermPointToENB=310260-888847
 1195  1 (UNLOCKED)  1 (ENABLED)   ENodeBFunction=1,EUtraNetwork=1,ExternalENodeBFunction=310260-888849,TermPointToENB=310260-888849
 1221  1 (UNLOCKED)  0 (DISABLED)  ENodeBFunction=1,GUtraNetwork=1,ExternalGNodeBFunction=310260-000000001056783,TermPointToGNB=310260-000000001056783
 1225  1 (UNLOCKED)  0 (DISABLED)  ENodeBFunction=1,GUtraNetwork=1,ExternalGNodeBFunction=310260-000000001060727,TermPointToGNB=310260-000000001060727
 1229  1 (UNLOCKED)  0 (DISABLED)  ENodeBFunction=1,GUtraNetwork=1,ExternalGNodeBFunction=310260-000000001082497,TermPointToGNB=310260-000000001082497
 1232  1 (UNLOCKED)  0 (DISABLED)  ENodeBFunction=1,GUtraNetwork=1,ExternalGNodeBFunction=310260-000000001086307,TermPointToGNB=310260-000000001086307
 1238  1 (UNLOCKED)  0 (DISABLED)  ENodeBFunction=1,GUtraNetwork=1,ExternalGNodeBFunction=310260-000000001093556,TermPointToGNB=310260-000000001093556
 1243  1 (UNLOCKED)  1 (ENABLED)   ENodeBFunction=1,GUtraNetwork=1,ExternalGNodeBFunction=310260-000000001312822,TermPointToGNB=310260-000000001312822
 1248  1 (UNLOCKED)  1 (ENABLED)   ENodeBFunction=1,GUtraNetwork=1,ExternalGNodeBFunction=310260-000000001312823,TermPointToGNB=310260-000000001312823
 1251  1 (UNLOCKED)  1 (ENABLED)   ENodeBFunction=1,GUtraNetwork=1,ExternalGNodeBFunction=310260-000000001312824,TermPointToGNB=310260-000000001312824
 1254  1 (UNLOCKED)  1 (ENABLED)   ENodeBFunction=1,GUtraNetwork=1,ExternalGNodeBFunction=310260-000000001313513,TermPointToGNB=310260-000000001313513
 1257  1 (UNLOCKED)  0 (DISABLED)  ENodeBFunction=1,GUtraNetwork=1,ExternalGNodeBFunction=310260-000000001313519,TermPointToGNB=310260-000000001313519
 1261  1 (UNLOCKED)  0 (DISABLED)  ENodeBFunction=1,GUtraNetwork=1,ExternalGNodeBFunction=310260-000000001313520,TermPointToGNB=310260-000000001313520
 1265  1 (UNLOCKED)  1 (ENABLED)   ENodeBFunction=1,GUtraNetwork=1,ExternalGNodeBFunction=310260-000000001313545,TermPointToGNB=310260-000000001313545
 1269  1 (UNLOCKED)  0 (DISABLED)  ENodeBFunction=1,GUtraNetwork=1,ExternalGNodeBFunction=310260-000000001313823,TermPointToGNB=310260-000000001313823
 1274  1 (UNLOCKED)  1 (ENABLED)   ENodeBFunction=1,GUtraNetwork=1,ExternalGNodeBFunction=310260-000000001315123,TermPointToGNB=310260-000000001315123
 1277  1 (UNLOCKED)  1 (ENABLED)   ENodeBFunction=1,GUtraNetwork=1,ExternalGNodeBFunction=310260-000000001315841,TermPointToGNB=310260-000000001315841
 1280  1 (UNLOCKED)  0 (DISABLED)  ENodeBFunction=1,GUtraNetwork=1,ExternalGNodeBFunction=310260-000000001319864,TermPointToGNB=310260-000000001319864
 1283  1 (UNLOCKED)  0 (DISABLED)  ENodeBFunction=1,GUtraNetwork=1,ExternalGNodeBFunction=310260-000000001327216,TermPointToGNB=310260-000000001327216
 1287  1 (UNLOCKED)  0 (DISABLED)  ENodeBFunction=1,GUtraNetwork=1,ExternalGNodeBFunction=310260-000000001330012,TermPointToGNB=310260-000000001330012
 1291  1 (UNLOCKED)  0 (DISABLED)  ENodeBFunction=1,GUtraNetwork=1,ExternalGNodeBFunction=310260-000000001333340,TermPointToGNB=310260-000000001333340
 1294  1 (UNLOCKED)  0 (DISABLED)  ENodeBFunction=1,GUtraNetwork=1,ExternalGNodeBFunction=310260-000000001334003,TermPointToGNB=310260-000000001334003
 1301  1 (UNLOCKED)  0 (DISABLED)  ENodeBFunction=1,GUtraNetwork=1,ExternalGNodeBFunction=310260-000000001335561,TermPointToGNB=310260-000000001335561
 1304  1 (UNLOCKED)  0 (DISABLED)  ENodeBFunction=1,GUtraNetwork=1,ExternalGNodeBFunction=310260-000000001339655,TermPointToGNB=310260-000000001339655
 1307  1 (UNLOCKED)  0 (DISABLED)  ENodeBFunction=1,GUtraNetwork=1,ExternalGNodeBFunction=310260-000000001342579,TermPointToGNB=310260-000000001342579
 1313  1 (UNLOCKED)  0 (DISABLED)  ENodeBFunction=1,GUtraNetwork=1,ExternalGNodeBFunction=310260-000000001342595,TermPointToGNB=310260-000000001342595
 1316  1 (UNLOCKED)  0 (DISABLED)  ENodeBFunction=1,GUtraNetwork=1,ExternalGNodeBFunction=310260-000000001342889,TermPointToGNB=310260-000000001342889
 1320  1 (UNLOCKED)  0 (DISABLED)  ENodeBFunction=1,GUtraNetwork=1,ExternalGNodeBFunction=310260-000000001344811,TermPointToGNB=310260-000000001344811
 1323  1 (UNLOCKED)  0 (DISABLED)  ENodeBFunction=1,GUtraNetwork=1,ExternalGNodeBFunction=310260-000000001345536,TermPointToGNB=310260-000000001345536
 1326  1 (UNLOCKED)  0 (DISABLED)  ENodeBFunction=1,GUtraNetwork=1,ExternalGNodeBFunction=310260-000000001348405,TermPointToGNB=310260-000000001348405
 1332  1 (UNLOCKED)  0 (DISABLED)  ENodeBFunction=1,GUtraNetwork=1,ExternalGNodeBFunction=310260-000000001348406,TermPointToGNB=310260-000000001348406
 1335  1 (UNLOCKED)  0 (DISABLED)  ENodeBFunction=1,GUtraNetwork=1,ExternalGNodeBFunction=310260-000000001349124,TermPointToGNB=310260-000000001349124
 1355  1 (UNLOCKED)  1 (ENABLED)   ENodeBFunction=1,GUtraNetwork=1,ExternalGNodeBFunction=310260-000000001349125,TermPointToGNB=310260-000000001349125
 1359  1 (UNLOCKED)  0 (DISABLED)  ENodeBFunction=1,GUtraNetwork=1,ExternalGNodeBFunction=310260-000000001349430,TermPointToGNB=310260-000000001349430
 1364  1 (UNLOCKED)  1 (ENABLED)   ENodeBFunction=1,GUtraNetwork=1,ExternalGNodeBFunction=310260-000000001349432,TermPointToGNB=310260-000000001349432
 1384  1 (UNLOCKED)  1 (ENABLED)   ENodeBFunction=1,GUtraNetwork=1,ExternalGNodeBFunction=310260-000000001349433,TermPointToGNB=310260-000000001349433
 1389  1 (UNLOCKED)  0 (DISABLED)  ENodeBFunction=1,GUtraNetwork=1,ExternalGNodeBFunction=310260-000000001349801,TermPointToGNB=310260-000000001349801
 1399  1 (UNLOCKED)  0 (DISABLED)  ENodeBFunction=1,GUtraNetwork=1,ExternalGNodeBFunction=310260-000000001349802,TermPointToGNB=310260-000000001349802
 1404  1 (UNLOCKED)  1 (ENABLED)   ENodeBFunction=1,GUtraNetwork=1,ExternalGNodeBFunction=310260-000000001351764,TermPointToGNB=310260-000000001351764
 1408  1 (UNLOCKED)  0 (DISABLED)  ENodeBFunction=1,GUtraNetwork=1,ExternalGNodeBFunction=310260-000000001352405,TermPointToGNB=310260-000000001352405
 1414  1 (UNLOCKED)  1 (ENABLED)   ENodeBFunction=1,GUtraNetwork=1,ExternalGNodeBFunction=310260-000000001352455,TermPointToGNB=310260-000000001352455
 1419  1 (UNLOCKED)  0 (DISABLED)  ENodeBFunction=1,GUtraNetwork=1,ExternalGNodeBFunction=310260-000000001366359,TermPointToGNB=310260-000000001366359
 1600  1 (UNLOCKED)  1 (ENABLED)   ENodeBFunction=1,TermPointToMme=CR1vMME1
 1601  1 (UNLOCKED)  1 (ENABLED)   ENodeBFunction=1,TermPointToMme=DC1vMME1
 1602  1 (UNLOCKED)  1 (ENABLED)   ENodeBFunction=1,TermPointToMme=DC1vMME2
 1603  1 (UNLOCKED)  1 (ENABLED)   ENodeBFunction=1,TermPointToMme=DC2vMME1
 1604  1 (UNLOCKED)  1 (ENABLED)   ENodeBFunction=1,TermPointToMme=NE1CMM01
 1605  1 (UNLOCKED)  1 (ENABLED)   ENodeBFunction=1,TermPointToMme=NE1vMME1
 1606  1 (UNLOCKED)  1 (ENABLED)   ENodeBFunction=1,TermPointToMme=NE1vMME2
 1607  1 (UNLOCKED)  1 (ENABLED)   ENodeBFunction=1,TermPointToMme=NE4vMME1
 1608  1 (UNLOCKED)  1 (ENABLED)   ENodeBFunction=1,TermPointToMme=PH1vMME1
 1609  1 (UNLOCKED)  1 (ENABLED)   ENodeBFunction=1,TermPointToMme=PH2vMME1
 1610  1 (UNLOCKED)  1 (ENABLED)   ENodeBFunction=1,TermPointToMme=PH3nMME1
 1611  1 (UNLOCKED)  0 (DISABLED)  ENodeBFunction=1,TermPointToMme=PH3vMME1
 1612  1 (UNLOCKED)  1 (ENABLED)   ENodeBFunction=1,TermPointToMme=UP1vMME1
 1613  1 (UNLOCKED)  1 (ENABLED)   ENodeBFunction=1,TermPointToMme=UP2nMME1
 1614  1 (UNLOCKED)  1 (ENABLED)   ENodeBFunction=1,TermPointToMme=UP2vMME1
 2846  1 (UNLOCKED)  1 (ENABLED)   GNBCUCPFunction=1,NRNetwork=1,ExternalGNBCUCPFunction=auto310_260_3_1075789,TermPointToGNodeB=auto1
 2860  1 (UNLOCKED)  1 (ENABLED)   GNBCUCPFunction=1,NRNetwork=1,ExternalGNBCUCPFunction=auto310_260_3_1093506,TermPointToGNodeB=auto1
 2874  1 (UNLOCKED)  1 (ENABLED)   GNBCUCPFunction=1,NRNetwork=1,ExternalGNBCUCPFunction=auto310_260_3_1093556,TermPointToGNodeB=auto1
 2885  1 (UNLOCKED)  1 (ENABLED)   GNBCUCPFunction=1,NRNetwork=1,ExternalGNBCUCPFunction=auto310_260_3_1312822,TermPointToGNodeB=auto1
 2896  1 (UNLOCKED)  1 (ENABLED)   GNBCUCPFunction=1,NRNetwork=1,ExternalGNBCUCPFunction=auto310_260_3_1312823,TermPointToGNodeB=auto1
 2907  1 (UNLOCKED)  1 (ENABLED)   GNBCUCPFunction=1,NRNetwork=1,ExternalGNBCUCPFunction=auto310_260_3_1313519,TermPointToGNodeB=auto1
 2918  1 (UNLOCKED)  1 (ENABLED)   GNBCUCPFunction=1,NRNetwork=1,ExternalGNBCUCPFunction=auto310_260_3_1313520,TermPointToGNodeB=auto1
 2929  1 (UNLOCKED)  1 (ENABLED)   GNBCUCPFunction=1,NRNetwork=1,ExternalGNBCUCPFunction=auto310_260_3_1313545,TermPointToGNodeB=auto1
 2940  1 (UNLOCKED)  0 (DISABLED)  GNBCUCPFunction=1,NRNetwork=1,ExternalGNBCUCPFunction=auto310_260_3_1313823,TermPointToGNodeB=auto1
 2948  1 (UNLOCKED)  1 (ENABLED)   GNBCUCPFunction=1,NRNetwork=1,ExternalGNBCUCPFunction=auto310_260_3_1315123,TermPointToGNodeB=auto1
 2959  1 (UNLOCKED)  1 (ENABLED)   GNBCUCPFunction=1,NRNetwork=1,ExternalGNBCUCPFunction=auto310_260_3_1315841,TermPointToGNodeB=auto1
 2970  1 (UNLOCKED)  1 (ENABLED)   GNBCUCPFunction=1,NRNetwork=1,ExternalGNBCUCPFunction=auto310_260_3_1319263,TermPointToGNodeB=auto1
 2981  1 (UNLOCKED)  1 (ENABLED)   GNBCUCPFunction=1,NRNetwork=1,ExternalGNBCUCPFunction=auto310_260_3_1319860,TermPointToGNodeB=auto1
 2995  1 (UNLOCKED)  1 (ENABLED)   GNBCUCPFunction=1,NRNetwork=1,ExternalGNBCUCPFunction=auto310_260_3_1330579,TermPointToGNodeB=auto1
 3015  1 (UNLOCKED)  1 (ENABLED)   GNBCUCPFunction=1,NRNetwork=1,ExternalGNBCUCPFunction=auto310_260_3_1333340,TermPointToGNodeB=auto1
 3041  1 (UNLOCKED)  1 (ENABLED)   GNBCUCPFunction=1,NRNetwork=1,ExternalGNBCUCPFunction=auto310_260_3_1334002,TermPointToGNodeB=auto1
 3055  1 (UNLOCKED)  1 (ENABLED)   GNBCUCPFunction=1,NRNetwork=1,ExternalGNBCUCPFunction=auto310_260_3_1334003,TermPointToGNodeB=auto1
 3066  1 (UNLOCKED)  1 (ENABLED)   GNBCUCPFunction=1,NRNetwork=1,ExternalGNBCUCPFunction=auto310_260_3_1334165,TermPointToGNodeB=auto1
 3086  1 (UNLOCKED)  1 (ENABLED)   GNBCUCPFunction=1,NRNetwork=1,ExternalGNBCUCPFunction=auto310_260_3_1335561,TermPointToGNodeB=auto1
 3106  1 (UNLOCKED)  1 (ENABLED)   GNBCUCPFunction=1,NRNetwork=1,ExternalGNBCUCPFunction=auto310_260_3_1342579,TermPointToGNodeB=auto1
 3126  1 (UNLOCKED)  1 (ENABLED)   GNBCUCPFunction=1,NRNetwork=1,ExternalGNBCUCPFunction=auto310_260_3_1342595,TermPointToGNodeB=auto1
 3152  1 (UNLOCKED)  1 (ENABLED)   GNBCUCPFunction=1,NRNetwork=1,ExternalGNBCUCPFunction=auto310_260_3_1342888,TermPointToGNodeB=auto1
 3163  1 (UNLOCKED)  1 (ENABLED)   GNBCUCPFunction=1,NRNetwork=1,ExternalGNBCUCPFunction=auto310_260_3_1344811,TermPointToGNodeB=auto1
 3189  1 (UNLOCKED)  1 (ENABLED)   GNBCUCPFunction=1,NRNetwork=1,ExternalGNBCUCPFunction=auto310_260_3_1348405,TermPointToGNodeB=auto1
 3209  1 (UNLOCKED)  1 (ENABLED)   GNBCUCPFunction=1,NRNetwork=1,ExternalGNBCUCPFunction=auto310_260_3_1348406,TermPointToGNodeB=auto1
 3229  1 (UNLOCKED)  1 (ENABLED)   GNBCUCPFunction=1,NRNetwork=1,ExternalGNBCUCPFunction=auto310_260_3_1349124,TermPointToGNodeB=auto1
 3249  1 (UNLOCKED)  1 (ENABLED)   GNBCUCPFunction=1,NRNetwork=1,ExternalGNBCUCPFunction=auto310_260_3_1349125,TermPointToGNodeB=auto1
 3275  1 (UNLOCKED)  1 (ENABLED)   GNBCUCPFunction=1,NRNetwork=1,ExternalGNBCUCPFunction=auto310_260_3_1349429,TermPointToGNodeB=auto1
 3295  1 (UNLOCKED)  1 (ENABLED)   GNBCUCPFunction=1,NRNetwork=1,ExternalGNBCUCPFunction=auto310_260_3_1349430,TermPointToGNodeB=auto1
 3321  1 (UNLOCKED)  1 (ENABLED)   GNBCUCPFunction=1,NRNetwork=1,ExternalGNBCUCPFunction=auto310_260_3_1349432,TermPointToGNodeB=auto1
 3341  1 (UNLOCKED)  1 (ENABLED)   GNBCUCPFunction=1,NRNetwork=1,ExternalGNBCUCPFunction=auto310_260_3_1349433,TermPointToGNodeB=auto1
 3367  1 (UNLOCKED)  1 (ENABLED)   GNBCUCPFunction=1,NRNetwork=1,ExternalGNBCUCPFunction=auto310_260_3_1349801,TermPointToGNodeB=auto1
 3387  1 (UNLOCKED)  1 (ENABLED)   GNBCUCPFunction=1,NRNetwork=1,ExternalGNBCUCPFunction=auto310_260_3_1349802,TermPointToGNodeB=auto1
 3407  1 (UNLOCKED)  1 (ENABLED)   GNBCUCPFunction=1,NRNetwork=1,ExternalGNBCUCPFunction=auto310_260_3_1351120,TermPointToGNodeB=auto1
 3427  1 (UNLOCKED)  1 (ENABLED)   GNBCUCPFunction=1,NRNetwork=1,ExternalGNBCUCPFunction=auto310_260_3_1352455,TermPointToGNodeB=auto1
 3444  1 (UNLOCKED)  1 (ENABLED)   GNBCUCPFunction=1,NRNetwork=1,ExternalGNBCUCPFunction=auto310_260_3_1353309,TermPointToGNodeB=auto1
 3461  1 (UNLOCKED)  1 (ENABLED)   GNBCUCPFunction=1,NRNetwork=1,ExternalGNBCUCPFunction=auto310_260_3_1353310,TermPointToGNodeB=auto1
 3478  1 (UNLOCKED)  1 (ENABLED)   GNBCUCPFunction=1,NRNetwork=1,ExternalGNBCUCPFunction=auto310_260_3_1353312,TermPointToGNodeB=auto1
 3495  1 (UNLOCKED)  1 (ENABLED)   GNBCUCPFunction=1,NRNetwork=1,ExternalGNBCUCPFunction=auto310_260_3_1353315,TermPointToGNodeB=auto1
 3512  1 (UNLOCKED)  1 (ENABLED)   GNBCUCPFunction=1,NRNetwork=1,ExternalGNBCUCPFunction=auto310_260_3_1353316,TermPointToGNodeB=auto1
 3529  1 (UNLOCKED)  1 (ENABLED)   GNBCUCPFunction=1,NRNetwork=1,ExternalGNBCUCPFunction=auto310_260_3_1353317,TermPointToGNodeB=auto1
 3551  1 (UNLOCKED)  1 (ENABLED)   GNBCUCPFunction=1,NRNetwork=1,ExternalGNBCUCPFunction=auto310_260_3_1367752,TermPointToGNodeB=auto1
 3568  1 (UNLOCKED)  1 (ENABLED)   GNBCUCPFunction=1,NRNetwork=1,ExternalGNBCUCPFunction=auto310_260_3_1369670,TermPointToGNodeB=auto1
 3585  1 (UNLOCKED)  1 (ENABLED)   GNBCUCPFunction=1,NRNetwork=1,ExternalGNBCUCPFunction=auto310_260_3_1370302,TermPointToGNodeB=auto1
 3628  1 (UNLOCKED)  1 (ENABLED)   GNBCUCPFunction=1,TermPointToAmf=DC1AMF01
 3630  1 (UNLOCKED)  1 (ENABLED)   GNBCUCPFunction=1,TermPointToAmf=DC2AMF01
 3632  1 (UNLOCKED)  1 (ENABLED)   GNBCUCPFunction=1,TermPointToAmf=DC2AMF02
 3634  1 (UNLOCKED)  1 (ENABLED)   GNBCUCPFunction=1,TermPointToAmf=NE1CMM01
 3636  1 (UNLOCKED)  1 (ENABLED)   GNBCUCPFunction=1,TermPointToAmf=NE3AMF01
 3638  1 (UNLOCKED)  1 (ENABLED)   GNBCUCPFunction=1,TermPointToAmf=NE4AMF01
 3640  1 (UNLOCKED)  1 (ENABLED)   GNBCUCPFunction=1,TermPointToAmf=NE4AMF02
 3642  1 (UNLOCKED)  1 (ENABLED)   GNBCUCPFunction=1,TermPointToAmf=PH1AMF01
 3644  1 (UNLOCKED)  1 (ENABLED)   GNBCUCPFunction=1,TermPointToAmf=PH2AMF01
 3646  1 (UNLOCKED)  1 (ENABLED)   GNBCUCPFunction=1,TermPointToAmf=PH2AMF02
 3648  1 (UNLOCKED)  1 (ENABLED)   GNBCUCPFunction=1,TermPointToAmf=PH3AMF01
 3650  1 (UNLOCKED)  1 (ENABLED)   GNBCUCPFunction=1,TermPointToAmf=UP1AMF01
 3652  1 (UNLOCKED)  1 (ENABLED)   GNBCUCPFunction=1,TermPointToAmf=UP2AMF01
 3654  1 (UNLOCKED)  1 (ENABLED)   GNBCUCPFunction=1,TermPointToAmf=UP2AMF02
 3656                1 (ENABLED)   GNBCUCPFunction=1,TermPointToGNBDU=1
 4065                1 (ENABLED)   GNBDUFunction=1,ExtGNBDUPartnerFunction=1312822,InterMeLink=1
 4066                1 (ENABLED)   GNBDUFunction=1,ExtGNBDUPartnerFunction=1312822,InterMeLink=2
 4068                1 (ENABLED)   GNBDUFunction=1,ExtGNBDUPartnerFunction=1349125,InterMeLink=1
 4069                1 (ENABLED)   GNBDUFunction=1,ExtGNBDUPartnerFunction=1349125,InterMeLink=2
 4171  1 (UNLOCKED)  1 (ENABLED)   GNBDUFunction=1,TermPointToGNBCUCP=1
===================================================================================
Total: 149 MOs

M2CN9310A3> 

M2CN9310A3> enm cmedit get *$Node* 

240423-21:00:39-0500 11.143.138.52 24.0c MSRBS_NODE_MODEL_23.Q4_643.28133.125_0bc9 stopfile=/tmp/801212


Not allowed to run from amosbatch.


M2CN9310A3> enm cmedit get *$Node* AddressIPv4.(*) -t

240423-21:00:39-0500 11.143.138.52 24.0c MSRBS_NODE_MODEL_23.Q4_643.28133.125_0bc9 stopfile=/tmp/801212


Not allowed to run from amosbatch.


M2CN9310A3> 

M2CN9310A3> hget AddressIPv4 ^address$

240423-21:00:39-0500 11.143.138.52 24.0c MSRBS_NODE_MODEL_23.Q4_643.28133.125_0bc9 stopfile=/tmp/801212
.
=================================================================================================================
MO                                                         address         
=================================================================================================================
Router=LTE,InterfaceIPv4=1,AddressIPv4=1                   42.15.138.52/27 
Router=Node_Internal_F1,InterfaceIPv4=NRCUCP,AddressIPv4=1 169.254.42.42/32
Router=Node_Internal_F1,InterfaceIPv4=NRDU,AddressIPv4=1   169.254.42.43/32
Router=vr_OAM,InterfaceIPv4=1,AddressIPv4=1                11.143.138.52/27
Router=vr_TRAFFIC,InterfaceIPv4=1,AddressIPv4=1            42.15.138.34/27 
=================================================================================================================
Total: 5 MOs

Added 5 MOs to group: hget_group

M2CN9310A3> 

M2CN9310A3> pmxz NRCell PMENDCSETUPUEATT$|PMENDCSETUPUESUCC$ -m 3

240423-21:00:39-0500 11.143.138.52 24.0c MSRBS_NODE_MODEL_23.Q4_643.28133.125_0bc9 stopfile=/tmp/801212
Parsing PM cache: /home/shared/gbadim1/moshell/jarxml/PMCACHE_MSRBS_NODE_MODEL_23.Q4_643.28133.125_0bc9.txt.gz ... Done.

..............
get /rop/A20240423.2230-2245_M2CN9310A3.xml.gz /ericsson/log/amos/moshell_logfiles/gbadim1/logs_moshell/pmfiles/11.143.138.52/rop/A20240423.2230-2245_M2CN9310A3.xml.gz ... OK
get /rop/A20240423.2245-2300_M2CN9310A3.xml.gz /ericsson/log/amos/moshell_logfiles/gbadim1/logs_moshell/pmfiles/11.143.138.52/rop/A20240423.2245-2300_M2CN9310A3.xml.gz ... OK
get /rop/A20240423.2300-2315_M2CN9310A3.xml.gz /ericsson/log/amos/moshell_logfiles/gbadim1/logs_moshell/pmfiles/11.143.138.52/rop/A20240423.2300-2315_M2CN9310A3.xml.gz ... OK
get /rop/A20240423.2315-2330_M2CN9310A3.xml.gz /ericsson/log/amos/moshell_logfiles/gbadim1/logs_moshell/pmfiles/11.143.138.52/rop/A20240423.2315-2330_M2CN9310A3.xml.gz ... OK
get /rop/A20240423.2330-2345_M2CN9310A3.xml.gz /ericsson/log/amos/moshell_logfiles/gbadim1/logs_moshell/pmfiles/11.143.138.52/rop/A20240423.2330-2345_M2CN9310A3.xml.gz ... OK
get /rop/A20240423.2345-0000_M2CN9310A3.xml.gz /ericsson/log/amos/moshell_logfiles/gbadim1/logs_moshell/pmfiles/11.143.138.52/rop/A20240423.2345-0000_M2CN9310A3.xml.gz ... OK
get /rop/A20240424.0000-0015_M2CN9310A3.xml.gz /ericsson/log/amos/moshell_logfiles/gbadim1/logs_moshell/pmfiles/11.143.138.52/rop/A20240424.0000-0015_M2CN9310A3.xml.gz ... OK
get /rop/A20240424.0015-0030_M2CN9310A3.xml.gz /ericsson/log/amos/moshell_logfiles/gbadim1/logs_moshell/pmfiles/11.143.138.52/rop/A20240424.0015-0030_M2CN9310A3.xml.gz ... OK
get /rop/A20240424.0030-0045_M2CN9310A3.xml.gz /ericsson/log/amos/moshell_logfiles/gbadim1/logs_moshell/pmfiles/11.143.138.52/rop/A20240424.0030-0045_M2CN9310A3.xml.gz ... OK
get /rop/A20240424.0045-0100_M2CN9310A3.xml.gz /ericsson/log/amos/moshell_logfiles/gbadim1/logs_moshell/pmfiles/11.143.138.52/rop/A20240424.0045-0100_M2CN9310A3.xml.gz ... OK
get /rop/A20240424.0100-0115_M2CN9310A3.xml.gz /ericsson/log/amos/moshell_logfiles/gbadim1/logs_moshell/pmfiles/11.143.138.52/rop/A20240424.0100-0115_M2CN9310A3.xml.gz ... OK
get /rop/A20240424.0115-0130_M2CN9310A3.xml.gz /ericsson/log/amos/moshell_logfiles/gbadim1/logs_moshell/pmfiles/11.143.138.52/rop/A20240424.0115-0130_M2CN9310A3.xml.gz ... OK
get /rop/A20240424.0130-0145_M2CN9310A3.xml.gz /ericsson/log/amos/moshell_logfiles/gbadim1/logs_moshell/pmfiles/11.143.138.52/rop/A20240424.0130-0145_M2CN9310A3.xml.gz ... OK
get /rop/A20240424.0145-0200_M2CN9310A3.xml.gz /ericsson/log/amos/moshell_logfiles/gbadim1/logs_moshell/pmfiles/11.143.138.52/rop/A20240424.0145-0200_M2CN9310A3.xml.gz ... OK

(gzip -dc /ericsson/log/amos/moshell_logfiles/gbadim1/logs_moshell/pmfiles/11.143.138.52/rop/A20240423.2300-2315_M2CN9310A3.xml.gz /ericsson/log/amos/moshell_logfiles/gbadim1/logs_moshell/pmfiles/11.143.138.52/rop/A20240423.2315-2330_M2CN9310A3.xml.gz /ericsson/log/amos/moshell_logfiles/gbadim1/logs_moshell/pmfiles/11.143.138.52/rop/A20240423.2330-2345_M2CN9310A3.xml.gz /ericsson/log/amos/moshell_logfiles/gbadim1/logs_moshell/pmfiles/11.143.138.52/rop/A20240423.2345-0000_M2CN9310A3.xml.gz /ericsson/log/amos/moshell_logfiles/gbadim1/logs_moshell/pmfiles/11.143.138.52/rop/A20240424.0000-0015_M2CN9310A3.xml.gz /ericsson/log/amos/moshell_logfiles/gbadim1/logs_moshell/pmfiles/11.143.138.52/rop/A20240424.0015-0030_M2CN9310A3.xml.gz /ericsson/log/amos/moshell_logfiles/gbadim1/logs_moshell/pmfiles/11.143.138.52/rop/A20240424.0030-0045_M2CN9310A3.xml.gz /ericsson/log/amos/moshell_logfiles/gbadim1/logs_moshell/pmfiles/11.143.138.52/rop/A20240424.0045-0100_M2CN9310A3.xml.gz /ericsson/log/amos/moshell_logfiles/gbadim1/logs_moshell/pmfiles/11.143.138.52/rop/A20240424.0100-0115_M2CN9310A3.xml.gz /ericsson/log/amos/moshell_logfiles/gbadim1/logs_moshell/pmfiles/11.143.138.52/rop/A20240424.0115-0130_M2CN9310A3.xml.gz /ericsson/log/amos/moshell_logfiles/gbadim1/logs_moshell/pmfiles/11.143.138.52/rop/A20240424.0130-0145_M2CN9310A3.xml.gz /ericsson/log/amos/moshell_logfiles/gbadim1/logs_moshell/pmfiles/11.143.138.52/rop/A20240424.0145-0200_M2CN9310A3.xml.gz | LANG=C LC_ALL=C /opt/ericsson/amos/moshell/gawk -vusergawk="LANG=C LC_ALL=C /opt/ericsson/amos/moshell/gawk" -f /opt/ericsson/amos/moshell/commonjars/pmExtract.awk  "nrcell" "PMENDCSETUPUEATT$|PMENDCSETUPUESUCC$"   | sort | uniq | /usr/bin/perl /opt/ericsson/amos/moshell/pmXtab -q -pval 0 -mom /var/tmp/20240423-210002_800855/pmxmomLog801212  -cols time -fmt txt -m "[M]anagedElement=[^,]+,(?:\w+=1,){0,1}((\w+=[^,]+,*)+$)"  )2>&1 | tee -a /ericsson/log/amos/moshell_logfiles/gbadim1/logs_moshell/sessionlog/240423-210009_M2CN9310A3.log

Report from 2024-04-23 23:00 UTC to 2024-04-24 01:59 UTC (12 ropfiles)
Node SW: CXP2010174/1_R82C53 (23.Q4.0-3)

Date: 2024-04-23
Object               Counter            18:00  18:15  18:30  18:45  19:00  19:15  19:30  19:45  20:00  20:15  20:30  20:45
NRCellCU=J2CN9310A11 pmEndcSetupUeAtt       0      0      0      0      0      0      0      0      0      0      0      0
NRCellCU=J2CN9310A11 pmEndcSetupUeSucc      0      0      0      0      0      0      0      0      0      0      0      0
NRCellCU=J2CN9310A12 pmEndcSetupUeAtt       0      0      0      0      0      0      0      0      0      0      0      0
NRCellCU=J2CN9310A12 pmEndcSetupUeSucc      0      0      0      0      0      0      0      0      0      0      0      0
NRCellCU=J2CN9310A21 pmEndcSetupUeAtt       0      0      0      0      0      0      0      0      0      0      0      0
NRCellCU=J2CN9310A21 pmEndcSetupUeSucc      0      0      0      0      0      0      0      0      0      0      0      0
NRCellCU=J2CN9310A22 pmEndcSetupUeAtt       0      0      0      0      0      0      0      0      0      0      0      0
NRCellCU=J2CN9310A22 pmEndcSetupUeSucc      0      0      0      0      0      0      0      0      0      0      0      0
NRCellCU=J2CN9310A31 pmEndcSetupUeAtt       0      0      0      0      0      0      0      0      0      0      0      0
NRCellCU=J2CN9310A31 pmEndcSetupUeSucc      0      0      0      0      0      0      0      0      0      0      0      0
NRCellCU=J2CN9310A32 pmEndcSetupUeAtt       0      0      0      0      0      0      0      0      0      0      0      0
NRCellCU=J2CN9310A32 pmEndcSetupUeSucc      0      0      0      0      0      0      0      0      0      0      0      0


M2CN9310A3> ue print -admitted
Checking available boards on node...

Collecting RCS board data ...
.......................................................................
..................
.....
240423-21:01:26-0500 11.143.138.52 24.0c MSRBS_NODE_MODEL_23.Q4_643.28133.125_0bc9 stopfile=/tmp/801212
coli>/lrat/ue print -admitted
CellId  #UE:s  #Bearers  
   1       2        3
   2       0        0
   3       1        2
   7      34       41
   8      25       31
   9      50       60
 201       0        0
 202       0        0
 203       0        0
coli>/rc/nrat/ue print -admitted
NrEnDc: uehId:4 ues:0
NrEnDc: uehId:5 ues:0
NrEnDc: uehId:6 ues:0
NrEnDc: uehId:7 ues:0
NrNrDc: uehId:4 ues:0
NrNrDc: uehId:5 ues:0
NrNrDc: uehId:6 ues:0
NrNrDc: uehId:7 ues:0
Nr: uehId:4 ues:2
Nr: uehId:5 ues:1
Nr: uehId:6 ues:0
Nr: uehId:7 ues:1
coli>/rpc/nrat/ue print -admitted
uehId:6 ues:0
uehId:7 ues:2
uehId:8 ues:1
uehId:9 ues:0
uehId:10 ues:1
coli>

M2CN9310A3> 

M2CN9310A3> ############################################################################################

M2CN9310A3> #		 Post Script CV and unset of all variables - This is modifiable to your needs      #

M2CN9310A3> ############################################################################################

M2CN9310A3> 

M2CN9310A3> 

M2CN9310A3> l-

Log close: /ericsson/log/amos/moshell_logfiles/gbadim1/logs_moshell/sessionlog/240423-210009_M2CN9310A3.log

M2CN9310A3> confb-

M2CN9310A3> gs-

Perform a get before set = disabled

M2CN9310A3> 

M2CN9310A3> 

M2CN9310A3> #cvms post_$jobname_$date

M2CN9310A3> 

M2CN9310A3> #Keep the unset all after the cv so the variables can be used

M2CN9310A3> unset all 

M2CN9310A3> 

M2CN9310A3> #cmedit set NetworkElement=M7BAN764A,ComConnectivityInformation=1 ipAddress=11.242.0.98#
Bye...
Output has been logged to file /home/shared/common/Overnight_Work/Rehomes/Prechecks/M2CN9310A3.log
