Logging to file /home/shared/common/Overnight_Work/Rehomes/Prechecks/M2LB3361C3.log
                        __  __  ____   _____
                  /\   |  \/  |/ __ \ / ____|
                 /  \  | \  / | |  | | (___  
                / /\ \ | |\/| | |  | |\___ \ 
               / ____ \| |  | | |__| |____) |
              /_/    \_\_|  |_|\____/|_____/
              OSS Framework for MoShell-24.0c 
  Copyright (c) Ericsson AB 2001-2024 - All Rights Reserved
              
           
$amosrb_pid = 4024576

Checking ip contact...OK

HELP MENU            : h
BASIC MO COMMANDS    : m
OTHER MO COMMANDS    : n
OTHER COMMANDS       : o
PM COMMANDS          : p
QUIT                 : q

M2LB3361C3> ############################################################################################

M2LB3361C3> #				Script Foundation - Leave this for all scripts							   #

M2LB3361C3> ############################################################################################

M2LB3361C3> 

M2LB3361C3> confb+

M2LB3361C3> gs+

Perform a get before set = enabled

M2LB3361C3> unset all

M2LB3361C3> l+

Logging to file: /ericsson/log/amos/moshell_logfiles/gbadim1/logs_moshell/sessionlog/240422-210009_M2LB3361C3.log

M2LB3361C3> 

M2LB3361C3> alt

240422-21:00:09-0500 11.143.139.180 24.0c  stopfile=/tmp/4024133
Looking up temporary_amos account... OK.
Trying temporary_amos_gbadim1_291's password from amos lookupAccount ... OK

$ssh_pid = 4025973

Connected to 11.143.139.180 (SubNetwork=ONRM_ROOT_MO,SubNetwork=Philadelphia,MeContext=M2LB3361C3,ManagedElement=M2LB3361C3)

Checking MOM version...MSRBS_NODE_MODEL_23.Q4_643.28133.125_0bc9
Parsing MOM (cached): /var/tmp/20240422-210002_4023823/MSRBS_NODE_MODEL_23.Q4_643.28133.125_0bc9.xml.cache.gz ...........................................................................................................................................................................................................Done.
Using paramfile /opt/ericsson/amos/moshell/commonjars/pm/PARAM_MSRBS_23.Q4.txt
Parsing file /opt/ericsson/amos/moshell/commonjars/pm/PARAM_MSRBS_23.Q4.txt ...................................................................................Done.
Using imomdfile /opt/ericsson/amos/moshell/commonjars/pm/IMOMD_MSRBS_22.Q4.txt
Using imomfile /opt/ericsson/amos/moshell/commonjars/pm/IMOM_MSRBS_23.Q4.txt

Collecting Alarms...

====================================================================================================================
Date & Time (UTC)   S Specific Problem                    MO (AdditionalText/PC, AI)
====================================================================================================================
2024-04-07 07:31:40 m External Link to GNodeB Failure     ENodeBFunction=1 (X2 link problem to one or several neighbouring gNodeBs. AI: PLMN ID-gNB ID 1 : 310260-1349730,PLMN ID-gNB ID 2 : 310260-1349708,PLMN ID-gNB ID 3 : 310260-1349673,PLMN ID-gNB ID 4 : 310260-1348710,PLMN ID-gNB ID 5 : 310260-1348053,PLMN ID-gNB ID 6 : 310260-1347563,PLMN ID-gNB ID 7 : 310260-1344903,PLMN ID-gNB ID 8 : 310260-1349121,PLMN ID-gNB ID 9 : 310260-1353045,PLMN ID-gNB ID : list truncated)
2024-04-19 03:25:01 w PLMN Service Redundancy Lost        ENodeBFunction=1 (S1 connection failure for PLMN connected with link represented by MO listed in Additional Information. AI: PLMN : ["310120","310260","310830","311490","311882","312250","312530","313350"],DN1=ManagedElement=1,ENodeBFunction=1,TermPointToMme=PH3vMME1,)
>>> Total: 2 Alarms (0 Critical, 0 Major)

M2LB3361C3> 

M2LB3361C3> uv sls_username > $user

sls_username              = gbadim1

$user = gbadim1

M2LB3361C3> $date = `date +%y%m%d-%H%M`

$date = 240422-2100

M2LB3361C3> $Node = `echo "$nodename" | cut -c 2-9`

$Node = 2LB3361C

M2LB3361C3> $L21 = L

$L21 = L

M2LB3361C3> $L19 = B

$L19 = B

M2LB3361C3> $L7 = D

$L7 = D

M2LB3361C3> $L6 = E

$L6 = E

M2LB3361C3> $N6 = K

$N6 = K

M2LB3361C3> $N25 = A

$N25 = A

M2LB3361C3> $L25 = T

$L25 = T

M2LB3361C3> $N19 = J

$N19 = J

M2LB3361C3> $N71 = K

$N71 = K

M2LB3361C3> $2C = .*2$

$2C = .*2$

M2LB3361C3> $1C = .*1$

$1C = .*1$

M2LB3361C3> $allcell = TDD|FDD|NRCellDU|Nbiot

$allcell = TDD|FDD|NRCellDU|Nbiot

M2LB3361C3> $FDD = EUtranCellFDD=

$FDD = EUtranCellFDD=

M2LB3361C3> $TDD = EUtranCellTDD=

$TDD = EUtranCellTDD=

M2LB3361C3> $NRCell = NRCellDU=

$NRCell = NRCellDU=

M2LB3361C3> $NRSec25 = NRSectorCarrier=25-

$NRSec25 = NRSectorCarrier=25-

M2LB3361C3> $NRSec6 = NRSectorCarrier=6-

$NRSec6 = NRSectorCarrier=6-

M2LB3361C3> $NRSec19 = NRSectorCarrier=19-

$NRSec19 = NRSectorCarrier=19-

M2LB3361C3> $LTESec = SectorEquipmentFunction=

$LTESec = SectorEquipmentFunction=

M2LB3361C3> 

M2LB3361C3> ############################################################################################

M2LB3361C3> #		Change JobName and any parameter that needs changing case by case basis    		   #

M2LB3361C3> ############################################################################################

M2LB3361C3> # 		PUT A # SIGN IN FRONT OF ANYTHING YOU DONT WANT TO USE ON THIS SCRIPT  			   #   

M2LB3361C3> ############################################################################################

M2LB3361C3>       

M2LB3361C3> #$arfcnDL = 507708

M2LB3361C3> #$jobname = Retune_Prechecks

M2LB3361C3> 

M2LB3361C3> ############################################################################################

M2LB3361C3> #				Script Specifics - This is modifiable to your needs						   #

M2LB3361C3> ############################################################################################

M2LB3361C3> #	   FOR SETM COMMANDS YOU HAVE TO REMOVE THE GS+ AND GS- from the script                #

M2LB3361C3> ############################################################################################

M2LB3361C3> ###############################

M2LB3361C3> #### PRECHECK / LOCK / CV #####

M2LB3361C3> ###############################

M2LB3361C3> 

M2LB3361C3> 

M2LB3361C3> lt all

240422-21:00:19-0500 11.143.139.180 24.0c MSRBS_NODE_MODEL_23.Q4_643.28133.125_0bc9 stopfile=/tmp/4024133
Connected to 11.143.139.180 (SubNetwork=ONRM_ROOT_MO,SubNetwork=Philadelphia,MeContext=M2LB3361C3,ManagedElement=M2LB3361C3)

Last MO: 25182. Loaded 25182 MOs. Total: 25183 MOs.

M2LB3361C3> pr vlanport=

240422-21:00:35-0500 11.143.139.180 24.0c MSRBS_NODE_MODEL_23.Q4_643.28133.125_0bc9 stopfile=/tmp/4024133
===================================================================================
Proxy  MO
===================================================================================
25178  Transport=1,VlanPort=1203
25179  Transport=1,VlanPort=3203
25180  Transport=1,VlanPort=4001
25181  Transport=1,VlanPort=ERAN
25182  Transport=1,VlanPort=ERAN_NR
===================================================================================
Total: 5 MOs

M2LB3361C3> get address address

240422-21:00:35-0500 11.143.139.180 24.0c MSRBS_NODE_MODEL_23.Q4_643.28133.125_0bc9 stopfile=/tmp/4024133
=================================================================================================================
MO                                                      Attribute         Value
=================================================================================================================
Router=LTE,InterfaceIPv4=1,AddressIPv4=1                address           42.15.139.180/27
Router=LTE,InterfaceIPv4=1,AddressIPv4=1                addressIPv4Id     1
Router=LTE,InterfaceIPv4=1,AddressIPv4=1                primaryAddress    true
Router=LTE,InterfaceIPv4=1,AddressIPv4=1                usedAddress       42.15.139.180/27
Router=Node_Internal_F1,InterfaceIPv4=NRCUCP,AddressIPv4=1 address           169.254.42.42/32
Router=Node_Internal_F1,InterfaceIPv4=NRCUCP,AddressIPv4=1 addressIPv4Id     1
Router=Node_Internal_F1,InterfaceIPv4=NRCUCP,AddressIPv4=1 primaryAddress    true
Router=Node_Internal_F1,InterfaceIPv4=NRCUCP,AddressIPv4=1 usedAddress       169.254.42.42/32
Router=Node_Internal_F1,InterfaceIPv4=NRDU,AddressIPv4=1 address           169.254.42.43/32
Router=Node_Internal_F1,InterfaceIPv4=NRDU,AddressIPv4=1 addressIPv4Id     1
Router=Node_Internal_F1,InterfaceIPv4=NRDU,AddressIPv4=1 primaryAddress    true
Router=Node_Internal_F1,InterfaceIPv4=NRDU,AddressIPv4=1 usedAddress       169.254.42.43/32
Router=vr_OAM,InterfaceIPv4=1,AddressIPv4=1             address           11.143.139.180/27
Router=vr_OAM,InterfaceIPv4=1,AddressIPv4=1             addressIPv4Id     1
Router=vr_OAM,InterfaceIPv4=1,AddressIPv4=1             primaryAddress    true
Router=vr_OAM,InterfaceIPv4=1,AddressIPv4=1             usedAddress       11.143.139.180/27
Router=vr_TRAFFIC,InterfaceIPv4=1,AddressIPv4=1         address           42.15.139.162/27
Router=vr_TRAFFIC,InterfaceIPv4=1,AddressIPv4=1         addressIPv4Id     1
Router=vr_TRAFFIC,InterfaceIPv4=1,AddressIPv4=1         primaryAddress    true
Router=vr_TRAFFIC,InterfaceIPv4=1,AddressIPv4=1         usedAddress       42.15.139.162/27
=================================================================================================================
Total: 5 MOs


M2LB3361C3> st FDD|TDD|NRCellDU|NbIot

240422-21:00:36-0500 11.143.139.180 24.0c MSRBS_NODE_MODEL_23.Q4_643.28133.125_0bc9 stopfile=/tmp/4024133
===================================================================================
Proxy  Adm State     Op. State     MO
===================================================================================
   44  1 (UNLOCKED)  1 (ENABLED)   ENodeBFunction=1,EUtranCellFDD=B2LB3361C11
  331  1 (UNLOCKED)  1 (ENABLED)   ENodeBFunction=1,EUtranCellFDD=B2LB3361C21
  540  1 (UNLOCKED)  1 (ENABLED)   ENodeBFunction=1,EUtranCellFDD=B2LB3361C31
  761  1 (UNLOCKED)  1 (ENABLED)   ENodeBFunction=1,EUtranCellFDD=L2LB3361C11
 1061  1 (UNLOCKED)  1 (ENABLED)   ENodeBFunction=1,EUtranCellFDD=L2LB3361C21
 1260  1 (UNLOCKED)  1 (ENABLED)   ENodeBFunction=1,EUtranCellFDD=L2LB3361C31
 2192  1 (UNLOCKED)  1 (ENABLED)   ENodeBFunction=1,NbIotCell=Z2LB3361C11
 2193  1 (UNLOCKED)  1 (ENABLED)   ENodeBFunction=1,NbIotCell=Z2LB3361C21
 2194  1 (UNLOCKED)  1 (ENABLED)   ENodeBFunction=1,NbIotCell=Z2LB3361C31
 6004  1 (UNLOCKED)  1 (ENABLED)   GNBDUFunction=1,NRCellDU=J2LB3361C11
 6007  1 (UNLOCKED)  1 (ENABLED)   GNBDUFunction=1,NRCellDU=J2LB3361C21
 6010  1 (UNLOCKED)  1 (ENABLED)   GNBDUFunction=1,NRCellDU=J2LB3361C31
 6592  1 (UNLOCKED)                SystemFunctions=1,HealthCheckM=1,HcRule=ENodeBFunction_CheckNbiotCllRssiNpuschReadings
 6593  1 (UNLOCKED)                SystemFunctions=1,HealthCheckM=1,HcRule=ENodeBFunction_CheckNbiotCllSinrNpuschReadings
 6594  1 (UNLOCKED)                SystemFunctions=1,HealthCheckM=1,HcRule=ENodeBFunction_CheckNbiotCllStatus
===================================================================================
Total: 15 MOs

M2LB3361C3> 

M2LB3361C3> st termpointtognb=1

240422-21:00:37-0500 11.143.139.180 24.0c MSRBS_NODE_MODEL_23.Q4_643.28133.125_0bc9 stopfile=/tmp/4024133
===================================================================================
Proxy  Adm State     Op. State     MO
===================================================================================
 1835  1 (UNLOCKED)  1 (ENABLED)   ENodeBFunction=1,GUtraNetwork=1,ExternalGNodeBFunction=1319456,TermPointToGNB=1
===================================================================================
Total: 1 MOs

M2LB3361C3> get ^GNB.*=1 gNBId$

240422-21:00:37-0500 11.143.139.180 24.0c MSRBS_NODE_MODEL_23.Q4_643.28133.125_0bc9 stopfile=/tmp/4024133
=================================================================================================================
MO                                                      Attribute         Value
=================================================================================================================
GNBCUCPFunction=1                                       gNBId             1367775
GNBCUUPFunction=1                                       gNBId             1367775
GNBDUFunction=1                                         gNBId             1367775
=================================================================================================================
Total: 3 MOs


M2LB3361C3> get FUnction=1 nbid$

240422-21:00:37-0500 11.143.139.180 24.0c MSRBS_NODE_MODEL_23.Q4_643.28133.125_0bc9 stopfile=/tmp/4024133
=================================================================================================================
MO                                                      Attribute         Value
=================================================================================================================
ENodeBFunction=1                                        eNBId             49860
GNBCUCPFunction=1                                       gNBId             1367775
GNBCUUPFunction=1                                       gNBId             1367775
GNBDUFunction=1                                         gNBId             1367775
ExtGNBDUPartnerFunction=1319456                         gNBId             1319456
ExtGNBDUPartnerFunction=1352453                         gNBId             1352453
=================================================================================================================
Total: 6 MOs


M2LB3361C3> st term

240422-21:00:38-0500 11.143.139.180 24.0c MSRBS_NODE_MODEL_23.Q4_643.28133.125_0bc9 stopfile=/tmp/4024133
===================================================================================
Proxy  Adm State     Op. State     MO
===================================================================================
 1475  1 (UNLOCKED)  1 (ENABLED)   ENodeBFunction=1,EUtraNetwork=1,ExternalENodeBFunction=310120-1040944,TermPointToENB=310120-1040944
 1477  1 (UNLOCKED)  1 (ENABLED)   ENodeBFunction=1,EUtraNetwork=1,ExternalENodeBFunction=310260-125568,TermPointToENB=310260-125568
 1482  1 (UNLOCKED)  1 (ENABLED)   ENodeBFunction=1,EUtraNetwork=1,ExternalENodeBFunction=310260-139093,TermPointToENB=310260-139093
 1487  1 (UNLOCKED)  1 (ENABLED)   ENodeBFunction=1,EUtraNetwork=1,ExternalENodeBFunction=310260-139158,TermPointToENB=310260-139158
 1491  1 (UNLOCKED)  1 (ENABLED)   ENodeBFunction=1,EUtraNetwork=1,ExternalENodeBFunction=310260-139159,TermPointToENB=310260-139159
 1496  1 (UNLOCKED)  1 (ENABLED)   ENodeBFunction=1,EUtraNetwork=1,ExternalENodeBFunction=310260-139164,TermPointToENB=310260-139164
 1499  1 (UNLOCKED)  1 (ENABLED)   ENodeBFunction=1,EUtraNetwork=1,ExternalENodeBFunction=310260-139168,TermPointToENB=310260-139168
 1504  1 (UNLOCKED)  1 (ENABLED)   ENodeBFunction=1,EUtraNetwork=1,ExternalENodeBFunction=310260-139169,TermPointToENB=310260-139169
 1509  1 (UNLOCKED)  1 (ENABLED)   ENodeBFunction=1,EUtraNetwork=1,ExternalENodeBFunction=310260-139171,TermPointToENB=310260-139171
 1511  1 (UNLOCKED)  1 (ENABLED)   ENodeBFunction=1,EUtraNetwork=1,ExternalENodeBFunction=310260-139175,TermPointToENB=310260-139175
 1513  1 (UNLOCKED)  1 (ENABLED)   ENodeBFunction=1,EUtraNetwork=1,ExternalENodeBFunction=310260-139180,TermPointToENB=310260-139180
 1519  1 (UNLOCKED)  1 (ENABLED)   ENodeBFunction=1,EUtraNetwork=1,ExternalENodeBFunction=310260-139240,TermPointToENB=310260-139240
 1526  1 (UNLOCKED)  1 (ENABLED)   ENodeBFunction=1,EUtraNetwork=1,ExternalENodeBFunction=310260-146121,TermPointToENB=310260-146121
 1530  1 (UNLOCKED)  1 (ENABLED)   ENodeBFunction=1,EUtraNetwork=1,ExternalENodeBFunction=310260-148610,TermPointToENB=310260-148610
 1533                1 (ENABLED)   ENodeBFunction=1,EUtraNetwork=1,ExternalENodeBFunction=310260-149829,EranInterMeLink=1
 1539  1 (UNLOCKED)  1 (ENABLED)   ENodeBFunction=1,EUtraNetwork=1,ExternalENodeBFunction=310260-149829,TermPointToENB=310260-149829
 1543  1 (UNLOCKED)  1 (ENABLED)   ENodeBFunction=1,EUtraNetwork=1,ExternalENodeBFunction=310260-219496,TermPointToENB=310260-219496
 1549  1 (UNLOCKED)  1 (ENABLED)   ENodeBFunction=1,EUtraNetwork=1,ExternalENodeBFunction=310260-219908,TermPointToENB=310260-219908
 1551  1 (UNLOCKED)  1 (ENABLED)   ENodeBFunction=1,EUtraNetwork=1,ExternalENodeBFunction=310260-307055,TermPointToENB=310260-307055
 1556  1 (UNLOCKED)  1 (ENABLED)   ENodeBFunction=1,EUtraNetwork=1,ExternalENodeBFunction=310260-307852,TermPointToENB=310260-307852
 1561  1 (UNLOCKED)  1 (ENABLED)   ENodeBFunction=1,EUtraNetwork=1,ExternalENodeBFunction=310260-310811,TermPointToENB=310260-310811
 1572  1 (UNLOCKED)  1 (ENABLED)   ENodeBFunction=1,EUtraNetwork=1,ExternalENodeBFunction=310260-310845,TermPointToENB=310260-310845
 1575  1 (UNLOCKED)  1 (ENABLED)   ENodeBFunction=1,EUtraNetwork=1,ExternalENodeBFunction=310260-310857,TermPointToENB=310260-310857
 1584  1 (UNLOCKED)  1 (ENABLED)   ENodeBFunction=1,EUtraNetwork=1,ExternalENodeBFunction=310260-310879,TermPointToENB=310260-310879
 1588  1 (UNLOCKED)  1 (ENABLED)   ENodeBFunction=1,EUtraNetwork=1,ExternalENodeBFunction=310260-310884,TermPointToENB=310260-310884
 1599  1 (UNLOCKED)  1 (ENABLED)   ENodeBFunction=1,EUtraNetwork=1,ExternalENodeBFunction=310260-310892,TermPointToENB=310260-310892
 1610  1 (UNLOCKED)  1 (ENABLED)   ENodeBFunction=1,EUtraNetwork=1,ExternalENodeBFunction=310260-310900,TermPointToENB=310260-310900
 1618  1 (UNLOCKED)  1 (ENABLED)   ENodeBFunction=1,EUtraNetwork=1,ExternalENodeBFunction=310260-310904,TermPointToENB=310260-310904
 1627  1 (UNLOCKED)  1 (ENABLED)   ENodeBFunction=1,EUtraNetwork=1,ExternalENodeBFunction=310260-315334,TermPointToENB=310260-315334
 1630  1 (UNLOCKED)  1 (ENABLED)   ENodeBFunction=1,EUtraNetwork=1,ExternalENodeBFunction=310260-326661,TermPointToENB=310260-326661
 1640  1 (UNLOCKED)  1 (ENABLED)   ENodeBFunction=1,EUtraNetwork=1,ExternalENodeBFunction=310260-326663,TermPointToENB=310260-326663
 1644  1 (UNLOCKED)  1 (ENABLED)   ENodeBFunction=1,EUtraNetwork=1,ExternalENodeBFunction=310260-326665,TermPointToENB=310260-326665
 1646  1 (UNLOCKED)  1 (ENABLED)   ENodeBFunction=1,EUtraNetwork=1,ExternalENodeBFunction=310260-331275,TermPointToENB=310260-331275
 1654  1 (UNLOCKED)  1 (ENABLED)   ENodeBFunction=1,EUtraNetwork=1,ExternalENodeBFunction=310260-331993,TermPointToENB=310260-331993
 1665  1 (UNLOCKED)  1 (ENABLED)   ENodeBFunction=1,EUtraNetwork=1,ExternalENodeBFunction=310260-49477,TermPointToENB=310260-49477
 1670  1 (UNLOCKED)  1 (ENABLED)   ENodeBFunction=1,EUtraNetwork=1,ExternalENodeBFunction=310260-49820,TermPointToENB=310260-49820
 1680  1 (UNLOCKED)  1 (ENABLED)   ENodeBFunction=1,EUtraNetwork=1,ExternalENodeBFunction=310260-49825,TermPointToENB=310260-49825
 1688  1 (UNLOCKED)  1 (ENABLED)   ENodeBFunction=1,EUtraNetwork=1,ExternalENodeBFunction=310260-49859,TermPointToENB=310260-49859
 1696  1 (UNLOCKED)  1 (ENABLED)   ENodeBFunction=1,EUtraNetwork=1,ExternalENodeBFunction=310260-50235,TermPointToENB=310260-50235
 1703  1 (UNLOCKED)  1 (ENABLED)   ENodeBFunction=1,EUtraNetwork=1,ExternalENodeBFunction=310260-50236,TermPointToENB=310260-50236
 1711  1 (UNLOCKED)  1 (ENABLED)   ENodeBFunction=1,EUtraNetwork=1,ExternalENodeBFunction=310260-50350,TermPointToENB=310260-50350
 1721  1 (UNLOCKED)  1 (ENABLED)   ENodeBFunction=1,EUtraNetwork=1,ExternalENodeBFunction=310260-51178,TermPointToENB=310260-51178
 1731  1 (UNLOCKED)  1 (ENABLED)   ENodeBFunction=1,EUtraNetwork=1,ExternalENodeBFunction=310260-51485,TermPointToENB=310260-51485
 1742  1 (UNLOCKED)  1 (ENABLED)   ENodeBFunction=1,EUtraNetwork=1,ExternalENodeBFunction=310260-52252,TermPointToENB=310260-52252
 1750  1 (UNLOCKED)  1 (ENABLED)   ENodeBFunction=1,EUtraNetwork=1,ExternalENodeBFunction=310260-53057,TermPointToENB=310260-53057
 1758  1 (UNLOCKED)  1 (ENABLED)   ENodeBFunction=1,EUtraNetwork=1,ExternalENodeBFunction=310260-55282,TermPointToENB=310260-55282
 1761  1 (UNLOCKED)  1 (ENABLED)   ENodeBFunction=1,EUtraNetwork=1,ExternalENodeBFunction=310260-55297,TermPointToENB=310260-55297
 1763  1 (UNLOCKED)  1 (ENABLED)   ENodeBFunction=1,EUtraNetwork=1,ExternalENodeBFunction=310260-55299,TermPointToENB=310260-55299
 1767  1 (UNLOCKED)  1 (ENABLED)   ENodeBFunction=1,EUtraNetwork=1,ExternalENodeBFunction=310260-55307,TermPointToENB=310260-55307
 1769  1 (UNLOCKED)  1 (ENABLED)   ENodeBFunction=1,EUtraNetwork=1,ExternalENodeBFunction=310260-55308,TermPointToENB=310260-55308
 1775  1 (UNLOCKED)  1 (ENABLED)   ENodeBFunction=1,EUtraNetwork=1,ExternalENodeBFunction=310260-55380,TermPointToENB=310260-55380
 1783  1 (UNLOCKED)  1 (ENABLED)   ENodeBFunction=1,EUtraNetwork=1,ExternalENodeBFunction=310260-55396,TermPointToENB=310260-55396
 1787  1 (UNLOCKED)  1 (ENABLED)   ENodeBFunction=1,EUtraNetwork=1,ExternalENodeBFunction=310260-55456,TermPointToENB=310260-55456
 1791  1 (UNLOCKED)  1 (ENABLED)   ENodeBFunction=1,EUtraNetwork=1,ExternalENodeBFunction=310260-55480,TermPointToENB=310260-55480
 1795  1 (UNLOCKED)  1 (ENABLED)   ENodeBFunction=1,EUtraNetwork=1,ExternalENodeBFunction=310260-55489,TermPointToENB=310260-55489
 1801  1 (UNLOCKED)  1 (ENABLED)   ENodeBFunction=1,EUtraNetwork=1,ExternalENodeBFunction=310260-55512,TermPointToENB=310260-55512
 1805  1 (UNLOCKED)  1 (ENABLED)   ENodeBFunction=1,EUtraNetwork=1,ExternalENodeBFunction=310260-55580,TermPointToENB=310260-55580
 1809  1 (UNLOCKED)  1 (ENABLED)   ENodeBFunction=1,EUtraNetwork=1,ExternalENodeBFunction=310260-56988,TermPointToENB=310260-56988
 1819  1 (UNLOCKED)  1 (ENABLED)   ENodeBFunction=1,EUtraNetwork=1,ExternalENodeBFunction=310260-58954,TermPointToENB=310260-58954
 1835  1 (UNLOCKED)  1 (ENABLED)   ENodeBFunction=1,GUtraNetwork=1,ExternalGNodeBFunction=1319456,TermPointToGNB=1
 1840  1 (UNLOCKED)  0 (DISABLED)  ENodeBFunction=1,GUtraNetwork=1,ExternalGNodeBFunction=310260-000000001312833,TermPointToGNB=310260-000000001312833
 1844  1 (UNLOCKED)  0 (DISABLED)  ENodeBFunction=1,GUtraNetwork=1,ExternalGNodeBFunction=310260-000000001316699,TermPointToGNB=310260-000000001316699
 1850  1 (UNLOCKED)  1 (ENABLED)   ENodeBFunction=1,GUtraNetwork=1,ExternalGNodeBFunction=310260-000000001316701,TermPointToGNB=310260-000000001316701
 1855  1 (UNLOCKED)  1 (ENABLED)   ENodeBFunction=1,GUtraNetwork=1,ExternalGNodeBFunction=310260-000000001316702,TermPointToGNB=310260-000000001316702
 1859  1 (UNLOCKED)  0 (DISABLED)  ENodeBFunction=1,GUtraNetwork=1,ExternalGNodeBFunction=310260-000000001317759,TermPointToGNB=310260-000000001317759
 1863  1 (UNLOCKED)  1 (ENABLED)   ENodeBFunction=1,GUtraNetwork=1,ExternalGNodeBFunction=310260-000000001317760,TermPointToGNB=310260-000000001317760
 1866  1 (UNLOCKED)  0 (DISABLED)  ENodeBFunction=1,GUtraNetwork=1,ExternalGNodeBFunction=310260-000000001317761,TermPointToGNB=310260-000000001317761
 1871  1 (UNLOCKED)  1 (ENABLED)   ENodeBFunction=1,GUtraNetwork=1,ExternalGNodeBFunction=310260-000000001317762,TermPointToGNB=310260-000000001317762
 1876  1 (UNLOCKED)  1 (ENABLED)   ENodeBFunction=1,GUtraNetwork=1,ExternalGNodeBFunction=310260-000000001318560,TermPointToGNB=310260-000000001318560
 1880  1 (UNLOCKED)  0 (DISABLED)  ENodeBFunction=1,GUtraNetwork=1,ExternalGNodeBFunction=310260-000000001318692,TermPointToGNB=310260-000000001318692
 1886  1 (UNLOCKED)  1 (ENABLED)   ENodeBFunction=1,GUtraNetwork=1,ExternalGNodeBFunction=310260-000000001319455,TermPointToGNB=310260-000000001319455
 1889  1 (UNLOCKED)  0 (DISABLED)  ENodeBFunction=1,GUtraNetwork=1,ExternalGNodeBFunction=310260-000000001319847,TermPointToGNB=310260-000000001319847
 1892  1 (UNLOCKED)  0 (DISABLED)  ENodeBFunction=1,GUtraNetwork=1,ExternalGNodeBFunction=310260-000000001321499,TermPointToGNB=310260-000000001321499
 1898  1 (UNLOCKED)  1 (ENABLED)   ENodeBFunction=1,GUtraNetwork=1,ExternalGNodeBFunction=310260-000000001323972,TermPointToGNB=310260-000000001323972
 1904  1 (UNLOCKED)  1 (ENABLED)   ENodeBFunction=1,GUtraNetwork=1,ExternalGNodeBFunction=310260-000000001323995,TermPointToGNB=310260-000000001323995
 1907  1 (UNLOCKED)  0 (DISABLED)  ENodeBFunction=1,GUtraNetwork=1,ExternalGNodeBFunction=310260-000000001327838,TermPointToGNB=310260-000000001327838
 1915  1 (UNLOCKED)  1 (ENABLED)   ENodeBFunction=1,GUtraNetwork=1,ExternalGNodeBFunction=310260-000000001335505,TermPointToGNB=310260-000000001335505
 1920  1 (UNLOCKED)  1 (ENABLED)   ENodeBFunction=1,GUtraNetwork=1,ExternalGNodeBFunction=310260-000000001343353,TermPointToGNB=310260-000000001343353
 1926  1 (UNLOCKED)  0 (DISABLED)  ENodeBFunction=1,GUtraNetwork=1,ExternalGNodeBFunction=310260-000000001344183,TermPointToGNB=310260-000000001344183
 1931  1 (UNLOCKED)  0 (DISABLED)  ENodeBFunction=1,GUtraNetwork=1,ExternalGNodeBFunction=310260-000000001344903,TermPointToGNB=310260-000000001344903
 1942  1 (UNLOCKED)  1 (ENABLED)   ENodeBFunction=1,GUtraNetwork=1,ExternalGNodeBFunction=310260-000000001345942,TermPointToGNB=310260-000000001345942
 1947  1 (UNLOCKED)  1 (ENABLED)   ENodeBFunction=1,GUtraNetwork=1,ExternalGNodeBFunction=310260-000000001346314,TermPointToGNB=310260-000000001346314
 1957  1 (UNLOCKED)  1 (ENABLED)   ENodeBFunction=1,GUtraNetwork=1,ExternalGNodeBFunction=310260-000000001346315,TermPointToGNB=310260-000000001346315
 1960  1 (UNLOCKED)  0 (DISABLED)  ENodeBFunction=1,GUtraNetwork=1,ExternalGNodeBFunction=310260-000000001347238,TermPointToGNB=310260-000000001347238
 1968  1 (UNLOCKED)  1 (ENABLED)   ENodeBFunction=1,GUtraNetwork=1,ExternalGNodeBFunction=310260-000000001347256,TermPointToGNB=310260-000000001347256
 1976  1 (UNLOCKED)  0 (DISABLED)  ENodeBFunction=1,GUtraNetwork=1,ExternalGNodeBFunction=310260-000000001347563,TermPointToGNB=310260-000000001347563
 1979  1 (UNLOCKED)  0 (DISABLED)  ENodeBFunction=1,GUtraNetwork=1,ExternalGNodeBFunction=310260-000000001347980,TermPointToGNB=310260-000000001347980
 1985  1 (UNLOCKED)  0 (DISABLED)  ENodeBFunction=1,GUtraNetwork=1,ExternalGNodeBFunction=310260-000000001348053,TermPointToGNB=310260-000000001348053
 1989  1 (UNLOCKED)  0 (DISABLED)  ENodeBFunction=1,GUtraNetwork=1,ExternalGNodeBFunction=310260-000000001348710,TermPointToGNB=310260-000000001348710
 1997  1 (UNLOCKED)  0 (DISABLED)  ENodeBFunction=1,GUtraNetwork=1,ExternalGNodeBFunction=310260-000000001349121,TermPointToGNB=310260-000000001349121
 2000  1 (UNLOCKED)  0 (DISABLED)  ENodeBFunction=1,GUtraNetwork=1,ExternalGNodeBFunction=310260-000000001349673,TermPointToGNB=310260-000000001349673
 2005  1 (UNLOCKED)  1 (ENABLED)   ENodeBFunction=1,GUtraNetwork=1,ExternalGNodeBFunction=310260-000000001349697,TermPointToGNB=310260-000000001349697
 2013  1 (UNLOCKED)  1 (ENABLED)   ENodeBFunction=1,GUtraNetwork=1,ExternalGNodeBFunction=310260-000000001349698,TermPointToGNB=310260-000000001349698
 2019  1 (UNLOCKED)  0 (DISABLED)  ENodeBFunction=1,GUtraNetwork=1,ExternalGNodeBFunction=310260-000000001349708,TermPointToGNB=310260-000000001349708
 2023  1 (UNLOCKED)  0 (DISABLED)  ENodeBFunction=1,GUtraNetwork=1,ExternalGNodeBFunction=310260-000000001349714,TermPointToGNB=310260-000000001349714
 2031  1 (UNLOCKED)  1 (ENABLED)   ENodeBFunction=1,GUtraNetwork=1,ExternalGNodeBFunction=310260-000000001349726,TermPointToGNB=310260-000000001349726
 2034  1 (UNLOCKED)  0 (DISABLED)  ENodeBFunction=1,GUtraNetwork=1,ExternalGNodeBFunction=310260-000000001349729,TermPointToGNB=310260-000000001349729
 2039  1 (UNLOCKED)  0 (DISABLED)  ENodeBFunction=1,GUtraNetwork=1,ExternalGNodeBFunction=310260-000000001349730,TermPointToGNB=310260-000000001349730
 2044  1 (UNLOCKED)  1 (ENABLED)   ENodeBFunction=1,GUtraNetwork=1,ExternalGNodeBFunction=310260-000000001349735,TermPointToGNB=310260-000000001349735
 2052  1 (UNLOCKED)  1 (ENABLED)   ENodeBFunction=1,GUtraNetwork=1,ExternalGNodeBFunction=310260-000000001349736,TermPointToGNB=310260-000000001349736
 2057  1 (UNLOCKED)  1 (ENABLED)   ENodeBFunction=1,GUtraNetwork=1,ExternalGNodeBFunction=310260-000000001349738,TermPointToGNB=310260-000000001349738
 2065  1 (UNLOCKED)  1 (ENABLED)   ENodeBFunction=1,GUtraNetwork=1,ExternalGNodeBFunction=310260-000000001349739,TermPointToGNB=310260-000000001349739
 2071  1 (UNLOCKED)  1 (ENABLED)   ENodeBFunction=1,GUtraNetwork=1,ExternalGNodeBFunction=310260-000000001349743,TermPointToGNB=310260-000000001349743
 2075  1 (UNLOCKED)  0 (DISABLED)  ENodeBFunction=1,GUtraNetwork=1,ExternalGNodeBFunction=310260-000000001350104,TermPointToGNB=310260-000000001350104
 2081  1 (UNLOCKED)  1 (ENABLED)   ENodeBFunction=1,GUtraNetwork=1,ExternalGNodeBFunction=310260-000000001351137,TermPointToGNB=310260-000000001351137
 2086  1 (UNLOCKED)  0 (DISABLED)  ENodeBFunction=1,GUtraNetwork=1,ExternalGNodeBFunction=310260-000000001351705,TermPointToGNB=310260-000000001351705
 2090  1 (UNLOCKED)  0 (DISABLED)  ENodeBFunction=1,GUtraNetwork=1,ExternalGNodeBFunction=310260-000000001351840,TermPointToGNB=310260-000000001351840
 2098  1 (UNLOCKED)  1 (ENABLED)   ENodeBFunction=1,GUtraNetwork=1,ExternalGNodeBFunction=310260-000000001351844,TermPointToGNB=310260-000000001351844
 2106  1 (UNLOCKED)  1 (ENABLED)   ENodeBFunction=1,GUtraNetwork=1,ExternalGNodeBFunction=310260-000000001352404,TermPointToGNB=310260-000000001352404
 2109  1 (UNLOCKED)  0 (DISABLED)  ENodeBFunction=1,GUtraNetwork=1,ExternalGNodeBFunction=310260-000000001352450,TermPointToGNB=310260-000000001352450
 2117  1 (UNLOCKED)  1 (ENABLED)   ENodeBFunction=1,GUtraNetwork=1,ExternalGNodeBFunction=310260-000000001352453,TermPointToGNB=310260-000000001352453
 2125  1 (UNLOCKED)  1 (ENABLED)   ENodeBFunction=1,GUtraNetwork=1,ExternalGNodeBFunction=310260-000000001352456,TermPointToGNB=310260-000000001352456
 2134  1 (UNLOCKED)  1 (ENABLED)   ENodeBFunction=1,GUtraNetwork=1,ExternalGNodeBFunction=310260-000000001352732,TermPointToGNB=310260-000000001352732
 2138  1 (UNLOCKED)  0 (DISABLED)  ENodeBFunction=1,GUtraNetwork=1,ExternalGNodeBFunction=310260-000000001353045,TermPointToGNB=310260-000000001353045
 2142  1 (UNLOCKED)  0 (DISABLED)  ENodeBFunction=1,GUtraNetwork=1,ExternalGNodeBFunction=310260-000000001353156,TermPointToGNB=310260-000000001353156
 2146  1 (UNLOCKED)  0 (DISABLED)  ENodeBFunction=1,GUtraNetwork=1,ExternalGNodeBFunction=310260-000000001362673,TermPointToGNB=310260-000000001362673
 2150  1 (UNLOCKED)  0 (DISABLED)  ENodeBFunction=1,GUtraNetwork=1,ExternalGNodeBFunction=310260-000000001363867,TermPointToGNB=310260-000000001363867
 2154  1 (UNLOCKED)  0 (DISABLED)  ENodeBFunction=1,GUtraNetwork=1,ExternalGNodeBFunction=310260-000000001370529,TermPointToGNB=310260-000000001370529
 2157  1 (UNLOCKED)  0 (DISABLED)  ENodeBFunction=1,GUtraNetwork=1,ExternalGNodeBFunction=310260-000000001370551,TermPointToGNB=310260-000000001370551
 2167  1 (UNLOCKED)  1 (ENABLED)   ENodeBFunction=1,GUtraNetwork=1,ExternalGNodeBFunction=310260-000000001370866,TermPointToGNB=310260-000000001370866
 2171  1 (UNLOCKED)  0 (DISABLED)  ENodeBFunction=1,GUtraNetwork=1,ExternalGNodeBFunction=310260-000000001376946,TermPointToGNB=310260-000000001376946
 2350  1 (UNLOCKED)  1 (ENABLED)   ENodeBFunction=1,TermPointToMme=CR1vMME1
 2351  1 (UNLOCKED)  1 (ENABLED)   ENodeBFunction=1,TermPointToMme=DC1vMME1
 2352  1 (UNLOCKED)  1 (ENABLED)   ENodeBFunction=1,TermPointToMme=DC1vMME2
 2353  1 (UNLOCKED)  1 (ENABLED)   ENodeBFunction=1,TermPointToMme=DC2vMME1
 2354  1 (UNLOCKED)  1 (ENABLED)   ENodeBFunction=1,TermPointToMme=NE1CMM01
 2355  1 (UNLOCKED)  1 (ENABLED)   ENodeBFunction=1,TermPointToMme=NE1vMME1
 2356  1 (UNLOCKED)  1 (ENABLED)   ENodeBFunction=1,TermPointToMme=NE1vMME2
 2357  1 (UNLOCKED)  1 (ENABLED)   ENodeBFunction=1,TermPointToMme=NE4vMME1
 2358  1 (UNLOCKED)  1 (ENABLED)   ENodeBFunction=1,TermPointToMme=PH1vMME1
 2359  1 (UNLOCKED)  1 (ENABLED)   ENodeBFunction=1,TermPointToMme=PH2vMME1
 2360  1 (UNLOCKED)  1 (ENABLED)   ENodeBFunction=1,TermPointToMme=PH3nMME1
 2361  1 (UNLOCKED)  0 (DISABLED)  ENodeBFunction=1,TermPointToMme=PH3vMME1
 2362  1 (UNLOCKED)  1 (ENABLED)   ENodeBFunction=1,TermPointToMme=UP1vMME1
 2363  1 (UNLOCKED)  1 (ENABLED)   ENodeBFunction=1,TermPointToMme=UP2nMME1
 2364  1 (UNLOCKED)  1 (ENABLED)   ENodeBFunction=1,TermPointToMme=UP2vMME1
 3605  1 (UNLOCKED)  1 (ENABLED)   GNBCUCPFunction=1,NRNetwork=1,ExternalGNBCUCPFunction=auto310_260_3_1081937,TermPointToGNodeB=auto1
 3619  1 (UNLOCKED)  1 (ENABLED)   GNBCUCPFunction=1,NRNetwork=1,ExternalGNBCUCPFunction=auto310_260_3_1092458,TermPointToGNodeB=auto1
 3633  1 (UNLOCKED)  1 (ENABLED)   GNBCUCPFunction=1,NRNetwork=1,ExternalGNBCUCPFunction=auto310_260_3_1092462,TermPointToGNodeB=auto1
 3644  1 (UNLOCKED)  1 (ENABLED)   GNBCUCPFunction=1,NRNetwork=1,ExternalGNBCUCPFunction=auto310_260_3_1312833,TermPointToGNodeB=auto1
 3655  1 (UNLOCKED)  1 (ENABLED)   GNBCUCPFunction=1,NRNetwork=1,ExternalGNBCUCPFunction=auto310_260_3_1313548,TermPointToGNodeB=auto1
 3663  1 (UNLOCKED)  1 (ENABLED)   GNBCUCPFunction=1,NRNetwork=1,ExternalGNBCUCPFunction=auto310_260_3_1313549,TermPointToGNodeB=auto1
 3674  1 (UNLOCKED)  1 (ENABLED)   GNBCUCPFunction=1,NRNetwork=1,ExternalGNBCUCPFunction=auto310_260_3_1314984,TermPointToGNodeB=auto1
 3685  1 (UNLOCKED)  1 (ENABLED)   GNBCUCPFunction=1,NRNetwork=1,ExternalGNBCUCPFunction=auto310_260_3_1316357,TermPointToGNodeB=auto1
 3696  1 (UNLOCKED)  1 (ENABLED)   GNBCUCPFunction=1,NRNetwork=1,ExternalGNBCUCPFunction=auto310_260_3_1316530,TermPointToGNodeB=auto1
 3707  1 (UNLOCKED)  1 (ENABLED)   GNBCUCPFunction=1,NRNetwork=1,ExternalGNBCUCPFunction=auto310_260_3_1316699,TermPointToGNodeB=auto1
 3721  1 (UNLOCKED)  1 (ENABLED)   GNBCUCPFunction=1,NRNetwork=1,ExternalGNBCUCPFunction=auto310_260_3_1316701,TermPointToGNodeB=auto1
 3732  1 (UNLOCKED)  1 (ENABLED)   GNBCUCPFunction=1,NRNetwork=1,ExternalGNBCUCPFunction=auto310_260_3_1316702,TermPointToGNodeB=auto1
 3743  1 (UNLOCKED)  1 (ENABLED)   GNBCUCPFunction=1,NRNetwork=1,ExternalGNBCUCPFunction=auto310_260_3_1317492,TermPointToGNodeB=auto1
 3757  1 (UNLOCKED)  1 (ENABLED)   GNBCUCPFunction=1,NRNetwork=1,ExternalGNBCUCPFunction=auto310_260_3_1317662,TermPointToGNodeB=auto1
 3768  1 (UNLOCKED)  1 (ENABLED)   GNBCUCPFunction=1,NRNetwork=1,ExternalGNBCUCPFunction=auto310_260_3_1317759,TermPointToGNodeB=auto1
 3779  1 (UNLOCKED)  1 (ENABLED)   GNBCUCPFunction=1,NRNetwork=1,ExternalGNBCUCPFunction=auto310_260_3_1317760,TermPointToGNodeB=auto1
 3790  1 (UNLOCKED)  1 (ENABLED)   GNBCUCPFunction=1,NRNetwork=1,ExternalGNBCUCPFunction=auto310_260_3_1317761,TermPointToGNodeB=auto1
 3801  1 (UNLOCKED)  1 (ENABLED)   GNBCUCPFunction=1,NRNetwork=1,ExternalGNBCUCPFunction=auto310_260_3_1317762,TermPointToGNodeB=auto1
 3812  1 (UNLOCKED)  1 (ENABLED)   GNBCUCPFunction=1,NRNetwork=1,ExternalGNBCUCPFunction=auto310_260_3_1318560,TermPointToGNodeB=auto1
 3823  1 (UNLOCKED)  1 (ENABLED)   GNBCUCPFunction=1,NRNetwork=1,ExternalGNBCUCPFunction=auto310_260_3_1318561,TermPointToGNodeB=auto1
 3834  1 (UNLOCKED)  1 (ENABLED)   GNBCUCPFunction=1,NRNetwork=1,ExternalGNBCUCPFunction=auto310_260_3_1318692,TermPointToGNodeB=auto1
 3845  1 (UNLOCKED)  1 (ENABLED)   GNBCUCPFunction=1,NRNetwork=1,ExternalGNBCUCPFunction=auto310_260_3_1319261,TermPointToGNodeB=auto1
 3856  1 (UNLOCKED)  1 (ENABLED)   GNBCUCPFunction=1,NRNetwork=1,ExternalGNBCUCPFunction=auto310_260_3_1319455,TermPointToGNodeB=auto1
 3867  1 (UNLOCKED)  1 (ENABLED)   GNBCUCPFunction=1,NRNetwork=1,ExternalGNBCUCPFunction=auto310_260_3_1319456,TermPointToGNodeB=auto1
 3878  1 (UNLOCKED)  1 (ENABLED)   GNBCUCPFunction=1,NRNetwork=1,ExternalGNBCUCPFunction=auto310_260_3_1319732,TermPointToGNodeB=auto1
 3889  1 (UNLOCKED)  1 (ENABLED)   GNBCUCPFunction=1,NRNetwork=1,ExternalGNBCUCPFunction=auto310_260_3_1319847,TermPointToGNodeB=auto1
 3903  1 (UNLOCKED)  1 (ENABLED)   GNBCUCPFunction=1,NRNetwork=1,ExternalGNBCUCPFunction=auto310_260_3_1321499,TermPointToGNodeB=auto1
 3914  1 (UNLOCKED)  1 (ENABLED)   GNBCUCPFunction=1,NRNetwork=1,ExternalGNBCUCPFunction=auto310_260_3_1322530,TermPointToGNodeB=auto1
 3925  1 (UNLOCKED)  1 (ENABLED)   GNBCUCPFunction=1,NRNetwork=1,ExternalGNBCUCPFunction=auto310_260_3_1322531,TermPointToGNodeB=auto1
 3936  1 (UNLOCKED)  1 (ENABLED)   GNBCUCPFunction=1,NRNetwork=1,ExternalGNBCUCPFunction=auto310_260_3_1323972,TermPointToGNodeB=auto1
 3950  1 (UNLOCKED)  1 (ENABLED)   GNBCUCPFunction=1,NRNetwork=1,ExternalGNBCUCPFunction=auto310_260_3_1323985,TermPointToGNodeB=auto1
 3961  1 (UNLOCKED)  1 (ENABLED)   GNBCUCPFunction=1,NRNetwork=1,ExternalGNBCUCPFunction=auto310_260_3_1323995,TermPointToGNodeB=auto1
 3969  1 (UNLOCKED)  1 (ENABLED)   GNBCUCPFunction=1,NRNetwork=1,ExternalGNBCUCPFunction=auto310_260_3_1327802,TermPointToGNodeB=auto1
 3989  1 (UNLOCKED)  1 (ENABLED)   GNBCUCPFunction=1,NRNetwork=1,ExternalGNBCUCPFunction=auto310_260_3_1335505,TermPointToGNodeB=auto1
 4009  1 (UNLOCKED)  1 (ENABLED)   GNBCUCPFunction=1,NRNetwork=1,ExternalGNBCUCPFunction=auto310_260_3_1335650,TermPointToGNodeB=auto1
 4020  1 (UNLOCKED)  0 (DISABLED)  GNBCUCPFunction=1,NRNetwork=1,ExternalGNBCUCPFunction=auto310_260_3_1336981,TermPointToGNodeB=auto1
 4031  1 (UNLOCKED)  1 (ENABLED)   GNBCUCPFunction=1,NRNetwork=1,ExternalGNBCUCPFunction=auto310_260_3_1339049,TermPointToGNodeB=auto1
 4042  1 (UNLOCKED)  1 (ENABLED)   GNBCUCPFunction=1,NRNetwork=1,ExternalGNBCUCPFunction=auto310_260_3_1343353,TermPointToGNodeB=auto1
 4059  1 (UNLOCKED)  1 (ENABLED)   GNBCUCPFunction=1,NRNetwork=1,ExternalGNBCUCPFunction=auto310_260_3_1344183,TermPointToGNodeB=auto1
 4085  1 (UNLOCKED)  1 (ENABLED)   GNBCUCPFunction=1,NRNetwork=1,ExternalGNBCUCPFunction=auto310_260_3_1344893,TermPointToGNodeB=auto1
 4096  1 (UNLOCKED)  1 (ENABLED)   GNBCUCPFunction=1,NRNetwork=1,ExternalGNBCUCPFunction=auto310_260_3_1344903,TermPointToGNodeB=auto1
 4106  1 (UNLOCKED)  1 (ENABLED)   GNBCUCPFunction=1,NRNetwork=1,ExternalGNBCUCPFunction=auto310_260_3_1345923,TermPointToGNodeB=auto1
 4128  1 (UNLOCKED)  1 (ENABLED)   GNBCUCPFunction=1,NRNetwork=1,ExternalGNBCUCPFunction=auto310_260_3_1345942,TermPointToGNodeB=auto1
 4142  1 (UNLOCKED)  1 (ENABLED)   GNBCUCPFunction=1,NRNetwork=1,ExternalGNBCUCPFunction=auto310_260_3_1346314,TermPointToGNodeB=auto1
 4164  1 (UNLOCKED)  1 (ENABLED)   GNBCUCPFunction=1,NRNetwork=1,ExternalGNBCUCPFunction=auto310_260_3_1346315,TermPointToGNodeB=auto1
 4184  1 (UNLOCKED)  1 (ENABLED)   GNBCUCPFunction=1,NRNetwork=1,ExternalGNBCUCPFunction=auto310_260_3_1347238,TermPointToGNodeB=auto1
 4204  1 (UNLOCKED)  1 (ENABLED)   GNBCUCPFunction=1,NRNetwork=1,ExternalGNBCUCPFunction=auto310_260_3_1347256,TermPointToGNodeB=auto1
 4224  1 (UNLOCKED)  1 (ENABLED)   GNBCUCPFunction=1,NRNetwork=1,ExternalGNBCUCPFunction=auto310_260_3_1347563,TermPointToGNodeB=auto1
 4244  1 (UNLOCKED)  0 (DISABLED)  GNBCUCPFunction=1,NRNetwork=1,ExternalGNBCUCPFunction=auto310_260_3_1347960,TermPointToGNodeB=auto1
 4264  1 (UNLOCKED)  1 (ENABLED)   GNBCUCPFunction=1,NRNetwork=1,ExternalGNBCUCPFunction=auto310_260_3_1347979,TermPointToGNodeB=auto1
 4284  1 (UNLOCKED)  1 (ENABLED)   GNBCUCPFunction=1,NRNetwork=1,ExternalGNBCUCPFunction=auto310_260_3_1348053,TermPointToGNodeB=auto1
 4295  1 (UNLOCKED)  1 (ENABLED)   GNBCUCPFunction=1,NRNetwork=1,ExternalGNBCUCPFunction=auto310_260_3_1348351,TermPointToGNodeB=auto1
 4315  1 (UNLOCKED)  1 (ENABLED)   GNBCUCPFunction=1,NRNetwork=1,ExternalGNBCUCPFunction=auto310_260_3_1348710,TermPointToGNodeB=auto1
 4323  1 (UNLOCKED)  1 (ENABLED)   GNBCUCPFunction=1,NRNetwork=1,ExternalGNBCUCPFunction=auto310_260_3_1348711,TermPointToGNodeB=auto1
 4343  1 (UNLOCKED)  1 (ENABLED)   GNBCUCPFunction=1,NRNetwork=1,ExternalGNBCUCPFunction=auto310_260_3_1349121,TermPointToGNodeB=auto1
 4363  1 (UNLOCKED)  1 (ENABLED)   GNBCUCPFunction=1,NRNetwork=1,ExternalGNBCUCPFunction=auto310_260_3_1349673,TermPointToGNodeB=auto1
 4383  1 (UNLOCKED)  1 (ENABLED)   GNBCUCPFunction=1,NRNetwork=1,ExternalGNBCUCPFunction=auto310_260_3_1349697,TermPointToGNodeB=auto1
 4403  1 (UNLOCKED)  1 (ENABLED)   GNBCUCPFunction=1,NRNetwork=1,ExternalGNBCUCPFunction=auto310_260_3_1349698,TermPointToGNodeB=auto1
 4423  1 (UNLOCKED)  1 (ENABLED)   GNBCUCPFunction=1,NRNetwork=1,ExternalGNBCUCPFunction=auto310_260_3_1349703,TermPointToGNodeB=auto1
 4443  1 (UNLOCKED)  1 (ENABLED)   GNBCUCPFunction=1,NRNetwork=1,ExternalGNBCUCPFunction=auto310_260_3_1349707,TermPointToGNodeB=auto1
 4463  1 (UNLOCKED)  1 (ENABLED)   GNBCUCPFunction=1,NRNetwork=1,ExternalGNBCUCPFunction=auto310_260_3_1349708,TermPointToGNodeB=auto1
 4483  1 (UNLOCKED)  1 (ENABLED)   GNBCUCPFunction=1,NRNetwork=1,ExternalGNBCUCPFunction=auto310_260_3_1349713,TermPointToGNodeB=auto1
 4491  1 (UNLOCKED)  1 (ENABLED)   GNBCUCPFunction=1,NRNetwork=1,ExternalGNBCUCPFunction=auto310_260_3_1349725,TermPointToGNodeB=auto1
 4511  1 (UNLOCKED)  1 (ENABLED)   GNBCUCPFunction=1,NRNetwork=1,ExternalGNBCUCPFunction=auto310_260_3_1349726,TermPointToGNodeB=auto1
 4531  1 (UNLOCKED)  1 (ENABLED)   GNBCUCPFunction=1,NRNetwork=1,ExternalGNBCUCPFunction=auto310_260_3_1349729,TermPointToGNodeB=auto1
 4551  1 (UNLOCKED)  1 (ENABLED)   GNBCUCPFunction=1,NRNetwork=1,ExternalGNBCUCPFunction=auto310_260_3_1349730,TermPointToGNodeB=auto1
 4571  1 (UNLOCKED)  1 (ENABLED)   GNBCUCPFunction=1,NRNetwork=1,ExternalGNBCUCPFunction=auto310_260_3_1349735,TermPointToGNodeB=auto1
 4585  1 (UNLOCKED)  1 (ENABLED)   GNBCUCPFunction=1,NRNetwork=1,ExternalGNBCUCPFunction=auto310_260_3_1349736,TermPointToGNodeB=auto1
 4605  1 (UNLOCKED)  1 (ENABLED)   GNBCUCPFunction=1,NRNetwork=1,ExternalGNBCUCPFunction=auto310_260_3_1349738,TermPointToGNodeB=auto1
 4625  1 (UNLOCKED)  1 (ENABLED)   GNBCUCPFunction=1,NRNetwork=1,ExternalGNBCUCPFunction=auto310_260_3_1349739,TermPointToGNodeB=auto1
 4633  1 (UNLOCKED)  1 (ENABLED)   GNBCUCPFunction=1,NRNetwork=1,ExternalGNBCUCPFunction=auto310_260_3_1349742,TermPointToGNodeB=auto1
 4653  1 (UNLOCKED)  1 (ENABLED)   GNBCUCPFunction=1,NRNetwork=1,ExternalGNBCUCPFunction=auto310_260_3_1349743,TermPointToGNodeB=auto1
 4667  1 (UNLOCKED)  1 (ENABLED)   GNBCUCPFunction=1,NRNetwork=1,ExternalGNBCUCPFunction=auto310_260_3_1350104,TermPointToGNodeB=auto1
 4681  1 (UNLOCKED)  1 (ENABLED)   GNBCUCPFunction=1,NRNetwork=1,ExternalGNBCUCPFunction=auto310_260_3_1350105,TermPointToGNodeB=auto1
 4701  1 (UNLOCKED)  1 (ENABLED)   GNBCUCPFunction=1,NRNetwork=1,ExternalGNBCUCPFunction=auto310_260_3_1350514,TermPointToGNodeB=auto1
 4721  1 (UNLOCKED)  1 (ENABLED)   GNBCUCPFunction=1,NRNetwork=1,ExternalGNBCUCPFunction=auto310_260_3_1351124,TermPointToGNodeB=auto1
 4741  1 (UNLOCKED)  1 (ENABLED)   GNBCUCPFunction=1,NRNetwork=1,ExternalGNBCUCPFunction=auto310_260_3_1351135,TermPointToGNodeB=auto1
 4761  1 (UNLOCKED)  1 (ENABLED)   GNBCUCPFunction=1,NRNetwork=1,ExternalGNBCUCPFunction=auto310_260_3_1351137,TermPointToGNodeB=auto1
 4781  1 (UNLOCKED)  1 (ENABLED)   GNBCUCPFunction=1,NRNetwork=1,ExternalGNBCUCPFunction=auto310_260_3_1351139,TermPointToGNodeB=auto1
 4801  1 (UNLOCKED)  1 (ENABLED)   GNBCUCPFunction=1,NRNetwork=1,ExternalGNBCUCPFunction=auto310_260_3_1351704,TermPointToGNodeB=auto1
 4827  1 (UNLOCKED)  1 (ENABLED)   GNBCUCPFunction=1,NRNetwork=1,ExternalGNBCUCPFunction=auto310_260_3_1351840,TermPointToGNodeB=auto1
 4847  1 (UNLOCKED)  1 (ENABLED)   GNBCUCPFunction=1,NRNetwork=1,ExternalGNBCUCPFunction=auto310_260_3_1351844,TermPointToGNodeB=auto1
 4867  1 (UNLOCKED)  1 (ENABLED)   GNBCUCPFunction=1,NRNetwork=1,ExternalGNBCUCPFunction=auto310_260_3_1352404,TermPointToGNodeB=auto1
 4887  1 (UNLOCKED)  1 (ENABLED)   GNBCUCPFunction=1,NRNetwork=1,ExternalGNBCUCPFunction=auto310_260_3_1352411,TermPointToGNodeB=auto1
 4907  1 (UNLOCKED)  1 (ENABLED)   GNBCUCPFunction=1,NRNetwork=1,ExternalGNBCUCPFunction=auto310_260_3_1352450,TermPointToGNodeB=auto1
 4927  1 (UNLOCKED)  1 (ENABLED)   GNBCUCPFunction=1,NRNetwork=1,ExternalGNBCUCPFunction=auto310_260_3_1352453,TermPointToGNodeB=auto1
 4947  1 (UNLOCKED)  1 (ENABLED)   GNBCUCPFunction=1,NRNetwork=1,ExternalGNBCUCPFunction=auto310_260_3_1352456,TermPointToGNodeB=auto1
 4952  1 (UNLOCKED)  0 (DISABLED)  GNBCUCPFunction=1,NRNetwork=1,ExternalGNBCUCPFunction=auto310_260_3_1352457,TermPointToGNodeB=auto1
 4972  1 (UNLOCKED)  1 (ENABLED)   GNBCUCPFunction=1,NRNetwork=1,ExternalGNBCUCPFunction=auto310_260_3_1352732,TermPointToGNodeB=auto1
 4992  1 (UNLOCKED)  1 (ENABLED)   GNBCUCPFunction=1,NRNetwork=1,ExternalGNBCUCPFunction=auto310_260_3_1353043,TermPointToGNodeB=auto1
 5012  1 (UNLOCKED)  1 (ENABLED)   GNBCUCPFunction=1,NRNetwork=1,ExternalGNBCUCPFunction=auto310_260_3_1353045,TermPointToGNodeB=auto1
 5032  1 (UNLOCKED)  1 (ENABLED)   GNBCUCPFunction=1,NRNetwork=1,ExternalGNBCUCPFunction=auto310_260_3_1353047,TermPointToGNodeB=auto1
 5043  1 (UNLOCKED)  1 (ENABLED)   GNBCUCPFunction=1,NRNetwork=1,ExternalGNBCUCPFunction=auto310_260_3_1353323,TermPointToGNodeB=auto1
 5057  1 (UNLOCKED)  1 (ENABLED)   GNBCUCPFunction=1,NRNetwork=1,ExternalGNBCUCPFunction=auto310_260_3_1353359,TermPointToGNodeB=auto1
 5068  1 (UNLOCKED)  1 (ENABLED)   GNBCUCPFunction=1,NRNetwork=1,ExternalGNBCUCPFunction=auto310_260_3_1353360,TermPointToGNodeB=auto1
 5079  1 (UNLOCKED)  1 (ENABLED)   GNBCUCPFunction=1,NRNetwork=1,ExternalGNBCUCPFunction=auto310_260_3_1353361,TermPointToGNodeB=auto1
 5090  1 (UNLOCKED)  1 (ENABLED)   GNBCUCPFunction=1,NRNetwork=1,ExternalGNBCUCPFunction=auto310_260_3_1353362,TermPointToGNodeB=auto1
 5101  1 (UNLOCKED)  1 (ENABLED)   GNBCUCPFunction=1,NRNetwork=1,ExternalGNBCUCPFunction=auto310_260_3_1353363,TermPointToGNodeB=auto1
 5112  1 (UNLOCKED)  1 (ENABLED)   GNBCUCPFunction=1,NRNetwork=1,ExternalGNBCUCPFunction=auto310_260_3_1353364,TermPointToGNodeB=auto1
 5126  1 (UNLOCKED)  1 (ENABLED)   GNBCUCPFunction=1,NRNetwork=1,ExternalGNBCUCPFunction=auto310_260_3_1353365,TermPointToGNodeB=auto1
 5152  1 (UNLOCKED)  1 (ENABLED)   GNBCUCPFunction=1,NRNetwork=1,ExternalGNBCUCPFunction=auto310_260_3_1362673,TermPointToGNodeB=auto1
 5172  1 (UNLOCKED)  1 (ENABLED)   GNBCUCPFunction=1,NRNetwork=1,ExternalGNBCUCPFunction=auto310_260_3_1363867,TermPointToGNodeB=auto1
 5183  1 (UNLOCKED)  1 (ENABLED)   GNBCUCPFunction=1,NRNetwork=1,ExternalGNBCUCPFunction=auto310_260_3_1366370,TermPointToGNodeB=auto1
 5197  1 (UNLOCKED)  1 (ENABLED)   GNBCUCPFunction=1,NRNetwork=1,ExternalGNBCUCPFunction=auto310_260_3_1366382,TermPointToGNodeB=auto1
 5208  1 (UNLOCKED)  1 (ENABLED)   GNBCUCPFunction=1,NRNetwork=1,ExternalGNBCUCPFunction=auto310_260_3_1367758,TermPointToGNodeB=auto1
 5222  1 (UNLOCKED)  1 (ENABLED)   GNBCUCPFunction=1,NRNetwork=1,ExternalGNBCUCPFunction=auto310_260_3_1367759,TermPointToGNodeB=auto1
 5233  1 (UNLOCKED)  1 (ENABLED)   GNBCUCPFunction=1,NRNetwork=1,ExternalGNBCUCPFunction=auto310_260_3_1367773,TermPointToGNodeB=auto1
 5244  1 (UNLOCKED)  1 (ENABLED)   GNBCUCPFunction=1,NRNetwork=1,ExternalGNBCUCPFunction=auto310_260_3_1367774,TermPointToGNodeB=auto1
 5255  1 (UNLOCKED)  1 (ENABLED)   GNBCUCPFunction=1,NRNetwork=1,ExternalGNBCUCPFunction=auto310_260_3_1367776,TermPointToGNodeB=auto1
 5266  1 (UNLOCKED)  1 (ENABLED)   GNBCUCPFunction=1,NRNetwork=1,ExternalGNBCUCPFunction=auto310_260_3_1369153,TermPointToGNodeB=auto1
 5274  1 (UNLOCKED)  1 (ENABLED)   GNBCUCPFunction=1,NRNetwork=1,ExternalGNBCUCPFunction=auto310_260_3_1369346,TermPointToGNodeB=auto1
 5285  1 (UNLOCKED)  1 (ENABLED)   GNBCUCPFunction=1,NRNetwork=1,ExternalGNBCUCPFunction=auto310_260_3_1369606,TermPointToGNodeB=auto1
 5296  1 (UNLOCKED)  1 (ENABLED)   GNBCUCPFunction=1,NRNetwork=1,ExternalGNBCUCPFunction=auto310_260_3_1369834,TermPointToGNodeB=auto1
 5307  1 (UNLOCKED)  1 (ENABLED)   GNBCUCPFunction=1,NRNetwork=1,ExternalGNBCUCPFunction=auto310_260_3_1370074,TermPointToGNodeB=auto1
 5327  1 (UNLOCKED)  1 (ENABLED)   GNBCUCPFunction=1,NRNetwork=1,ExternalGNBCUCPFunction=auto310_260_3_1370091,TermPointToGNodeB=auto1
 5347  1 (UNLOCKED)  1 (ENABLED)   GNBCUCPFunction=1,NRNetwork=1,ExternalGNBCUCPFunction=auto310_260_3_1370315,TermPointToGNodeB=auto1
 5367  1 (UNLOCKED)  1 (ENABLED)   GNBCUCPFunction=1,NRNetwork=1,ExternalGNBCUCPFunction=auto310_260_3_1370529,TermPointToGNodeB=auto1
 5387  1 (UNLOCKED)  1 (ENABLED)   GNBCUCPFunction=1,NRNetwork=1,ExternalGNBCUCPFunction=auto310_260_3_1370625,TermPointToGNodeB=auto1
 5413  1 (UNLOCKED)  1 (ENABLED)   GNBCUCPFunction=1,NRNetwork=1,ExternalGNBCUCPFunction=auto310_260_3_1370866,TermPointToGNodeB=auto1
 5433  1 (UNLOCKED)  0 (DISABLED)  GNBCUCPFunction=1,NRNetwork=1,ExternalGNBCUCPFunction=auto310_260_3_1372076,TermPointToGNodeB=auto1
 5444  1 (UNLOCKED)  1 (ENABLED)   GNBCUCPFunction=1,NRNetwork=1,ExternalGNBCUCPFunction=auto310_260_3_1374992,TermPointToGNodeB=auto1
 5499  1 (UNLOCKED)  1 (ENABLED)   GNBCUCPFunction=1,TermPointToAmf=DC1AMF01
 5501  1 (UNLOCKED)  1 (ENABLED)   GNBCUCPFunction=1,TermPointToAmf=DC2AMF01
 5503  1 (UNLOCKED)  1 (ENABLED)   GNBCUCPFunction=1,TermPointToAmf=DC2AMF02
 5505  1 (UNLOCKED)  1 (ENABLED)   GNBCUCPFunction=1,TermPointToAmf=NE1CMM01
 5507  1 (UNLOCKED)  1 (ENABLED)   GNBCUCPFunction=1,TermPointToAmf=NE3AMF01
 5509  1 (UNLOCKED)  1 (ENABLED)   GNBCUCPFunction=1,TermPointToAmf=NE4AMF01
 5511  1 (UNLOCKED)  1 (ENABLED)   GNBCUCPFunction=1,TermPointToAmf=NE4AMF02
 5513  1 (UNLOCKED)  1 (ENABLED)   GNBCUCPFunction=1,TermPointToAmf=PH1AMF01
 5515  1 (UNLOCKED)  1 (ENABLED)   GNBCUCPFunction=1,TermPointToAmf=PH2AMF01
 5517  1 (UNLOCKED)  1 (ENABLED)   GNBCUCPFunction=1,TermPointToAmf=PH2AMF02
 5519  1 (UNLOCKED)  1 (ENABLED)   GNBCUCPFunction=1,TermPointToAmf=PH3AMF01
 5521  1 (UNLOCKED)  1 (ENABLED)   GNBCUCPFunction=1,TermPointToAmf=UP1AMF01
 5523  1 (UNLOCKED)  1 (ENABLED)   GNBCUCPFunction=1,TermPointToAmf=UP2AMF01
 5525  1 (UNLOCKED)  1 (ENABLED)   GNBCUCPFunction=1,TermPointToAmf=UP2AMF02
 5527                1 (ENABLED)   GNBCUCPFunction=1,TermPointToGNBDU=1
 5998                1 (ENABLED)   GNBDUFunction=1,ExtGNBDUPartnerFunction=1319456,InterMeLink=1
 5999                1 (ENABLED)   GNBDUFunction=1,ExtGNBDUPartnerFunction=1319456,InterMeLink=2
 6001                1 (ENABLED)   GNBDUFunction=1,ExtGNBDUPartnerFunction=1352453,InterMeLink=1
 6002                1 (ENABLED)   GNBDUFunction=1,ExtGNBDUPartnerFunction=1352453,InterMeLink=2
 6092  1 (UNLOCKED)  1 (ENABLED)   GNBDUFunction=1,TermPointToGNBCUCP=1
===================================================================================
Total: 277 MOs

M2LB3361C3> 

M2LB3361C3> enm cmedit get *$Node* 

240422-21:00:54-0500 11.143.139.180 24.0c MSRBS_NODE_MODEL_23.Q4_643.28133.125_0bc9 stopfile=/tmp/4024133


Not allowed to run from amosbatch.


M2LB3361C3> enm cmedit get *$Node* AddressIPv4.(*) -t

240422-21:00:54-0500 11.143.139.180 24.0c MSRBS_NODE_MODEL_23.Q4_643.28133.125_0bc9 stopfile=/tmp/4024133


Not allowed to run from amosbatch.


M2LB3361C3> 

M2LB3361C3> hget AddressIPv4 ^address$

240422-21:00:54-0500 11.143.139.180 24.0c MSRBS_NODE_MODEL_23.Q4_643.28133.125_0bc9 stopfile=/tmp/4024133
.
=================================================================================================================
MO                                                         address          
=================================================================================================================
Router=LTE,InterfaceIPv4=1,AddressIPv4=1                   42.15.139.180/27 
Router=Node_Internal_F1,InterfaceIPv4=NRCUCP,AddressIPv4=1 169.254.42.42/32 
Router=Node_Internal_F1,InterfaceIPv4=NRDU,AddressIPv4=1   169.254.42.43/32 
Router=vr_OAM,InterfaceIPv4=1,AddressIPv4=1                11.143.139.180/27
Router=vr_TRAFFIC,InterfaceIPv4=1,AddressIPv4=1            42.15.139.162/27 
=================================================================================================================
Total: 5 MOs

Added 5 MOs to group: hget_group

M2LB3361C3> 

M2LB3361C3> pmxz NRCell PMENDCSETUPUEATT$|PMENDCSETUPUESUCC$ -m 3

240422-21:00:54-0500 11.143.139.180 24.0c MSRBS_NODE_MODEL_23.Q4_643.28133.125_0bc9 stopfile=/tmp/4024133
Parsing PM cache: /home/shared/gbadim1/moshell/jarxml/PMCACHE_MSRBS_NODE_MODEL_23.Q4_643.28133.125_0bc9.txt.gz ... Done.

..............
get /rop/A20240422.2230-2245_M2LB3361C3.xml.gz /ericsson/log/amos/moshell_logfiles/gbadim1/logs_moshell/pmfiles/11.143.139.180/rop/A20240422.2230-2245_M2LB3361C3.xml.gz ... OK
get /rop/A20240422.2245-2300_M2LB3361C3.xml.gz /ericsson/log/amos/moshell_logfiles/gbadim1/logs_moshell/pmfiles/11.143.139.180/rop/A20240422.2245-2300_M2LB3361C3.xml.gz ... OK
get /rop/A20240422.2300-2315_M2LB3361C3.xml.gz /ericsson/log/amos/moshell_logfiles/gbadim1/logs_moshell/pmfiles/11.143.139.180/rop/A20240422.2300-2315_M2LB3361C3.xml.gz ... OK
get /rop/A20240422.2315-2330_M2LB3361C3.xml.gz /ericsson/log/amos/moshell_logfiles/gbadim1/logs_moshell/pmfiles/11.143.139.180/rop/A20240422.2315-2330_M2LB3361C3.xml.gz ... OK
get /rop/A20240422.2330-2345_M2LB3361C3.xml.gz /ericsson/log/amos/moshell_logfiles/gbadim1/logs_moshell/pmfiles/11.143.139.180/rop/A20240422.2330-2345_M2LB3361C3.xml.gz ... OK
get /rop/A20240422.2345-0000_M2LB3361C3.xml.gz /ericsson/log/amos/moshell_logfiles/gbadim1/logs_moshell/pmfiles/11.143.139.180/rop/A20240422.2345-0000_M2LB3361C3.xml.gz ... OK
get /rop/A20240423.0000-0015_M2LB3361C3.xml.gz /ericsson/log/amos/moshell_logfiles/gbadim1/logs_moshell/pmfiles/11.143.139.180/rop/A20240423.0000-0015_M2LB3361C3.xml.gz ... OK
get /rop/A20240423.0015-0030_M2LB3361C3.xml.gz /ericsson/log/amos/moshell_logfiles/gbadim1/logs_moshell/pmfiles/11.143.139.180/rop/A20240423.0015-0030_M2LB3361C3.xml.gz ... OK
get /rop/A20240423.0030-0045_M2LB3361C3.xml.gz /ericsson/log/amos/moshell_logfiles/gbadim1/logs_moshell/pmfiles/11.143.139.180/rop/A20240423.0030-0045_M2LB3361C3.xml.gz ... OK
get /rop/A20240423.0045-0100_M2LB3361C3.xml.gz /ericsson/log/amos/moshell_logfiles/gbadim1/logs_moshell/pmfiles/11.143.139.180/rop/A20240423.0045-0100_M2LB3361C3.xml.gz ... OK
get /rop/A20240423.0100-0115_M2LB3361C3.xml.gz /ericsson/log/amos/moshell_logfiles/gbadim1/logs_moshell/pmfiles/11.143.139.180/rop/A20240423.0100-0115_M2LB3361C3.xml.gz ... OK
get /rop/A20240423.0115-0130_M2LB3361C3.xml.gz /ericsson/log/amos/moshell_logfiles/gbadim1/logs_moshell/pmfiles/11.143.139.180/rop/A20240423.0115-0130_M2LB3361C3.xml.gz ... OK
get /rop/A20240423.0130-0145_M2LB3361C3.xml.gz /ericsson/log/amos/moshell_logfiles/gbadim1/logs_moshell/pmfiles/11.143.139.180/rop/A20240423.0130-0145_M2LB3361C3.xml.gz ... OK
get /rop/A20240423.0145-0200_M2LB3361C3.xml.gz /ericsson/log/amos/moshell_logfiles/gbadim1/logs_moshell/pmfiles/11.143.139.180/rop/A20240423.0145-0200_M2LB3361C3.xml.gz ... OK

(gzip -dc /ericsson/log/amos/moshell_logfiles/gbadim1/logs_moshell/pmfiles/11.143.139.180/rop/A20240422.2300-2315_M2LB3361C3.xml.gz /ericsson/log/amos/moshell_logfiles/gbadim1/logs_moshell/pmfiles/11.143.139.180/rop/A20240422.2315-2330_M2LB3361C3.xml.gz /ericsson/log/amos/moshell_logfiles/gbadim1/logs_moshell/pmfiles/11.143.139.180/rop/A20240422.2330-2345_M2LB3361C3.xml.gz /ericsson/log/amos/moshell_logfiles/gbadim1/logs_moshell/pmfiles/11.143.139.180/rop/A20240422.2345-0000_M2LB3361C3.xml.gz /ericsson/log/amos/moshell_logfiles/gbadim1/logs_moshell/pmfiles/11.143.139.180/rop/A20240423.0000-0015_M2LB3361C3.xml.gz /ericsson/log/amos/moshell_logfiles/gbadim1/logs_moshell/pmfiles/11.143.139.180/rop/A20240423.0015-0030_M2LB3361C3.xml.gz /ericsson/log/amos/moshell_logfiles/gbadim1/logs_moshell/pmfiles/11.143.139.180/rop/A20240423.0030-0045_M2LB3361C3.xml.gz /ericsson/log/amos/moshell_logfiles/gbadim1/logs_moshell/pmfiles/11.143.139.180/rop/A20240423.0045-0100_M2LB3361C3.xml.gz /ericsson/log/amos/moshell_logfiles/gbadim1/logs_moshell/pmfiles/11.143.139.180/rop/A20240423.0100-0115_M2LB3361C3.xml.gz /ericsson/log/amos/moshell_logfiles/gbadim1/logs_moshell/pmfiles/11.143.139.180/rop/A20240423.0115-0130_M2LB3361C3.xml.gz /ericsson/log/amos/moshell_logfiles/gbadim1/logs_moshell/pmfiles/11.143.139.180/rop/A20240423.0130-0145_M2LB3361C3.xml.gz /ericsson/log/amos/moshell_logfiles/gbadim1/logs_moshell/pmfiles/11.143.139.180/rop/A20240423.0145-0200_M2LB3361C3.xml.gz | LANG=C LC_ALL=C /opt/ericsson/amos/moshell/gawk -vusergawk="LANG=C LC_ALL=C /opt/ericsson/amos/moshell/gawk" -f /opt/ericsson/amos/moshell/commonjars/pmExtract.awk  "nrcell" "PMENDCSETUPUEATT$|PMENDCSETUPUESUCC$"   | sort | uniq | /usr/bin/perl /opt/ericsson/amos/moshell/pmXtab -q -pval 0 -mom /var/tmp/20240422-210002_4023823/pmxmomLog4024133  -cols time -fmt txt -m "[M]anagedElement=[^,]+,(?:\w+=1,){0,1}((\w+=[^,]+,*)+$)"  )2>&1 | tee -a /ericsson/log/amos/moshell_logfiles/gbadim1/logs_moshell/sessionlog/240422-210009_M2LB3361C3.log

Report from 2024-04-22 23:00 UTC to 2024-04-23 01:59 UTC (12 ropfiles)
Node SW: CXP9024418/15_R85C47 (23.Q4.0-3)

Date: 2024-04-22
Object               Counter            18:00  18:15  18:30  18:45  19:00  19:15  19:30  19:45  20:00  20:15  20:30  20:45
NRCellCU=J2LB3361C11 pmEndcSetupUeAtt       0      0      0      0      0      0      0      0      0      0      0      0
NRCellCU=J2LB3361C11 pmEndcSetupUeSucc      0      0      0      0      0      0      0      0      0      0      0      0
NRCellCU=J2LB3361C21 pmEndcSetupUeAtt       0      0      0      0      0      0      0      0      0      0      0      0
NRCellCU=J2LB3361C21 pmEndcSetupUeSucc      0      0      0      0      0      0      0      0      0      0      0      0
NRCellCU=J2LB3361C31 pmEndcSetupUeAtt       0      0      0      0      0      0      0      0      0      0      0      0
NRCellCU=J2LB3361C31 pmEndcSetupUeSucc      0      0      0      0      0      0      0      0      0      0      0      0


M2LB3361C3> ue print -admitted
Checking available boards on node...

Collecting RCS board data ...
.......................................................................
......................
.....
240422-21:01:44-0500 11.143.139.180 24.0c MSRBS_NODE_MODEL_23.Q4_643.28133.125_0bc9 stopfile=/tmp/4024133
coli>/lrat/ue print -admitted
CellId  #UE:s  #Bearers  
   1     114      205
   2      43       71
   3      32       59
   7      99      168
   8      27       39
   9      18       27
 201       0        0
 202       0        0
 203       0        0
coli>/rc/nrat/ue print -admitted
NrNrDc: uehId:4 ues:0
NrNrDc: uehId:5 ues:0
NrNrDc: uehId:6 ues:0
NrNrDc: uehId:7 ues:0
Nr: uehId:4 ues:6
Nr: uehId:5 ues:2
Nr: uehId:6 ues:7
Nr: uehId:7 ues:2
NrEnDc: uehId:4 ues:0
NrEnDc: uehId:5 ues:0
NrEnDc: uehId:6 ues:0
NrEnDc: uehId:7 ues:0
coli>/rpc/nrat/ue print -admitted
uehId:6 ues:1
uehId:7 ues:6
uehId:8 ues:2
uehId:9 ues:7
uehId:10 ues:2
coli>

M2LB3361C3> 

M2LB3361C3> ############################################################################################

M2LB3361C3> #		 Post Script CV and unset of all variables - This is modifiable to your needs      #

M2LB3361C3> ############################################################################################

M2LB3361C3> 

M2LB3361C3> 

M2LB3361C3> l-

Log close: /ericsson/log/amos/moshell_logfiles/gbadim1/logs_moshell/sessionlog/240422-210009_M2LB3361C3.log

M2LB3361C3> confb-

M2LB3361C3> gs-

Perform a get before set = disabled

M2LB3361C3> 

M2LB3361C3> 

M2LB3361C3> #cvms post_$jobname_$date

M2LB3361C3> 

M2LB3361C3> #Keep the unset all after the cv so the variables can be used

M2LB3361C3> unset all 

M2LB3361C3> 

M2LB3361C3> #cmedit set NetworkElement=M7BAN764A,ComConnectivityInformation=1 ipAddress=11.242.0.98#
Bye...
Output has been logged to file /home/shared/common/Overnight_Work/Rehomes/Prechecks/M2LB3361C3.log
