Logging to file /home/shared/common/Overnight_Work/Rehomes/Prechecks/M2LU8973A.log
                        __  __  ____   _____
                  /\   |  \/  |/ __ \ / ____|
                 /  \  | \  / | |  | | (___  
                / /\ \ | |\/| | |  | |\___ \ 
               / ____ \| |  | | |__| |____) |
              /_/    \_\_|  |_|\____/|_____/
              OSS Framework for MoShell-24.0c 
  Copyright (c) Ericsson AB 2001-2024 - All Rights Reserved
              
           
$amosrb_pid = 2966980

Checking ip contact...OK

HELP MENU            : h
BASIC MO COMMANDS    : m
OTHER MO COMMANDS    : n
OTHER COMMANDS       : o
PM COMMANDS          : p
QUIT                 : q

M2LU8973A> ############################################################################################

M2LU8973A> #				Script Foundation - Leave this for all scripts							   #

M2LU8973A> ############################################################################################

M2LU8973A> 

M2LU8973A> confb+

M2LU8973A> gs+

Perform a get before set = enabled

M2LU8973A> unset all

M2LU8973A> l+

Logging to file: /ericsson/log/amos/moshell_logfiles/gbadim1/logs_moshell/sessionlog/240421-210008_M2LU8973A.log

M2LU8973A> 

M2LU8973A> alt

240421-21:00:08-0500 11.69.146.10 24.0c  stopfile=/tmp/2966799
Looking up temporary_amos account... Failed.
Trying username from script file: /home/shared/common/Overnight_Work/Rehomes/Rehome_Prechecks...
Trying password from script file: /home/shared/common/Overnight_Work/Rehomes/Rehome_Prechecks...
remote username contains invalid characters

Unable to connect to 11.69.146.10:2023

M2LU8973A> $date = `date +%y%m%d-%H%M`

$date = 240421-2100

M2LU8973A> $Node = `echo "$nodename" | cut -c 2-9`

$Node = 2LU8973A

M2LU8973A> $L21 = L

$L21 = L

M2LU8973A> $L19 = B

$L19 = B

M2LU8973A> $L7 = D

$L7 = D

M2LU8973A> $L6 = E

$L6 = E

M2LU8973A> $N6 = K

$N6 = K

M2LU8973A> $N25 = A

$N25 = A

M2LU8973A> $L25 = T

$L25 = T

M2LU8973A> $N19 = J

$N19 = J

M2LU8973A> $N71 = K

$N71 = K

M2LU8973A> $2C = .*2$

$2C = .*2$

M2LU8973A> $1C = .*1$

$1C = .*1$

M2LU8973A> $allcell = TDD|FDD|NRCellDU|Nbiot

$allcell = TDD|FDD|NRCellDU|Nbiot

M2LU8973A> $FDD = EUtranCellFDD=

$FDD = EUtranCellFDD=

M2LU8973A> $TDD = EUtranCellTDD=

$TDD = EUtranCellTDD=

M2LU8973A> $NRCell = NRCellDU=

$NRCell = NRCellDU=

M2LU8973A> $NRSec25 = NRSectorCarrier=25-

$NRSec25 = NRSectorCarrier=25-

M2LU8973A> $NRSec6 = NRSectorCarrier=6-

$NRSec6 = NRSectorCarrier=6-

M2LU8973A> $NRSec19 = NRSectorCarrier=19-

$NRSec19 = NRSectorCarrier=19-

M2LU8973A> $LTESec = SectorEquipmentFunction=

$LTESec = SectorEquipmentFunction=

M2LU8973A> 

M2LU8973A> ############################################################################################

M2LU8973A> #		Change JobName and any parameter that needs changing case by case basis    		   #

M2LU8973A> ############################################################################################

M2LU8973A> # 		PUT A # SIGN IN FRONT OF ANYTHING YOU DONT WANT TO USE ON THIS SCRIPT  			   #   

M2LU8973A> ############################################################################################

M2LU8973A>       

M2LU8973A> #$arfcnDL = 507708

M2LU8973A> #$jobname = Retune_Prechecks

M2LU8973A> 

M2LU8973A> ############################################################################################

M2LU8973A> #				Script Specifics - This is modifiable to your needs						   #

M2LU8973A> ############################################################################################

M2LU8973A> #	   FOR SETM COMMANDS YOU HAVE TO REMOVE THE GS+ AND GS- from the script                #

M2LU8973A> ############################################################################################

M2LU8973A> ###############################

M2LU8973A> #### PRECHECK / LOCK / CV #####

M2LU8973A> ###############################

M2LU8973A> 

M2LU8973A> 

M2LU8973A> lt all

240421-21:00:10-0500 11.69.146.10 24.0c  stopfile=/tmp/2966799
Looking up temporary_amos account... OK.
Trying temporary_amos_gbadim1_291's password from amos lookupAccount ... OK

$ssh_pid = 2967440

Connected to 11.69.146.10 (SubNetwork=ONRM_ROOT_MO,SubNetwork=Philadelphia,MeContext=M2LU8973A,ManagedElement=M2LU8973A)

Checking MOM version...MSRBS_NODE_MODEL_23.Q4_643.28133.125_0bc9
Parsing MOM (cached): /var/tmp/20240421-210001_2966674/MSRBS_NODE_MODEL_23.Q4_643.28133.125_0bc9.xml.cache.gz ...........................................................................................................................................................................................................Done.
Using paramfile /opt/ericsson/amos/moshell/commonjars/pm/PARAM_MSRBS_23.Q4.txt
Parsing file /opt/ericsson/amos/moshell/commonjars/pm/PARAM_MSRBS_23.Q4.txt ...................................................................................Done.
Using imomdfile /opt/ericsson/amos/moshell/commonjars/pm/IMOMD_MSRBS_22.Q4.txt
Using imomfile /opt/ericsson/amos/moshell/commonjars/pm/IMOM_MSRBS_23.Q4.txt
Connected to 11.69.146.10 (SubNetwork=ONRM_ROOT_MO,SubNetwork=Philadelphia,MeContext=M2LU8973A,ManagedElement=M2LU8973A)

Last MO: 20781. Loaded 20781 MOs. Total: 20782 MOs.

M2LU8973A> pr vlanport=

240421-21:00:26-0500 11.69.146.10 24.0c MSRBS_NODE_MODEL_23.Q4_643.28133.125_0bc9 stopfile=/tmp/2966799
===================================================================================
Proxy  MO
===================================================================================
20778  Transport=1,VlanPort=1425
20779  Transport=1,VlanPort=3425
20780  Transport=1,VlanPort=4001
20781  Transport=1,VlanPort=ERAN
===================================================================================
Total: 4 MOs

M2LU8973A> get address address

240421-21:00:26-0500 11.69.146.10 24.0c MSRBS_NODE_MODEL_23.Q4_643.28133.125_0bc9 stopfile=/tmp/2966799
=================================================================================================================
MO                                                      Attribute         Value
=================================================================================================================
Router=LTE,InterfaceIPv4=LTE,AddressIPv4=1              address           42.197.146.26/27
Router=LTE,InterfaceIPv4=LTE,AddressIPv4=1              addressIPv4Id     1
Router=LTE,InterfaceIPv4=LTE,AddressIPv4=1              primaryAddress    true
Router=LTE,InterfaceIPv4=LTE,AddressIPv4=1              usedAddress       42.197.146.26/27
Router=Node_Internal_F1,InterfaceIPv4=NRCUCP,AddressIPv4=1 address           169.254.42.42/32
Router=Node_Internal_F1,InterfaceIPv4=NRCUCP,AddressIPv4=1 addressIPv4Id     1
Router=Node_Internal_F1,InterfaceIPv4=NRCUCP,AddressIPv4=1 primaryAddress    true
Router=Node_Internal_F1,InterfaceIPv4=NRCUCP,AddressIPv4=1 usedAddress       169.254.42.42/32
Router=Node_Internal_F1,InterfaceIPv4=NRDU,AddressIPv4=1 address           169.254.42.43/32
Router=Node_Internal_F1,InterfaceIPv4=NRDU,AddressIPv4=1 addressIPv4Id     1
Router=Node_Internal_F1,InterfaceIPv4=NRDU,AddressIPv4=1 primaryAddress    true
Router=Node_Internal_F1,InterfaceIPv4=NRDU,AddressIPv4=1 usedAddress       169.254.42.43/32
Router=vr_OAM,InterfaceIPv4=1,AddressIPv4=1             address           11.69.146.10/27
Router=vr_OAM,InterfaceIPv4=1,AddressIPv4=1             addressIPv4Id     1
Router=vr_OAM,InterfaceIPv4=1,AddressIPv4=1             primaryAddress    true
Router=vr_OAM,InterfaceIPv4=1,AddressIPv4=1             usedAddress       11.69.146.10/27
Router=vr_TRAFFIC,InterfaceIPv4=1,AddressIPv4=1         address           42.197.146.10/27
Router=vr_TRAFFIC,InterfaceIPv4=1,AddressIPv4=1         addressIPv4Id     1
Router=vr_TRAFFIC,InterfaceIPv4=1,AddressIPv4=1         primaryAddress    true
Router=vr_TRAFFIC,InterfaceIPv4=1,AddressIPv4=1         usedAddress       42.197.146.10/27
=================================================================================================================
Total: 5 MOs


M2LU8973A> st FDD|TDD|NRCellDU|NbIot

240421-21:00:27-0500 11.69.146.10 24.0c MSRBS_NODE_MODEL_23.Q4_643.28133.125_0bc9 stopfile=/tmp/2966799
===================================================================================
Proxy  Adm State     Op. State     MO
===================================================================================
   44  1 (UNLOCKED)  1 (ENABLED)   ENodeBFunction=1,EUtranCellFDD=D2LU8973A11
  116  1 (UNLOCKED)  1 (ENABLED)   ENodeBFunction=1,EUtranCellFDD=D2LU8973A21
  204  1 (UNLOCKED)  1 (ENABLED)   ENodeBFunction=1,EUtranCellFDD=D2LU8973A31
  394  1 (UNLOCKED)  1 (ENABLED)   ENodeBFunction=1,NbIotCell=X2LU8973A11
  395  1 (UNLOCKED)  1 (ENABLED)   ENodeBFunction=1,NbIotCell=X2LU8973A21
  396  1 (UNLOCKED)  1 (ENABLED)   ENodeBFunction=1,NbIotCell=X2LU8973A31
 1824  1 (UNLOCKED)  1 (ENABLED)   GNBDUFunction=1,NRCellDU=K2LU8973A11
 1827  1 (UNLOCKED)  1 (ENABLED)   GNBDUFunction=1,NRCellDU=K2LU8973A21
 1830  1 (UNLOCKED)  1 (ENABLED)   GNBDUFunction=1,NRCellDU=K2LU8973A31
 2412  1 (UNLOCKED)                SystemFunctions=1,HealthCheckM=1,HcRule=ENodeBFunction_CheckNbiotCllRssiNpuschReadings
 2413  1 (UNLOCKED)                SystemFunctions=1,HealthCheckM=1,HcRule=ENodeBFunction_CheckNbiotCllSinrNpuschReadings
 2414  1 (UNLOCKED)                SystemFunctions=1,HealthCheckM=1,HcRule=ENodeBFunction_CheckNbiotCllStatus
===================================================================================
Total: 12 MOs

M2LU8973A> 

M2LU8973A> st termpointtognb=1

240421-21:00:27-0500 11.69.146.10 24.0c MSRBS_NODE_MODEL_23.Q4_643.28133.125_0bc9 stopfile=/tmp/2966799
===================================================================================
Proxy  Adm State     Op. State     MO
===================================================================================
===================================================================================
Total: 0 MOs

M2LU8973A> get ^GNB.*=1 gNBId$

240421-21:00:28-0500 11.69.146.10 24.0c MSRBS_NODE_MODEL_23.Q4_643.28133.125_0bc9 stopfile=/tmp/2966799
=================================================================================================================
MO                                                      Attribute         Value
=================================================================================================================
GNBCUCPFunction=1                                       gNBId             1352445
GNBCUUPFunction=1                                       gNBId             1352445
GNBDUFunction=1                                         gNBId             1352445
=================================================================================================================
Total: 3 MOs


M2LU8973A> get FUnction=1 nbid$

240421-21:00:28-0500 11.69.146.10 24.0c MSRBS_NODE_MODEL_23.Q4_643.28133.125_0bc9 stopfile=/tmp/2966799
=================================================================================================================
MO                                                      Attribute         Value
=================================================================================================================
ENodeBFunction=1                                        eNBId             331984
GNBCUCPFunction=1                                       gNBId             1352445
GNBCUUPFunction=1                                       gNBId             1352445
GNBDUFunction=1                                         gNBId             1352445
=================================================================================================================
Total: 4 MOs


M2LU8973A> st term

240421-21:00:28-0500 11.69.146.10 24.0c MSRBS_NODE_MODEL_23.Q4_643.28133.125_0bc9 stopfile=/tmp/2966799
===================================================================================
Proxy  Adm State     Op. State     MO
===================================================================================
  306  1 (UNLOCKED)  1 (ENABLED)   ENodeBFunction=1,EUtraNetwork=1,ExternalENodeBFunction=310260-131528,TermPointToENB=310260-131528
  309  1 (UNLOCKED)  1 (ENABLED)   ENodeBFunction=1,EUtraNetwork=1,ExternalENodeBFunction=310260-132806,TermPointToENB=310260-132806
  312  1 (UNLOCKED)  1 (ENABLED)   ENodeBFunction=1,EUtraNetwork=1,ExternalENodeBFunction=310260-132809,TermPointToENB=310260-132809
  320  1 (UNLOCKED)  1 (ENABLED)   ENodeBFunction=1,EUtraNetwork=1,ExternalENodeBFunction=310260-310560,TermPointToENB=310260-310560
  322  1 (UNLOCKED)  1 (ENABLED)   ENodeBFunction=1,EUtraNetwork=1,ExternalENodeBFunction=310260-343007,TermPointToENB=310260-343007
  329  1 (UNLOCKED)  1 (ENABLED)   ENodeBFunction=1,EUtraNetwork=1,ExternalENodeBFunction=310260-343736,TermPointToENB=310260-343736
  334  1 (UNLOCKED)  1 (ENABLED)   ENodeBFunction=1,EUtraNetwork=1,ExternalENodeBFunction=310260-347683,TermPointToENB=310260-347683
  343  1 (UNLOCKED)  1 (ENABLED)   ENodeBFunction=1,EUtraNetwork=1,ExternalENodeBFunction=310260-51099,TermPointToENB=310260-51099
  347  1 (UNLOCKED)  1 (ENABLED)   ENodeBFunction=1,EUtraNetwork=1,ExternalENodeBFunction=310260-54635,TermPointToENB=310260-54635
  350  1 (UNLOCKED)  1 (ENABLED)   ENodeBFunction=1,EUtraNetwork=1,ExternalENodeBFunction=310260-58199,TermPointToENB=310260-58199
  353  0 (LOCKED)    0 (DISABLED)  ENodeBFunction=1,EUtraNetwork=1,ExternalENodeBFunction=310260-874847,TermPointToENB=310260-874847
  357  0 (LOCKED)    0 (DISABLED)  ENodeBFunction=1,EUtraNetwork=1,ExternalENodeBFunction=310260-874849,TermPointToENB=310260-874849
  528  1 (UNLOCKED)  1 (ENABLED)   ENodeBFunction=1,TermPointToMme=CR1vMME1
  529  1 (UNLOCKED)  1 (ENABLED)   ENodeBFunction=1,TermPointToMme=DC1vMME1
  530  1 (UNLOCKED)  1 (ENABLED)   ENodeBFunction=1,TermPointToMme=DC1vMME2
  531  1 (UNLOCKED)  1 (ENABLED)   ENodeBFunction=1,TermPointToMme=DC2vMME1
  532  1 (UNLOCKED)  1 (ENABLED)   ENodeBFunction=1,TermPointToMme=NE1CMM01
  533  1 (UNLOCKED)  1 (ENABLED)   ENodeBFunction=1,TermPointToMme=NE1vMME1
  534  1 (UNLOCKED)  1 (ENABLED)   ENodeBFunction=1,TermPointToMme=NE1vMME2
  535  1 (UNLOCKED)  1 (ENABLED)   ENodeBFunction=1,TermPointToMme=NE4vMME1
  536  1 (UNLOCKED)  1 (ENABLED)   ENodeBFunction=1,TermPointToMme=PH1vMME1
  537  1 (UNLOCKED)  1 (ENABLED)   ENodeBFunction=1,TermPointToMme=PH2vMME1
  538  1 (UNLOCKED)  1 (ENABLED)   ENodeBFunction=1,TermPointToMme=PH3nMME1
  539  1 (UNLOCKED)  0 (DISABLED)  ENodeBFunction=1,TermPointToMme=PH3vMME1
  540  1 (UNLOCKED)  1 (ENABLED)   ENodeBFunction=1,TermPointToMme=UP1vMME1
  541  1 (UNLOCKED)  1 (ENABLED)   ENodeBFunction=1,TermPointToMme=UP2nMME1
  542  1 (UNLOCKED)  1 (ENABLED)   ENodeBFunction=1,TermPointToMme=UP2vMME1
  910  0 (LOCKED)    0 (DISABLED)  GNBCUCPFunction=1,EUtraNetwork=1,ExternalENodeBFunction=auto310_260_3_127390,TermPointToENodeB=auto1
  929  1 (UNLOCKED)  1 (ENABLED)   GNBCUCPFunction=1,EUtraNetwork=1,ExternalENodeBFunction=auto310_260_3_343736,TermPointToENodeB=auto1
  933  0 (LOCKED)    0 (DISABLED)  GNBCUCPFunction=1,EUtraNetwork=1,ExternalENodeBFunction=auto310_260_3_347683,TermPointToENodeB=auto1
  935  0 (LOCKED)    0 (DISABLED)  GNBCUCPFunction=1,EUtraNetwork=1,ExternalENodeBFunction=auto310_260_3_413324,TermPointToENodeB=auto1
  940  0 (LOCKED)    0 (DISABLED)  GNBCUCPFunction=1,EUtraNetwork=1,ExternalENodeBFunction=auto310_260_3_50747,TermPointToENodeB=auto1
  948  1 (UNLOCKED)  1 (ENABLED)   GNBCUCPFunction=1,EUtraNetwork=1,ExternalENodeBFunction=auto310_260_3_51099,TermPointToENodeB=auto1
  952  0 (LOCKED)    0 (DISABLED)  GNBCUCPFunction=1,EUtraNetwork=1,ExternalENodeBFunction=auto310_260_3_55302,TermPointToENodeB=auto1
  954  0 (LOCKED)    0 (DISABLED)  GNBCUCPFunction=1,EUtraNetwork=1,ExternalENodeBFunction=auto310_260_3_55420,TermPointToENodeB=auto1
  957  0 (LOCKED)    0 (DISABLED)  GNBCUCPFunction=1,EUtraNetwork=1,ExternalENodeBFunction=auto310_260_3_55454,TermPointToENodeB=auto1
  974  1 (UNLOCKED)  0 (DISABLED)  GNBCUCPFunction=1,EUtraNetwork=1,ExternalENodeBFunction=auto310_260_3_881157,TermPointToENodeB=auto1
 1198  1 (UNLOCKED)  1 (ENABLED)   GNBCUCPFunction=1,NRNetwork=1,ExternalGNBCUCPFunction=auto310_260_3_1318565,TermPointToGNodeB=auto1
 1209  1 (UNLOCKED)  1 (ENABLED)   GNBCUCPFunction=1,NRNetwork=1,ExternalGNBCUCPFunction=auto310_260_3_1318693,TermPointToGNodeB=auto1
 1223  1 (UNLOCKED)  1 (ENABLED)   GNBCUCPFunction=1,NRNetwork=1,ExternalGNBCUCPFunction=auto310_260_3_1339814,TermPointToGNodeB=auto1
 1243  1 (UNLOCKED)  1 (ENABLED)   GNBCUCPFunction=1,NRNetwork=1,ExternalGNBCUCPFunction=auto310_260_3_1343351,TermPointToGNodeB=auto1
 1269  1 (UNLOCKED)  1 (ENABLED)   GNBCUCPFunction=1,NRNetwork=1,ExternalGNBCUCPFunction=auto310_260_3_1349460,TermPointToGNodeB=auto1
 1289  1 (UNLOCKED)  1 (ENABLED)   GNBCUCPFunction=1,NRNetwork=1,ExternalGNBCUCPFunction=auto310_260_3_1349461,TermPointToGNodeB=auto1
 1315  1 (UNLOCKED)  1 (ENABLED)   GNBCUCPFunction=1,NRNetwork=1,ExternalGNBCUCPFunction=auto310_260_3_1349759,TermPointToGNodeB=auto1
 1341  1 (UNLOCKED)  1 (ENABLED)   GNBCUCPFunction=1,NRNetwork=1,ExternalGNBCUCPFunction=auto310_260_3_1353148,TermPointToGNodeB=auto1
 1363  1 (UNLOCKED)  1 (ENABLED)   GNBCUCPFunction=1,NRNetwork=1,ExternalGNBCUCPFunction=auto310_260_3_1353370,TermPointToGNodeB=auto1
 1380  1 (UNLOCKED)  1 (ENABLED)   GNBCUCPFunction=1,NRNetwork=1,ExternalGNBCUCPFunction=auto310_260_3_1353374,TermPointToGNodeB=auto1
 1400  1 (UNLOCKED)  1 (ENABLED)   GNBCUCPFunction=1,NRNetwork=1,ExternalGNBCUCPFunction=auto310_260_3_1372209,TermPointToGNodeB=auto1
 1420  1 (UNLOCKED)  1 (ENABLED)   GNBCUCPFunction=1,NRNetwork=1,ExternalGNBCUCPFunction=auto310_260_3_1372211,TermPointToGNodeB=auto1
 1471  1 (UNLOCKED)  1 (ENABLED)   GNBCUCPFunction=1,TermPointToAmf=DC1AMF01
 1473  1 (UNLOCKED)  1 (ENABLED)   GNBCUCPFunction=1,TermPointToAmf=DC2AMF01
 1475  1 (UNLOCKED)  1 (ENABLED)   GNBCUCPFunction=1,TermPointToAmf=DC2AMF02
 1477  1 (UNLOCKED)  1 (ENABLED)   GNBCUCPFunction=1,TermPointToAmf=NE1CMM01
 1479  1 (UNLOCKED)  1 (ENABLED)   GNBCUCPFunction=1,TermPointToAmf=NE3AMF01
 1481  1 (UNLOCKED)  1 (ENABLED)   GNBCUCPFunction=1,TermPointToAmf=NE4AMF01
 1483  1 (UNLOCKED)  1 (ENABLED)   GNBCUCPFunction=1,TermPointToAmf=NE4AMF02
 1485  1 (UNLOCKED)  1 (ENABLED)   GNBCUCPFunction=1,TermPointToAmf=PH1AMF01
 1487  1 (UNLOCKED)  1 (ENABLED)   GNBCUCPFunction=1,TermPointToAmf=PH2AMF01
 1489  1 (UNLOCKED)  1 (ENABLED)   GNBCUCPFunction=1,TermPointToAmf=PH2AMF02
 1491  1 (UNLOCKED)  1 (ENABLED)   GNBCUCPFunction=1,TermPointToAmf=PH3AMF01
 1493  1 (UNLOCKED)  1 (ENABLED)   GNBCUCPFunction=1,TermPointToAmf=UP1AMF01
 1495  1 (UNLOCKED)  1 (ENABLED)   GNBCUCPFunction=1,TermPointToAmf=UP2AMF01
 1497  1 (UNLOCKED)  1 (ENABLED)   GNBCUCPFunction=1,TermPointToAmf=UP2AMF02
 1499                1 (ENABLED)   GNBCUCPFunction=1,TermPointToGNBDU=1
 1912  1 (UNLOCKED)  1 (ENABLED)   GNBDUFunction=1,TermPointToGNBCUCP=1
===================================================================================
Total: 65 MOs

M2LU8973A> 

M2LU8973A> enm cmedit get *$Node* 

240421-21:00:31-0500 11.69.146.10 24.0c MSRBS_NODE_MODEL_23.Q4_643.28133.125_0bc9 stopfile=/tmp/2966799


Not allowed to run from amosbatch.


M2LU8973A> enm cmedit get *$Node* AddressIPv4.(*) -t

240421-21:00:31-0500 11.69.146.10 24.0c MSRBS_NODE_MODEL_23.Q4_643.28133.125_0bc9 stopfile=/tmp/2966799


Not allowed to run from amosbatch.


M2LU8973A> 

M2LU8973A> hget AddressIPv4 ^address$

240421-21:00:31-0500 11.69.146.10 24.0c MSRBS_NODE_MODEL_23.Q4_643.28133.125_0bc9 stopfile=/tmp/2966799
.
=================================================================================================================
MO                                                         address         
=================================================================================================================
Router=LTE,InterfaceIPv4=LTE,AddressIPv4=1                 42.197.146.26/27
Router=Node_Internal_F1,InterfaceIPv4=NRCUCP,AddressIPv4=1 169.254.42.42/32
Router=Node_Internal_F1,InterfaceIPv4=NRDU,AddressIPv4=1   169.254.42.43/32
Router=vr_OAM,InterfaceIPv4=1,AddressIPv4=1                11.69.146.10/27 
Router=vr_TRAFFIC,InterfaceIPv4=1,AddressIPv4=1            42.197.146.10/27
=================================================================================================================
Total: 5 MOs

Added 5 MOs to group: hget_group

M2LU8973A> 

M2LU8973A> pmxz NRCell PMENDCSETUPUEATT$|PMENDCSETUPUESUCC$ -m 3

240421-21:00:31-0500 11.69.146.10 24.0c MSRBS_NODE_MODEL_23.Q4_643.28133.125_0bc9 stopfile=/tmp/2966799
Parsing PM cache: /home/shared/gbadim1/moshell/jarxml/PMCACHE_MSRBS_NODE_MODEL_23.Q4_643.28133.125_0bc9.txt.gz ... Done.

........................
get /rop/A20240421.2230-2245_M2LU8973A.xml.gz /ericsson/log/amos/moshell_logfiles/gbadim1/logs_moshell/pmfiles/11.69.146.10/rop/A20240421.2230-2245_M2LU8973A.xml.gz ... OK
get /rop/A20240421.2245-2300_M2LU8973A.xml.gz /ericsson/log/amos/moshell_logfiles/gbadim1/logs_moshell/pmfiles/11.69.146.10/rop/A20240421.2245-2300_M2LU8973A.xml.gz ... OK
get /rop/A20240421.2300-2315_M2LU8973A.xml.gz /ericsson/log/amos/moshell_logfiles/gbadim1/logs_moshell/pmfiles/11.69.146.10/rop/A20240421.2300-2315_M2LU8973A.xml.gz ... OK
get /rop/A20240421.2315-2330_M2LU8973A.xml.gz /ericsson/log/amos/moshell_logfiles/gbadim1/logs_moshell/pmfiles/11.69.146.10/rop/A20240421.2315-2330_M2LU8973A.xml.gz ... OK
get /rop/A20240421.2330-2345_M2LU8973A.xml.gz /ericsson/log/amos/moshell_logfiles/gbadim1/logs_moshell/pmfiles/11.69.146.10/rop/A20240421.2330-2345_M2LU8973A.xml.gz ... OK
get /rop/A20240421.2345-0000_M2LU8973A.xml.gz /ericsson/log/amos/moshell_logfiles/gbadim1/logs_moshell/pmfiles/11.69.146.10/rop/A20240421.2345-0000_M2LU8973A.xml.gz ... OK
get /rop/A20240422.0000-0015_M2LU8973A.xml.gz /ericsson/log/amos/moshell_logfiles/gbadim1/logs_moshell/pmfiles/11.69.146.10/rop/A20240422.0000-0015_M2LU8973A.xml.gz ... OK
get /rop/A20240422.0015-0030_M2LU8973A.xml.gz /ericsson/log/amos/moshell_logfiles/gbadim1/logs_moshell/pmfiles/11.69.146.10/rop/A20240422.0015-0030_M2LU8973A.xml.gz ... OK
get /rop/A20240422.0030-0045_M2LU8973A.xml.gz /ericsson/log/amos/moshell_logfiles/gbadim1/logs_moshell/pmfiles/11.69.146.10/rop/A20240422.0030-0045_M2LU8973A.xml.gz ... OK
get /rop/A20240422.0045-0100_M2LU8973A.xml.gz /ericsson/log/amos/moshell_logfiles/gbadim1/logs_moshell/pmfiles/11.69.146.10/rop/A20240422.0045-0100_M2LU8973A.xml.gz ... OK
get /rop/A20240422.0100-0115_M2LU8973A.xml.gz /ericsson/log/amos/moshell_logfiles/gbadim1/logs_moshell/pmfiles/11.69.146.10/rop/A20240422.0100-0115_M2LU8973A.xml.gz ... OK
get /rop/A20240422.0115-0130_M2LU8973A.xml.gz /ericsson/log/amos/moshell_logfiles/gbadim1/logs_moshell/pmfiles/11.69.146.10/rop/A20240422.0115-0130_M2LU8973A.xml.gz ... OK
get /rop/A20240422.0130-0145_M2LU8973A.xml.gz /ericsson/log/amos/moshell_logfiles/gbadim1/logs_moshell/pmfiles/11.69.146.10/rop/A20240422.0130-0145_M2LU8973A.xml.gz ... OK
get /rop/A20240422.0145-0200_M2LU8973A.xml.gz /ericsson/log/amos/moshell_logfiles/gbadim1/logs_moshell/pmfiles/11.69.146.10/rop/A20240422.0145-0200_M2LU8973A.xml.gz ... OK

(gzip -dc /ericsson/log/amos/moshell_logfiles/gbadim1/logs_moshell/pmfiles/11.69.146.10/rop/A20240421.2300-2315_M2LU8973A.xml.gz /ericsson/log/amos/moshell_logfiles/gbadim1/logs_moshell/pmfiles/11.69.146.10/rop/A20240421.2315-2330_M2LU8973A.xml.gz /ericsson/log/amos/moshell_logfiles/gbadim1/logs_moshell/pmfiles/11.69.146.10/rop/A20240421.2330-2345_M2LU8973A.xml.gz /ericsson/log/amos/moshell_logfiles/gbadim1/logs_moshell/pmfiles/11.69.146.10/rop/A20240421.2345-0000_M2LU8973A.xml.gz /ericsson/log/amos/moshell_logfiles/gbadim1/logs_moshell/pmfiles/11.69.146.10/rop/A20240422.0000-0015_M2LU8973A.xml.gz /ericsson/log/amos/moshell_logfiles/gbadim1/logs_moshell/pmfiles/11.69.146.10/rop/A20240422.0015-0030_M2LU8973A.xml.gz /ericsson/log/amos/moshell_logfiles/gbadim1/logs_moshell/pmfiles/11.69.146.10/rop/A20240422.0030-0045_M2LU8973A.xml.gz /ericsson/log/amos/moshell_logfiles/gbadim1/logs_moshell/pmfiles/11.69.146.10/rop/A20240422.0045-0100_M2LU8973A.xml.gz /ericsson/log/amos/moshell_logfiles/gbadim1/logs_moshell/pmfiles/11.69.146.10/rop/A20240422.0100-0115_M2LU8973A.xml.gz /ericsson/log/amos/moshell_logfiles/gbadim1/logs_moshell/pmfiles/11.69.146.10/rop/A20240422.0115-0130_M2LU8973A.xml.gz /ericsson/log/amos/moshell_logfiles/gbadim1/logs_moshell/pmfiles/11.69.146.10/rop/A20240422.0130-0145_M2LU8973A.xml.gz /ericsson/log/amos/moshell_logfiles/gbadim1/logs_moshell/pmfiles/11.69.146.10/rop/A20240422.0145-0200_M2LU8973A.xml.gz | LANG=C LC_ALL=C /opt/ericsson/amos/moshell/gawk -vusergawk="LANG=C LC_ALL=C /opt/ericsson/amos/moshell/gawk" -f /opt/ericsson/amos/moshell/commonjars/pmExtract.awk  "nrcell" "PMENDCSETUPUEATT$|PMENDCSETUPUESUCC$"   | sort | uniq | /usr/bin/perl /opt/ericsson/amos/moshell/pmXtab -q -pval 0 -mom /var/tmp/20240421-210001_2966674/pmxmomLog2966799  -cols time -fmt txt -m "[M]anagedElement=[^,]+,(?:\w+=1,){0,1}((\w+=[^,]+,*)+$)"  )2>&1 | tee -a /ericsson/log/amos/moshell_logfiles/gbadim1/logs_moshell/sessionlog/240421-210008_M2LU8973A.log

Report from 2024-04-21 23:00 UTC to 2024-04-22 01:59 UTC (12 ropfiles)
Node SW: CXP2010174/1_R82C53 (23.Q4.0-3)

Date: 2024-04-21
Object               Counter            18:00  18:15  18:30  18:45  19:00  19:15  19:30  19:45  20:00  20:15  20:30  20:45
NRCellCU=K2LU8973A11 pmEndcSetupUeAtt       0      0      0      0      0      0      0      0      0      0      0      0
NRCellCU=K2LU8973A11 pmEndcSetupUeSucc      0      0      0      0      0      0      0      0      0      0      0      0
NRCellCU=K2LU8973A21 pmEndcSetupUeAtt       5      0      0      4      1      3      1      1      0      1      0      4
NRCellCU=K2LU8973A21 pmEndcSetupUeSucc      5      0      0      4      1      3      1      1      0      1      0      4
NRCellCU=K2LU8973A31 pmEndcSetupUeAtt       3      0      1      1      1      1      0      0      0      1      0      2
NRCellCU=K2LU8973A31 pmEndcSetupUeSucc      3      0      1      1      1      1      0      0      0      1      0      2


M2LU8973A> ue print -admitted
Checking available boards on node...

Collecting RCS board data ...
.....................................................................
.
.....
240421-21:01:05-0500 11.69.146.10 24.0c MSRBS_NODE_MODEL_23.Q4_643.28133.125_0bc9 stopfile=/tmp/2966799
coli>/lrat/ue print -admitted
CellId  #UE:s  #Bearers  
  21       0        0
  22       6       10
  23       6        9
 120       0        0
 121       0        0
 122       0        0
coli>/rc/nrat/ue print -admitted
NrEnDc: uehId:4 ues:0
NrEnDc: uehId:5 ues:0
NrEnDc: uehId:6 ues:0
NrEnDc: uehId:7 ues:0
NrNrDc: uehId:4 ues:0
NrNrDc: uehId:5 ues:0
NrNrDc: uehId:6 ues:0
NrNrDc: uehId:7 ues:0
Nr: uehId:4 ues:0
Nr: uehId:5 ues:0
Nr: uehId:6 ues:0
Nr: uehId:7 ues:0
coli>/rpc/nrat/ue print -admitted
uehId:6 ues:0
uehId:7 ues:0
uehId:8 ues:0
uehId:9 ues:0
uehId:10 ues:0
coli>

M2LU8973A> 

M2LU8973A> ############################################################################################

M2LU8973A> #		 Post Script CV and unset of all variables - This is modifiable to your needs      #

M2LU8973A> ############################################################################################

M2LU8973A> 

M2LU8973A> 

M2LU8973A> l-

Log close: /ericsson/log/amos/moshell_logfiles/gbadim1/logs_moshell/sessionlog/240421-210008_M2LU8973A.log

M2LU8973A> confb-

M2LU8973A> gs-

Perform a get before set = disabled

M2LU8973A> 

M2LU8973A> 

M2LU8973A> #cvms post_$jobname_$date

M2LU8973A> 

M2LU8973A> #Keep the unset all after the cv so the variables can be used

M2LU8973A> unset all 

M2LU8973A> 

M2LU8973A> #cmedit set NetworkElement=M7BAN764A,ComConnectivityInformation=1 ipAddress=11.242.0.98#
Bye...
Output has been logged to file /home/shared/common/Overnight_Work/Rehomes/Prechecks/M2LU8973A.log
