Logging to file /home/shared/common/Overnight_Work/Rehomes/Prechecks/M2SU6334A.log
                        __  __  ____   _____
                  /\   |  \/  |/ __ \ / ____|
                 /  \  | \  / | |  | | (___  
                / /\ \ | |\/| | |  | |\___ \ 
               / ____ \| |  | | |__| |____) |
              /_/    \_\_|  |_|\____/|_____/
              OSS Framework for MoShell-24.0c 
  Copyright (c) Ericsson AB 2001-2024 - All Rights Reserved
              
           
$amosrb_pid = 4024516

Checking ip contact...OK

HELP MENU            : h
BASIC MO COMMANDS    : m
OTHER MO COMMANDS    : n
OTHER COMMANDS       : o
PM COMMANDS          : p
QUIT                 : q

M2SU6334A> ############################################################################################

M2SU6334A> #				Script Foundation - Leave this for all scripts							   #

M2SU6334A> ############################################################################################

M2SU6334A> 

M2SU6334A> confb+

M2SU6334A> gs+

Perform a get before set = enabled

M2SU6334A> unset all

M2SU6334A> l+

Logging to file: /ericsson/log/amos/moshell_logfiles/gbadim1/logs_moshell/sessionlog/240422-210009_M2SU6334A.log

M2SU6334A> 

M2SU6334A> alt

240422-21:00:09-0500 11.48.68.170 24.0c  stopfile=/tmp/4024140
Looking up temporary_amos account... OK.
Trying temporary_amos_gbadim1_291's password from amos lookupAccount ... OK

$ssh_pid = 4025969

Connected to 11.48.68.170 (SubNetwork=ONRM_ROOT_MO,SubNetwork=Philadelphia,MeContext=M2SU6334A,ManagedElement=M2SU6334A)

Checking MOM version...MSRBS_NODE_MODEL_23.Q4_643.28133.125_0bc9
Parsing MOM (cached): /var/tmp/20240422-210002_4023811/MSRBS_NODE_MODEL_23.Q4_643.28133.125_0bc9.xml.cache.gz ...........................................................................................................................................................................................................Done.
Using paramfile /opt/ericsson/amos/moshell/commonjars/pm/PARAM_MSRBS_23.Q4.txt
Parsing file /opt/ericsson/amos/moshell/commonjars/pm/PARAM_MSRBS_23.Q4.txt ...................................................................................Done.
Using imomdfile /opt/ericsson/amos/moshell/commonjars/pm/IMOMD_MSRBS_22.Q4.txt
Using imomfile /opt/ericsson/amos/moshell/commonjars/pm/IMOM_MSRBS_23.Q4.txt

Collecting Alarms...

====================================================================================================================
Date & Time (UTC)   S Specific Problem                    MO (AdditionalText/PC, AI)
====================================================================================================================
2024-04-19 03:24:59 w PLMN Service Redundancy Lost        ENodeBFunction=1 (S1 connection failure for PLMN connected with link represented by MO listed in Additional Information. AI: PLMN : ["310120","310260","310830","311490","311882","312250","312530","313350"],DN1=ManagedElement=1,ENodeBFunction=1,TermPointToMme=PH3vMME1,)
>>> Total: 1 Alarms (0 Critical, 0 Major)

M2SU6334A> 

M2SU6334A> uv sls_username > $user

sls_username              = gbadim1

$user = gbadim1

M2SU6334A> $date = `date +%y%m%d-%H%M`

$date = 240422-2100

M2SU6334A> $Node = `echo "$nodename" | cut -c 2-9`

$Node = 2SU6334A

M2SU6334A> $L21 = L

$L21 = L

M2SU6334A> $L19 = B

$L19 = B

M2SU6334A> $L7 = D

$L7 = D

M2SU6334A> $L6 = E

$L6 = E

M2SU6334A> $N6 = K

$N6 = K

M2SU6334A> $N25 = A

$N25 = A

M2SU6334A> $L25 = T

$L25 = T

M2SU6334A> $N19 = J

$N19 = J

M2SU6334A> $N71 = K

$N71 = K

M2SU6334A> $2C = .*2$

$2C = .*2$

M2SU6334A> $1C = .*1$

$1C = .*1$

M2SU6334A> $allcell = TDD|FDD|NRCellDU|Nbiot

$allcell = TDD|FDD|NRCellDU|Nbiot

M2SU6334A> $FDD = EUtranCellFDD=

$FDD = EUtranCellFDD=

M2SU6334A> $TDD = EUtranCellTDD=

$TDD = EUtranCellTDD=

M2SU6334A> $NRCell = NRCellDU=

$NRCell = NRCellDU=

M2SU6334A> $NRSec25 = NRSectorCarrier=25-

$NRSec25 = NRSectorCarrier=25-

M2SU6334A> $NRSec6 = NRSectorCarrier=6-

$NRSec6 = NRSectorCarrier=6-

M2SU6334A> $NRSec19 = NRSectorCarrier=19-

$NRSec19 = NRSectorCarrier=19-

M2SU6334A> $LTESec = SectorEquipmentFunction=

$LTESec = SectorEquipmentFunction=

M2SU6334A> 

M2SU6334A> ############################################################################################

M2SU6334A> #		Change JobName and any parameter that needs changing case by case basis    		   #

M2SU6334A> ############################################################################################

M2SU6334A> # 		PUT A # SIGN IN FRONT OF ANYTHING YOU DONT WANT TO USE ON THIS SCRIPT  			   #   

M2SU6334A> ############################################################################################

M2SU6334A>       

M2SU6334A> #$arfcnDL = 507708

M2SU6334A> #$jobname = Retune_Prechecks

M2SU6334A> 

M2SU6334A> ############################################################################################

M2SU6334A> #				Script Specifics - This is modifiable to your needs						   #

M2SU6334A> ############################################################################################

M2SU6334A> #	   FOR SETM COMMANDS YOU HAVE TO REMOVE THE GS+ AND GS- from the script                #

M2SU6334A> ############################################################################################

M2SU6334A> ###############################

M2SU6334A> #### PRECHECK / LOCK / CV #####

M2SU6334A> ###############################

M2SU6334A> 

M2SU6334A> 

M2SU6334A> lt all

240422-21:00:18-0500 11.48.68.170 24.0c MSRBS_NODE_MODEL_23.Q4_643.28133.125_0bc9 stopfile=/tmp/4024140
Connected to 11.48.68.170 (SubNetwork=ONRM_ROOT_MO,SubNetwork=Philadelphia,MeContext=M2SU6334A,ManagedElement=M2SU6334A)

Last MO: 22316. Loaded 22316 MOs. Total: 22317 MOs.

M2SU6334A> pr vlanport=

240422-21:00:26-0500 11.48.68.170 24.0c MSRBS_NODE_MODEL_23.Q4_643.28133.125_0bc9 stopfile=/tmp/4024140
===================================================================================
Proxy  MO
===================================================================================
22313  Transport=1,VlanPort=2500
22314  Transport=1,VlanPort=4001
22315  Transport=1,VlanPort=500
22316  Transport=1,VlanPort=ERAN
===================================================================================
Total: 4 MOs

M2SU6334A> get address address

240422-21:00:26-0500 11.48.68.170 24.0c MSRBS_NODE_MODEL_23.Q4_643.28133.125_0bc9 stopfile=/tmp/4024140
=================================================================================================================
MO                                                      Attribute         Value
=================================================================================================================
Router=LTE,InterfaceIPv4=LTE,AddressIPv4=1              address           42.176.68.186/27
Router=LTE,InterfaceIPv4=LTE,AddressIPv4=1              addressIPv4Id     1
Router=LTE,InterfaceIPv4=LTE,AddressIPv4=1              primaryAddress    true
Router=LTE,InterfaceIPv4=LTE,AddressIPv4=1              usedAddress       42.176.68.186/27
Router=Node_Internal_F1,InterfaceIPv4=NRCUCP,AddressIPv4=1 address           169.254.42.42/32
Router=Node_Internal_F1,InterfaceIPv4=NRCUCP,AddressIPv4=1 addressIPv4Id     1
Router=Node_Internal_F1,InterfaceIPv4=NRCUCP,AddressIPv4=1 primaryAddress    true
Router=Node_Internal_F1,InterfaceIPv4=NRCUCP,AddressIPv4=1 usedAddress       169.254.42.42/32
Router=Node_Internal_F1,InterfaceIPv4=NRDU,AddressIPv4=1 address           169.254.42.43/32
Router=Node_Internal_F1,InterfaceIPv4=NRDU,AddressIPv4=1 addressIPv4Id     1
Router=Node_Internal_F1,InterfaceIPv4=NRDU,AddressIPv4=1 primaryAddress    true
Router=Node_Internal_F1,InterfaceIPv4=NRDU,AddressIPv4=1 usedAddress       169.254.42.43/32
Router=vr_OAM,InterfaceIPv4=1,AddressIPv4=1             address           11.48.68.170/27
Router=vr_OAM,InterfaceIPv4=1,AddressIPv4=1             addressIPv4Id     1
Router=vr_OAM,InterfaceIPv4=1,AddressIPv4=1             primaryAddress    true
Router=vr_OAM,InterfaceIPv4=1,AddressIPv4=1             usedAddress       11.48.68.170/27
Router=vr_TRAFFIC,InterfaceIPv4=1,AddressIPv4=1         address           42.176.68.170/27
Router=vr_TRAFFIC,InterfaceIPv4=1,AddressIPv4=1         addressIPv4Id     1
Router=vr_TRAFFIC,InterfaceIPv4=1,AddressIPv4=1         primaryAddress    true
Router=vr_TRAFFIC,InterfaceIPv4=1,AddressIPv4=1         usedAddress       42.176.68.170/27
=================================================================================================================
Total: 5 MOs


M2SU6334A> st FDD|TDD|NRCellDU|NbIot

240422-21:00:27-0500 11.48.68.170 24.0c MSRBS_NODE_MODEL_23.Q4_643.28133.125_0bc9 stopfile=/tmp/4024140
===================================================================================
Proxy  Adm State     Op. State     MO
===================================================================================
   44  1 (UNLOCKED)  1 (ENABLED)   ENodeBFunction=1,EUtranCellFDD=D2SU6334A11
  168  1 (UNLOCKED)  1 (ENABLED)   ENodeBFunction=1,EUtranCellFDD=D2SU6334A21
  326  1 (UNLOCKED)  1 (ENABLED)   ENodeBFunction=1,EUtranCellFDD=D2SU6334A31
 3279  1 (UNLOCKED)  1 (ENABLED)   GNBDUFunction=1,NRCellDU=K2SU6334A11
 3282  1 (UNLOCKED)  1 (ENABLED)   GNBDUFunction=1,NRCellDU=K2SU6334A21
 3285  1 (UNLOCKED)  1 (ENABLED)   GNBDUFunction=1,NRCellDU=K2SU6334A31
 3869  1 (UNLOCKED)                SystemFunctions=1,HealthCheckM=1,HcRule=ENodeBFunction_CheckNbiotCllRssiNpuschReadings
 3870  1 (UNLOCKED)                SystemFunctions=1,HealthCheckM=1,HcRule=ENodeBFunction_CheckNbiotCllSinrNpuschReadings
 3871  1 (UNLOCKED)                SystemFunctions=1,HealthCheckM=1,HcRule=ENodeBFunction_CheckNbiotCllStatus
===================================================================================
Total: 9 MOs

M2SU6334A> 

M2SU6334A> st termpointtognb=1

240422-21:00:27-0500 11.48.68.170 24.0c MSRBS_NODE_MODEL_23.Q4_643.28133.125_0bc9 stopfile=/tmp/4024140
===================================================================================
Proxy  Adm State     Op. State     MO
===================================================================================
===================================================================================
Total: 0 MOs

M2SU6334A> get ^GNB.*=1 gNBId$

240422-21:00:28-0500 11.48.68.170 24.0c MSRBS_NODE_MODEL_23.Q4_643.28133.125_0bc9 stopfile=/tmp/4024140
=================================================================================================================
MO                                                      Attribute         Value
=================================================================================================================
GNBCUCPFunction=1                                       gNBId             1333238
GNBCUUPFunction=1                                       gNBId             1333238
GNBDUFunction=1                                         gNBId             1333238
=================================================================================================================
Total: 3 MOs


M2SU6334A> get FUnction=1 nbid$

240422-21:00:28-0500 11.48.68.170 24.0c MSRBS_NODE_MODEL_23.Q4_643.28133.125_0bc9 stopfile=/tmp/4024140
=================================================================================================================
MO                                                      Attribute         Value
=================================================================================================================
ENodeBFunction=1                                        eNBId             478460
GNBCUCPFunction=1                                       gNBId             1333238
GNBCUUPFunction=1                                       gNBId             1333238
GNBDUFunction=1                                         gNBId             1333238
=================================================================================================================
Total: 4 MOs


M2SU6334A> st term

240422-21:00:28-0500 11.48.68.170 24.0c MSRBS_NODE_MODEL_23.Q4_643.28133.125_0bc9 stopfile=/tmp/4024140
===================================================================================
Proxy  Adm State     Op. State     MO
===================================================================================
  500  1 (UNLOCKED)  1 (ENABLED)   ENodeBFunction=1,EUtraNetwork=1,ExternalENodeBFunction=310260-131508,TermPointToENB=310260-131508
  505  1 (UNLOCKED)  1 (ENABLED)   ENodeBFunction=1,EUtraNetwork=1,ExternalENodeBFunction=310260-131509,TermPointToENB=310260-131509
  510  1 (UNLOCKED)  1 (ENABLED)   ENodeBFunction=1,EUtraNetwork=1,ExternalENodeBFunction=310260-132092,TermPointToENB=310260-132092
  516  1 (UNLOCKED)  1 (ENABLED)   ENodeBFunction=1,EUtraNetwork=1,ExternalENodeBFunction=310260-132821,TermPointToENB=310260-132821
  521  1 (UNLOCKED)  1 (ENABLED)   ENodeBFunction=1,EUtraNetwork=1,ExternalENodeBFunction=310260-138198,TermPointToENB=310260-138198
  525  1 (UNLOCKED)  1 (ENABLED)   ENodeBFunction=1,EUtraNetwork=1,ExternalENodeBFunction=310260-139078,TermPointToENB=310260-139078
  529  1 (UNLOCKED)  1 (ENABLED)   ENodeBFunction=1,EUtraNetwork=1,ExternalENodeBFunction=310260-139079,TermPointToENB=310260-139079
  532  1 (UNLOCKED)  1 (ENABLED)   ENodeBFunction=1,EUtraNetwork=1,ExternalENodeBFunction=310260-139208,TermPointToENB=310260-139208
  535  1 (UNLOCKED)  1 (ENABLED)   ENodeBFunction=1,EUtraNetwork=1,ExternalENodeBFunction=310260-139218,TermPointToENB=310260-139218
  538  0 (LOCKED)    0 (DISABLED)  ENodeBFunction=1,EUtraNetwork=1,ExternalENodeBFunction=310260-139223,TermPointToENB=310260-139223
  541  0 (LOCKED)    0 (DISABLED)  ENodeBFunction=1,EUtraNetwork=1,ExternalENodeBFunction=310260-139245,TermPointToENB=310260-139245
  545  0 (LOCKED)    0 (DISABLED)  ENodeBFunction=1,EUtraNetwork=1,ExternalENodeBFunction=310260-140110,TermPointToENB=310260-140110
  549  1 (UNLOCKED)  1 (ENABLED)   ENodeBFunction=1,EUtraNetwork=1,ExternalENodeBFunction=310260-140111,TermPointToENB=310260-140111
  551  1 (UNLOCKED)  1 (ENABLED)   ENodeBFunction=1,EUtraNetwork=1,ExternalENodeBFunction=310260-140114,TermPointToENB=310260-140114
  555  1 (UNLOCKED)  1 (ENABLED)   ENodeBFunction=1,EUtraNetwork=1,ExternalENodeBFunction=310260-140115,TermPointToENB=310260-140115
  560  1 (UNLOCKED)  1 (ENABLED)   ENodeBFunction=1,EUtraNetwork=1,ExternalENodeBFunction=310260-143315,TermPointToENB=310260-143315
  562  1 (UNLOCKED)  1 (ENABLED)   ENodeBFunction=1,EUtraNetwork=1,ExternalENodeBFunction=310260-143327,TermPointToENB=310260-143327
  567  1 (UNLOCKED)  1 (ENABLED)   ENodeBFunction=1,EUtraNetwork=1,ExternalENodeBFunction=310260-143841,TermPointToENB=310260-143841
  571  1 (UNLOCKED)  1 (ENABLED)   ENodeBFunction=1,EUtraNetwork=1,ExternalENodeBFunction=310260-144949,TermPointToENB=310260-144949
  574  1 (UNLOCKED)  1 (ENABLED)   ENodeBFunction=1,EUtraNetwork=1,ExternalENodeBFunction=310260-147116,TermPointToENB=310260-147116
  583  1 (UNLOCKED)  1 (ENABLED)   ENodeBFunction=1,EUtraNetwork=1,ExternalENodeBFunction=310260-147761,TermPointToENB=310260-147761
  589  1 (UNLOCKED)  1 (ENABLED)   ENodeBFunction=1,EUtraNetwork=1,ExternalENodeBFunction=310260-149129,TermPointToENB=310260-149129
  593  1 (UNLOCKED)  1 (ENABLED)   ENodeBFunction=1,EUtraNetwork=1,ExternalENodeBFunction=310260-306371,TermPointToENB=310260-306371
  599  1 (UNLOCKED)  1 (ENABLED)   ENodeBFunction=1,EUtraNetwork=1,ExternalENodeBFunction=310260-307582,TermPointToENB=310260-307582
  602  1 (UNLOCKED)  1 (ENABLED)   ENodeBFunction=1,EUtraNetwork=1,ExternalENodeBFunction=310260-315337,TermPointToENB=310260-315337
  605  1 (UNLOCKED)  1 (ENABLED)   ENodeBFunction=1,EUtraNetwork=1,ExternalENodeBFunction=310260-326122,TermPointToENB=310260-326122
  610  1 (UNLOCKED)  1 (ENABLED)   ENodeBFunction=1,EUtraNetwork=1,ExternalENodeBFunction=310260-42991,TermPointToENB=310260-42991
  614  1 (UNLOCKED)  1 (ENABLED)   ENodeBFunction=1,EUtraNetwork=1,ExternalENodeBFunction=310260-435332,TermPointToENB=310260-435332
  620  1 (UNLOCKED)  1 (ENABLED)   ENodeBFunction=1,EUtraNetwork=1,ExternalENodeBFunction=310260-475115,TermPointToENB=310260-475115
  623  1 (UNLOCKED)  1 (ENABLED)   ENodeBFunction=1,EUtraNetwork=1,ExternalENodeBFunction=310260-475811,TermPointToENB=310260-475811
  625  1 (UNLOCKED)  1 (ENABLED)   ENodeBFunction=1,EUtraNetwork=1,ExternalENodeBFunction=310260-476222,TermPointToENB=310260-476222
  628  1 (UNLOCKED)  1 (ENABLED)   ENodeBFunction=1,EUtraNetwork=1,ExternalENodeBFunction=310260-476224,TermPointToENB=310260-476224
  631  1 (UNLOCKED)  1 (ENABLED)   ENodeBFunction=1,EUtraNetwork=1,ExternalENodeBFunction=310260-477608,TermPointToENB=310260-477608
  634  1 (UNLOCKED)  1 (ENABLED)   ENodeBFunction=1,EUtraNetwork=1,ExternalENodeBFunction=310260-477731,TermPointToENB=310260-477731
  639  1 (UNLOCKED)  1 (ENABLED)   ENodeBFunction=1,EUtraNetwork=1,ExternalENodeBFunction=310260-477791,TermPointToENB=310260-477791
  648  1 (UNLOCKED)  1 (ENABLED)   ENodeBFunction=1,EUtraNetwork=1,ExternalENodeBFunction=310260-478282,TermPointToENB=310260-478282
  657  1 (UNLOCKED)  1 (ENABLED)   ENodeBFunction=1,EUtraNetwork=1,ExternalENodeBFunction=310260-52035,TermPointToENB=310260-52035
  660  1 (UNLOCKED)  1 (ENABLED)   ENodeBFunction=1,EUtraNetwork=1,ExternalENodeBFunction=310260-52766,TermPointToENB=310260-52766
  667  1 (UNLOCKED)  1 (ENABLED)   ENodeBFunction=1,EUtraNetwork=1,ExternalENodeBFunction=310260-54749,TermPointToENB=310260-54749
  672  1 (UNLOCKED)  1 (ENABLED)   ENodeBFunction=1,EUtraNetwork=1,ExternalENodeBFunction=310260-54792,TermPointToENB=310260-54792
  676  1 (UNLOCKED)  1 (ENABLED)   ENodeBFunction=1,EUtraNetwork=1,ExternalENodeBFunction=310260-54798,TermPointToENB=310260-54798
  680  1 (UNLOCKED)  1 (ENABLED)   ENodeBFunction=1,EUtraNetwork=1,ExternalENodeBFunction=310260-54800,TermPointToENB=310260-54800
  682                1 (ENABLED)   ENodeBFunction=1,EUtraNetwork=1,ExternalENodeBFunction=310260-54808,EranInterMeLink=1
  687  1 (UNLOCKED)  1 (ENABLED)   ENodeBFunction=1,EUtraNetwork=1,ExternalENodeBFunction=310260-54808,TermPointToENB=310260-54808
  693  1 (UNLOCKED)  1 (ENABLED)   ENodeBFunction=1,EUtraNetwork=1,ExternalENodeBFunction=310260-58688,TermPointToENB=310260-58688
  696  1 (UNLOCKED)  1 (ENABLED)   ENodeBFunction=1,EUtraNetwork=1,ExternalENodeBFunction=310260-58689,TermPointToENB=310260-58689
  701  1 (UNLOCKED)  1 (ENABLED)   ENodeBFunction=1,EUtraNetwork=1,ExternalENodeBFunction=310260-58692,TermPointToENB=310260-58692
  704  1 (UNLOCKED)  1 (ENABLED)   ENodeBFunction=1,EUtraNetwork=1,ExternalENodeBFunction=310260-58695,TermPointToENB=310260-58695
  709  1 (UNLOCKED)  1 (ENABLED)   ENodeBFunction=1,EUtraNetwork=1,ExternalENodeBFunction=310260-58697,TermPointToENB=310260-58697
  715  1 (UNLOCKED)  1 (ENABLED)   ENodeBFunction=1,EUtraNetwork=1,ExternalENodeBFunction=310260-58841,TermPointToENB=310260-58841
  718  1 (UNLOCKED)  1 (ENABLED)   ENodeBFunction=1,EUtraNetwork=1,ExternalENodeBFunction=310260-58956,TermPointToENB=310260-58956
  720  1 (UNLOCKED)  1 (ENABLED)   ENodeBFunction=1,EUtraNetwork=1,ExternalENodeBFunction=310260-875205,TermPointToENB=310260-875205
  725  1 (UNLOCKED)  1 (ENABLED)   ENodeBFunction=1,EUtraNetwork=1,ExternalENodeBFunction=310260-878697,TermPointToENB=310260-878697
  730  1 (UNLOCKED)  1 (ENABLED)   ENodeBFunction=1,EUtraNetwork=1,ExternalENodeBFunction=310260-890798,TermPointToENB=310260-890798
  736  1 (UNLOCKED)  1 (ENABLED)   ENodeBFunction=1,EUtraNetwork=1,ExternalENodeBFunction=310260-890800,TermPointToENB=310260-890800
 1046  1 (UNLOCKED)  1 (ENABLED)   ENodeBFunction=1,TermPointToMme=DC1vMME1
 1047  1 (UNLOCKED)  1 (ENABLED)   ENodeBFunction=1,TermPointToMme=DC1vMME2
 1048  1 (UNLOCKED)  1 (ENABLED)   ENodeBFunction=1,TermPointToMme=DC2vMME1
 1049  1 (UNLOCKED)  1 (ENABLED)   ENodeBFunction=1,TermPointToMme=NE1CMM01
 1050  1 (UNLOCKED)  1 (ENABLED)   ENodeBFunction=1,TermPointToMme=NE1vMME1
 1051  1 (UNLOCKED)  1 (ENABLED)   ENodeBFunction=1,TermPointToMme=NE1vMME2
 1052  1 (UNLOCKED)  1 (ENABLED)   ENodeBFunction=1,TermPointToMme=NE4vMME1
 1053  1 (UNLOCKED)  1 (ENABLED)   ENodeBFunction=1,TermPointToMme=PH2vMME1
 1054  1 (UNLOCKED)  1 (ENABLED)   ENodeBFunction=1,TermPointToMme=PH3nMME1
 1055  1 (UNLOCKED)  0 (DISABLED)  ENodeBFunction=1,TermPointToMme=PH3vMME1
 1056  1 (UNLOCKED)  1 (ENABLED)   ENodeBFunction=1,TermPointToMme=UP1vMME1
 1057  1 (UNLOCKED)  1 (ENABLED)   ENodeBFunction=1,TermPointToMme=UP2nMME1
 1058  1 (UNLOCKED)  1 (ENABLED)   ENodeBFunction=1,TermPointToMme=UP2vMME1
 1684  0 (LOCKED)    0 (DISABLED)  GNBCUCPFunction=1,EUtraNetwork=1,ExternalENodeBFunction=auto310_260_3_132092,TermPointToENodeB=auto1
 1686  0 (LOCKED)    0 (DISABLED)  GNBCUCPFunction=1,EUtraNetwork=1,ExternalENodeBFunction=auto310_260_3_133296,TermPointToENodeB=auto1
 1704  1 (UNLOCKED)  1 (ENABLED)   GNBCUCPFunction=1,EUtraNetwork=1,ExternalENodeBFunction=auto310_260_3_147116,TermPointToENodeB=auto1
 1711  1 (UNLOCKED)  1 (ENABLED)   GNBCUCPFunction=1,EUtraNetwork=1,ExternalENodeBFunction=auto310_260_3_147761,TermPointToENodeB=auto1
 1717  0 (LOCKED)    0 (DISABLED)  GNBCUCPFunction=1,EUtraNetwork=1,ExternalENodeBFunction=auto310_260_3_149129,TermPointToENodeB=auto1
 1721  1 (UNLOCKED)  1 (ENABLED)   GNBCUCPFunction=1,EUtraNetwork=1,ExternalENodeBFunction=auto310_260_3_307582,TermPointToENodeB=auto1
 1736  1 (UNLOCKED)  1 (ENABLED)   GNBCUCPFunction=1,EUtraNetwork=1,ExternalENodeBFunction=auto310_260_3_52035,TermPointToENodeB=auto1
 1739  0 (LOCKED)    0 (DISABLED)  GNBCUCPFunction=1,EUtraNetwork=1,ExternalENodeBFunction=auto310_260_3_54484,TermPointToENodeB=auto1
 1741  0 (LOCKED)    0 (DISABLED)  GNBCUCPFunction=1,EUtraNetwork=1,ExternalENodeBFunction=auto310_260_3_54749,TermPointToENodeB=auto1
 1743  1 (UNLOCKED)  1 (ENABLED)   GNBCUCPFunction=1,EUtraNetwork=1,ExternalENodeBFunction=auto310_260_3_54792,TermPointToENodeB=auto1
 1746  0 (LOCKED)    0 (DISABLED)  GNBCUCPFunction=1,EUtraNetwork=1,ExternalENodeBFunction=auto310_260_3_54800,TermPointToENodeB=auto1
 1750  1 (UNLOCKED)  1 (ENABLED)   GNBCUCPFunction=1,EUtraNetwork=1,ExternalENodeBFunction=auto310_260_3_54808,TermPointToENodeB=auto1
 1753  0 (LOCKED)    0 (DISABLED)  GNBCUCPFunction=1,EUtraNetwork=1,ExternalENodeBFunction=auto310_260_3_58688,TermPointToENodeB=auto1
 1755  0 (LOCKED)    0 (DISABLED)  GNBCUCPFunction=1,EUtraNetwork=1,ExternalENodeBFunction=auto310_260_3_58689,TermPointToENodeB=auto1
 1757  0 (LOCKED)    0 (DISABLED)  GNBCUCPFunction=1,EUtraNetwork=1,ExternalENodeBFunction=auto310_260_3_58692,TermPointToENodeB=auto1
 1760  0 (LOCKED)    0 (DISABLED)  GNBCUCPFunction=1,EUtraNetwork=1,ExternalENodeBFunction=auto310_260_3_58697,TermPointToENodeB=auto1
 1764  1 (UNLOCKED)  1 (ENABLED)   GNBCUCPFunction=1,EUtraNetwork=1,ExternalENodeBFunction=auto310_260_3_58841,TermPointToENodeB=auto1
 1766  0 (LOCKED)    0 (DISABLED)  GNBCUCPFunction=1,EUtraNetwork=1,ExternalENodeBFunction=auto310_260_3_58956,TermPointToENodeB=auto1
 1770  0 (LOCKED)    0 (DISABLED)  GNBCUCPFunction=1,EUtraNetwork=1,ExternalENodeBFunction=auto310_260_3_878697,TermPointToENodeB=auto1
 1773  0 (LOCKED)    0 (DISABLED)  GNBCUCPFunction=1,EUtraNetwork=1,ExternalENodeBFunction=auto310_260_3_890798,TermPointToENodeB=auto1
 2093  1 (UNLOCKED)  1 (ENABLED)   GNBCUCPFunction=1,NRNetwork=1,ExternalGNBCUCPFunction=auto310_260_3_1081627,TermPointToGNodeB=auto1
 2107  1 (UNLOCKED)  1 (ENABLED)   GNBCUCPFunction=1,NRNetwork=1,ExternalGNBCUCPFunction=auto310_260_3_1081693,TermPointToGNodeB=auto1
 2121  1 (UNLOCKED)  1 (ENABLED)   GNBCUCPFunction=1,NRNetwork=1,ExternalGNBCUCPFunction=auto310_260_3_1086310,TermPointToGNodeB=auto1
 2141  1 (UNLOCKED)  1 (ENABLED)   GNBCUCPFunction=1,NRNetwork=1,ExternalGNBCUCPFunction=auto310_260_3_1086312,TermPointToGNodeB=auto1
 2155  1 (UNLOCKED)  1 (ENABLED)   GNBCUCPFunction=1,NRNetwork=1,ExternalGNBCUCPFunction=auto310_260_3_1090133,TermPointToGNodeB=auto1
 2166  1 (UNLOCKED)  1 (ENABLED)   GNBCUCPFunction=1,NRNetwork=1,ExternalGNBCUCPFunction=auto310_260_3_1313539,TermPointToGNodeB=auto1
 2177  1 (UNLOCKED)  1 (ENABLED)   GNBCUCPFunction=1,NRNetwork=1,ExternalGNBCUCPFunction=auto310_260_3_1315414,TermPointToGNodeB=auto1
 2188  1 (UNLOCKED)  1 (ENABLED)   GNBCUCPFunction=1,NRNetwork=1,ExternalGNBCUCPFunction=auto310_260_3_1315842,TermPointToGNodeB=auto1
 2199  1 (UNLOCKED)  1 (ENABLED)   GNBCUCPFunction=1,NRNetwork=1,ExternalGNBCUCPFunction=auto310_260_3_1316037,TermPointToGNodeB=auto1
 2210  1 (UNLOCKED)  1 (ENABLED)   GNBCUCPFunction=1,NRNetwork=1,ExternalGNBCUCPFunction=auto310_260_3_1316041,TermPointToGNodeB=auto1
 2221  1 (UNLOCKED)  1 (ENABLED)   GNBCUCPFunction=1,NRNetwork=1,ExternalGNBCUCPFunction=auto310_260_3_1316231,TermPointToGNodeB=auto1
 2232  1 (UNLOCKED)  1 (ENABLED)   GNBCUCPFunction=1,NRNetwork=1,ExternalGNBCUCPFunction=auto310_260_3_1316353,TermPointToGNodeB=auto1
 2243  1 (UNLOCKED)  1 (ENABLED)   GNBCUCPFunction=1,NRNetwork=1,ExternalGNBCUCPFunction=auto310_260_3_1316354,TermPointToGNodeB=auto1
 2254  1 (UNLOCKED)  1 (ENABLED)   GNBCUCPFunction=1,NRNetwork=1,ExternalGNBCUCPFunction=auto310_260_3_1317658,TermPointToGNodeB=auto1
 2262  1 (UNLOCKED)  1 (ENABLED)   GNBCUCPFunction=1,NRNetwork=1,ExternalGNBCUCPFunction=auto310_260_3_1319462,TermPointToGNodeB=auto1
 2273  1 (UNLOCKED)  1 (ENABLED)   GNBCUCPFunction=1,NRNetwork=1,ExternalGNBCUCPFunction=auto310_260_3_1319870,TermPointToGNodeB=auto1
 2284  1 (UNLOCKED)  1 (ENABLED)   GNBCUCPFunction=1,NRNetwork=1,ExternalGNBCUCPFunction=auto310_260_3_1319872,TermPointToGNodeB=auto1
 2298  1 (UNLOCKED)  1 (ENABLED)   GNBCUCPFunction=1,NRNetwork=1,ExternalGNBCUCPFunction=auto310_260_3_1322547,TermPointToGNodeB=auto1
 2312  1 (UNLOCKED)  1 (ENABLED)   GNBCUCPFunction=1,NRNetwork=1,ExternalGNBCUCPFunction=auto310_260_3_1323576,TermPointToGNodeB=auto1
 2323  1 (UNLOCKED)  1 (ENABLED)   GNBCUCPFunction=1,NRNetwork=1,ExternalGNBCUCPFunction=auto310_260_3_1325000,TermPointToGNodeB=auto1
 2337  1 (UNLOCKED)  1 (ENABLED)   GNBCUCPFunction=1,NRNetwork=1,ExternalGNBCUCPFunction=auto310_260_3_1329025,TermPointToGNodeB=auto1
 2351  1 (UNLOCKED)  1 (ENABLED)   GNBCUCPFunction=1,NRNetwork=1,ExternalGNBCUCPFunction=auto310_260_3_1330582,TermPointToGNodeB=auto1
 2365  1 (UNLOCKED)  1 (ENABLED)   GNBCUCPFunction=1,NRNetwork=1,ExternalGNBCUCPFunction=auto310_260_3_1332743,TermPointToGNodeB=auto1
 2385  1 (UNLOCKED)  1 (ENABLED)   GNBCUCPFunction=1,NRNetwork=1,ExternalGNBCUCPFunction=auto310_260_3_1334230,TermPointToGNodeB=auto1
 2405  1 (UNLOCKED)  1 (ENABLED)   GNBCUCPFunction=1,NRNetwork=1,ExternalGNBCUCPFunction=auto310_260_3_1335323,TermPointToGNodeB=auto1
 2419  1 (UNLOCKED)  1 (ENABLED)   GNBCUCPFunction=1,NRNetwork=1,ExternalGNBCUCPFunction=auto310_260_3_1335632,TermPointToGNodeB=auto1
 2445  1 (UNLOCKED)  1 (ENABLED)   GNBCUCPFunction=1,NRNetwork=1,ExternalGNBCUCPFunction=auto310_260_3_1338497,TermPointToGNodeB=auto1
 2471  1 (UNLOCKED)  1 (ENABLED)   GNBCUCPFunction=1,NRNetwork=1,ExternalGNBCUCPFunction=auto310_260_3_1347239,TermPointToGNodeB=auto1
 2482  1 (UNLOCKED)  1 (ENABLED)   GNBCUCPFunction=1,NRNetwork=1,ExternalGNBCUCPFunction=auto310_260_3_1348420,TermPointToGNodeB=auto1
 2493  1 (UNLOCKED)  1 (ENABLED)   GNBCUCPFunction=1,NRNetwork=1,ExternalGNBCUCPFunction=auto310_260_3_1350108,TermPointToGNodeB=auto1
 2513  1 (UNLOCKED)  1 (ENABLED)   GNBCUCPFunction=1,NRNetwork=1,ExternalGNBCUCPFunction=auto310_260_3_1350507,TermPointToGNodeB=auto1
 2539  1 (UNLOCKED)  1 (ENABLED)   GNBCUCPFunction=1,NRNetwork=1,ExternalGNBCUCPFunction=auto310_260_3_1352459,TermPointToGNodeB=auto1
 2561  1 (UNLOCKED)  1 (ENABLED)   GNBCUCPFunction=1,NRNetwork=1,ExternalGNBCUCPFunction=auto310_260_3_1353366,TermPointToGNodeB=auto1
 2578  1 (UNLOCKED)  0 (DISABLED)  GNBCUCPFunction=1,NRNetwork=1,ExternalGNBCUCPFunction=auto310_260_3_1353415,TermPointToGNodeB=auto1
 2595  1 (UNLOCKED)  1 (ENABLED)   GNBCUCPFunction=1,NRNetwork=1,ExternalGNBCUCPFunction=auto310_260_3_1366351,TermPointToGNodeB=auto1
 2612  1 (UNLOCKED)  1 (ENABLED)   GNBCUCPFunction=1,NRNetwork=1,ExternalGNBCUCPFunction=auto310_260_3_1366401,TermPointToGNodeB=auto1
 2634  1 (UNLOCKED)  1 (ENABLED)   GNBCUCPFunction=1,NRNetwork=1,ExternalGNBCUCPFunction=auto310_260_3_1367778,TermPointToGNodeB=auto1
 2656  1 (UNLOCKED)  1 (ENABLED)   GNBCUCPFunction=1,NRNetwork=1,ExternalGNBCUCPFunction=auto310_260_3_1367790,TermPointToGNodeB=auto1
 2676  1 (UNLOCKED)  1 (ENABLED)   GNBCUCPFunction=1,NRNetwork=1,ExternalGNBCUCPFunction=auto310_260_3_1369605,TermPointToGNodeB=auto1
 2687  1 (UNLOCKED)  1 (ENABLED)   GNBCUCPFunction=1,NRNetwork=1,ExternalGNBCUCPFunction=auto310_260_3_1371066,TermPointToGNodeB=auto1
 2743  1 (UNLOCKED)  1 (ENABLED)   GNBCUCPFunction=1,TermPointToAmf=DC1AMF01
 2745  1 (UNLOCKED)  1 (ENABLED)   GNBCUCPFunction=1,TermPointToAmf=DC2AMF01
 2747  1 (UNLOCKED)  1 (ENABLED)   GNBCUCPFunction=1,TermPointToAmf=DC2AMF02
 2749  1 (UNLOCKED)  1 (ENABLED)   GNBCUCPFunction=1,TermPointToAmf=NE1CMM01
 2751  1 (UNLOCKED)  1 (ENABLED)   GNBCUCPFunction=1,TermPointToAmf=NE3AMF01
 2753  1 (UNLOCKED)  1 (ENABLED)   GNBCUCPFunction=1,TermPointToAmf=NE4AMF01
 2755  1 (UNLOCKED)  1 (ENABLED)   GNBCUCPFunction=1,TermPointToAmf=NE4AMF02
 2757  1 (UNLOCKED)  1 (ENABLED)   GNBCUCPFunction=1,TermPointToAmf=PH1AMF01
 2759  1 (UNLOCKED)  1 (ENABLED)   GNBCUCPFunction=1,TermPointToAmf=PH2AMF01
 2761  1 (UNLOCKED)  1 (ENABLED)   GNBCUCPFunction=1,TermPointToAmf=PH2AMF02
 2763  1 (UNLOCKED)  1 (ENABLED)   GNBCUCPFunction=1,TermPointToAmf=PH3AMF01
 2765  1 (UNLOCKED)  1 (ENABLED)   GNBCUCPFunction=1,TermPointToAmf=UP1AMF01
 2767  1 (UNLOCKED)  1 (ENABLED)   GNBCUCPFunction=1,TermPointToAmf=UP2AMF01
 2769  1 (UNLOCKED)  1 (ENABLED)   GNBCUCPFunction=1,TermPointToAmf=UP2AMF02
 2771                1 (ENABLED)   GNBCUCPFunction=1,TermPointToGNBDU=1
 3367  1 (UNLOCKED)  1 (ENABLED)   GNBDUFunction=1,TermPointToGNBCUCP=1
===================================================================================
Total: 144 MOs

M2SU6334A> 

M2SU6334A> enm cmedit get *$Node* 

240422-21:00:36-0500 11.48.68.170 24.0c MSRBS_NODE_MODEL_23.Q4_643.28133.125_0bc9 stopfile=/tmp/4024140


Not allowed to run from amosbatch.


M2SU6334A> enm cmedit get *$Node* AddressIPv4.(*) -t

240422-21:00:36-0500 11.48.68.170 24.0c MSRBS_NODE_MODEL_23.Q4_643.28133.125_0bc9 stopfile=/tmp/4024140


Not allowed to run from amosbatch.


M2SU6334A> 

M2SU6334A> hget AddressIPv4 ^address$

240422-21:00:36-0500 11.48.68.170 24.0c MSRBS_NODE_MODEL_23.Q4_643.28133.125_0bc9 stopfile=/tmp/4024140
.
=================================================================================================================
MO                                                         address         
=================================================================================================================
Router=LTE,InterfaceIPv4=LTE,AddressIPv4=1                 42.176.68.186/27
Router=Node_Internal_F1,InterfaceIPv4=NRCUCP,AddressIPv4=1 169.254.42.42/32
Router=Node_Internal_F1,InterfaceIPv4=NRDU,AddressIPv4=1   169.254.42.43/32
Router=vr_OAM,InterfaceIPv4=1,AddressIPv4=1                11.48.68.170/27 
Router=vr_TRAFFIC,InterfaceIPv4=1,AddressIPv4=1            42.176.68.170/27
=================================================================================================================
Total: 5 MOs

Added 5 MOs to group: hget_group

M2SU6334A> 

M2SU6334A> pmxz NRCell PMENDCSETUPUEATT$|PMENDCSETUPUESUCC$ -m 3

240422-21:00:36-0500 11.48.68.170 24.0c MSRBS_NODE_MODEL_23.Q4_643.28133.125_0bc9 stopfile=/tmp/4024140
Parsing PM cache: /home/shared/gbadim1/moshell/jarxml/PMCACHE_MSRBS_NODE_MODEL_23.Q4_643.28133.125_0bc9.txt.gz ... Done.

.......................
get /rop/A20240422.2230-2245_M2SU6334A.xml.gz /ericsson/log/amos/moshell_logfiles/gbadim1/logs_moshell/pmfiles/11.48.68.170/rop/A20240422.2230-2245_M2SU6334A.xml.gz ... OK
get /rop/A20240422.2245-2300_M2SU6334A.xml.gz /ericsson/log/amos/moshell_logfiles/gbadim1/logs_moshell/pmfiles/11.48.68.170/rop/A20240422.2245-2300_M2SU6334A.xml.gz ... OK
get /rop/A20240422.2300-2315_M2SU6334A.xml.gz /ericsson/log/amos/moshell_logfiles/gbadim1/logs_moshell/pmfiles/11.48.68.170/rop/A20240422.2300-2315_M2SU6334A.xml.gz ... OK
get /rop/A20240422.2315-2330_M2SU6334A.xml.gz /ericsson/log/amos/moshell_logfiles/gbadim1/logs_moshell/pmfiles/11.48.68.170/rop/A20240422.2315-2330_M2SU6334A.xml.gz ... OK
get /rop/A20240422.2330-2345_M2SU6334A.xml.gz /ericsson/log/amos/moshell_logfiles/gbadim1/logs_moshell/pmfiles/11.48.68.170/rop/A20240422.2330-2345_M2SU6334A.xml.gz ... OK
get /rop/A20240422.2345-0000_M2SU6334A.xml.gz /ericsson/log/amos/moshell_logfiles/gbadim1/logs_moshell/pmfiles/11.48.68.170/rop/A20240422.2345-0000_M2SU6334A.xml.gz ... OK
get /rop/A20240423.0000-0015_M2SU6334A.xml.gz /ericsson/log/amos/moshell_logfiles/gbadim1/logs_moshell/pmfiles/11.48.68.170/rop/A20240423.0000-0015_M2SU6334A.xml.gz ... OK
get /rop/A20240423.0015-0030_M2SU6334A.xml.gz /ericsson/log/amos/moshell_logfiles/gbadim1/logs_moshell/pmfiles/11.48.68.170/rop/A20240423.0015-0030_M2SU6334A.xml.gz ... OK
get /rop/A20240423.0030-0045_M2SU6334A.xml.gz /ericsson/log/amos/moshell_logfiles/gbadim1/logs_moshell/pmfiles/11.48.68.170/rop/A20240423.0030-0045_M2SU6334A.xml.gz ... OK
get /rop/A20240423.0045-0100_M2SU6334A.xml.gz /ericsson/log/amos/moshell_logfiles/gbadim1/logs_moshell/pmfiles/11.48.68.170/rop/A20240423.0045-0100_M2SU6334A.xml.gz ... OK
get /rop/A20240423.0100-0115_M2SU6334A.xml.gz /ericsson/log/amos/moshell_logfiles/gbadim1/logs_moshell/pmfiles/11.48.68.170/rop/A20240423.0100-0115_M2SU6334A.xml.gz ... OK
get /rop/A20240423.0115-0130_M2SU6334A.xml.gz /ericsson/log/amos/moshell_logfiles/gbadim1/logs_moshell/pmfiles/11.48.68.170/rop/A20240423.0115-0130_M2SU6334A.xml.gz ... OK
get /rop/A20240423.0130-0145_M2SU6334A.xml.gz /ericsson/log/amos/moshell_logfiles/gbadim1/logs_moshell/pmfiles/11.48.68.170/rop/A20240423.0130-0145_M2SU6334A.xml.gz ... OK
get /rop/A20240423.0145-0200_M2SU6334A.xml.gz /ericsson/log/amos/moshell_logfiles/gbadim1/logs_moshell/pmfiles/11.48.68.170/rop/A20240423.0145-0200_M2SU6334A.xml.gz ... OK

(gzip -dc /ericsson/log/amos/moshell_logfiles/gbadim1/logs_moshell/pmfiles/11.48.68.170/rop/A20240422.2300-2315_M2SU6334A.xml.gz /ericsson/log/amos/moshell_logfiles/gbadim1/logs_moshell/pmfiles/11.48.68.170/rop/A20240422.2315-2330_M2SU6334A.xml.gz /ericsson/log/amos/moshell_logfiles/gbadim1/logs_moshell/pmfiles/11.48.68.170/rop/A20240422.2330-2345_M2SU6334A.xml.gz /ericsson/log/amos/moshell_logfiles/gbadim1/logs_moshell/pmfiles/11.48.68.170/rop/A20240422.2345-0000_M2SU6334A.xml.gz /ericsson/log/amos/moshell_logfiles/gbadim1/logs_moshell/pmfiles/11.48.68.170/rop/A20240423.0000-0015_M2SU6334A.xml.gz /ericsson/log/amos/moshell_logfiles/gbadim1/logs_moshell/pmfiles/11.48.68.170/rop/A20240423.0015-0030_M2SU6334A.xml.gz /ericsson/log/amos/moshell_logfiles/gbadim1/logs_moshell/pmfiles/11.48.68.170/rop/A20240423.0030-0045_M2SU6334A.xml.gz /ericsson/log/amos/moshell_logfiles/gbadim1/logs_moshell/pmfiles/11.48.68.170/rop/A20240423.0045-0100_M2SU6334A.xml.gz /ericsson/log/amos/moshell_logfiles/gbadim1/logs_moshell/pmfiles/11.48.68.170/rop/A20240423.0100-0115_M2SU6334A.xml.gz /ericsson/log/amos/moshell_logfiles/gbadim1/logs_moshell/pmfiles/11.48.68.170/rop/A20240423.0115-0130_M2SU6334A.xml.gz /ericsson/log/amos/moshell_logfiles/gbadim1/logs_moshell/pmfiles/11.48.68.170/rop/A20240423.0130-0145_M2SU6334A.xml.gz /ericsson/log/amos/moshell_logfiles/gbadim1/logs_moshell/pmfiles/11.48.68.170/rop/A20240423.0145-0200_M2SU6334A.xml.gz | LANG=C LC_ALL=C /opt/ericsson/amos/moshell/gawk -vusergawk="LANG=C LC_ALL=C /opt/ericsson/amos/moshell/gawk" -f /opt/ericsson/amos/moshell/commonjars/pmExtract.awk  "nrcell" "PMENDCSETUPUEATT$|PMENDCSETUPUESUCC$"   | sort | uniq | /usr/bin/perl /opt/ericsson/amos/moshell/pmXtab -q -pval 0 -mom /var/tmp/20240422-210002_4023811/pmxmomLog4024140  -cols time -fmt txt -m "[M]anagedElement=[^,]+,(?:\w+=1,){0,1}((\w+=[^,]+,*)+$)"  )2>&1 | tee -a /ericsson/log/amos/moshell_logfiles/gbadim1/logs_moshell/sessionlog/240422-210009_M2SU6334A.log

Report from 2024-04-22 23:00 UTC to 2024-04-23 01:59 UTC (12 ropfiles)
Node SW: CXP2010174/1_R82C53 (23.Q4.0-3)

Date: 2024-04-22
Object               Counter            18:00  18:15  18:30  18:45  19:00  19:15  19:30  19:45  20:00  20:15  20:30  20:45
NRCellCU=K2SU6334A11 pmEndcSetupUeAtt      39     33     37     33     59     72     49     29     18     23     30     12
NRCellCU=K2SU6334A11 pmEndcSetupUeSucc     39     33     37     33     57     72     49     29     18     23     30     12
NRCellCU=K2SU6334A21 pmEndcSetupUeAtt     190    155    123    153    152    115    121    161    135    102     76     65
NRCellCU=K2SU6334A21 pmEndcSetupUeSucc    188    155    122    153    152    114    121    159    133    100     76     65
NRCellCU=K2SU6334A31 pmEndcSetupUeAtt      40     31     26     29     41     37     37     35     48     54     50     47
NRCellCU=K2SU6334A31 pmEndcSetupUeSucc     40     31     26     29     41     37     36     35     48     54     50     47


M2SU6334A> ue print -admitted
Checking available boards on node...

Collecting RCS board data ...
.......................................................................
..
.....
240422-21:01:18-0500 11.48.68.170 24.0c MSRBS_NODE_MODEL_23.Q4_643.28133.125_0bc9 stopfile=/tmp/4024140
coli>/lrat/ue print -admitted
CellId  #UE:s  #Bearers  
   4       2        4
   5      16       35
   6       5       11
coli>/rc/nrat/ue print -admitted
NrEnDc: uehId:4 ues:1
NrEnDc: uehId:5 ues:2
NrEnDc: uehId:6 ues:2
NrEnDc: uehId:7 ues:4
NrNrDc: uehId:4 ues:0
NrNrDc: uehId:5 ues:0
NrNrDc: uehId:6 ues:0
NrNrDc: uehId:7 ues:0
Nr: uehId:4 ues:2
Nr: uehId:5 ues:3
Nr: uehId:6 ues:2
Nr: uehId:7 ues:3
coli>/rpc/nrat/ue print -admitted
uehId:6 ues:0
uehId:7 ues:3
uehId:8 ues:5
uehId:9 ues:4
uehId:10 ues:7
coli>

M2SU6334A> 

M2SU6334A> ############################################################################################

M2SU6334A> #		 Post Script CV and unset of all variables - This is modifiable to your needs      #

M2SU6334A> ############################################################################################

M2SU6334A> 

M2SU6334A> 

M2SU6334A> l-

Log close: /ericsson/log/amos/moshell_logfiles/gbadim1/logs_moshell/sessionlog/240422-210009_M2SU6334A.log

M2SU6334A> confb-

M2SU6334A> gs-

Perform a get before set = disabled

M2SU6334A> 

M2SU6334A> 

M2SU6334A> #cvms post_$jobname_$date

M2SU6334A> 

M2SU6334A> #Keep the unset all after the cv so the variables can be used

M2SU6334A> unset all 

M2SU6334A> 

M2SU6334A> #cmedit set NetworkElement=M7BAN764A,ComConnectivityInformation=1 ipAddress=11.242.0.98#
Bye...
Output has been logged to file /home/shared/common/Overnight_Work/Rehomes/Prechecks/M2SU6334A.log
