Logging to file /home/shared/common/Overnight_Work/Rehomes/Prechecks/N2BR8830A.log
                        __  __  ____   _____
                  /\   |  \/  |/ __ \ / ____|
                 /  \  | \  / | |  | | (___  
                / /\ \ | |\/| | |  | |\___ \ 
               / ____ \| |  | | |__| |____) |
              /_/    \_\_|  |_|\____/|_____/
              OSS Framework for MoShell-24.0c 
  Copyright (c) Ericsson AB 2001-2024 - All Rights Reserved
              
           
$amosrb_pid = 801805

Checking ip contact...OK

HELP MENU            : h
BASIC MO COMMANDS    : m
OTHER MO COMMANDS    : n
OTHER COMMANDS       : o
PM COMMANDS          : p
QUIT                 : q

N2BR8830A> ############################################################################################

N2BR8830A> #				Script Foundation - Leave this for all scripts							   #

N2BR8830A> ############################################################################################

N2BR8830A> 

N2BR8830A> confb+

N2BR8830A> gs+

Perform a get before set = enabled

N2BR8830A> unset all

N2BR8830A> l+

Logging to file: /ericsson/log/amos/moshell_logfiles/gbadim1/logs_moshell/sessionlog/240423-210009_N2BR8830A.log

N2BR8830A> 

N2BR8830A> alt

240423-21:00:09-0500 11.48.62.171 24.0c  stopfile=/tmp/801210
Looking up temporary_amos account... OK.
Trying temporary_amos_gbadim1_291's password from amos lookupAccount ... OK

$ssh_pid = 803692

Connected to 11.48.62.171 (SubNetwork=ONRM_ROOT_MO,SubNetwork=Philadelphia,MeContext=N2BR8830A,ManagedElement=N2BR8830A)

Checking MOM version...MSRBS_NODE_MODEL_23.Q4_643.28133.125_0bc9
Parsing MOM (cached): /var/tmp/20240423-210002_800863/MSRBS_NODE_MODEL_23.Q4_643.28133.125_0bc9.xml.cache.gz ...........................................................................................................................................................................................................Done.
Using paramfile /opt/ericsson/amos/moshell/commonjars/pm/PARAM_MSRBS_23.Q4.txt
Parsing file /opt/ericsson/amos/moshell/commonjars/pm/PARAM_MSRBS_23.Q4.txt ...................................................................................Done.
Using imomdfile /opt/ericsson/amos/moshell/commonjars/pm/IMOMD_MSRBS_22.Q4.txt
Using imomfile /opt/ericsson/amos/moshell/commonjars/pm/IMOM_MSRBS_23.Q4.txt

Collecting Alarms...

====================================================================================================================
Date & Time (UTC)   S Specific Problem                    MO (AdditionalText/PC, AI)
====================================================================================================================
>>> Total: 0 Alarms (0 Critical, 0 Major)

N2BR8830A> 

N2BR8830A> uv sls_username > $user

sls_username              = gbadim1

$user = gbadim1

N2BR8830A> $date = `date +%y%m%d-%H%M`

$date = 240423-2100

N2BR8830A> $Node = `echo "$nodename" | cut -c 2-9`

$Node = 2BR8830A

N2BR8830A> $L21 = L

$L21 = L

N2BR8830A> $L19 = B

$L19 = B

N2BR8830A> $L7 = D

$L7 = D

N2BR8830A> $L6 = E

$L6 = E

N2BR8830A> $N6 = K

$N6 = K

N2BR8830A> $N25 = A

$N25 = A

N2BR8830A> $L25 = T

$L25 = T

N2BR8830A> $N19 = J

$N19 = J

N2BR8830A> $N71 = K

$N71 = K

N2BR8830A> $2C = .*2$

$2C = .*2$

N2BR8830A> $1C = .*1$

$1C = .*1$

N2BR8830A> $allcell = TDD|FDD|NRCellDU|Nbiot

$allcell = TDD|FDD|NRCellDU|Nbiot

N2BR8830A> $FDD = EUtranCellFDD=

$FDD = EUtranCellFDD=

N2BR8830A> $TDD = EUtranCellTDD=

$TDD = EUtranCellTDD=

N2BR8830A> $NRCell = NRCellDU=

$NRCell = NRCellDU=

N2BR8830A> $NRSec25 = NRSectorCarrier=25-

$NRSec25 = NRSectorCarrier=25-

N2BR8830A> $NRSec6 = NRSectorCarrier=6-

$NRSec6 = NRSectorCarrier=6-

N2BR8830A> $NRSec19 = NRSectorCarrier=19-

$NRSec19 = NRSectorCarrier=19-

N2BR8830A> $LTESec = SectorEquipmentFunction=

$LTESec = SectorEquipmentFunction=

N2BR8830A> 

N2BR8830A> ############################################################################################

N2BR8830A> #		Change JobName and any parameter that needs changing case by case basis    		   #

N2BR8830A> ############################################################################################

N2BR8830A> # 		PUT A # SIGN IN FRONT OF ANYTHING YOU DONT WANT TO USE ON THIS SCRIPT  			   #   

N2BR8830A> ############################################################################################

N2BR8830A>       

N2BR8830A> #$arfcnDL = 507708

N2BR8830A> #$jobname = Retune_Prechecks

N2BR8830A> 

N2BR8830A> ############################################################################################

N2BR8830A> #				Script Specifics - This is modifiable to your needs						   #

N2BR8830A> ############################################################################################

N2BR8830A> #	   FOR SETM COMMANDS YOU HAVE TO REMOVE THE GS+ AND GS- from the script                #

N2BR8830A> ############################################################################################

N2BR8830A> ###############################

N2BR8830A> #### PRECHECK / LOCK / CV #####

N2BR8830A> ###############################

N2BR8830A> 

N2BR8830A> 

N2BR8830A> lt all

240423-21:00:21-0500 11.48.62.171 24.0c MSRBS_NODE_MODEL_23.Q4_643.28133.125_0bc9 stopfile=/tmp/801210
Connected to 11.48.62.171 (SubNetwork=ONRM_ROOT_MO,SubNetwork=Philadelphia,MeContext=N2BR8830A,ManagedElement=N2BR8830A)

Last MO: 15058. Loaded 15058 MOs. Total: 15059 MOs.

N2BR8830A> pr vlanport=

240423-21:00:25-0500 11.48.62.171 24.0c MSRBS_NODE_MODEL_23.Q4_643.28133.125_0bc9 stopfile=/tmp/801210
===================================================================================
Proxy  MO
===================================================================================
15055  Transport=1,VlanPort=2502
15056  Transport=1,VlanPort=4001
15057  Transport=1,VlanPort=ERAN
15058  Transport=1,VlanPort=ERAN_NR
===================================================================================
Total: 4 MOs

N2BR8830A> get address address

240423-21:00:25-0500 11.48.62.171 24.0c MSRBS_NODE_MODEL_23.Q4_643.28133.125_0bc9 stopfile=/tmp/801210
=================================================================================================================
MO                                                      Attribute         Value
=================================================================================================================
Router=Node_Internal_F1,InterfaceIPv4=NRCUCP,AddressIPv4=1 address           169.254.42.42/32
Router=Node_Internal_F1,InterfaceIPv4=NRCUCP,AddressIPv4=1 addressIPv4Id     1
Router=Node_Internal_F1,InterfaceIPv4=NRCUCP,AddressIPv4=1 primaryAddress    true
Router=Node_Internal_F1,InterfaceIPv4=NRCUCP,AddressIPv4=1 usedAddress       169.254.42.42/32
Router=Node_Internal_F1,InterfaceIPv4=NRDU,AddressIPv4=1 address           169.254.42.43/32
Router=Node_Internal_F1,InterfaceIPv4=NRDU,AddressIPv4=1 addressIPv4Id     1
Router=Node_Internal_F1,InterfaceIPv4=NRDU,AddressIPv4=1 primaryAddress    true
Router=Node_Internal_F1,InterfaceIPv4=NRDU,AddressIPv4=1 usedAddress       169.254.42.43/32
Router=vr_OAM,InterfaceIPv4=1,AddressIPv4=1             address           11.48.62.171/27
Router=vr_OAM,InterfaceIPv4=1,AddressIPv4=1             addressIPv4Id     1
Router=vr_OAM,InterfaceIPv4=1,AddressIPv4=1             primaryAddress    true
Router=vr_OAM,InterfaceIPv4=1,AddressIPv4=1             usedAddress       11.48.62.171/27
Router=vr_TRAFFIC,InterfaceIPv4=1,AddressIPv4=1         address           42.176.62.171/27
Router=vr_TRAFFIC,InterfaceIPv4=1,AddressIPv4=1         addressIPv4Id     1
Router=vr_TRAFFIC,InterfaceIPv4=1,AddressIPv4=1         primaryAddress    true
Router=vr_TRAFFIC,InterfaceIPv4=1,AddressIPv4=1         usedAddress       42.176.62.171/27
=================================================================================================================
Total: 4 MOs


N2BR8830A> st FDD|TDD|NRCellDU|NbIot

240423-21:00:26-0500 11.48.62.171 24.0c MSRBS_NODE_MODEL_23.Q4_643.28133.125_0bc9 stopfile=/tmp/801210
===================================================================================
Proxy  Adm State     Op. State     MO
===================================================================================
 1553  1 (UNLOCKED)  1 (ENABLED)   GNBDUFunction=1,NRCellDU=A2BR8830A11
 1556  1 (UNLOCKED)  1 (ENABLED)   GNBDUFunction=1,NRCellDU=A2BR8830A12
 1559  1 (UNLOCKED)  1 (ENABLED)   GNBDUFunction=1,NRCellDU=A2BR8830A21
 1562  1 (UNLOCKED)  1 (ENABLED)   GNBDUFunction=1,NRCellDU=A2BR8830A22
 1565  1 (UNLOCKED)  1 (ENABLED)   GNBDUFunction=1,NRCellDU=A2BR8830A31
 1568  1 (UNLOCKED)  1 (ENABLED)   GNBDUFunction=1,NRCellDU=A2BR8830A32
 2158  1 (UNLOCKED)                SystemFunctions=1,HealthCheckM=1,HcRule=ENodeBFunction_CheckNbiotCllRssiNpuschReadings
 2159  1 (UNLOCKED)                SystemFunctions=1,HealthCheckM=1,HcRule=ENodeBFunction_CheckNbiotCllSinrNpuschReadings
 2160  1 (UNLOCKED)                SystemFunctions=1,HealthCheckM=1,HcRule=ENodeBFunction_CheckNbiotCllStatus
===================================================================================
Total: 9 MOs

N2BR8830A> 

N2BR8830A> st termpointtognb=1

240423-21:00:26-0500 11.48.62.171 24.0c MSRBS_NODE_MODEL_23.Q4_643.28133.125_0bc9 stopfile=/tmp/801210
===================================================================================
Proxy  Adm State     Op. State     MO
===================================================================================
===================================================================================
Total: 0 MOs

N2BR8830A> get ^GNB.*=1 gNBId$

240423-21:00:26-0500 11.48.62.171 24.0c MSRBS_NODE_MODEL_23.Q4_643.28133.125_0bc9 stopfile=/tmp/801210
=================================================================================================================
MO                                                      Attribute         Value
=================================================================================================================
GNBCUCPFunction=1                                       gNBId             1371957
GNBCUUPFunction=1                                       gNBId             1371957
GNBDUFunction=1                                         gNBId             1371957
=================================================================================================================
Total: 3 MOs


N2BR8830A> get FUnction=1 nbid$

240423-21:00:27-0500 11.48.62.171 24.0c MSRBS_NODE_MODEL_23.Q4_643.28133.125_0bc9 stopfile=/tmp/801210
=================================================================================================================
MO                                                      Attribute         Value
=================================================================================================================
GNBCUCPFunction=1                                       gNBId             1371957
GNBCUUPFunction=1                                       gNBId             1371957
GNBDUFunction=1                                         gNBId             1371957
ExtGNBDUPartnerFunction=1314607                         gNBId             1314607
ExtGNBDUPartnerFunction=1371913                         gNBId             1371913
=================================================================================================================
Total: 5 MOs


N2BR8830A> st term

240423-21:00:27-0500 11.48.62.171 24.0c MSRBS_NODE_MODEL_23.Q4_643.28133.125_0bc9 stopfile=/tmp/801210
===================================================================================
Proxy  Adm State     Op. State     MO
===================================================================================
  237  0 (LOCKED)    0 (DISABLED)  GNBCUCPFunction=1,EUtraNetwork=1,ExternalENodeBFunction=auto310_260_3_435938,TermPointToENodeB=auto1
  245  1 (UNLOCKED)  1 (ENABLED)   GNBCUCPFunction=1,EUtraNetwork=1,ExternalENodeBFunction=auto310_260_3_54473,TermPointToENodeB=auto1
  247  0 (LOCKED)    0 (DISABLED)  GNBCUCPFunction=1,EUtraNetwork=1,ExternalENodeBFunction=auto310_260_3_54484,TermPointToENodeB=auto1
  251  0 (LOCKED)    0 (DISABLED)  GNBCUCPFunction=1,EUtraNetwork=1,ExternalENodeBFunction=auto310_260_3_54775,TermPointToENodeB=auto1
  254  0 (LOCKED)    0 (DISABLED)  GNBCUCPFunction=1,EUtraNetwork=1,ExternalENodeBFunction=auto310_260_3_58688,TermPointToENodeB=auto1
  258  1 (UNLOCKED)  1 (ENABLED)   GNBCUCPFunction=1,EUtraNetwork=1,ExternalENodeBFunction=auto310_260_3_58841,TermPointToENodeB=auto1
  260  0 (LOCKED)    0 (DISABLED)  GNBCUCPFunction=1,EUtraNetwork=1,ExternalENodeBFunction=auto310_260_3_878193,TermPointToENodeB=auto1
  692  1 (UNLOCKED)  1 (ENABLED)   GNBCUCPFunction=1,NRNetwork=1,ExternalGNBCUCPFunction=auto310_260_3_1075977,TermPointToGNodeB=auto1
  706  1 (UNLOCKED)  1 (ENABLED)   GNBCUCPFunction=1,NRNetwork=1,ExternalGNBCUCPFunction=auto310_260_3_1075983,TermPointToGNodeB=auto1
  720  1 (UNLOCKED)  1 (ENABLED)   GNBCUCPFunction=1,NRNetwork=1,ExternalGNBCUCPFunction=auto310_260_3_1086310,TermPointToGNodeB=auto1
  740  1 (UNLOCKED)  1 (ENABLED)   GNBCUCPFunction=1,NRNetwork=1,ExternalGNBCUCPFunction=auto310_260_3_1088747,TermPointToGNodeB=auto1
  751  1 (UNLOCKED)  1 (ENABLED)   GNBCUCPFunction=1,NRNetwork=1,ExternalGNBCUCPFunction=auto310_260_3_1314607,TermPointToGNodeB=auto1
  762  1 (UNLOCKED)  1 (ENABLED)   GNBCUCPFunction=1,NRNetwork=1,ExternalGNBCUCPFunction=auto310_260_3_1316231,TermPointToGNodeB=auto1
  773  1 (UNLOCKED)  0 (DISABLED)  GNBCUCPFunction=1,NRNetwork=1,ExternalGNBCUCPFunction=auto310_260_3_1316882,TermPointToGNodeB=auto1
  784  1 (UNLOCKED)  1 (ENABLED)   GNBCUCPFunction=1,NRNetwork=1,ExternalGNBCUCPFunction=auto310_260_3_1316888,TermPointToGNodeB=auto1
  798  1 (UNLOCKED)  0 (DISABLED)  GNBCUCPFunction=1,NRNetwork=1,ExternalGNBCUCPFunction=auto310_260_3_1335632,TermPointToGNodeB=auto1
  815  1 (UNLOCKED)  1 (ENABLED)   GNBCUCPFunction=1,NRNetwork=1,ExternalGNBCUCPFunction=auto310_260_3_1338500,TermPointToGNodeB=auto1
  841  1 (UNLOCKED)  1 (ENABLED)   GNBCUCPFunction=1,NRNetwork=1,ExternalGNBCUCPFunction=auto310_260_3_1342890,TermPointToGNodeB=auto1
  855  1 (UNLOCKED)  1 (ENABLED)   GNBCUCPFunction=1,NRNetwork=1,ExternalGNBCUCPFunction=auto310_260_3_1343066,TermPointToGNodeB=auto1
  881  1 (UNLOCKED)  1 (ENABLED)   GNBCUCPFunction=1,NRNetwork=1,ExternalGNBCUCPFunction=auto310_260_3_1349458,TermPointToGNodeB=auto1
  907  1 (UNLOCKED)  1 (ENABLED)   GNBCUCPFunction=1,NRNetwork=1,ExternalGNBCUCPFunction=auto310_260_3_1354754,TermPointToGNodeB=auto1
  924  1 (UNLOCKED)  1 (ENABLED)   GNBCUCPFunction=1,NRNetwork=1,ExternalGNBCUCPFunction=auto310_260_3_1366349,TermPointToGNodeB=auto1
  935  1 (UNLOCKED)  0 (DISABLED)  GNBCUCPFunction=1,NRNetwork=1,ExternalGNBCUCPFunction=auto310_260_3_1369160,TermPointToGNodeB=auto1
  957  1 (UNLOCKED)  1 (ENABLED)   GNBCUCPFunction=1,NRNetwork=1,ExternalGNBCUCPFunction=auto310_260_3_1370080,TermPointToGNodeB=auto1
  971  1 (UNLOCKED)  1 (ENABLED)   GNBCUCPFunction=1,NRNetwork=1,ExternalGNBCUCPFunction=auto310_260_3_1370833,TermPointToGNodeB=auto1
  993  1 (UNLOCKED)  1 (ENABLED)   GNBCUCPFunction=1,NRNetwork=1,ExternalGNBCUCPFunction=auto310_260_3_1370838,TermPointToGNodeB=auto1
 1004  1 (UNLOCKED)  1 (ENABLED)   GNBCUCPFunction=1,NRNetwork=1,ExternalGNBCUCPFunction=auto310_260_3_1371913,TermPointToGNodeB=auto1
 1055  1 (UNLOCKED)  1 (ENABLED)   GNBCUCPFunction=1,TermPointToAmf=DC1AMF01
 1057  1 (UNLOCKED)  1 (ENABLED)   GNBCUCPFunction=1,TermPointToAmf=DC2AMF01
 1059  1 (UNLOCKED)  1 (ENABLED)   GNBCUCPFunction=1,TermPointToAmf=DC2AMF02
 1061  1 (UNLOCKED)  1 (ENABLED)   GNBCUCPFunction=1,TermPointToAmf=NE1CMM01
 1063  1 (UNLOCKED)  1 (ENABLED)   GNBCUCPFunction=1,TermPointToAmf=NE3AMF01
 1065  1 (UNLOCKED)  1 (ENABLED)   GNBCUCPFunction=1,TermPointToAmf=NE4AMF01
 1067  1 (UNLOCKED)  1 (ENABLED)   GNBCUCPFunction=1,TermPointToAmf=NE4AMF02
 1069  1 (UNLOCKED)  1 (ENABLED)   GNBCUCPFunction=1,TermPointToAmf=PH1AMF01
 1071  1 (UNLOCKED)  1 (ENABLED)   GNBCUCPFunction=1,TermPointToAmf=PH2AMF01
 1073  1 (UNLOCKED)  1 (ENABLED)   GNBCUCPFunction=1,TermPointToAmf=PH2AMF02
 1075  1 (UNLOCKED)  1 (ENABLED)   GNBCUCPFunction=1,TermPointToAmf=PH3AMF01
 1077  1 (UNLOCKED)  1 (ENABLED)   GNBCUCPFunction=1,TermPointToAmf=UP1AMF01
 1079  1 (UNLOCKED)  1 (ENABLED)   GNBCUCPFunction=1,TermPointToAmf=UP2AMF01
 1081  1 (UNLOCKED)  1 (ENABLED)   GNBCUCPFunction=1,TermPointToAmf=UP2AMF02
 1083                1 (ENABLED)   GNBCUCPFunction=1,TermPointToGNBDU=1
 1544                1 (ENABLED)   GNBDUFunction=1,ExtGNBDUPartnerFunction=1314607,InterMeLink=1
 1545                1 (ENABLED)   GNBDUFunction=1,ExtGNBDUPartnerFunction=1314607,InterMeLink=2
 1547                1 (ENABLED)   GNBDUFunction=1,ExtGNBDUPartnerFunction=1371913,InterMeLink=1
 1548                1 (ENABLED)   GNBDUFunction=1,ExtGNBDUPartnerFunction=1371913,InterMeLink=2
 1658  1 (UNLOCKED)  1 (ENABLED)   GNBDUFunction=1,TermPointToGNBCUCP=1
===================================================================================
Total: 47 MOs

N2BR8830A> 

N2BR8830A> enm cmedit get *$Node* 

240423-21:00:29-0500 11.48.62.171 24.0c MSRBS_NODE_MODEL_23.Q4_643.28133.125_0bc9 stopfile=/tmp/801210


Not allowed to run from amosbatch.


N2BR8830A> enm cmedit get *$Node* AddressIPv4.(*) -t

240423-21:00:29-0500 11.48.62.171 24.0c MSRBS_NODE_MODEL_23.Q4_643.28133.125_0bc9 stopfile=/tmp/801210


Not allowed to run from amosbatch.


N2BR8830A> 

N2BR8830A> hget AddressIPv4 ^address$

240423-21:00:29-0500 11.48.62.171 24.0c MSRBS_NODE_MODEL_23.Q4_643.28133.125_0bc9 stopfile=/tmp/801210
.
=================================================================================================================
MO                                                         address         
=================================================================================================================
Router=Node_Internal_F1,InterfaceIPv4=NRCUCP,AddressIPv4=1 169.254.42.42/32
Router=Node_Internal_F1,InterfaceIPv4=NRDU,AddressIPv4=1   169.254.42.43/32
Router=vr_OAM,InterfaceIPv4=1,AddressIPv4=1                11.48.62.171/27 
Router=vr_TRAFFIC,InterfaceIPv4=1,AddressIPv4=1            42.176.62.171/27
=================================================================================================================
Total: 4 MOs

Added 4 MOs to group: hget_group

N2BR8830A> 

N2BR8830A> pmxz NRCell PMENDCSETUPUEATT$|PMENDCSETUPUESUCC$ -m 3

240423-21:00:30-0500 11.48.62.171 24.0c MSRBS_NODE_MODEL_23.Q4_643.28133.125_0bc9 stopfile=/tmp/801210
Parsing PM cache: /home/shared/gbadim1/moshell/jarxml/PMCACHE_MSRBS_NODE_MODEL_23.Q4_643.28133.125_0bc9.txt.gz ... Done.

........................
get /rop/A20240423.2230-2245_N2BR8830A.xml.gz /ericsson/log/amos/moshell_logfiles/gbadim1/logs_moshell/pmfiles/11.48.62.171/rop/A20240423.2230-2245_N2BR8830A.xml.gz ... OK
get /rop/A20240423.2245-2300_N2BR8830A.xml.gz /ericsson/log/amos/moshell_logfiles/gbadim1/logs_moshell/pmfiles/11.48.62.171/rop/A20240423.2245-2300_N2BR8830A.xml.gz ... OK
get /rop/A20240423.2300-2315_N2BR8830A.xml.gz /ericsson/log/amos/moshell_logfiles/gbadim1/logs_moshell/pmfiles/11.48.62.171/rop/A20240423.2300-2315_N2BR8830A.xml.gz ... OK
get /rop/A20240423.2315-2330_N2BR8830A.xml.gz /ericsson/log/amos/moshell_logfiles/gbadim1/logs_moshell/pmfiles/11.48.62.171/rop/A20240423.2315-2330_N2BR8830A.xml.gz ... OK
get /rop/A20240423.2330-2345_N2BR8830A.xml.gz /ericsson/log/amos/moshell_logfiles/gbadim1/logs_moshell/pmfiles/11.48.62.171/rop/A20240423.2330-2345_N2BR8830A.xml.gz ... OK
get /rop/A20240423.2345-0000_N2BR8830A.xml.gz /ericsson/log/amos/moshell_logfiles/gbadim1/logs_moshell/pmfiles/11.48.62.171/rop/A20240423.2345-0000_N2BR8830A.xml.gz ... OK
get /rop/A20240424.0000-0015_N2BR8830A.xml.gz /ericsson/log/amos/moshell_logfiles/gbadim1/logs_moshell/pmfiles/11.48.62.171/rop/A20240424.0000-0015_N2BR8830A.xml.gz ... OK
get /rop/A20240424.0015-0030_N2BR8830A.xml.gz /ericsson/log/amos/moshell_logfiles/gbadim1/logs_moshell/pmfiles/11.48.62.171/rop/A20240424.0015-0030_N2BR8830A.xml.gz ... OK
get /rop/A20240424.0030-0045_N2BR8830A.xml.gz /ericsson/log/amos/moshell_logfiles/gbadim1/logs_moshell/pmfiles/11.48.62.171/rop/A20240424.0030-0045_N2BR8830A.xml.gz ... OK
get /rop/A20240424.0045-0100_N2BR8830A.xml.gz /ericsson/log/amos/moshell_logfiles/gbadim1/logs_moshell/pmfiles/11.48.62.171/rop/A20240424.0045-0100_N2BR8830A.xml.gz ... OK
get /rop/A20240424.0100-0115_N2BR8830A.xml.gz /ericsson/log/amos/moshell_logfiles/gbadim1/logs_moshell/pmfiles/11.48.62.171/rop/A20240424.0100-0115_N2BR8830A.xml.gz ... OK
get /rop/A20240424.0115-0130_N2BR8830A.xml.gz /ericsson/log/amos/moshell_logfiles/gbadim1/logs_moshell/pmfiles/11.48.62.171/rop/A20240424.0115-0130_N2BR8830A.xml.gz ... OK
get /rop/A20240424.0130-0145_N2BR8830A.xml.gz /ericsson/log/amos/moshell_logfiles/gbadim1/logs_moshell/pmfiles/11.48.62.171/rop/A20240424.0130-0145_N2BR8830A.xml.gz ... OK
get /rop/A20240424.0145-0200_N2BR8830A.xml.gz /ericsson/log/amos/moshell_logfiles/gbadim1/logs_moshell/pmfiles/11.48.62.171/rop/A20240424.0145-0200_N2BR8830A.xml.gz ... OK

(gzip -dc /ericsson/log/amos/moshell_logfiles/gbadim1/logs_moshell/pmfiles/11.48.62.171/rop/A20240423.2300-2315_N2BR8830A.xml.gz /ericsson/log/amos/moshell_logfiles/gbadim1/logs_moshell/pmfiles/11.48.62.171/rop/A20240423.2315-2330_N2BR8830A.xml.gz /ericsson/log/amos/moshell_logfiles/gbadim1/logs_moshell/pmfiles/11.48.62.171/rop/A20240423.2330-2345_N2BR8830A.xml.gz /ericsson/log/amos/moshell_logfiles/gbadim1/logs_moshell/pmfiles/11.48.62.171/rop/A20240423.2345-0000_N2BR8830A.xml.gz /ericsson/log/amos/moshell_logfiles/gbadim1/logs_moshell/pmfiles/11.48.62.171/rop/A20240424.0000-0015_N2BR8830A.xml.gz /ericsson/log/amos/moshell_logfiles/gbadim1/logs_moshell/pmfiles/11.48.62.171/rop/A20240424.0015-0030_N2BR8830A.xml.gz /ericsson/log/amos/moshell_logfiles/gbadim1/logs_moshell/pmfiles/11.48.62.171/rop/A20240424.0030-0045_N2BR8830A.xml.gz /ericsson/log/amos/moshell_logfiles/gbadim1/logs_moshell/pmfiles/11.48.62.171/rop/A20240424.0045-0100_N2BR8830A.xml.gz /ericsson/log/amos/moshell_logfiles/gbadim1/logs_moshell/pmfiles/11.48.62.171/rop/A20240424.0100-0115_N2BR8830A.xml.gz /ericsson/log/amos/moshell_logfiles/gbadim1/logs_moshell/pmfiles/11.48.62.171/rop/A20240424.0115-0130_N2BR8830A.xml.gz /ericsson/log/amos/moshell_logfiles/gbadim1/logs_moshell/pmfiles/11.48.62.171/rop/A20240424.0130-0145_N2BR8830A.xml.gz /ericsson/log/amos/moshell_logfiles/gbadim1/logs_moshell/pmfiles/11.48.62.171/rop/A20240424.0145-0200_N2BR8830A.xml.gz | LANG=C LC_ALL=C /opt/ericsson/amos/moshell/gawk -vusergawk="LANG=C LC_ALL=C /opt/ericsson/amos/moshell/gawk" -f /opt/ericsson/amos/moshell/commonjars/pmExtract.awk  "nrcell" "PMENDCSETUPUEATT$|PMENDCSETUPUESUCC$"   | sort | uniq | /usr/bin/perl /opt/ericsson/amos/moshell/pmXtab -q -pval 0 -mom /var/tmp/20240423-210002_800863/pmxmomLog801210  -cols time -fmt txt -m "[M]anagedElement=[^,]+,(?:\w+=1,){0,1}((\w+=[^,]+,*)+$)"  )2>&1 | tee -a /ericsson/log/amos/moshell_logfiles/gbadim1/logs_moshell/sessionlog/240423-210009_N2BR8830A.log

Report from 2024-04-23 23:00 UTC to 2024-04-24 01:59 UTC (12 ropfiles)
Node SW: CXP2010174/1_R82C53 (23.Q4.0-3)

Date: 2024-04-23
Object               Counter            18:00  18:15  18:30  18:45  19:00  19:15  19:30  19:45  20:00  20:15  20:30  20:45
NRCellCU=A2BR8830A11 pmEndcSetupUeAtt     154    126    156     85    141     92     49     51     85     53     19     13
NRCellCU=A2BR8830A11 pmEndcSetupUeSucc    154    126    156     85    141     92     49     51     85     53     19     13
NRCellCU=A2BR8830A12 pmEndcSetupUeAtt       0      5     12      9     25     15      0      2      1      5      0      0
NRCellCU=A2BR8830A12 pmEndcSetupUeSucc      0      5     12      9     25     15      0      2      1      5      0      0
NRCellCU=A2BR8830A21 pmEndcSetupUeAtt      23     13     15      4     46     24     19     21    107     56     74     42
NRCellCU=A2BR8830A21 pmEndcSetupUeSucc     23     13     15      4     46     24     19     21    107     56     74     42
NRCellCU=A2BR8830A22 pmEndcSetupUeAtt       6      8      0      0      3      1      3      1      3      3      1      0
NRCellCU=A2BR8830A22 pmEndcSetupUeSucc      6      8      0      0      3      1      3      1      3      3      1      0
NRCellCU=A2BR8830A31 pmEndcSetupUeAtt     145    116    125    106    191     98     99     66     72     82     59     63
NRCellCU=A2BR8830A31 pmEndcSetupUeSucc    145    116    125    106    191     98     99     66     72     82     59     63
NRCellCU=A2BR8830A32 pmEndcSetupUeAtt       4      5      7     13     18      9      9      3      5      3      4      3
NRCellCU=A2BR8830A32 pmEndcSetupUeSucc      4      5      7     13     18      9      9      3      5      3      4      3


N2BR8830A> ue print -admitted
Checking available boards on node...

Collecting RCS board data ...
..............................................................................
..
.....
240423-21:01:04-0500 11.48.62.171 24.0c MSRBS_NODE_MODEL_23.Q4_643.28133.125_0bc9 stopfile=/tmp/801210
coli>/lrat/ue print -admitted
coli>/rc/nrat/ue print -admitted
NrEnDc: uehId:4 ues:2
NrEnDc: uehId:5 ues:6
NrEnDc: uehId:6 ues:4
NrEnDc: uehId:7 ues:3
NrNrDc: uehId:4 ues:0
NrNrDc: uehId:5 ues:0
NrNrDc: uehId:6 ues:0
NrNrDc: uehId:7 ues:0
Nr: uehId:4 ues:1
Nr: uehId:5 ues:0
Nr: uehId:6 ues:1
Nr: uehId:7 ues:0
coli>/rpc/nrat/ue print -admitted
uehId:6 ues:0
uehId:7 ues:3
uehId:8 ues:6
uehId:9 ues:5
uehId:10 ues:3
coli>

N2BR8830A> 

N2BR8830A> ############################################################################################

N2BR8830A> #		 Post Script CV and unset of all variables - This is modifiable to your needs      #

N2BR8830A> ############################################################################################

N2BR8830A> 

N2BR8830A> 

N2BR8830A> l-

Log close: /ericsson/log/amos/moshell_logfiles/gbadim1/logs_moshell/sessionlog/240423-210009_N2BR8830A.log

N2BR8830A> confb-

N2BR8830A> gs-

Perform a get before set = disabled

N2BR8830A> 

N2BR8830A> 

N2BR8830A> #cvms post_$jobname_$date

N2BR8830A> 

N2BR8830A> #Keep the unset all after the cv so the variables can be used

N2BR8830A> unset all 

N2BR8830A> 

N2BR8830A> #cmedit set NetworkElement=M7BAN764A,ComConnectivityInformation=1 ipAddress=11.242.0.98#
Bye...
Output has been logged to file /home/shared/common/Overnight_Work/Rehomes/Prechecks/N2BR8830A.log
