Logging to file /home/shared/common/Overnight_Work/Rehomes/Prechecks/N2LA8749A.log
                        __  __  ____   _____
                  /\   |  \/  |/ __ \ / ____|
                 /  \  | \  / | |  | | (___  
                / /\ \ | |\/| | |  | |\___ \ 
               / ____ \| |  | | |__| |____) |
              /_/    \_\_|  |_|\____/|_____/
              OSS Framework for MoShell-24.0c 
  Copyright (c) Ericsson AB 2001-2024 - All Rights Reserved
              
           
$amosrb_pid = 2384492

Checking ip contact...OK

HELP MENU            : h
BASIC MO COMMANDS    : m
OTHER MO COMMANDS    : n
OTHER COMMANDS       : o
PM COMMANDS          : p
QUIT                 : q

N2LA8749A> ############################################################################################

N2LA8749A> #				Script Foundation - Leave this for all scripts							   #

N2LA8749A> ############################################################################################

N2LA8749A> 

N2LA8749A> confb+

N2LA8749A> gs+

Perform a get before set = enabled

N2LA8749A> unset all

N2LA8749A> alt

240424-21:00:07-0500 11.69.7.10 24.0c  stopfile=/tmp/2384310
Looking up temporary_amos account... OK.
Trying temporary_amos_gbadim1_291's password from amos lookupAccount ... OK

$ssh_pid = 2384922

Connected to 11.69.7.10 (SubNetwork=ONRM_ROOT_MO,SubNetwork=Philadelphia,MeContext=N2LA8749A,ManagedElement=N2LA8749A)

Checking MOM version...MSRBS_NODE_MODEL_23.Q4_643.28133.125_0bc9
Parsing MOM (cached): /var/tmp/20240424-210001_2384177/MSRBS_NODE_MODEL_23.Q4_643.28133.125_0bc9.xml.cache.gz ...........................................................................................................................................................................................................Done.
Using paramfile /opt/ericsson/amos/moshell/commonjars/pm/PARAM_MSRBS_23.Q4.txt
Parsing file /opt/ericsson/amos/moshell/commonjars/pm/PARAM_MSRBS_23.Q4.txt ...................................................................................Done.
Using imomdfile /opt/ericsson/amos/moshell/commonjars/pm/IMOMD_MSRBS_22.Q4.txt
Using imomfile /opt/ericsson/amos/moshell/commonjars/pm/IMOM_MSRBS_23.Q4.txt

Collecting Alarms...

====================================================================================================================
Date & Time (UTC)   S Specific Problem                    MO (AdditionalText/PC, AI)
====================================================================================================================
>>> Total: 0 Alarms (0 Critical, 0 Major)

N2LA8749A> 

N2LA8749A> uv sls_username > $user

sls_username              = gbadim1

$user = gbadim1

N2LA8749A> $date = `date +%y%m%d-%H%M`

$date = 240424-2100

N2LA8749A> $Node = `echo "$nodename" | cut -c 2-9`

$Node = 2LA8749A

N2LA8749A> $L21 = L

$L21 = L

N2LA8749A> $L19 = B

$L19 = B

N2LA8749A> $L7 = D

$L7 = D

N2LA8749A> $L6 = E

$L6 = E

N2LA8749A> $N6 = K

$N6 = K

N2LA8749A> $N25 = A

$N25 = A

N2LA8749A> $L25 = T

$L25 = T

N2LA8749A> $N19 = J

$N19 = J

N2LA8749A> $N71 = K

$N71 = K

N2LA8749A> $2C = .*2$

$2C = .*2$

N2LA8749A> $1C = .*1$

$1C = .*1$

N2LA8749A> $allcell = TDD|FDD|NRCellDU|Nbiot

$allcell = TDD|FDD|NRCellDU|Nbiot

N2LA8749A> $FDD = EUtranCellFDD=

$FDD = EUtranCellFDD=

N2LA8749A> $TDD = EUtranCellTDD=

$TDD = EUtranCellTDD=

N2LA8749A> $NRCell = NRCellDU=

$NRCell = NRCellDU=

N2LA8749A> $NRSec25 = NRSectorCarrier=25-

$NRSec25 = NRSectorCarrier=25-

N2LA8749A> $NRSec6 = NRSectorCarrier=6-

$NRSec6 = NRSectorCarrier=6-

N2LA8749A> $NRSec19 = NRSectorCarrier=19-

$NRSec19 = NRSectorCarrier=19-

N2LA8749A> $LTESec = SectorEquipmentFunction=

$LTESec = SectorEquipmentFunction=

N2LA8749A> 

N2LA8749A> l+ /home/shared/common/Overnight_Work/Rehomes/Prechecks/$Node_$date.log

Logging to file: /home/shared/common/Overnight_Work/Rehomes/Prechecks/2LA8749A_240424-2100.log

N2LA8749A> 

N2LA8749A> ############################################################################################

N2LA8749A> #		Change JobName and any parameter that needs changing case by case basis    		   #

N2LA8749A> ############################################################################################

N2LA8749A> # 		PUT A # SIGN IN FRONT OF ANYTHING YOU DONT WANT TO USE ON THIS SCRIPT  			   #   

N2LA8749A> ############################################################################################

N2LA8749A>       

N2LA8749A> #$arfcnDL = 507708

N2LA8749A> #$jobname = Rehome_SL_Prechecks

N2LA8749A> 

N2LA8749A> ############################################################################################

N2LA8749A> #				Script Specifics - This is modifiable to your needs						   #

N2LA8749A> ############################################################################################

N2LA8749A> #	   FOR SETM COMMANDS YOU HAVE TO REMOVE THE GS+ AND GS- from the script                #

N2LA8749A> ############################################################################################

N2LA8749A> ###############################

N2LA8749A> #### PRECHECK / LOCK / CV #####

N2LA8749A> ###############################

N2LA8749A> 

N2LA8749A> 

N2LA8749A> lt all

240424-21:00:18-0500 11.69.7.10 24.0c MSRBS_NODE_MODEL_23.Q4_643.28133.125_0bc9 stopfile=/tmp/2384310
Connected to 11.69.7.10 (SubNetwork=ONRM_ROOT_MO,SubNetwork=Philadelphia,MeContext=N2LA8749A,ManagedElement=N2LA8749A)

Last MO: 18073. Loaded 18073 MOs. Total: 18074 MOs.

N2LA8749A> 

N2LA8749A> st FDD|TDD|NRCellDU|NbIot

240424-21:00:23-0500 11.69.7.10 24.0c MSRBS_NODE_MODEL_23.Q4_643.28133.125_0bc9 stopfile=/tmp/2384310
===================================================================================
Proxy  Adm State     Op. State     MO
===================================================================================
 4373  1 (UNLOCKED)  1 (ENABLED)   GNBDUFunction=1,NRCellDU=A2LA8749A11
 4376  1 (UNLOCKED)  1 (ENABLED)   GNBDUFunction=1,NRCellDU=A2LA8749A12
 4379  1 (UNLOCKED)  1 (ENABLED)   GNBDUFunction=1,NRCellDU=A2LA8749A21
 4382  1 (UNLOCKED)  1 (ENABLED)   GNBDUFunction=1,NRCellDU=A2LA8749A22
 4385  1 (UNLOCKED)  1 (ENABLED)   GNBDUFunction=1,NRCellDU=A2LA8749A31
 4388  1 (UNLOCKED)  1 (ENABLED)   GNBDUFunction=1,NRCellDU=A2LA8749A32
 4980  1 (UNLOCKED)                SystemFunctions=1,HealthCheckM=1,HcRule=ENodeBFunction_CheckNbiotCllRssiNpuschReadings
 4981  1 (UNLOCKED)                SystemFunctions=1,HealthCheckM=1,HcRule=ENodeBFunction_CheckNbiotCllSinrNpuschReadings
 4982  1 (UNLOCKED)                SystemFunctions=1,HealthCheckM=1,HcRule=ENodeBFunction_CheckNbiotCllStatus
===================================================================================
Total: 9 MOs

N2LA8749A> 

N2LA8749A> st termpointtognb=1

240424-21:00:23-0500 11.69.7.10 24.0c MSRBS_NODE_MODEL_23.Q4_643.28133.125_0bc9 stopfile=/tmp/2384310
===================================================================================
Proxy  Adm State     Op. State     MO
===================================================================================
===================================================================================
Total: 0 MOs

N2LA8749A> get ^GNB.*=1 gNBId$

240424-21:00:23-0500 11.69.7.10 24.0c MSRBS_NODE_MODEL_23.Q4_643.28133.125_0bc9 stopfile=/tmp/2384310
=================================================================================================================
MO                                                      Attribute         Value
=================================================================================================================
GNBCUCPFunction=1                                       gNBId             1369972
GNBCUUPFunction=1                                       gNBId             1369972
GNBDUFunction=1                                         gNBId             1369972
=================================================================================================================
Total: 3 MOs


N2LA8749A> get FUnction=1 nbid$

240424-21:00:23-0500 11.69.7.10 24.0c MSRBS_NODE_MODEL_23.Q4_643.28133.125_0bc9 stopfile=/tmp/2384310
=================================================================================================================
MO                                                      Attribute         Value
=================================================================================================================
GNBCUCPFunction=1                                       gNBId             1369972
NRNetwork=1,ExternalGNBCUCPFunction=1350110             gNBId             1350110
GNBCUUPFunction=1                                       gNBId             1369972
GNBDUFunction=1                                         gNBId             1369972
ExtGNBDUPartnerFunction=1                               gNBId             1350110
=================================================================================================================
Total: 5 MOs


N2LA8749A> st term

240424-21:00:24-0500 11.69.7.10 24.0c MSRBS_NODE_MODEL_23.Q4_643.28133.125_0bc9 stopfile=/tmp/2384310
===================================================================================
Proxy  Adm State     Op. State     MO
===================================================================================
  222  1 (UNLOCKED)  1 (ENABLED)   GNBCUCPFunction=1,EUtraNetwork=1,ExternalENodeBFunction=auto310_260_3_128768,TermPointToENodeB=auto1
  224  0 (LOCKED)    0 (DISABLED)  GNBCUCPFunction=1,EUtraNetwork=1,ExternalENodeBFunction=auto310_260_3_134734,TermPointToENodeB=auto1
  226  0 (LOCKED)    0 (DISABLED)  GNBCUCPFunction=1,EUtraNetwork=1,ExternalENodeBFunction=auto310_260_3_139165,TermPointToENodeB=auto1
  231  0 (LOCKED)    0 (DISABLED)  GNBCUCPFunction=1,EUtraNetwork=1,ExternalENodeBFunction=auto310_260_3_307051,TermPointToENodeB=auto1
  235  1 (UNLOCKED)  1 (ENABLED)   GNBCUCPFunction=1,EUtraNetwork=1,ExternalENodeBFunction=auto310_260_3_307053,TermPointToENodeB=auto1
  239  0 (LOCKED)    0 (DISABLED)  GNBCUCPFunction=1,EUtraNetwork=1,ExternalENodeBFunction=auto310_260_3_310299,TermPointToENodeB=auto1
  244  1 (UNLOCKED)  1 (ENABLED)   GNBCUCPFunction=1,EUtraNetwork=1,ExternalENodeBFunction=auto310_260_3_310315,TermPointToENodeB=auto1
  246  0 (LOCKED)    0 (DISABLED)  GNBCUCPFunction=1,EUtraNetwork=1,ExternalENodeBFunction=auto310_260_3_310317,TermPointToENodeB=auto1
  248  1 (UNLOCKED)  1 (ENABLED)   GNBCUCPFunction=1,EUtraNetwork=1,ExternalENodeBFunction=auto310_260_3_310319,TermPointToENodeB=auto1
  250  0 (LOCKED)    0 (DISABLED)  GNBCUCPFunction=1,EUtraNetwork=1,ExternalENodeBFunction=auto310_260_3_310823,TermPointToENodeB=auto1
  252  1 (UNLOCKED)  1 (ENABLED)   GNBCUCPFunction=1,EUtraNetwork=1,ExternalENodeBFunction=auto310_260_3_310836,TermPointToENodeB=auto1
  254  0 (LOCKED)    0 (DISABLED)  GNBCUCPFunction=1,EUtraNetwork=1,ExternalENodeBFunction=auto310_260_3_310840,TermPointToENodeB=auto1
  256  0 (LOCKED)    0 (DISABLED)  GNBCUCPFunction=1,EUtraNetwork=1,ExternalENodeBFunction=auto310_260_3_310843,TermPointToENodeB=auto1
  259  0 (LOCKED)    0 (DISABLED)  GNBCUCPFunction=1,EUtraNetwork=1,ExternalENodeBFunction=auto310_260_3_310876,TermPointToENodeB=auto1
  261  0 (LOCKED)    0 (DISABLED)  GNBCUCPFunction=1,EUtraNetwork=1,ExternalENodeBFunction=auto310_260_3_315338,TermPointToENodeB=auto1
  269  1 (UNLOCKED)  1 (ENABLED)   GNBCUCPFunction=1,EUtraNetwork=1,ExternalENodeBFunction=auto310_260_3_315340,TermPointToENodeB=auto1
  271  0 (LOCKED)    0 (DISABLED)  GNBCUCPFunction=1,EUtraNetwork=1,ExternalENodeBFunction=auto310_260_3_315342,TermPointToENodeB=auto1
  275  1 (UNLOCKED)  1 (ENABLED)   GNBCUCPFunction=1,EUtraNetwork=1,ExternalENodeBFunction=auto310_260_3_331466,TermPointToENodeB=auto1
  277  0 (LOCKED)    0 (DISABLED)  GNBCUCPFunction=1,EUtraNetwork=1,ExternalENodeBFunction=auto310_260_3_343422,TermPointToENodeB=auto1
  279  0 (LOCKED)    0 (DISABLED)  GNBCUCPFunction=1,EUtraNetwork=1,ExternalENodeBFunction=auto310_260_3_343739,TermPointToENodeB=auto1
  282  0 (LOCKED)    0 (DISABLED)  GNBCUCPFunction=1,EUtraNetwork=1,ExternalENodeBFunction=auto310_260_3_345611,TermPointToENodeB=auto1
  284  1 (UNLOCKED)  1 (ENABLED)   GNBCUCPFunction=1,EUtraNetwork=1,ExternalENodeBFunction=auto310_260_3_42988,TermPointToENodeB=auto1
  286  0 (LOCKED)    0 (DISABLED)  GNBCUCPFunction=1,EUtraNetwork=1,ExternalENodeBFunction=auto310_260_3_42989,TermPointToENodeB=auto1
  288  1 (UNLOCKED)  1 (ENABLED)   GNBCUCPFunction=1,EUtraNetwork=1,ExternalENodeBFunction=auto310_260_3_42990,TermPointToENodeB=auto1
  290  1 (UNLOCKED)  1 (ENABLED)   GNBCUCPFunction=1,EUtraNetwork=1,ExternalENodeBFunction=auto310_260_3_43165,TermPointToENodeB=auto1
  292  1 (UNLOCKED)  1 (ENABLED)   GNBCUCPFunction=1,EUtraNetwork=1,ExternalENodeBFunction=auto310_260_3_43540,TermPointToENodeB=auto1
  294  1 (UNLOCKED)  1 (ENABLED)   GNBCUCPFunction=1,EUtraNetwork=1,ExternalENodeBFunction=auto310_260_3_43560,TermPointToENodeB=auto1
  296  1 (UNLOCKED)  1 (ENABLED)   GNBCUCPFunction=1,EUtraNetwork=1,ExternalENodeBFunction=auto310_260_3_43561,TermPointToENodeB=auto1
  300  1 (UNLOCKED)  1 (ENABLED)   GNBCUCPFunction=1,EUtraNetwork=1,ExternalENodeBFunction=auto310_260_3_43562,TermPointToENodeB=auto1
  302  1 (UNLOCKED)  1 (ENABLED)   GNBCUCPFunction=1,EUtraNetwork=1,ExternalENodeBFunction=auto310_260_3_44049,TermPointToENodeB=auto1
  305  1 (UNLOCKED)  1 (ENABLED)   GNBCUCPFunction=1,EUtraNetwork=1,ExternalENodeBFunction=auto310_260_3_46274,TermPointToENodeB=auto1
  307  1 (UNLOCKED)  1 (ENABLED)   GNBCUCPFunction=1,EUtraNetwork=1,ExternalENodeBFunction=auto310_260_3_46659,TermPointToENodeB=auto1
  309  0 (LOCKED)    0 (DISABLED)  GNBCUCPFunction=1,EUtraNetwork=1,ExternalENodeBFunction=auto310_260_3_46660,TermPointToENodeB=auto1
  313  1 (UNLOCKED)  1 (ENABLED)   GNBCUCPFunction=1,EUtraNetwork=1,ExternalENodeBFunction=auto310_260_3_46736,TermPointToENodeB=auto1
  321  1 (UNLOCKED)  1 (ENABLED)   GNBCUCPFunction=1,EUtraNetwork=1,ExternalENodeBFunction=auto310_260_3_47548,TermPointToENodeB=auto1
  323  0 (LOCKED)    0 (DISABLED)  GNBCUCPFunction=1,EUtraNetwork=1,ExternalENodeBFunction=auto310_260_3_47549,TermPointToENodeB=auto1
  325  1 (UNLOCKED)  1 (ENABLED)   GNBCUCPFunction=1,EUtraNetwork=1,ExternalENodeBFunction=auto310_260_3_47550,TermPointToENodeB=auto1
  329  1 (UNLOCKED)  1 (ENABLED)   GNBCUCPFunction=1,EUtraNetwork=1,ExternalENodeBFunction=auto310_260_3_49045,TermPointToENodeB=auto1
  331  1 (UNLOCKED)  1 (ENABLED)   GNBCUCPFunction=1,EUtraNetwork=1,ExternalENodeBFunction=auto310_260_3_49152,TermPointToENodeB=auto1
  339  1 (UNLOCKED)  1 (ENABLED)   GNBCUCPFunction=1,EUtraNetwork=1,ExternalENodeBFunction=auto310_260_3_49486,TermPointToENodeB=auto1
  341  0 (LOCKED)    0 (DISABLED)  GNBCUCPFunction=1,EUtraNetwork=1,ExternalENodeBFunction=auto310_260_3_49487,TermPointToENodeB=auto1
  344  0 (LOCKED)    0 (DISABLED)  GNBCUCPFunction=1,EUtraNetwork=1,ExternalENodeBFunction=auto310_260_3_49559,TermPointToENodeB=auto1
  346  0 (LOCKED)    0 (DISABLED)  GNBCUCPFunction=1,EUtraNetwork=1,ExternalENodeBFunction=auto310_260_3_49560,TermPointToENodeB=auto1
  356  1 (UNLOCKED)  1 (ENABLED)   GNBCUCPFunction=1,EUtraNetwork=1,ExternalENodeBFunction=auto310_260_3_49655,TermPointToENodeB=auto1
  358  1 (UNLOCKED)  1 (ENABLED)   GNBCUCPFunction=1,EUtraNetwork=1,ExternalENodeBFunction=auto310_260_3_49656,TermPointToENodeB=auto1
  362  1 (UNLOCKED)  1 (ENABLED)   GNBCUCPFunction=1,EUtraNetwork=1,ExternalENodeBFunction=auto310_260_3_49657,TermPointToENodeB=auto1
  364  0 (LOCKED)    0 (DISABLED)  GNBCUCPFunction=1,EUtraNetwork=1,ExternalENodeBFunction=auto310_260_3_49823,TermPointToENodeB=auto1
  367  0 (LOCKED)    0 (DISABLED)  GNBCUCPFunction=1,EUtraNetwork=1,ExternalENodeBFunction=auto310_260_3_49830,TermPointToENodeB=auto1
  369  0 (LOCKED)    0 (DISABLED)  GNBCUCPFunction=1,EUtraNetwork=1,ExternalENodeBFunction=auto310_260_3_49857,TermPointToENodeB=auto1
  374  0 (LOCKED)    0 (DISABLED)  GNBCUCPFunction=1,EUtraNetwork=1,ExternalENodeBFunction=auto310_260_3_50270,TermPointToENodeB=auto1
  376  0 (LOCKED)    0 (DISABLED)  GNBCUCPFunction=1,EUtraNetwork=1,ExternalENodeBFunction=auto310_260_3_50272,TermPointToENodeB=auto1
  378  0 (LOCKED)    0 (DISABLED)  GNBCUCPFunction=1,EUtraNetwork=1,ExternalENodeBFunction=auto310_260_3_50582,TermPointToENodeB=auto1
  380  0 (LOCKED)    0 (DISABLED)  GNBCUCPFunction=1,EUtraNetwork=1,ExternalENodeBFunction=auto310_260_3_50786,TermPointToENodeB=auto1
  385  1 (UNLOCKED)  1 (ENABLED)   GNBCUCPFunction=1,EUtraNetwork=1,ExternalENodeBFunction=auto310_260_3_52247,TermPointToENodeB=auto1
  387  0 (LOCKED)    0 (DISABLED)  GNBCUCPFunction=1,EUtraNetwork=1,ExternalENodeBFunction=auto310_260_3_52248,TermPointToENodeB=auto1
  389  0 (LOCKED)    0 (DISABLED)  GNBCUCPFunction=1,EUtraNetwork=1,ExternalENodeBFunction=auto310_260_3_52249,TermPointToENodeB=auto1
  393  0 (LOCKED)    0 (DISABLED)  GNBCUCPFunction=1,EUtraNetwork=1,ExternalENodeBFunction=auto310_260_3_54190,TermPointToENodeB=auto1
  395  1 (UNLOCKED)  1 (ENABLED)   GNBCUCPFunction=1,EUtraNetwork=1,ExternalENodeBFunction=auto310_260_3_54565,TermPointToENodeB=auto1
  397  1 (UNLOCKED)  1 (ENABLED)   GNBCUCPFunction=1,EUtraNetwork=1,ExternalENodeBFunction=auto310_260_3_54755,TermPointToENodeB=auto1
  399  0 (LOCKED)    0 (DISABLED)  GNBCUCPFunction=1,EUtraNetwork=1,ExternalENodeBFunction=auto310_260_3_54767,TermPointToENodeB=auto1
  401  1 (UNLOCKED)  1 (ENABLED)   GNBCUCPFunction=1,EUtraNetwork=1,ExternalENodeBFunction=auto310_260_3_54900,TermPointToENodeB=auto1
  403  0 (LOCKED)    0 (DISABLED)  GNBCUCPFunction=1,EUtraNetwork=1,ExternalENodeBFunction=auto310_260_3_54901,TermPointToENodeB=auto1
  405  1 (UNLOCKED)  1 (ENABLED)   GNBCUCPFunction=1,EUtraNetwork=1,ExternalENodeBFunction=auto310_260_3_55191,TermPointToENodeB=auto1
  407  0 (LOCKED)    0 (DISABLED)  GNBCUCPFunction=1,EUtraNetwork=1,ExternalENodeBFunction=auto310_260_3_55271,TermPointToENodeB=auto1
  411  0 (LOCKED)    0 (DISABLED)  GNBCUCPFunction=1,EUtraNetwork=1,ExternalENodeBFunction=auto310_260_3_55505,TermPointToENodeB=auto1
  413  0 (LOCKED)    0 (DISABLED)  GNBCUCPFunction=1,EUtraNetwork=1,ExternalENodeBFunction=auto310_260_3_55515,TermPointToENodeB=auto1
  415  0 (LOCKED)    0 (DISABLED)  GNBCUCPFunction=1,EUtraNetwork=1,ExternalENodeBFunction=auto310_260_3_55544,TermPointToENodeB=auto1
  418  0 (LOCKED)    0 (DISABLED)  GNBCUCPFunction=1,EUtraNetwork=1,ExternalENodeBFunction=auto310_260_3_55547,TermPointToENodeB=auto1
  421  0 (LOCKED)    0 (DISABLED)  GNBCUCPFunction=1,EUtraNetwork=1,ExternalENodeBFunction=auto310_260_3_55579,TermPointToENodeB=auto1
  426  0 (LOCKED)    0 (DISABLED)  GNBCUCPFunction=1,EUtraNetwork=1,ExternalENodeBFunction=auto310_260_3_55714,TermPointToENodeB=auto1
  429  0 (LOCKED)    0 (DISABLED)  GNBCUCPFunction=1,EUtraNetwork=1,ExternalENodeBFunction=auto310_260_3_55722,TermPointToENodeB=auto1
  431  0 (LOCKED)    0 (DISABLED)  GNBCUCPFunction=1,EUtraNetwork=1,ExternalENodeBFunction=auto310_260_3_55742,TermPointToENodeB=auto1
  434  0 (LOCKED)    0 (DISABLED)  GNBCUCPFunction=1,EUtraNetwork=1,ExternalENodeBFunction=auto310_260_3_55922,TermPointToENodeB=auto1
  438  0 (LOCKED)    0 (DISABLED)  GNBCUCPFunction=1,EUtraNetwork=1,ExternalENodeBFunction=auto310_260_3_56258,TermPointToENodeB=auto1
  441  0 (LOCKED)    0 (DISABLED)  GNBCUCPFunction=1,EUtraNetwork=1,ExternalENodeBFunction=auto310_260_3_56690,TermPointToENodeB=auto1
  444  0 (LOCKED)    0 (DISABLED)  GNBCUCPFunction=1,EUtraNetwork=1,ExternalENodeBFunction=auto310_260_3_57512,TermPointToENodeB=auto1
  447  0 (LOCKED)    0 (DISABLED)  GNBCUCPFunction=1,EUtraNetwork=1,ExternalENodeBFunction=auto310_260_3_58807,TermPointToENodeB=auto1
  450  1 (UNLOCKED)  1 (ENABLED)   GNBCUCPFunction=1,EUtraNetwork=1,ExternalENodeBFunction=auto310_260_3_59303,TermPointToENodeB=auto1
  452  1 (UNLOCKED)  1 (ENABLED)   GNBCUCPFunction=1,EUtraNetwork=1,ExternalENodeBFunction=auto310_260_3_877337,TermPointToENodeB=auto1
 1013  1 (UNLOCKED)  1 (ENABLED)   GNBCUCPFunction=1,NRNetwork=1,ExternalGNBCUCPFunction=1350110,TermPointToGNodeB=auto1
 1021  1 (UNLOCKED)  1 (ENABLED)   GNBCUCPFunction=1,NRNetwork=1,ExternalGNBCUCPFunction=auto310_260_3_1081607,TermPointToGNodeB=auto1
 1041  1 (UNLOCKED)  1 (ENABLED)   GNBCUCPFunction=1,NRNetwork=1,ExternalGNBCUCPFunction=auto310_260_3_1081648,TermPointToGNodeB=auto1
 1067  1 (UNLOCKED)  1 (ENABLED)   GNBCUCPFunction=1,NRNetwork=1,ExternalGNBCUCPFunction=auto310_260_3_1088673,TermPointToGNodeB=auto1
 1081  1 (UNLOCKED)  1 (ENABLED)   GNBCUCPFunction=1,NRNetwork=1,ExternalGNBCUCPFunction=auto310_260_3_1089030,TermPointToGNodeB=auto1
 1095  1 (UNLOCKED)  1 (ENABLED)   GNBCUCPFunction=1,NRNetwork=1,ExternalGNBCUCPFunction=auto310_260_3_1090127,TermPointToGNodeB=auto1
 1109  1 (UNLOCKED)  1 (ENABLED)   GNBCUCPFunction=1,NRNetwork=1,ExternalGNBCUCPFunction=auto310_260_3_1090149,TermPointToGNodeB=auto1
 1120  1 (UNLOCKED)  1 (ENABLED)   GNBCUCPFunction=1,NRNetwork=1,ExternalGNBCUCPFunction=auto310_260_3_1312830,TermPointToGNodeB=auto1
 1131  1 (UNLOCKED)  0 (DISABLED)  GNBCUCPFunction=1,NRNetwork=1,ExternalGNBCUCPFunction=auto310_260_3_1316031,TermPointToGNodeB=auto1
 1142  1 (UNLOCKED)  1 (ENABLED)   GNBCUCPFunction=1,NRNetwork=1,ExternalGNBCUCPFunction=auto310_260_3_1316461,TermPointToGNodeB=auto1
 1153  1 (UNLOCKED)  1 (ENABLED)   GNBCUCPFunction=1,NRNetwork=1,ExternalGNBCUCPFunction=auto310_260_3_1316695,TermPointToGNodeB=auto1
 1167  1 (UNLOCKED)  1 (ENABLED)   GNBCUCPFunction=1,NRNetwork=1,ExternalGNBCUCPFunction=auto310_260_3_1316696,TermPointToGNodeB=auto1
 1178  1 (UNLOCKED)  1 (ENABLED)   GNBCUCPFunction=1,NRNetwork=1,ExternalGNBCUCPFunction=auto310_260_3_1316697,TermPointToGNodeB=auto1
 1186  1 (UNLOCKED)  1 (ENABLED)   GNBCUCPFunction=1,NRNetwork=1,ExternalGNBCUCPFunction=auto310_260_3_1316698,TermPointToGNodeB=auto1
 1197  1 (UNLOCKED)  1 (ENABLED)   GNBCUCPFunction=1,NRNetwork=1,ExternalGNBCUCPFunction=auto310_260_3_1316707,TermPointToGNodeB=auto1
 1208  1 (UNLOCKED)  1 (ENABLED)   GNBCUCPFunction=1,NRNetwork=1,ExternalGNBCUCPFunction=auto310_260_3_1316899,TermPointToGNodeB=auto1
 1219  1 (UNLOCKED)  0 (DISABLED)  GNBCUCPFunction=1,NRNetwork=1,ExternalGNBCUCPFunction=auto310_260_3_1317277,TermPointToGNodeB=auto1
 1230  1 (UNLOCKED)  0 (DISABLED)  GNBCUCPFunction=1,NRNetwork=1,ExternalGNBCUCPFunction=auto310_260_3_1317370,TermPointToGNodeB=auto1
 1241  1 (UNLOCKED)  1 (ENABLED)   GNBCUCPFunction=1,NRNetwork=1,ExternalGNBCUCPFunction=auto310_260_3_1317459,TermPointToGNodeB=auto1
 1252  1 (UNLOCKED)  1 (ENABLED)   GNBCUCPFunction=1,NRNetwork=1,ExternalGNBCUCPFunction=auto310_260_3_1317489,TermPointToGNodeB=auto1
 1263  1 (UNLOCKED)  1 (ENABLED)   GNBCUCPFunction=1,NRNetwork=1,ExternalGNBCUCPFunction=auto310_260_3_1317753,TermPointToGNodeB=auto1
 1274  1 (UNLOCKED)  1 (ENABLED)   GNBCUCPFunction=1,NRNetwork=1,ExternalGNBCUCPFunction=auto310_260_3_1318567,TermPointToGNodeB=auto1
 1285  1 (UNLOCKED)  1 (ENABLED)   GNBCUCPFunction=1,NRNetwork=1,ExternalGNBCUCPFunction=auto310_260_3_1318570,TermPointToGNodeB=auto1
 1296  1 (UNLOCKED)  1 (ENABLED)   GNBCUCPFunction=1,NRNetwork=1,ExternalGNBCUCPFunction=auto310_260_3_1318651,TermPointToGNodeB=auto1
 1307  1 (UNLOCKED)  1 (ENABLED)   GNBCUCPFunction=1,NRNetwork=1,ExternalGNBCUCPFunction=auto310_260_3_1318662,TermPointToGNodeB=auto1
 1318  1 (UNLOCKED)  1 (ENABLED)   GNBCUCPFunction=1,NRNetwork=1,ExternalGNBCUCPFunction=auto310_260_3_1318688,TermPointToGNodeB=auto1
 1329  1 (UNLOCKED)  1 (ENABLED)   GNBCUCPFunction=1,NRNetwork=1,ExternalGNBCUCPFunction=auto310_260_3_1318691,TermPointToGNodeB=auto1
 1340  1 (UNLOCKED)  1 (ENABLED)   GNBCUCPFunction=1,NRNetwork=1,ExternalGNBCUCPFunction=auto310_260_3_1318986,TermPointToGNodeB=auto1
 1354  1 (UNLOCKED)  1 (ENABLED)   GNBCUCPFunction=1,NRNetwork=1,ExternalGNBCUCPFunction=auto310_260_3_1319266,TermPointToGNodeB=auto1
 1365  1 (UNLOCKED)  1 (ENABLED)   GNBCUCPFunction=1,NRNetwork=1,ExternalGNBCUCPFunction=auto310_260_3_1319267,TermPointToGNodeB=auto1
 1376  1 (UNLOCKED)  1 (ENABLED)   GNBCUCPFunction=1,NRNetwork=1,ExternalGNBCUCPFunction=auto310_260_3_1319459,TermPointToGNodeB=auto1
 1387  1 (UNLOCKED)  1 (ENABLED)   GNBCUCPFunction=1,NRNetwork=1,ExternalGNBCUCPFunction=auto310_260_3_1319579,TermPointToGNodeB=auto1
 1398  1 (UNLOCKED)  0 (DISABLED)  GNBCUCPFunction=1,NRNetwork=1,ExternalGNBCUCPFunction=auto310_260_3_1319591,TermPointToGNodeB=auto1
 1409  1 (UNLOCKED)  1 (ENABLED)   GNBCUCPFunction=1,NRNetwork=1,ExternalGNBCUCPFunction=auto310_260_3_1319741,TermPointToGNodeB=auto1
 1420  1 (UNLOCKED)  1 (ENABLED)   GNBCUCPFunction=1,NRNetwork=1,ExternalGNBCUCPFunction=auto310_260_3_1319742,TermPointToGNodeB=auto1
 1428  1 (UNLOCKED)  1 (ENABLED)   GNBCUCPFunction=1,NRNetwork=1,ExternalGNBCUCPFunction=auto310_260_3_1319878,TermPointToGNodeB=auto1
 1439  1 (UNLOCKED)  1 (ENABLED)   GNBCUCPFunction=1,NRNetwork=1,ExternalGNBCUCPFunction=auto310_260_3_1319879,TermPointToGNodeB=auto1
 1450  1 (UNLOCKED)  1 (ENABLED)   GNBCUCPFunction=1,NRNetwork=1,ExternalGNBCUCPFunction=auto310_260_3_1319891,TermPointToGNodeB=auto1
 1458  1 (UNLOCKED)  1 (ENABLED)   GNBCUCPFunction=1,NRNetwork=1,ExternalGNBCUCPFunction=auto310_260_3_1319893,TermPointToGNodeB=auto1
 1484  1 (UNLOCKED)  1 (ENABLED)   GNBCUCPFunction=1,NRNetwork=1,ExternalGNBCUCPFunction=auto310_260_3_1319895,TermPointToGNodeB=auto1
 1504  1 (UNLOCKED)  1 (ENABLED)   GNBCUCPFunction=1,NRNetwork=1,ExternalGNBCUCPFunction=auto310_260_3_1320874,TermPointToGNodeB=auto1
 1515  1 (UNLOCKED)  1 (ENABLED)   GNBCUCPFunction=1,NRNetwork=1,ExternalGNBCUCPFunction=auto310_260_3_1322800,TermPointToGNodeB=auto1
 1526  1 (UNLOCKED)  1 (ENABLED)   GNBCUCPFunction=1,NRNetwork=1,ExternalGNBCUCPFunction=auto310_260_3_1327253,TermPointToGNodeB=auto1
 1546  1 (UNLOCKED)  1 (ENABLED)   GNBCUCPFunction=1,NRNetwork=1,ExternalGNBCUCPFunction=auto310_260_3_1328393,TermPointToGNodeB=auto1
 1557  1 (UNLOCKED)  1 (ENABLED)   GNBCUCPFunction=1,NRNetwork=1,ExternalGNBCUCPFunction=auto310_260_3_1333434,TermPointToGNodeB=auto1
 1571  1 (UNLOCKED)  1 (ENABLED)   GNBCUCPFunction=1,NRNetwork=1,ExternalGNBCUCPFunction=auto310_260_3_1333436,TermPointToGNodeB=auto1
 1588  1 (UNLOCKED)  1 (ENABLED)   GNBCUCPFunction=1,NRNetwork=1,ExternalGNBCUCPFunction=auto310_260_3_1336982,TermPointToGNodeB=auto1
 1610  1 (UNLOCKED)  1 (ENABLED)   GNBCUCPFunction=1,NRNetwork=1,ExternalGNBCUCPFunction=auto310_260_3_1336983,TermPointToGNodeB=auto1
 1627  1 (UNLOCKED)  1 (ENABLED)   GNBCUCPFunction=1,NRNetwork=1,ExternalGNBCUCPFunction=auto310_260_3_1336984,TermPointToGNodeB=auto1
 1644  1 (UNLOCKED)  0 (DISABLED)  GNBCUCPFunction=1,NRNetwork=1,ExternalGNBCUCPFunction=auto310_260_3_1336985,TermPointToGNodeB=auto1
 1658  1 (UNLOCKED)  1 (ENABLED)   GNBCUCPFunction=1,NRNetwork=1,ExternalGNBCUCPFunction=auto310_260_3_1339599,TermPointToGNodeB=auto1
 1675  1 (UNLOCKED)  1 (ENABLED)   GNBCUCPFunction=1,NRNetwork=1,ExternalGNBCUCPFunction=auto310_260_3_1339924,TermPointToGNodeB=auto1
 1686  1 (UNLOCKED)  1 (ENABLED)   GNBCUCPFunction=1,NRNetwork=1,ExternalGNBCUCPFunction=auto310_260_3_1341828,TermPointToGNodeB=auto1
 1703  1 (UNLOCKED)  1 (ENABLED)   GNBCUCPFunction=1,NRNetwork=1,ExternalGNBCUCPFunction=auto310_260_3_1344745,TermPointToGNodeB=auto1
 1720  1 (UNLOCKED)  1 (ENABLED)   GNBCUCPFunction=1,NRNetwork=1,ExternalGNBCUCPFunction=auto310_260_3_1344747,TermPointToGNodeB=auto1
 1737  1 (UNLOCKED)  1 (ENABLED)   GNBCUCPFunction=1,NRNetwork=1,ExternalGNBCUCPFunction=auto310_260_3_1344748,TermPointToGNodeB=auto1
 1754  1 (UNLOCKED)  1 (ENABLED)   GNBCUCPFunction=1,NRNetwork=1,ExternalGNBCUCPFunction=auto310_260_3_1344808,TermPointToGNodeB=auto1
 1771  1 (UNLOCKED)  1 (ENABLED)   GNBCUCPFunction=1,NRNetwork=1,ExternalGNBCUCPFunction=auto310_260_3_1344901,TermPointToGNodeB=auto1
 1791  1 (UNLOCKED)  1 (ENABLED)   GNBCUCPFunction=1,NRNetwork=1,ExternalGNBCUCPFunction=auto310_260_3_1344914,TermPointToGNodeB=auto1
 1808  1 (UNLOCKED)  1 (ENABLED)   GNBCUCPFunction=1,NRNetwork=1,ExternalGNBCUCPFunction=auto310_260_3_1344915,TermPointToGNodeB=auto1
 1825  1 (UNLOCKED)  1 (ENABLED)   GNBCUCPFunction=1,NRNetwork=1,ExternalGNBCUCPFunction=auto310_260_3_1344918,TermPointToGNodeB=auto1
 1842  1 (UNLOCKED)  1 (ENABLED)   GNBCUCPFunction=1,NRNetwork=1,ExternalGNBCUCPFunction=auto310_260_3_1345912,TermPointToGNodeB=auto1
 1859  1 (UNLOCKED)  1 (ENABLED)   GNBCUCPFunction=1,NRNetwork=1,ExternalGNBCUCPFunction=auto310_260_3_1345921,TermPointToGNodeB=auto1
 1876  1 (UNLOCKED)  1 (ENABLED)   GNBCUCPFunction=1,NRNetwork=1,ExternalGNBCUCPFunction=auto310_260_3_1345936,TermPointToGNodeB=auto1
 1887  1 (UNLOCKED)  1 (ENABLED)   GNBCUCPFunction=1,NRNetwork=1,ExternalGNBCUCPFunction=auto310_260_3_1345937,TermPointToGNodeB=auto1
 1904  1 (UNLOCKED)  1 (ENABLED)   GNBCUCPFunction=1,NRNetwork=1,ExternalGNBCUCPFunction=auto310_260_3_1345941,TermPointToGNodeB=auto1
 1918  1 (UNLOCKED)  1 (ENABLED)   GNBCUCPFunction=1,NRNetwork=1,ExternalGNBCUCPFunction=auto310_260_3_1346345,TermPointToGNodeB=auto1
 1944  1 (UNLOCKED)  1 (ENABLED)   GNBCUCPFunction=1,NRNetwork=1,ExternalGNBCUCPFunction=auto310_260_3_1346346,TermPointToGNodeB=auto1
 1964  1 (UNLOCKED)  1 (ENABLED)   GNBCUCPFunction=1,NRNetwork=1,ExternalGNBCUCPFunction=auto310_260_3_1346350,TermPointToGNodeB=auto1
 1984  1 (UNLOCKED)  1 (ENABLED)   GNBCUCPFunction=1,NRNetwork=1,ExternalGNBCUCPFunction=auto310_260_3_1346351,TermPointToGNodeB=auto1
 2004  1 (UNLOCKED)  1 (ENABLED)   GNBCUCPFunction=1,NRNetwork=1,ExternalGNBCUCPFunction=auto310_260_3_1346352,TermPointToGNodeB=auto1
 2024  1 (UNLOCKED)  1 (ENABLED)   GNBCUCPFunction=1,NRNetwork=1,ExternalGNBCUCPFunction=auto310_260_3_1347257,TermPointToGNodeB=auto1
 2050  1 (UNLOCKED)  1 (ENABLED)   GNBCUCPFunction=1,NRNetwork=1,ExternalGNBCUCPFunction=auto310_260_3_1347773,TermPointToGNodeB=auto1
 2070  1 (UNLOCKED)  0 (DISABLED)  GNBCUCPFunction=1,NRNetwork=1,ExternalGNBCUCPFunction=auto310_260_3_1347965,TermPointToGNodeB=auto1
 2090  1 (UNLOCKED)  1 (ENABLED)   GNBCUCPFunction=1,NRNetwork=1,ExternalGNBCUCPFunction=auto310_260_3_1347966,TermPointToGNodeB=auto1
 2110  1 (UNLOCKED)  1 (ENABLED)   GNBCUCPFunction=1,NRNetwork=1,ExternalGNBCUCPFunction=auto310_260_3_1347969,TermPointToGNodeB=auto1
 2130  1 (UNLOCKED)  1 (ENABLED)   GNBCUCPFunction=1,NRNetwork=1,ExternalGNBCUCPFunction=auto310_260_3_1347970,TermPointToGNodeB=auto1
 2150  1 (UNLOCKED)  0 (DISABLED)  GNBCUCPFunction=1,NRNetwork=1,ExternalGNBCUCPFunction=auto310_260_3_1347974,TermPointToGNodeB=auto1
 2170  1 (UNLOCKED)  1 (ENABLED)   GNBCUCPFunction=1,NRNetwork=1,ExternalGNBCUCPFunction=auto310_260_3_1347977,TermPointToGNodeB=auto1
 2190  1 (UNLOCKED)  1 (ENABLED)   GNBCUCPFunction=1,NRNetwork=1,ExternalGNBCUCPFunction=auto310_260_3_1347978,TermPointToGNodeB=auto1
 2210  1 (UNLOCKED)  1 (ENABLED)   GNBCUCPFunction=1,NRNetwork=1,ExternalGNBCUCPFunction=auto310_260_3_1348031,TermPointToGNodeB=auto1
 2230  1 (UNLOCKED)  1 (ENABLED)   GNBCUCPFunction=1,NRNetwork=1,ExternalGNBCUCPFunction=auto310_260_3_1348052,TermPointToGNodeB=auto1
 2250  1 (UNLOCKED)  1 (ENABLED)   GNBCUCPFunction=1,NRNetwork=1,ExternalGNBCUCPFunction=auto310_260_3_1348087,TermPointToGNodeB=auto1
 2270  1 (UNLOCKED)  1 (ENABLED)   GNBCUCPFunction=1,NRNetwork=1,ExternalGNBCUCPFunction=auto310_260_3_1348236,TermPointToGNodeB=auto1
 2290  1 (UNLOCKED)  1 (ENABLED)   GNBCUCPFunction=1,NRNetwork=1,ExternalGNBCUCPFunction=auto310_260_3_1348353,TermPointToGNodeB=auto1
 2310  1 (UNLOCKED)  1 (ENABLED)   GNBCUCPFunction=1,NRNetwork=1,ExternalGNBCUCPFunction=auto310_260_3_1348356,TermPointToGNodeB=auto1
 2330  1 (UNLOCKED)  1 (ENABLED)   GNBCUCPFunction=1,NRNetwork=1,ExternalGNBCUCPFunction=auto310_260_3_1349150,TermPointToGNodeB=auto1
 2350  1 (UNLOCKED)  1 (ENABLED)   GNBCUCPFunction=1,NRNetwork=1,ExternalGNBCUCPFunction=auto310_260_3_1349151,TermPointToGNodeB=auto1
 2370  1 (UNLOCKED)  1 (ENABLED)   GNBCUCPFunction=1,NRNetwork=1,ExternalGNBCUCPFunction=auto310_260_3_1349154,TermPointToGNodeB=auto1
 2390  1 (UNLOCKED)  1 (ENABLED)   GNBCUCPFunction=1,NRNetwork=1,ExternalGNBCUCPFunction=auto310_260_3_1349155,TermPointToGNodeB=auto1
 2410  1 (UNLOCKED)  1 (ENABLED)   GNBCUCPFunction=1,NRNetwork=1,ExternalGNBCUCPFunction=auto310_260_3_1349262,TermPointToGNodeB=auto1
 2430  1 (UNLOCKED)  1 (ENABLED)   GNBCUCPFunction=1,NRNetwork=1,ExternalGNBCUCPFunction=auto310_260_3_1349363,TermPointToGNodeB=auto1
 2450  1 (UNLOCKED)  1 (ENABLED)   GNBCUCPFunction=1,NRNetwork=1,ExternalGNBCUCPFunction=auto310_260_3_1349365,TermPointToGNodeB=auto1
 2470  1 (UNLOCKED)  1 (ENABLED)   GNBCUCPFunction=1,NRNetwork=1,ExternalGNBCUCPFunction=auto310_260_3_1349680,TermPointToGNodeB=auto1
 2490  1 (UNLOCKED)  1 (ENABLED)   GNBCUCPFunction=1,NRNetwork=1,ExternalGNBCUCPFunction=auto310_260_3_1349689,TermPointToGNodeB=auto1
 2510  1 (UNLOCKED)  1 (ENABLED)   GNBCUCPFunction=1,NRNetwork=1,ExternalGNBCUCPFunction=auto310_260_3_1349690,TermPointToGNodeB=auto1
 2530  1 (UNLOCKED)  1 (ENABLED)   GNBCUCPFunction=1,NRNetwork=1,ExternalGNBCUCPFunction=auto310_260_3_1349693,TermPointToGNodeB=auto1
 2550  1 (UNLOCKED)  1 (ENABLED)   GNBCUCPFunction=1,NRNetwork=1,ExternalGNBCUCPFunction=auto310_260_3_1349694,TermPointToGNodeB=auto1
 2570  1 (UNLOCKED)  1 (ENABLED)   GNBCUCPFunction=1,NRNetwork=1,ExternalGNBCUCPFunction=auto310_260_3_1349696,TermPointToGNodeB=auto1
 2590  1 (UNLOCKED)  1 (ENABLED)   GNBCUCPFunction=1,NRNetwork=1,ExternalGNBCUCPFunction=auto310_260_3_1349721,TermPointToGNodeB=auto1
 2610  1 (UNLOCKED)  1 (ENABLED)   GNBCUCPFunction=1,NRNetwork=1,ExternalGNBCUCPFunction=auto310_260_3_1349722,TermPointToGNodeB=auto1
 2630  1 (UNLOCKED)  1 (ENABLED)   GNBCUCPFunction=1,NRNetwork=1,ExternalGNBCUCPFunction=auto310_260_3_1349723,TermPointToGNodeB=auto1
 2650  1 (UNLOCKED)  1 (ENABLED)   GNBCUCPFunction=1,NRNetwork=1,ExternalGNBCUCPFunction=auto310_260_3_1349724,TermPointToGNodeB=auto1
 2670  1 (UNLOCKED)  1 (ENABLED)   GNBCUCPFunction=1,NRNetwork=1,ExternalGNBCUCPFunction=auto310_260_3_1350502,TermPointToGNodeB=auto1
 2684  1 (UNLOCKED)  0 (DISABLED)  GNBCUCPFunction=1,NRNetwork=1,ExternalGNBCUCPFunction=auto310_260_3_1351134,TermPointToGNodeB=auto1
 2704  1 (UNLOCKED)  1 (ENABLED)   GNBCUCPFunction=1,NRNetwork=1,ExternalGNBCUCPFunction=auto310_260_3_1351164,TermPointToGNodeB=auto1
 2724  1 (UNLOCKED)  1 (ENABLED)   GNBCUCPFunction=1,NRNetwork=1,ExternalGNBCUCPFunction=auto310_260_3_1351853,TermPointToGNodeB=auto1
 2734  1 (UNLOCKED)  1 (ENABLED)   GNBCUCPFunction=1,NRNetwork=1,ExternalGNBCUCPFunction=auto310_260_3_1351871,TermPointToGNodeB=auto1
 2744  1 (UNLOCKED)  1 (ENABLED)   GNBCUCPFunction=1,NRNetwork=1,ExternalGNBCUCPFunction=auto310_260_3_1351872,TermPointToGNodeB=auto1
 2764  1 (UNLOCKED)  1 (ENABLED)   GNBCUCPFunction=1,NRNetwork=1,ExternalGNBCUCPFunction=auto310_260_3_1352452,TermPointToGNodeB=auto1
 2784  1 (UNLOCKED)  1 (ENABLED)   GNBCUCPFunction=1,NRNetwork=1,ExternalGNBCUCPFunction=auto310_260_3_1352872,TermPointToGNodeB=auto1
 2804  1 (UNLOCKED)  1 (ENABLED)   GNBCUCPFunction=1,NRNetwork=1,ExternalGNBCUCPFunction=auto310_260_3_1352873,TermPointToGNodeB=auto1
 2824  1 (UNLOCKED)  1 (ENABLED)   GNBCUCPFunction=1,NRNetwork=1,ExternalGNBCUCPFunction=auto310_260_3_1353058,TermPointToGNodeB=auto1
 2844  1 (UNLOCKED)  1 (ENABLED)   GNBCUCPFunction=1,NRNetwork=1,ExternalGNBCUCPFunction=auto310_260_3_1353151,TermPointToGNodeB=auto1
 2855  1 (UNLOCKED)  1 (ENABLED)   GNBCUCPFunction=1,NRNetwork=1,ExternalGNBCUCPFunction=auto310_260_3_1353330,TermPointToGNodeB=auto1
 2866  1 (UNLOCKED)  1 (ENABLED)   GNBCUCPFunction=1,NRNetwork=1,ExternalGNBCUCPFunction=auto310_260_3_1353331,TermPointToGNodeB=auto1
 2877  1 (UNLOCKED)  1 (ENABLED)   GNBCUCPFunction=1,NRNetwork=1,ExternalGNBCUCPFunction=auto310_260_3_1353332,TermPointToGNodeB=auto1
 2888  1 (UNLOCKED)  1 (ENABLED)   GNBCUCPFunction=1,NRNetwork=1,ExternalGNBCUCPFunction=auto310_260_3_1353333,TermPointToGNodeB=auto1
 2902  1 (UNLOCKED)  1 (ENABLED)   GNBCUCPFunction=1,NRNetwork=1,ExternalGNBCUCPFunction=auto310_260_3_1353334,TermPointToGNodeB=auto1
 2916  1 (UNLOCKED)  1 (ENABLED)   GNBCUCPFunction=1,NRNetwork=1,ExternalGNBCUCPFunction=auto310_260_3_1353335,TermPointToGNodeB=auto1
 2927  1 (UNLOCKED)  1 (ENABLED)   GNBCUCPFunction=1,NRNetwork=1,ExternalGNBCUCPFunction=auto310_260_3_1353337,TermPointToGNodeB=auto1
 2938  1 (UNLOCKED)  1 (ENABLED)   GNBCUCPFunction=1,NRNetwork=1,ExternalGNBCUCPFunction=auto310_260_3_1353338,TermPointToGNodeB=auto1
 2949  1 (UNLOCKED)  1 (ENABLED)   GNBCUCPFunction=1,NRNetwork=1,ExternalGNBCUCPFunction=auto310_260_3_1353340,TermPointToGNodeB=auto1
 2960  1 (UNLOCKED)  1 (ENABLED)   GNBCUCPFunction=1,NRNetwork=1,ExternalGNBCUCPFunction=auto310_260_3_1353342,TermPointToGNodeB=auto1
 2971  1 (UNLOCKED)  1 (ENABLED)   GNBCUCPFunction=1,NRNetwork=1,ExternalGNBCUCPFunction=auto310_260_3_1353344,TermPointToGNodeB=auto1
 2982  1 (UNLOCKED)  1 (ENABLED)   GNBCUCPFunction=1,NRNetwork=1,ExternalGNBCUCPFunction=auto310_260_3_1353345,TermPointToGNodeB=auto1
 2993  1 (UNLOCKED)  1 (ENABLED)   GNBCUCPFunction=1,NRNetwork=1,ExternalGNBCUCPFunction=auto310_260_3_1353346,TermPointToGNodeB=auto1
 3004  1 (UNLOCKED)  1 (ENABLED)   GNBCUCPFunction=1,NRNetwork=1,ExternalGNBCUCPFunction=auto310_260_3_1353347,TermPointToGNodeB=auto1
 3015  1 (UNLOCKED)  0 (DISABLED)  GNBCUCPFunction=1,NRNetwork=1,ExternalGNBCUCPFunction=auto310_260_3_1353348,TermPointToGNodeB=auto1
 3026  1 (UNLOCKED)  1 (ENABLED)   GNBCUCPFunction=1,NRNetwork=1,ExternalGNBCUCPFunction=auto310_260_3_1353350,TermPointToGNodeB=auto1
 3037  1 (UNLOCKED)  1 (ENABLED)   GNBCUCPFunction=1,NRNetwork=1,ExternalGNBCUCPFunction=auto310_260_3_1353353,TermPointToGNodeB=auto1
 3048  1 (UNLOCKED)  1 (ENABLED)   GNBCUCPFunction=1,NRNetwork=1,ExternalGNBCUCPFunction=auto310_260_3_1353354,TermPointToGNodeB=auto1
 3059  1 (UNLOCKED)  1 (ENABLED)   GNBCUCPFunction=1,NRNetwork=1,ExternalGNBCUCPFunction=auto310_260_3_1353356,TermPointToGNodeB=auto1
 3070  1 (UNLOCKED)  1 (ENABLED)   GNBCUCPFunction=1,NRNetwork=1,ExternalGNBCUCPFunction=auto310_260_3_1353358,TermPointToGNodeB=auto1
 3081  1 (UNLOCKED)  1 (ENABLED)   GNBCUCPFunction=1,NRNetwork=1,ExternalGNBCUCPFunction=auto310_260_3_1354085,TermPointToGNodeB=auto1
 3089  1 (UNLOCKED)  1 (ENABLED)   GNBCUCPFunction=1,NRNetwork=1,ExternalGNBCUCPFunction=auto310_260_3_1354087,TermPointToGNodeB=auto1
 3109  1 (UNLOCKED)  0 (DISABLED)  GNBCUCPFunction=1,NRNetwork=1,ExternalGNBCUCPFunction=auto310_260_3_1354852,TermPointToGNodeB=auto1
 3129  1 (UNLOCKED)  1 (ENABLED)   GNBCUCPFunction=1,NRNetwork=1,ExternalGNBCUCPFunction=auto310_260_3_1358200,TermPointToGNodeB=auto1
 3149  1 (UNLOCKED)  1 (ENABLED)   GNBCUCPFunction=1,NRNetwork=1,ExternalGNBCUCPFunction=auto310_260_3_1361642,TermPointToGNodeB=auto1
 3169  1 (UNLOCKED)  1 (ENABLED)   GNBCUCPFunction=1,NRNetwork=1,ExternalGNBCUCPFunction=auto310_260_3_1363460,TermPointToGNodeB=auto1
 3189  1 (UNLOCKED)  1 (ENABLED)   GNBCUCPFunction=1,NRNetwork=1,ExternalGNBCUCPFunction=auto310_260_3_1363868,TermPointToGNodeB=auto1
 3209  1 (UNLOCKED)  1 (ENABLED)   GNBCUCPFunction=1,NRNetwork=1,ExternalGNBCUCPFunction=auto310_260_3_1366967,TermPointToGNodeB=auto1
 3220  1 (UNLOCKED)  1 (ENABLED)   GNBCUCPFunction=1,NRNetwork=1,ExternalGNBCUCPFunction=auto310_260_3_1367763,TermPointToGNodeB=auto1
 3231  1 (UNLOCKED)  1 (ENABLED)   GNBCUCPFunction=1,NRNetwork=1,ExternalGNBCUCPFunction=auto310_260_3_1367765,TermPointToGNodeB=auto1
 3242  1 (UNLOCKED)  1 (ENABLED)   GNBCUCPFunction=1,NRNetwork=1,ExternalGNBCUCPFunction=auto310_260_3_1367766,TermPointToGNodeB=auto1
 3253  1 (UNLOCKED)  1 (ENABLED)   GNBCUCPFunction=1,NRNetwork=1,ExternalGNBCUCPFunction=auto310_260_3_1367767,TermPointToGNodeB=auto1
 3267  1 (UNLOCKED)  1 (ENABLED)   GNBCUCPFunction=1,NRNetwork=1,ExternalGNBCUCPFunction=auto310_260_3_1367768,TermPointToGNodeB=auto1
 3275  1 (UNLOCKED)  1 (ENABLED)   GNBCUCPFunction=1,NRNetwork=1,ExternalGNBCUCPFunction=auto310_260_3_1369154,TermPointToGNodeB=auto1
 3292  1 (UNLOCKED)  1 (ENABLED)   GNBCUCPFunction=1,NRNetwork=1,ExternalGNBCUCPFunction=auto310_260_3_1369156,TermPointToGNodeB=auto1
 3303  1 (UNLOCKED)  0 (DISABLED)  GNBCUCPFunction=1,NRNetwork=1,ExternalGNBCUCPFunction=auto310_260_3_1369366,TermPointToGNodeB=auto1
 3323  1 (UNLOCKED)  1 (ENABLED)   GNBCUCPFunction=1,NRNetwork=1,ExternalGNBCUCPFunction=auto310_260_3_1369448,TermPointToGNodeB=auto1
 3337  1 (UNLOCKED)  0 (DISABLED)  GNBCUCPFunction=1,NRNetwork=1,ExternalGNBCUCPFunction=auto310_260_3_1370075,TermPointToGNodeB=auto1
 3351  1 (UNLOCKED)  1 (ENABLED)   GNBCUCPFunction=1,NRNetwork=1,ExternalGNBCUCPFunction=auto310_260_3_1370077,TermPointToGNodeB=auto1
 3371  1 (UNLOCKED)  1 (ENABLED)   GNBCUCPFunction=1,NRNetwork=1,ExternalGNBCUCPFunction=auto310_260_3_1370114,TermPointToGNodeB=auto1
 3382  1 (UNLOCKED)  1 (ENABLED)   GNBCUCPFunction=1,NRNetwork=1,ExternalGNBCUCPFunction=auto310_260_3_1370316,TermPointToGNodeB=auto1
 3396  1 (UNLOCKED)  1 (ENABLED)   GNBCUCPFunction=1,NRNetwork=1,ExternalGNBCUCPFunction=auto310_260_3_1371715,TermPointToGNodeB=auto1
 3416  1 (UNLOCKED)  1 (ENABLED)   GNBCUCPFunction=1,NRNetwork=1,ExternalGNBCUCPFunction=auto310_260_3_1372222,TermPointToGNodeB=auto1
 3424  1 (UNLOCKED)  1 (ENABLED)   GNBCUCPFunction=1,NRNetwork=1,ExternalGNBCUCPFunction=auto310_260_3_1372224,TermPointToGNodeB=auto1
 3435  1 (UNLOCKED)  1 (ENABLED)   GNBCUCPFunction=1,NRNetwork=1,ExternalGNBCUCPFunction=auto310_260_3_1372278,TermPointToGNodeB=auto1
 3492  1 (UNLOCKED)  1 (ENABLED)   GNBCUCPFunction=1,TermPointToAmf=DC1AMF01
 3494  1 (UNLOCKED)  1 (ENABLED)   GNBCUCPFunction=1,TermPointToAmf=DC2AMF01
 3496  1 (UNLOCKED)  1 (ENABLED)   GNBCUCPFunction=1,TermPointToAmf=DC2AMF02
 3498  1 (UNLOCKED)  1 (ENABLED)   GNBCUCPFunction=1,TermPointToAmf=NE1CMM01
 3500  1 (UNLOCKED)  1 (ENABLED)   GNBCUCPFunction=1,TermPointToAmf=NE3AMF01
 3502  1 (UNLOCKED)  1 (ENABLED)   GNBCUCPFunction=1,TermPointToAmf=NE4AMF01
 3504  1 (UNLOCKED)  1 (ENABLED)   GNBCUCPFunction=1,TermPointToAmf=NE4AMF02
 3506  1 (UNLOCKED)  1 (ENABLED)   GNBCUCPFunction=1,TermPointToAmf=PH1AMF01
 3508  1 (UNLOCKED)  1 (ENABLED)   GNBCUCPFunction=1,TermPointToAmf=PH2AMF01
 3510  1 (UNLOCKED)  1 (ENABLED)   GNBCUCPFunction=1,TermPointToAmf=PH2AMF02
 3512  1 (UNLOCKED)  1 (ENABLED)   GNBCUCPFunction=1,TermPointToAmf=PH3AMF01
 3514  1 (UNLOCKED)  1 (ENABLED)   GNBCUCPFunction=1,TermPointToAmf=UP1AMF01
 3516  1 (UNLOCKED)  1 (ENABLED)   GNBCUCPFunction=1,TermPointToAmf=UP2AMF01
 3518  1 (UNLOCKED)  1 (ENABLED)   GNBCUCPFunction=1,TermPointToAmf=UP2AMF02
 3520                1 (ENABLED)   GNBCUCPFunction=1,TermPointToGNBDU=1
 4367                1 (ENABLED)   GNBDUFunction=1,ExtGNBDUPartnerFunction=1,InterMeLink=1
 4368                1 (ENABLED)   GNBDUFunction=1,ExtGNBDUPartnerFunction=1,InterMeLink=2
 4478  1 (UNLOCKED)  1 (ENABLED)   GNBDUFunction=1,TermPointToGNBCUCP=1
===================================================================================
Total: 256 MOs

N2LA8749A> 

N2LA8749A> pr vlanport=

240424-21:00:38-0500 11.69.7.10 24.0c MSRBS_NODE_MODEL_23.Q4_643.28133.125_0bc9 stopfile=/tmp/2384310
===================================================================================
Proxy  MO
===================================================================================
18071  Transport=1,VlanPort=2089
18072  Transport=1,VlanPort=4001
18073  Transport=1,VlanPort=ERAN_NR
===================================================================================
Total: 3 MOs

N2LA8749A> get address address

240424-21:00:38-0500 11.69.7.10 24.0c MSRBS_NODE_MODEL_23.Q4_643.28133.125_0bc9 stopfile=/tmp/2384310
=================================================================================================================
MO                                                      Attribute         Value
=================================================================================================================
Router=Node_Internal_F1,InterfaceIPv4=NRCUCP,AddressIPv4=1 address           169.254.42.42/32
Router=Node_Internal_F1,InterfaceIPv4=NRCUCP,AddressIPv4=1 addressIPv4Id     1
Router=Node_Internal_F1,InterfaceIPv4=NRCUCP,AddressIPv4=1 primaryAddress    true
Router=Node_Internal_F1,InterfaceIPv4=NRCUCP,AddressIPv4=1 usedAddress       169.254.42.42/32
Router=Node_Internal_F1,InterfaceIPv4=NRDU,AddressIPv4=1 address           169.254.42.43/32
Router=Node_Internal_F1,InterfaceIPv4=NRDU,AddressIPv4=1 addressIPv4Id     1
Router=Node_Internal_F1,InterfaceIPv4=NRDU,AddressIPv4=1 primaryAddress    true
Router=Node_Internal_F1,InterfaceIPv4=NRDU,AddressIPv4=1 usedAddress       169.254.42.43/32
Router=vr_OAM,InterfaceIPv4=1,AddressIPv4=1             address           11.69.7.10/27
Router=vr_OAM,InterfaceIPv4=1,AddressIPv4=1             addressIPv4Id     1
Router=vr_OAM,InterfaceIPv4=1,AddressIPv4=1             primaryAddress    true
Router=vr_OAM,InterfaceIPv4=1,AddressIPv4=1             usedAddress       11.69.7.10/27
Router=vr_TRAFFIC,InterfaceIPv4=1,AddressIPv4=1         address           42.197.6.234/27
Router=vr_TRAFFIC,InterfaceIPv4=1,AddressIPv4=1         addressIPv4Id     1
Router=vr_TRAFFIC,InterfaceIPv4=1,AddressIPv4=1         primaryAddress    true
Router=vr_TRAFFIC,InterfaceIPv4=1,AddressIPv4=1         usedAddress       42.197.6.234/27
=================================================================================================================
Total: 4 MOs


N2LA8749A> get Address res ENodeB|LTE

240424-21:00:39-0500 11.69.7.10 24.0c MSRBS_NODE_MODEL_23.Q4_643.28133.125_0bc9 stopfile=/tmp/2384310
=================================================================================================================
MO                                                      Attribute         Value
=================================================================================================================
=================================================================================================================
Total: 0 MOs


N2LA8749A> 

N2LA8749A> enm cmedit get *$Node* 

240424-21:00:39-0500 11.69.7.10 24.0c MSRBS_NODE_MODEL_23.Q4_643.28133.125_0bc9 stopfile=/tmp/2384310


Not allowed to run from amosbatch.


N2LA8749A> enm cmedit get *$Node* AddressIPv4.(*) -t

240424-21:00:39-0500 11.69.7.10 24.0c MSRBS_NODE_MODEL_23.Q4_643.28133.125_0bc9 stopfile=/tmp/2384310


Not allowed to run from amosbatch.


N2LA8749A> 

N2LA8749A> hget AddressIPv4 ^address$

240424-21:00:39-0500 11.69.7.10 24.0c MSRBS_NODE_MODEL_23.Q4_643.28133.125_0bc9 stopfile=/tmp/2384310
.
=================================================================================================================
MO                                                         address         
=================================================================================================================
Router=Node_Internal_F1,InterfaceIPv4=NRCUCP,AddressIPv4=1 169.254.42.42/32
Router=Node_Internal_F1,InterfaceIPv4=NRDU,AddressIPv4=1   169.254.42.43/32
Router=vr_OAM,InterfaceIPv4=1,AddressIPv4=1                11.69.7.10/27   
Router=vr_TRAFFIC,InterfaceIPv4=1,AddressIPv4=1            42.197.6.234/27 
=================================================================================================================
Total: 4 MOs

Added 4 MOs to group: hget_group

N2LA8749A> 

N2LA8749A> pmxz NRCell PMENDCSETUPUEATT$|PMENDCSETUPUESUCC$ -m 3

240424-21:00:40-0500 11.69.7.10 24.0c MSRBS_NODE_MODEL_23.Q4_643.28133.125_0bc9 stopfile=/tmp/2384310
Parsing PM cache: /home/shared/gbadim1/moshell/jarxml/PMCACHE_MSRBS_NODE_MODEL_23.Q4_643.28133.125_0bc9.txt.gz ... Done.

........................
get /rop/A20240424.2230-2245_N2LA8749A.xml.gz /ericsson/log/amos/moshell_logfiles/gbadim1/logs_moshell/pmfiles/11.69.7.10/rop/A20240424.2230-2245_N2LA8749A.xml.gz ... OK
get /rop/A20240424.2245-2300_N2LA8749A.xml.gz /ericsson/log/amos/moshell_logfiles/gbadim1/logs_moshell/pmfiles/11.69.7.10/rop/A20240424.2245-2300_N2LA8749A.xml.gz ... OK
get /rop/A20240424.2300-2315_N2LA8749A.xml.gz /ericsson/log/amos/moshell_logfiles/gbadim1/logs_moshell/pmfiles/11.69.7.10/rop/A20240424.2300-2315_N2LA8749A.xml.gz ... OK
get /rop/A20240424.2315-2330_N2LA8749A.xml.gz /ericsson/log/amos/moshell_logfiles/gbadim1/logs_moshell/pmfiles/11.69.7.10/rop/A20240424.2315-2330_N2LA8749A.xml.gz ... OK
get /rop/A20240424.2330-2345_N2LA8749A.xml.gz /ericsson/log/amos/moshell_logfiles/gbadim1/logs_moshell/pmfiles/11.69.7.10/rop/A20240424.2330-2345_N2LA8749A.xml.gz ... OK
get /rop/A20240424.2345-0000_N2LA8749A.xml.gz /ericsson/log/amos/moshell_logfiles/gbadim1/logs_moshell/pmfiles/11.69.7.10/rop/A20240424.2345-0000_N2LA8749A.xml.gz ... OK
get /rop/A20240425.0000-0015_N2LA8749A.xml.gz /ericsson/log/amos/moshell_logfiles/gbadim1/logs_moshell/pmfiles/11.69.7.10/rop/A20240425.0000-0015_N2LA8749A.xml.gz ... OK
get /rop/A20240425.0015-0030_N2LA8749A.xml.gz /ericsson/log/amos/moshell_logfiles/gbadim1/logs_moshell/pmfiles/11.69.7.10/rop/A20240425.0015-0030_N2LA8749A.xml.gz ... OK
get /rop/A20240425.0030-0045_N2LA8749A.xml.gz /ericsson/log/amos/moshell_logfiles/gbadim1/logs_moshell/pmfiles/11.69.7.10/rop/A20240425.0030-0045_N2LA8749A.xml.gz ... OK
get /rop/A20240425.0045-0100_N2LA8749A.xml.gz /ericsson/log/amos/moshell_logfiles/gbadim1/logs_moshell/pmfiles/11.69.7.10/rop/A20240425.0045-0100_N2LA8749A.xml.gz ... OK
get /rop/A20240425.0100-0115_N2LA8749A.xml.gz /ericsson/log/amos/moshell_logfiles/gbadim1/logs_moshell/pmfiles/11.69.7.10/rop/A20240425.0100-0115_N2LA8749A.xml.gz ... OK
get /rop/A20240425.0115-0130_N2LA8749A.xml.gz /ericsson/log/amos/moshell_logfiles/gbadim1/logs_moshell/pmfiles/11.69.7.10/rop/A20240425.0115-0130_N2LA8749A.xml.gz ... OK
get /rop/A20240425.0130-0145_N2LA8749A.xml.gz /ericsson/log/amos/moshell_logfiles/gbadim1/logs_moshell/pmfiles/11.69.7.10/rop/A20240425.0130-0145_N2LA8749A.xml.gz ... OK
get /rop/A20240425.0145-0200_N2LA8749A.xml.gz /ericsson/log/amos/moshell_logfiles/gbadim1/logs_moshell/pmfiles/11.69.7.10/rop/A20240425.0145-0200_N2LA8749A.xml.gz ... OK

(gzip -dc /ericsson/log/amos/moshell_logfiles/gbadim1/logs_moshell/pmfiles/11.69.7.10/rop/A20240424.2300-2315_N2LA8749A.xml.gz /ericsson/log/amos/moshell_logfiles/gbadim1/logs_moshell/pmfiles/11.69.7.10/rop/A20240424.2315-2330_N2LA8749A.xml.gz /ericsson/log/amos/moshell_logfiles/gbadim1/logs_moshell/pmfiles/11.69.7.10/rop/A20240424.2330-2345_N2LA8749A.xml.gz /ericsson/log/amos/moshell_logfiles/gbadim1/logs_moshell/pmfiles/11.69.7.10/rop/A20240424.2345-0000_N2LA8749A.xml.gz /ericsson/log/amos/moshell_logfiles/gbadim1/logs_moshell/pmfiles/11.69.7.10/rop/A20240425.0000-0015_N2LA8749A.xml.gz /ericsson/log/amos/moshell_logfiles/gbadim1/logs_moshell/pmfiles/11.69.7.10/rop/A20240425.0015-0030_N2LA8749A.xml.gz /ericsson/log/amos/moshell_logfiles/gbadim1/logs_moshell/pmfiles/11.69.7.10/rop/A20240425.0030-0045_N2LA8749A.xml.gz /ericsson/log/amos/moshell_logfiles/gbadim1/logs_moshell/pmfiles/11.69.7.10/rop/A20240425.0045-0100_N2LA8749A.xml.gz /ericsson/log/amos/moshell_logfiles/gbadim1/logs_moshell/pmfiles/11.69.7.10/rop/A20240425.0100-0115_N2LA8749A.xml.gz /ericsson/log/amos/moshell_logfiles/gbadim1/logs_moshell/pmfiles/11.69.7.10/rop/A20240425.0115-0130_N2LA8749A.xml.gz /ericsson/log/amos/moshell_logfiles/gbadim1/logs_moshell/pmfiles/11.69.7.10/rop/A20240425.0130-0145_N2LA8749A.xml.gz /ericsson/log/amos/moshell_logfiles/gbadim1/logs_moshell/pmfiles/11.69.7.10/rop/A20240425.0145-0200_N2LA8749A.xml.gz | LANG=C LC_ALL=C /opt/ericsson/amos/moshell/gawk -vusergawk="LANG=C LC_ALL=C /opt/ericsson/amos/moshell/gawk" -f /opt/ericsson/amos/moshell/commonjars/pmExtract.awk  "nrcell" "PMENDCSETUPUEATT$|PMENDCSETUPUESUCC$"   | sort | uniq | /usr/bin/perl /opt/ericsson/amos/moshell/pmXtab -q -pval 0 -mom /var/tmp/20240424-210001_2384177/pmxmomLog2384310  -cols time -fmt txt -m "[M]anagedElement=[^,]+,(?:\w+=1,){0,1}((\w+=[^,]+,*)+$)"  )2>&1 | tee -a /home/shared/common/Overnight_Work/Rehomes/Prechecks/2LA8749A_240424-2100.log

Report from 2024-04-24 23:00 UTC to 2024-04-25 01:59 UTC (12 ropfiles)
Node SW: CXP2010174/1_R82C53 (23.Q4.0-3)

Date: 2024-04-24
Object               Counter            18:00  18:15  18:30  18:45  19:00  19:15  19:30  19:45  20:00  20:15  20:30  20:45
NRCellCU=A2LA8749A11 pmEndcSetupUeAtt    1640   1735   1573   2194   2600   1930   2366   2729   1557   1578   1064   1677
NRCellCU=A2LA8749A11 pmEndcSetupUeSucc   1640   1734   1573   2194   2598   1930   2365   2728   1554   1577   1064   1677
NRCellCU=A2LA8749A12 pmEndcSetupUeAtt    1519   1166   1052   1202   1439   1072   1084    910    899   1328   1013    781
NRCellCU=A2LA8749A12 pmEndcSetupUeSucc   1519   1164   1052   1201   1439   1072   1084    909    899   1327   1013    781
NRCellCU=A2LA8749A21 pmEndcSetupUeAtt    1955   1995   1913   2027   2376   2080   1626   1513   1540   1518   2450   1430
NRCellCU=A2LA8749A21 pmEndcSetupUeSucc   1954   1994   1913   2027   2375   2080   1626   1512   1540   1517   2448   1430
NRCellCU=A2LA8749A22 pmEndcSetupUeAtt    1094    896    839   1130    972    923    713    675    693    565    863    892
NRCellCU=A2LA8749A22 pmEndcSetupUeSucc   1090    896    839   1130    969    923    713    675    692    565    863    892
NRCellCU=A2LA8749A31 pmEndcSetupUeAtt     579   1133   1298    818    664    566    529    468    435    555    487    558
NRCellCU=A2LA8749A31 pmEndcSetupUeSucc    578   1133   1298    818    663    566    529    468    435    555    487    558
NRCellCU=A2LA8749A32 pmEndcSetupUeAtt     253    207    281    320    312    297    179    214    251    201    217    271
NRCellCU=A2LA8749A32 pmEndcSetupUeSucc    253    207    281    320    312    297    179    214    251    201    216    271


N2LA8749A> ue print -admitted
Checking available boards on node...

Collecting RCS board data ...
..............................................................................
..
.....
240424-21:01:17-0500 11.69.7.10 24.0c MSRBS_NODE_MODEL_23.Q4_643.28133.125_0bc9 stopfile=/tmp/2384310
coli>/lrat/ue print -admitted
coli>/rc/nrat/ue print -admitted
NrNrDc: uehId:4 ues:0
NrNrDc: uehId:5 ues:0
NrNrDc: uehId:6 ues:0
NrNrDc: uehId:7 ues:0
NrEnDc: uehId:4 ues:63
NrEnDc: uehId:5 ues:71
NrEnDc: uehId:6 ues:57
NrEnDc: uehId:7 ues:55
Nr: uehId:4 ues:17
Nr: uehId:5 ues:22
Nr: uehId:6 ues:25
Nr: uehId:7 ues:21
coli>/rpc/nrat/ue print -admitted
uehId:6 ues:0
uehId:7 ues:79
uehId:8 ues:94
uehId:9 ues:82
uehId:10 ues:75
coli>

N2LA8749A> 

N2LA8749A> ############################################################################################

N2LA8749A> #		 Post Script CV and unset of all variables - This is modifiable to your needs      #

N2LA8749A> ############################################################################################

N2LA8749A> 

N2LA8749A> 

N2LA8749A> l-

Log close: /home/shared/common/Overnight_Work/Rehomes/Prechecks/2LA8749A_240424-2100.log

N2LA8749A> confb-

N2LA8749A> gs-

Perform a get before set = disabled

N2LA8749A> 

N2LA8749A> 

N2LA8749A> #cvms post_$jobname_$date

N2LA8749A> 

N2LA8749A> #Keep the unset all after the cv so the variables can be used

N2LA8749A> unset all 

N2LA8749A> 

N2LA8749A> #cmedit set NetworkElement=M7BAN764A,ComConnectivityInformation=1 ipAddress=11.242.0.98#
Bye...
Output has been logged to file /home/shared/common/Overnight_Work/Rehomes/Prechecks/N2LA8749A.log
